[03:15:01] ============================================================
[03:15:01] APOLLO-STYLE EMAIL GUESSER — Batch: 100
[03:15:01] ============================================================
[03:15:02] Loaded 701 leads
[03:15:02] Leads with guessable domains: 28
[03:15:02] Processing batch of 28
[03:15:02]   [1/28] Quest Property Management Services for Y → questrealestatesolutions.com
[03:15:02]     → SKIP: no MX for questrealestatesolutions.com
[03:15:02]   [2/28] Tru Mobile Detailing → trumobiledetailing.com
[03:15:02]     → SKIP: no MX for trumobiledetailing.com
[03:15:03]   [3/28] Circle Bay Yacht Club → circlebay.org
[03:15:03]     → SKIP: no MX for circlebay.org
[03:15:03]   [4/28] Kitchen, Flooring & Bathroom Remodeling  → libertykitchendesign.com
[03:15:03]     → SKIP: no MX for libertykitchendesign.com
[03:15:04]   [5/28] Bathroom Remodeling in Boca Raton, Flori → kbcgeneralservices.com
[03:15:04]     → SKIP: no MX for kbcgeneralservices.com
[03:15:04]   [6/28] Lion Heartz Detailing: Mobile Auto Detai → lionheartzdetail.com
[03:15:04]     → SKIP: no MX for lionheartzdetail.com
[03:15:05]   [7/28] Top 5 Renovation Contractors in Palm Bea → westpalmbeachrenovations.com
[03:15:05]     → SKIP: no MX for westpalmbeachrenovations.com
[03:15:05]   [8/28] Mobile Detailing Services in West Palm B → mobiledetailing.io
[03:15:05]     → SKIP: no MX for mobiledetailing.io
[03:15:06]   [9/28] The Brennity at Tradition Senior Living  → brennitytradition.com
[03:15:06]     → SKIP: no MX for brennitytradition.com
[03:15:07]   [10/28] 3 Best Assisted Living Communities in Fo → health.usnews.com
[03:15:07]     → SKIP: no MX for health.usnews.com
[03:15:07]   [11/28] The Brennity at Vero Beach Senior Living → brennityverobeach.com
[03:15:07]     → SKIP: no MX for brennityverobeach.com
[03:15:08]   [12/28] Bathroom Remodeling Contractor | Stuart, → bobbyandbrothershandyman.com
[03:15:08]     → SKIP: no MX for bobbyandbrothershandyman.com
[03:15:08]   [13/28] 4 Best Assisted Living Communities in Je → health.usnews.com
[03:15:08]     → SKIP: no MX for health.usnews.com
[03:15:09]   [14/28] Transitional Kitchens Gallery → dreammaker-remodel.com
[03:15:09]     → SKIP: no MX for dreammaker-remodel.com
[03:15:09]   [15/28] Stuart Kitchen Contractors → dreammaker-remodel.com
[03:15:09]     → SKIP: no MX for dreammaker-remodel.com
[03:15:10]   [16/28] Senior Living Facilities in Fort Pierce, → ourparents.com
[03:15:10]     → SKIP: no MX for ourparents.com
[03:15:10]   [17/28] Jupiter Bay Condominium Association → jupiterbaycondoassoc.com
[03:15:11]     → SKIP: no MX for jupiterbaycondoassoc.com
[03:15:11]   [18/28] Jupiter Cove → jupitercove.net
[03:15:11]     → SKIP: no MX for jupitercove.net
[03:15:12]   [19/28] Detail by Entity Name → search.sunbiz.org
[03:15:12]     → SKIP: no MX for search.sunbiz.org
[03:15:12]   [20/28] Kitchen & Bath Bonita Springs → prestigemarbleanddesigns.com
[03:15:12]     → SKIP: no MX for prestigemarbleanddesigns.com
[03:15:13]   [21/28] Best Kitchen Remodeling Services in Boni → desanctishomes.com
[03:15:13]     → SKIP: no MX for desanctishomes.com
[03:15:13]   [22/28] Remodeling Contractor → swfconstruction.com
[03:15:13]     → SKIP: no MX for swfconstruction.com
[03:15:14]   [23/28] Best Concrete Coating Services In Bonita → concretesciencefl.com
[03:15:14]     → SKIP: no MX for concretesciencefl.com
[03:15:14]   [24/28] Epoxy Garage Floor Coating Services in B → jdlsurfaceinnovations.com
[03:15:14]     → SKIP: no MX for jdlsurfaceinnovations.com
[03:15:15]   [25/28] Gutter Contractor → bradenton-sarasota.brothersgutters.com
[03:15:15]     → SKIP: no MX for bradenton-sarasota.brothersgutters.com
[03:15:16]   [26/28] Gutter Installation Tampa → gutterinstallationtampa.com
[03:15:16]     → SKIP: no MX for gutterinstallationtampa.com
[03:15:16]   [27/28] Home → sarasotaseamlessgutters.com
[03:15:16]     → SKIP: no MX for sarasotaseamlessgutters.com
[03:15:17]   [28/28] Frisco, TX Professional Garage Floor Coa → customgarageworkstx.com
[03:15:17]     → SKIP: no MX for customgarageworkstx.com
CRM v2 generated: 701 leads, 654 emails, 158 phones, 2026-02-13 03:15 UTC
[03:15:17] CRM dashboard rebuilt
[03:15:17] APOLLO GUESSER COMPLETE: 0 emails guessed, 0 verified
[03:15:17] ============================================================
[04:15:01] ============================================================
[04:15:01] APOLLO-STYLE EMAIL GUESSER — Batch: 100
[04:15:01] ============================================================
[04:15:01] Loaded 785 leads
[04:15:01] Leads with guessable domains: 47
[04:15:01] Processing batch of 47
[04:15:01]   [1/47] Quest Property Management Services for Y → questrealestatesolutions.com
[04:15:01]     → SKIP: no MX for questrealestatesolutions.com
[04:15:02]   [2/47] Tru Mobile Detailing → trumobiledetailing.com
[04:15:02]     → SKIP: no MX for trumobiledetailing.com
[04:15:02]   [3/47] Circle Bay Yacht Club → circlebay.org
[04:15:02]     → SKIP: no MX for circlebay.org
[04:15:03]   [4/47] Kitchen, Flooring & Bathroom Remodeling  → libertykitchendesign.com
[04:15:03]     → SKIP: no MX for libertykitchendesign.com
[04:15:03]   [5/47] Bathroom Remodeling in Boca Raton, Flori → kbcgeneralservices.com
[04:15:04]     → SKIP: no MX for kbcgeneralservices.com
[04:15:04]   [6/47] Lion Heartz Detailing: Mobile Auto Detai → lionheartzdetail.com
[04:15:04]     → SKIP: no MX for lionheartzdetail.com
[04:15:05]   [7/47] Top 5 Renovation Contractors in Palm Bea → westpalmbeachrenovations.com
[04:15:05]     → SKIP: no MX for westpalmbeachrenovations.com
[04:15:05]   [8/47] Mobile Detailing Services in West Palm B → mobiledetailing.io
[04:15:05]     → SKIP: no MX for mobiledetailing.io
[04:15:06]   [9/47] The Brennity at Tradition Senior Living  → brennitytradition.com
[04:15:06]     → SKIP: no MX for brennitytradition.com
[04:15:06]   [10/47] 3 Best Assisted Living Communities in Fo → health.usnews.com
[04:15:06]     → SKIP: no MX for health.usnews.com
[04:15:07]   [11/47] The Brennity at Vero Beach Senior Living → brennityverobeach.com
[04:15:07]     → SKIP: no MX for brennityverobeach.com
[04:15:07]   [12/47] Bathroom Remodeling Contractor | Stuart, → bobbyandbrothershandyman.com
[04:15:07]     → SKIP: no MX for bobbyandbrothershandyman.com
[04:15:08]   [13/47] 4 Best Assisted Living Communities in Je → health.usnews.com
[04:15:08]     → SKIP: no MX for health.usnews.com
[04:15:08]   [14/47] Transitional Kitchens Gallery → dreammaker-remodel.com
[04:15:08]     → SKIP: no MX for dreammaker-remodel.com
[04:15:09]   [15/47] Stuart Kitchen Contractors → dreammaker-remodel.com
[04:15:09]     → SKIP: no MX for dreammaker-remodel.com
[04:15:10]   [16/47] Senior Living Facilities in Fort Pierce, → ourparents.com
[04:15:10]     → SKIP: no MX for ourparents.com
[04:15:10]   [17/47] Jupiter Bay Condominium Association → jupiterbaycondoassoc.com
[04:15:10]     → SKIP: no MX for jupiterbaycondoassoc.com
[04:15:11]   [18/47] Jupiter Cove → jupitercove.net
[04:15:11]     → SKIP: no MX for jupitercove.net
[04:15:11]   [19/47] Detail by Entity Name → search.sunbiz.org
[04:15:11]     → SKIP: no MX for search.sunbiz.org
[04:15:12]   [20/47] Kitchen & Bath Bonita Springs → prestigemarbleanddesigns.com
[04:15:12]     → SKIP: no MX for prestigemarbleanddesigns.com
[04:15:12]   [21/47] Best Kitchen Remodeling Services in Boni → desanctishomes.com
[04:15:12]     → SKIP: no MX for desanctishomes.com
[04:15:13]   [22/47] Remodeling Contractor → swfconstruction.com
[04:15:13]     → SKIP: no MX for swfconstruction.com
[04:15:13]   [23/47] Best Concrete Coating Services In Bonita → concretesciencefl.com
[04:15:13]     → SKIP: no MX for concretesciencefl.com
[04:15:14]   [24/47] Epoxy Garage Floor Coating Services in B → jdlsurfaceinnovations.com
[04:15:14]     → SKIP: no MX for jdlsurfaceinnovations.com
[04:15:15]   [25/47] Gutter Contractor → bradenton-sarasota.brothersgutters.com
[04:15:15]     → SKIP: no MX for bradenton-sarasota.brothersgutters.com
[04:15:15]   [26/47] Gutter Installation Tampa → gutterinstallationtampa.com
[04:15:15]     → SKIP: no MX for gutterinstallationtampa.com
[04:15:16]   [27/47] Home → sarasotaseamlessgutters.com
[04:15:16]     → SKIP: no MX for sarasotaseamlessgutters.com
[04:15:16]   [28/47] Frisco, TX Professional Garage Floor Coa → customgarageworkstx.com
[04:15:16]     → SKIP: no MX for customgarageworkstx.com
[04:15:17]   [29/47] About Us → islandhousehoa.com
[04:15:17]     → SKIP: no MX for islandhousehoa.com
[04:15:17]   [30/47] The Brennity at Tradition Senior Living → brennitytradition.com
[04:15:17]     → SKIP: no MX for brennitytradition.com
[04:15:18]   [31/47] Concrete Contractor → unitedsurfacetechnologygroupinc.com
[04:15:18]     → SKIP: no MX for unitedsurfacetechnologygroupinc.com
[04:15:18]   [32/47] Expert Concrete Contractors in St Peters → saintpetersburgconcrete.com
[04:15:19]     → SKIP: no MX for saintpetersburgconcrete.com
[04:15:19]   [33/47] Molino's Ristorante → molinosrestaurant.com
[04:15:19]     → SKIP: no MX for molinosrestaurant.com
[04:15:20]   [34/47] global-fleet → search.sunbiz.org
[04:15:20]     → SKIP: no MX for search.sunbiz.org
[04:15:20]   [35/47] Fleet Management – Florida's Turnpike → floridasturnpike.com
[04:15:45]     → info@floridasturnpike.com (generic guess (floridasturnpike.com))
[04:15:46]   [36/47] Government Fleet Maintenance → vectorfleet.com
[04:15:49]     → info@vectorfleet.com (generic guess (vectorfleet.com))
[04:15:49]   [37/47] 79 fleet manager Jobs in Florida, Februa → glassdoor.com
[04:15:51]     → admin@glassdoor.com (SMTP verified at glassdoor.com)
[04:15:52]   [38/47] Fleet Management Services & Solutions → holman.com
[04:15:53]     → info@holman.com (generic guess (holman.com))
[04:15:53]   [39/47] Fleet Management / Fleet Management and  → dms.myflorida.com
[04:15:54]     → info@dms.myflorida.com (SMTP verified at dms.myflorida.com)
[04:15:54]   [40/47] Industrial Architecture → sfarchitectureinc.com
[04:15:55]     → info@sfarchitectureinc.com (SMTP verified at sfarchitectureinc.com)
[04:15:55]   [41/47] Industrial → ipcnaples.com
[04:15:56]     → info@ipcnaples.com (SMTP verified at ipcnaples.com)
[04:15:56]   [42/47] The Bonita Foundry → swfl.life
[04:15:57]     → info@swfl.life (generic guess (swfl.life))
[04:15:58]   [43/47] Bonita Springs, FL → gatorgypsum.com
[04:15:59]     → info@gatorgypsum.com (generic guess (gatorgypsum.com))
[04:16:00]   [44/47] Bonita Springs, FL Industrial Properties → loopnet.com
[04:16:02]     → sales@loopnet.com (SMTP verified at loopnet.com)
[04:16:02]   [45/47] 28292 Industrial Rd, Bonita Springs, FL  → loopnet.com
[04:16:04]     → sales@loopnet.com (SMTP verified at loopnet.com)
[04:16:05]   [46/47] Bonita Springs, FL Commercial Real Estat → loopnet.com
[04:16:07]     → sales@loopnet.com (SMTP verified at loopnet.com)
[04:16:07]   [47/47] Master Builders Contracting LLC → masterbuilders239.com
[04:16:09]     → info@masterbuilders239.com (generic guess (masterbuilders239.com))
[04:16:10] Wrote 13 guessed emails to CSV (7 SMTP verified)
CRM v2 generated: 785 leads, 727 emails, 158 phones, 2026-02-13 04:16 UTC
[04:16:10] CRM dashboard rebuilt
[04:16:10] APOLLO GUESSER COMPLETE: 13 emails guessed, 7 verified
[04:16:10] ============================================================
[05:15:01] ============================================================
[05:15:01] APOLLO-STYLE EMAIL GUESSER — Batch: 100
[05:15:01] ============================================================
[05:15:01] Loaded 785 leads
[05:15:01] Leads with guessable domains: 34
[05:15:01] Processing batch of 34
[05:15:01]   [1/34] Quest Property Management Services for Y → questrealestatesolutions.com
[05:15:01]     → SKIP: no MX for questrealestatesolutions.com
[05:15:02]   [2/34] Tru Mobile Detailing → trumobiledetailing.com
[05:15:02]     → SKIP: no MX for trumobiledetailing.com
[05:15:02]   [3/34] Circle Bay Yacht Club → circlebay.org
[05:15:03]     → SKIP: no MX for circlebay.org
[05:15:03]   [4/34] Kitchen, Flooring & Bathroom Remodeling  → libertykitchendesign.com
[05:15:03]     → SKIP: no MX for libertykitchendesign.com
[05:15:04]   [5/34] Bathroom Remodeling in Boca Raton, Flori → kbcgeneralservices.com
[05:15:04]     → SKIP: no MX for kbcgeneralservices.com
[05:15:04]   [6/34] Lion Heartz Detailing: Mobile Auto Detai → lionheartzdetail.com
[05:15:04]     → SKIP: no MX for lionheartzdetail.com
[05:15:05]   [7/34] Top 5 Renovation Contractors in Palm Bea → westpalmbeachrenovations.com
[05:15:05]     → SKIP: no MX for westpalmbeachrenovations.com
[05:15:05]   [8/34] Mobile Detailing Services in West Palm B → mobiledetailing.io
[05:15:05]     → SKIP: no MX for mobiledetailing.io
[05:15:06]   [9/34] The Brennity at Tradition Senior Living  → brennitytradition.com
[05:15:06]     → SKIP: no MX for brennitytradition.com
[05:15:06]   [10/34] 3 Best Assisted Living Communities in Fo → health.usnews.com
[05:15:06]     → SKIP: no MX for health.usnews.com
[05:15:07]   [11/34] The Brennity at Vero Beach Senior Living → brennityverobeach.com
[05:15:07]     → SKIP: no MX for brennityverobeach.com
[05:15:07]   [12/34] Bathroom Remodeling Contractor | Stuart, → bobbyandbrothershandyman.com
[05:15:08]     → SKIP: no MX for bobbyandbrothershandyman.com
[05:15:08]   [13/34] 4 Best Assisted Living Communities in Je → health.usnews.com
[05:15:08]     → SKIP: no MX for health.usnews.com
[05:15:09]   [14/34] Transitional Kitchens Gallery → dreammaker-remodel.com
[05:15:09]     → SKIP: no MX for dreammaker-remodel.com
[05:15:09]   [15/34] Stuart Kitchen Contractors → dreammaker-remodel.com
[05:15:09]     → SKIP: no MX for dreammaker-remodel.com
[05:15:10]   [16/34] Senior Living Facilities in Fort Pierce, → ourparents.com
[05:15:10]     → SKIP: no MX for ourparents.com
[05:15:10]   [17/34] Jupiter Bay Condominium Association → jupiterbaycondoassoc.com
[05:15:10]     → SKIP: no MX for jupiterbaycondoassoc.com
[05:15:11]   [18/34] Jupiter Cove → jupitercove.net
[05:15:11]     → SKIP: no MX for jupitercove.net
[05:15:11]   [19/34] Detail by Entity Name → search.sunbiz.org
[05:15:11]     → SKIP: no MX for search.sunbiz.org
[05:15:12]   [20/34] Kitchen & Bath Bonita Springs → prestigemarbleanddesigns.com
[05:15:12]     → SKIP: no MX for prestigemarbleanddesigns.com
[05:15:12]   [21/34] Best Kitchen Remodeling Services in Boni → desanctishomes.com
[05:15:13]     → SKIP: no MX for desanctishomes.com
[05:15:13]   [22/34] Remodeling Contractor → swfconstruction.com
[05:15:13]     → SKIP: no MX for swfconstruction.com
[05:15:14]   [23/34] Best Concrete Coating Services In Bonita → concretesciencefl.com
[05:15:14]     → SKIP: no MX for concretesciencefl.com
[05:15:14]   [24/34] Epoxy Garage Floor Coating Services in B → jdlsurfaceinnovations.com
[05:15:14]     → SKIP: no MX for jdlsurfaceinnovations.com
[05:15:15]   [25/34] Gutter Contractor → bradenton-sarasota.brothersgutters.com
[05:15:15]     → SKIP: no MX for bradenton-sarasota.brothersgutters.com
[05:15:15]   [26/34] Gutter Installation Tampa → gutterinstallationtampa.com
[05:15:15]     → SKIP: no MX for gutterinstallationtampa.com
[05:15:16]   [27/34] Home → sarasotaseamlessgutters.com
[05:15:16]     → SKIP: no MX for sarasotaseamlessgutters.com
[05:15:16]   [28/34] Frisco, TX Professional Garage Floor Coa → customgarageworkstx.com
[05:15:17]     → SKIP: no MX for customgarageworkstx.com
[05:15:17]   [29/34] About Us → islandhousehoa.com
[05:15:17]     → SKIP: no MX for islandhousehoa.com
[05:15:18]   [30/34] The Brennity at Tradition Senior Living → brennitytradition.com
[05:15:18]     → SKIP: no MX for brennitytradition.com
[05:15:18]   [31/34] Concrete Contractor → unitedsurfacetechnologygroupinc.com
[05:15:18]     → SKIP: no MX for unitedsurfacetechnologygroupinc.com
[05:15:19]   [32/34] Expert Concrete Contractors in St Peters → saintpetersburgconcrete.com
[05:15:19]     → SKIP: no MX for saintpetersburgconcrete.com
[05:15:19]   [33/34] Molino's Ristorante → molinosrestaurant.com
[05:15:19]     → SKIP: no MX for molinosrestaurant.com
[05:15:20]   [34/34] global-fleet → search.sunbiz.org
[05:15:20]     → SKIP: no MX for search.sunbiz.org
CRM v2 generated: 785 leads, 727 emails, 158 phones, 2026-02-13 05:15 UTC
[05:15:20] CRM dashboard rebuilt
[05:15:20] APOLLO GUESSER COMPLETE: 0 emails guessed, 0 verified
[05:15:20] ============================================================
