[21:30:25] ============================================================
[21:30:25] APOLLO-STYLE EMAIL GUESSER — Batch: 200
[21:30:25] ============================================================
[21:30:25] Loaded 622 leads
[21:30:25] Leads with guessable domains: 543
[21:30:25] Processing batch of 200
[21:30:25]   [1/200] South Florida Realty Management → floridapm.net
[21:30:26]     → info@floridapm.net (SMTP verified at floridapm.net)
[21:30:26]   [2/200] JC Epoxy Coatings → jcepoxycoatings.com
[21:30:27]     → SKIP: no MX for jcepoxycoatings.com
[21:30:27]   [3/200] Port St Lucie Epoxy Pros → epoxyportstlucie.com
[21:30:27]     → SKIP: no MX for epoxyportstlucie.com
[21:30:28]   [4/200] Choice Epoxy Coatings → choiceepoxycoatings.com
[21:30:32]     → info@choiceepoxycoatings.com (generic guess (choiceepoxycoatings.com))
[21:30:32]   [5/200] Gizze Construction Inc → gizzeconstructioninc.com
[21:30:32]     → SKIP: no MX for gizzeconstructioninc.com
[21:30:33]   [6/200] Garcia & Sons Construction LLC → garciaandsonsconstruct.com
[21:30:33]     → info@garciaandsonsconstruct.com (generic guess (garciaandsonsconstruct.com))
[21:30:34]   [7/200] Port St Lucie property management → fsresidential.com
[21:30:34]     → info@fsresidential.com (SMTP verified at fsresidential.com)
[21:30:35]   [8/200] Florida Property Management Agency → mgtspec.com
[21:30:35]     → info@mgtspec.com (SMTP verified at mgtspec.com)
[21:30:36]   [9/200] Real Property Management Dynamic → rpmdynamic.com
[21:30:36]     → info@rpmdynamic.com (SMTP verified at rpmdynamic.com)
[21:30:37]   [10/200] Best Property Management Companies in Po → expertise.com
[21:30:37]     → info@expertise.com (SMTP verified at expertise.com)
[21:30:38]   [11/200] Quest Property Management Services for Y → questrealestatesolutions.com
[21:30:38]     → SKIP: no MX for questrealestatesolutions.com
[21:30:38]   [12/200] Property Management → nex-genpartners.com
[21:30:39]     → info@nex-genpartners.com (generic guess (nex-genpartners.com))
[21:30:40]   [13/200] Best Auto Body Shops near Port Saint Luc → carwise.com
[21:30:42]     → admin@carwise.com (SMTP verified at carwise.com)
[21:30:42]   [14/200] Auto Body Shop → jhcc.com
[21:30:44]     → info@jhcc.com (generic guess (jhcc.com))
[21:30:45]   [15/200] Classic Collision Port Saint Lucie → classiccollision.com
[21:30:45]     → contact@classiccollision.com (SMTP verified at classiccollision.com)
[21:30:46]   [16/200] Port St Lucie FL Auto Body Repair → gerbercollision.com
[21:30:46]     → info@gerbercollision.com (SMTP verified at gerbercollision.com)
[21:30:47]   [17/200] Collision Repair in Port St Lucie → crashchampions.com
[21:30:47]     → info@crashchampions.com (SMTP verified at crashchampions.com)
[21:30:48]   [18/200] Auto Body Shop near Port Saint Lucie, FL → carwise.com
[21:30:49]     → admin@carwise.com (SMTP verified at carwise.com)
[21:30:50]   [19/200] Vantazma Collision → vantazma-car-care.com
[21:30:51]     → info@vantazma-car-care.com (generic guess (vantazma-car-care.com))
[21:30:52]   [20/200] Auto Body Services → allroadsrepair.com
[21:30:53]     → info@allroadsrepair.com (SMTP verified at allroadsrepair.com)
[21:30:54]   [21/200] Get Kitchen Remodeling in Jensen Beach,  → jupiterkitchenrenovation.com
[21:31:03]     → info@jupiterkitchenrenovation.com (generic guess (jupiterkitchenrenovation.com))
[21:31:03]   [22/200] Cooke Construction → cookeconstructioninc.com
[21:31:04]     → info@cookeconstructioninc.com (SMTP verified at cookeconstructioninc.com)
[21:31:04]   [23/200] Remodeling Contractor: Island Kitchen &  → ikbconstruction.com
[21:31:06]     → info@ikbconstruction.com (generic guess (ikbconstruction.com))
[21:31:07]   [24/200] Kitchen Remodeling → sweetgc.com
[21:31:07]     → info@sweetgc.com (SMTP verified at sweetgc.com)
[21:31:08]   [25/200] Jensen Beach FL → dreammaker-stuart.com
[21:31:10]     → info@dreammaker-stuart.com (generic guess (dreammaker-stuart.com))
[21:31:11]   [26/200] Best 15 Kitchen & Bathroom Remodelers in → houzz.com
[21:31:11]     → info@houzz.com (SMTP verified at houzz.com)
[21:31:12]   [27/200] Restaurant Construction in Jensen Beach, → aegenconstruction.com
[21:31:12]     → info@aegenconstruction.com (SMTP verified at aegenconstruction.com)
[21:31:13]   [28/200] Cleaning Services Stuart, Jensen Beach F → dustintimecleaning.com
[21:31:38]     → info@dustintimecleaning.com (generic guess (dustintimecleaning.com))
[21:31:39]   [29/200] Treasure Coast Real Estate: Treasure Coa → treasurecoastmlssearch.com
[21:31:39]     → info@treasurecoastmlssearch.com (generic guess (treasurecoastmlssearch.com))
[21:31:39]   [30/200] New & Used Cars For Sale → wallaceautogroup.com
[21:31:40]     → info@wallaceautogroup.com (SMTP verified at wallaceautogroup.com)
[21:31:40]   [31/200] Starling Buick GMC Dealership in Stuart, → starlingbuickgmcstuart.com
[21:31:42]     → info@starlingbuickgmcstuart.com (generic guess (starlingbuickgmcstuart.com))
[21:31:42]   [32/200] Treasure Coast Toyota Of Stuart → treasurecoasttoyotaofstuart.com
[21:31:44]     → info@treasurecoasttoyotaofstuart.com (generic guess (treasurecoasttoyotaofstuart.com))
[21:31:45]   [33/200] Fort Pierce Warehouses For Rent & Lease → loopnet.com
[21:31:46]     → sales@loopnet.com (SMTP verified at loopnet.com)
[21:31:47]   [34/200] Fort Pierce Industrial Space For Rent → crexi.com
[21:31:47]     → info@crexi.com (SMTP verified at crexi.com)
[21:31:48]   [35/200] Fort Pierce Industrial and Warehouse Spa → showcase.com
[21:31:48]     → info@showcase.com (SMTP verified at showcase.com)
[21:31:48]   [36/200] Fort Pierce, FL Warehouses for Rent & Le → realmo.com
[21:31:51]     → info@realmo.com (generic guess (realmo.com))
[21:31:51]   [37/200] Fort Pierce, FL Industrial & Warehouse S → propertyshark.com
[21:31:51]     → info@propertyshark.com (generic guess (propertyshark.com))
[21:31:52]   [38/200] Fort Pierce, FL Industrial & Warehouse S → commercialsearch.com
[21:31:53]     → info@commercialsearch.com (generic guess (commercialsearch.com))
[21:31:53]   [39/200] Fort Pierce, FL Warehouses for Rent → rent.warehouseexchange.com
[21:31:53]     → SKIP: no MX for rent.warehouseexchange.com
[21:31:54]   [40/200] 2700 Industrial Ave 2 , Fort Pierce, FL  → warehousespaces.com
[21:31:59]     → info@warehousespaces.com (generic guess (warehousespaces.com))
[21:31:59]   [41/200] Industrial Warehouse/Flex Space, Fort Pi → slccommercial.com
[21:32:00]     → info@slccommercial.com (SMTP verified at slccommercial.com)
[21:32:01]   [42/200] Jupiter Mobile Detailing → jupitermobiledetailing.com
[21:32:04]     → info@jupitermobiledetailing.com (generic guess (jupitermobiledetailing.com))
[21:32:04]   [43/200] Fleet services → gruntservices.com
[21:32:06]     → info@gruntservices.com (generic guess (gruntservices.com))
[21:32:06]   [44/200] Jupiter Detail: Car Detailing in Jupiter → jupiterdetail.com
[21:32:32]     → info@jupiterdetail.com (generic guess (jupiterdetail.com))
[21:32:32]   [45/200] Fleet Washing Jupiter FL → danryanspressurecleaning.com
[21:32:33]     → info@danryanspressurecleaning.com (generic guess (danryanspressurecleaning.com))
[21:32:34]   [46/200] Tru Mobile Detailing → trumobiledetailing.com
[21:32:34]     → SKIP: no MX for trumobiledetailing.com
[21:32:34]   [47/200] Car Detailing Jupiter, FL → localsautomarinedetailing.com
[21:32:34]     → SKIP: no MX for localsautomarinedetailing.com
[21:32:35]   [48/200] Clearshine Detailing: Vehicle Detailing  → clearshinedetailingfl.net
[21:32:35]     → SKIP: no MX for clearshinedetailingfl.net
[21:32:35]   [49/200] Premium Car Detailing in Jupiter, FL → beyondlimitsdetailing.com
[21:32:36]     → SKIP: no MX for beyondlimitsdetailing.com
[21:32:36]   [50/200] Jupiter, FL → estebanbrothersmobilecarwash.com
[21:32:36]     → SKIP: no MX for estebanbrothersmobilecarwash.com
[21:32:37]   [51/200] Vero Beach Epoxy Floors by CJ Epoxy → cjepoxy.com
[21:32:37]     → info@cjepoxy.com (generic guess (cjepoxy.com))
[21:32:37]   [52/200] Garage Floor Coating: Professional Epoxy → indianriverconcretecoatings.com
[21:32:38]     → SKIP: no MX for indianriverconcretecoatings.com
[21:32:38]   [53/200] ABOUT US → rtiepoxyfloors.com
[21:32:39]     → info@rtiepoxyfloors.com (generic guess (rtiepoxyfloors.com))
[21:32:39]   [54/200] Epoxy Flooring → buciopainting.net
[21:32:41]     → info@buciopainting.net (generic guess (buciopainting.net))
[21:32:41]   [55/200] Best 15 Flooring Companies & Installers  → houzz.com
[21:32:41]     → info@houzz.com (SMTP verified at houzz.com)
[21:32:42]   [56/200] Epoxy Garage Flooring Solutions in Vero  → enhanceyourgarage.com
[21:32:42]     → info@enhanceyourgarage.com (SMTP verified at enhanceyourgarage.com)
[21:32:43]   [57/200] Modern Concrete Floor Coatings Vero Beac → customsurfacellc.com
[21:32:43]     → info@customsurfacellc.com (SMTP verified at customsurfacellc.com)
[21:32:44]   [58/200] Martin Meadows | Home Owners Association → martinmeadows.com
[21:32:45]     → admin@martinmeadows.com (SMTP verified at martinmeadows.com)
[21:32:46]   [59/200] Circle Bay Yacht Club → circlebay.org
[21:32:46]     → SKIP: no MX for circlebay.org
[21:32:46]   [60/200] Boca Raton Kitchen Remodeling by Boca Ki → bocakitchens.com
[21:32:47]     → info@bocakitchens.com (SMTP verified at bocakitchens.com)
[21:32:47]   [61/200] Kitchen Renovations Perfected | Remodeli → kitchenrenovationsperfected.com
[21:32:49]     → info@kitchenrenovationsperfected.com (generic guess (kitchenrenovationsperfected.com))
[21:32:49]   [62/200] Kitchen Remodeling in Boca Raton, FL → grmkb.com
[21:32:50]     → info@grmkb.com (generic guess (grmkb.com))
[21:32:51]   [63/200] Professional Remodeling Contractor In Bo → cabinetiq.com
[21:32:51]     → info@cabinetiq.com (SMTP verified at cabinetiq.com)
[21:32:52]   [64/200] West Boca Raton Custom Cabinets, Refacin → kitchentuneup.com
[21:32:54]     → info@kitchentuneup.com (generic guess (kitchentuneup.com))
[21:32:54]   [65/200] The Gardens of Port St. Lucie Senior Liv → sinceriseniorliving.com
[21:32:54]     → info@sinceriseniorliving.com (generic guess (sinceriseniorliving.com))
[21:32:55]   [66/200] jd treasure coast assisted living facili → quality.healthfinder.fl.gov
[21:33:20]     → info@quality.healthfinder.fl.gov (generic guess (quality.healthfinder.fl.gov))
[21:33:20]   [67/200] Treasure Coast ALF | Port St. Lucie, Flo → seniorplacementgroup.com
[21:33:22]     → info@seniorplacementgroup.com (generic guess (seniorplacementgroup.com))
[21:33:22]   [68/200] 10 Best Assisted Living Facilities in St → aplaceformom.com
[21:33:23]     → info@aplaceformom.com (SMTP verified at aplaceformom.com)
[21:33:23]   [69/200] RENOVA - Kitchen, Bath Remodeling Contra → letrenova.com
[21:33:23]     → info@letrenova.com (SMTP verified at letrenova.com)
[21:33:24]   [70/200] Kitchen and Bath remodeling Delray Beach → wymanbuilders.com
[21:33:24]     → info@wymanbuilders.com (SMTP verified at wymanbuilders.com)
[21:33:25]   [71/200] Delray Beach Kitchen, Bathroom & Home Re → bocakitchens.com
[21:33:26]     → info@bocakitchens.com (SMTP verified at bocakitchens.com)
[21:33:26]   [72/200] Custom Kitchen and Bathroom Remodeling i → alliedkitchenandbath.com
[21:33:26]     → SKIP: no MX for alliedkitchenandbath.com
[21:33:27]   [73/200] Delray Beach Kitchen Remodeling Services → jrstonedesign.net
[21:33:28]     → info@jrstonedesign.net (generic guess (jrstonedesign.net))
[21:33:29]   [74/200] Home Remodeling & General Contractor in  → kmr-gc.com
[21:33:31]     → info@kmr-gc.com (generic guess (kmr-gc.com))
[21:33:31]   [75/200] Kitchen, Flooring & Bathroom Remodeling  → libertykitchendesign.com
[21:33:31]     → SKIP: no MX for libertykitchendesign.com
[21:33:32]   [76/200] Premium Concrete Floor Coatings Services → customsurfacellc.com
[21:33:32]     → info@customsurfacellc.com (SMTP verified at customsurfacellc.com)
[21:33:32]   [77/200] Epoxy Garage Floor Solutions in Stuart → enhanceyourgarage.com
[21:33:33]     → info@enhanceyourgarage.com (SMTP verified at enhanceyourgarage.com)
[21:33:33]   [78/200] Jupiter Custom Garage Floor Coatings & C → garageexperts.com
[21:33:34]     → info@garageexperts.com (SMTP verified at garageexperts.com)
[21:33:34]   [79/200] Top Flooring Alternatives to Epoxy in St → floortekcoatings.com
[21:33:35]     → info@floortekcoatings.com (SMTP verified at floortekcoatings.com)
[21:33:35]   [80/200] Stuart Florida Real Estate | Premier Gro → premierrealtygroup.com
[21:33:36]     → info@premierrealtygroup.com (SMTP verified at premierrealtygroup.com)
[21:33:36]   [81/200] Metallic Epoxy Flooring Experts in Palm  → superiorfloorcoating.com
[21:33:37]     → info@superiorfloorcoating.com (SMTP verified at superiorfloorcoating.com)
[21:33:37]   [82/200] flooring contractors in palm city, fl → astonstuart.com
[21:33:39]     → info@astonstuart.com (generic guess (astonstuart.com))
[21:33:39]   [83/200] Concrete Flooring Installation in Palm C → palmcityconcrete.com
[21:33:40]     → info@palmcityconcrete.com (generic guess (palmcityconcrete.com))
[21:33:41]   [84/200] General Contractor Boca Raton | Miller C → millerconstruction.com
[21:33:41]     → info@millerconstruction.com (generic guess (millerconstruction.com))
[21:33:42]   [85/200] General Contractor Services in Boca Rato → garzoneconstruction.com
[21:33:43]     → info@garzoneconstruction.com (generic guess (garzoneconstruction.com))
[21:33:44]   [86/200] General Building Contractor Boca Raton F → kmr-gc.com
[21:33:45]     → info@kmr-gc.com (generic guess (kmr-gc.com))
[21:33:46]   [87/200] THE 10 BEST Restaurants in Stuart (Updat → tripadvisor.com
[21:33:47]     → sales@tripadvisor.com (SMTP verified at tripadvisor.com)
[21:33:48]   [88/200] Dining - Historic Downtown Stuart → downtownstuartflorida.com
[21:33:48]     → info@downtownstuartflorida.com (SMTP verified at downtownstuartflorida.com)
[21:33:49]   [89/200] The 10 Best Restaurants Near Me in Stuar → opentable.com
[21:33:50]     → info@opentable.com (generic guess (opentable.com))
[21:33:51]   [90/200] Home - BOATHOUSE - Fish restaurant in St → stuartboathouse.com
[21:33:52]     → info@stuartboathouse.com (generic guess (stuartboathouse.com))
[21:33:53]   [91/200] The Sailor's Return Restaurant in Stuart → thesailorsreturn.com
[21:33:53]     → info@thesailorsreturn.com (generic guess (thesailorsreturn.com))
[21:33:53]   [92/200] Stuart Fish Grill - Stuart, FL → stuartfishgrill.com
[21:33:54]     → info@stuartfishgrill.com (SMTP verified at stuartfishgrill.com)
[21:33:54]   [93/200] The Black Marlin | Bar & Restaurant in H → theblackmarlin.net
[21:33:56]     → contact@theblackmarlin.net (SMTP verified at theblackmarlin.net)
[21:33:56]   [94/200] Hudson's On The River | Waterfront Dinin → hudsonontheriver.com
[21:33:57]     → info@hudsonontheriver.com (generic guess (hudsonontheriver.com))
[21:33:57]   [95/200] New Construction Homes in Port Saint Luc → newhomesource.com
[21:33:58]     → info@newhomesource.com (SMTP verified at newhomesource.com)
[21:33:58]   [96/200] New Homes In Port St. Lucie, Florida For → ryanhomes.com
[21:33:59]     → info@ryanhomes.com (generic guess (ryanhomes.com))
[21:33:59]   [97/200] Port Saint Lucie, FL New Construction Ho → homes.com
[21:34:00]     → info@homes.com (SMTP verified at homes.com)
[21:34:00]   [98/200] Port St. Lucie, FL New Homes For Sale by → lennar.com
[21:34:01]     → info@lennar.com (generic guess (lennar.com))
[21:34:02]   [99/200] New Homes Port St. Lucie | Maronda Homes → marondahomes.com
[21:34:03]     → info@marondahomes.com (generic guess (marondahomes.com))
[21:34:04]   [100/200] Gutter Installation & Downspout Services → gutterguyofflorida.com
[21:34:04]     → info@gutterguyofflorida.com (generic guess (gutterguyofflorida.com))
[21:34:04]   [101/200] Jensen Beach FL Seamless Gutter Services → gutterhawks.com
[21:34:05]     → info@gutterhawks.com (SMTP verified at gutterhawks.com)
[21:34:05]   [102/200] Jensen Seamless Gutters → unitedseamlessgutters.com
[21:34:05]     → SKIP: no MX for unitedseamlessgutters.com
[21:34:06]   [103/200] Gutter Installation Jensen Beach, FL – V → statelinegutters.com
[21:34:07]     → sales@statelinegutters.com (SMTP verified at statelinegutters.com)
[21:34:07]   [104/200] Seamless Gutters | Jensen Beach, FL → budgetgutters.com
[21:34:07]     → SKIP: no MX for budgetgutters.com
[21:34:08]   [105/200] Jensen Beach Seamless Gutters → raincontrolseamlessgutters.com
[21:34:08]     → SKIP: no MX for raincontrolseamlessgutters.com
[21:34:08]   [106/200] Jensen Beach Kitchen and Bath Remodeling → jensenbeachkitchenandbath.com
[21:34:34]     → info@jensenbeachkitchenandbath.com (generic guess (jensenbeachkitchenandbath.com))
[21:34:34]   [107/200] GLS Remodeling | Kitchen & Bathroom Remo → glsremodeling.com
[21:34:35]     → info@glsremodeling.com (generic guess (glsremodeling.com))
[21:34:35]   [108/200] Victory Kitchen & Bath | Remodeling, Cab → victorykb.com
[21:34:35]     → info@victorykb.com (SMTP verified at victorykb.com)
[21:34:36]   [109/200] General Contractor Jensen Beach Florida  → sweetgc.com
[21:34:36]     → info@sweetgc.com (SMTP verified at sweetgc.com)
[21:34:37]   [110/200] Martin North Hospital | Cleveland Clinic → my.clevelandclinic.org
[21:34:37]     → SKIP: no MX for my.clevelandclinic.org
[21:34:37]   [111/200] Hospitals near Stuart, FL - Healthgrades → healthgrades.com
[21:34:39]     → admin@healthgrades.com (SMTP verified at healthgrades.com)
[21:34:39]   [112/200] Martin North Hospital | Cleveland Clinic → my.clevelandclinic.org
[21:34:39]     → SKIP: no MX for my.clevelandclinic.org
[21:34:40]   [113/200] HCA Florida Stuart Emergency → hcafloridahealthcare.com
[21:34:40]     → SKIP: no MX for hcafloridahealthcare.com
[21:34:40]   [114/200] HOSPITALS/EMERGENCY ROOM Category | Stua → business.stuartmartinchamber.org
[21:35:06]     → info@business.stuartmartinchamber.org (generic guess (business.stuartmartinchamber.org))
[21:35:06]   [115/200] Cleveland Clinic Martin Health-Stuart in → health.usnews.com
[21:35:06]     → SKIP: no MX for health.usnews.com
[21:35:07]   [116/200] Martin Memorial Hospital South, Stuart,  → doctors.wellmedhealthcare.com
[21:35:32]     → info@doctors.wellmedhealthcare.com (generic guess (doctors.wellmedhealthcare.com))
[21:35:32]   [117/200] Cleveland Clinic Martin North Hospital - → medicare.gov
[21:35:32]     → SKIP: no MX for medicare.gov
[21:35:33]   [118/200] Top-rated Handyman in Stuart, FL → mrhandyman.com
[21:35:33]     → info@mrhandyman.com (SMTP verified at mrhandyman.com)
[21:35:34]   [119/200] Handyman Services in Stuart FL | Home &  → homeandbeyondfl.com
[21:35:34]     → info@homeandbeyondfl.com (SMTP verified at homeandbeyondfl.com)
[21:35:35]   [120/200] Handyman & Home Repair Services in Stuar → acehandymanservices.com
[21:35:36]     → info@acehandymanservices.com (generic guess (acehandymanservices.com))
[21:35:37]   [121/200] Stuart Pressure Washing & Handyman LLC:  → pressurewashingandhandyman.com
[21:35:40]     → info@pressurewashingandhandyman.com (generic guess (pressurewashingandhandyman.com))
[21:35:41]   [122/200] Bathroom Remodeling in Boca Raton, Flori → kbcgeneralservices.com
[21:35:41]     → SKIP: no MX for kbcgeneralservices.com
[21:35:42]   [123/200] Boca Raton Luxury Bathroom Overhaul - RE → letrenova.com
[21:35:42]     → info@letrenova.com (SMTP verified at letrenova.com)
[21:35:42]   [124/200] Ocean Remodeling | Home Remodeling Contr → oceanremodeling.com
[21:36:08]     → info@oceanremodeling.com (generic guess (oceanremodeling.com))
[21:36:08]   [125/200] Everlast Bathrooms in Boca Raton, FL → everlastbathrooms.com
[21:36:10]     → hello@everlastbathrooms.com (SMTP verified at everlastbathrooms.com)
[21:36:10]   [126/200] Luxury Bathroom Remodeling & Renovation  → uemiccontracting.com
[21:36:11]     → info@uemiccontracting.com (SMTP verified at uemiccontracting.com)
[21:36:11]   [127/200] Treasure Coast Auto Spa: Treasure Coast  → tcautodetail.com
[21:36:11]     → SKIP: no MX for tcautodetail.com
[21:36:12]   [128/200] MDS Auto Detailing → mdsautodetailing.com
[21:36:13]     → info@mdsautodetailing.com (generic guess (mdsautodetailing.com))
[21:36:14]   [129/200] Doctor Detail of the Treasure Coast: Aut → ddoftc.com
[21:36:14]     → info@ddoftc.com (generic guess (ddoftc.com))
[21:36:14]   [130/200] Lio's Quality detailing → liosqualitydetailing.com
[21:36:14]     → SKIP: no MX for liosqualitydetailing.com
[21:36:15]   [131/200] Florida Finest Detailing: Home → floridasfinestdetailing.com
[21:36:15]     → SKIP: no MX for floridasfinestdetailing.com
[21:36:16]   [132/200] Ceramic Coating Experts | Best Auto Deta → redlinepremiumdetailing.com
[21:36:16]     → SKIP: no MX for redlinepremiumdetailing.com
[21:36:16]   [133/200] Lion Heartz Detailing: Mobile Auto Detai → lionheartzdetail.com
[21:36:16]     → SKIP: no MX for lionheartzdetail.com
[21:36:17]   [134/200] Booking - Showtime Detailing → showtimedetailing.org
[21:36:21]     → info@showtimedetailing.org (generic guess (showtimedetailing.org))
[21:36:21]   [135/200] HOME - DA Detailing - PSL → dadetailingpsl.com
[21:36:47]     → info@dadetailingpsl.com (generic guess (dadetailingpsl.com))
[21:36:47]   [136/200] Full Service Catering | Treasure Coast | → snlevents.com
[21:36:49]     → info@snlevents.com (generic guess (snlevents.com))
[21:36:49]   [137/200] Catering services along the Treasure Coa → corporatecaterers.com
[21:36:52]     → info@corporatecaterers.com (generic guess (corporatecaterers.com))
[21:36:53]   [138/200] True Roots Catering | Vero Beach | Stuar → truerootscatering.com
[21:36:53]     → info@truerootscatering.com (SMTP verified at truerootscatering.com)
[21:36:54]   [139/200] Catering Revolution: Catering Services i → cateringrevolution.com
[21:36:57]     → info@cateringrevolution.com (generic guess (cateringrevolution.com))
[21:36:57]   [140/200] Premier Catering Services in Fort Pierce → shellyzbistro.com
[21:36:58]     → info@shellyzbistro.com (generic guess (shellyzbistro.com))
[21:36:59]   [141/200] CT Catering → cheftablecatering.com
[21:37:24]     → info@cheftablecatering.com (generic guess (cheftablecatering.com))
[21:37:25]   [142/200] Caterer Service in Treasure Coast, FL |  → chicago.corpcaterers.com
[21:37:25]     → SKIP: no MX for chicago.corpcaterers.com
[21:37:25]   [143/200] Purple Olive: Catering Service | Saint A → purple-olive.com
[21:37:25]     → SKIP: no MX for purple-olive.com
[21:37:26]   [144/200] Investment properties Martin County FL - → landmarkinvestmentsflorida.com
[21:37:28]     → info@landmarkinvestmentsflorida.com (generic guess (landmarkinvestmentsflorida.com))
[21:37:29]   [145/200] CRA Investment Program | Martin County F → martin.fl.us
[21:37:30]     → info@martin.fl.us (generic guess (martin.fl.us))
[21:37:30]   [146/200] Martin County, FL commercial real estate → realmo.com
[21:37:32]     → info@realmo.com (generic guess (realmo.com))
[21:37:33]   [147/200] Martin County Existing Condo Sales Climb → miamirealtors.com
[21:37:35]     → info@miamirealtors.com (generic guess (miamirealtors.com))
[21:37:36]   [148/200] Martin County, FL Homes for Sale - The Z → thezeccagroup.com
[21:37:36]     → info@thezeccagroup.com (generic guess (thezeccagroup.com))
[21:37:37]   [149/200] Martin County Real Estate Market Update  → echofineproperties.com
[21:37:39]     → info@echofineproperties.com (generic guess (echofineproperties.com))
[21:37:39]   [150/200] Restaurants In Jensen Beach Florida | Di → discovermartin.com
[21:37:41]     → info@discovermartin.com (generic guess (discovermartin.com))
[21:37:41]   [151/200] The 10 Best Restaurants Near Me in Jense → opentable.com
[21:37:43]     → info@opentable.com (generic guess (opentable.com))
[21:37:43]   [152/200] The Nest | American Restaurant in Jensen → nestontheriver.com
[21:37:44]     → info@nestontheriver.com (SMTP verified at nestontheriver.com)
[21:37:44]   [153/200] Where to eat? Downtown Jensen Beach teem → tcpalm.com
[21:37:45]     → info@tcpalm.com (SMTP verified at tcpalm.com)
[21:37:45]   [154/200] Mulligan's Beach House → mulligansbeachhouse.com
[21:37:47]     → info@mulligansbeachhouse.com (generic guess (mulligansbeachhouse.com))
[21:37:48]   [155/200] Restaurants Jensen Beach | Seafood Resta → conchyjoes.com
[21:37:50]     → info@conchyjoes.com (generic guess (conchyjoes.com))
[21:37:51]   [156/200] Crawdaddy - Jensen Beach → crawdaddysjensenbeach.com
[21:38:16]     → info@crawdaddysjensenbeach.com (generic guess (crawdaddysjensenbeach.com))
[21:38:17]   [157/200] The Best Restaurants in Jensen Beach, Fl → aaa.com
[21:38:17]     → SKIP: no MX for aaa.com
[21:38:17]   [158/200] Office Cleaning in Stuart FL | Serving T → customcleaningtc.com
[21:38:20]     → info@customcleaningtc.com (generic guess (customcleaningtc.com))
[21:38:20]   [159/200] Snap Clean: Cleaning Services in Treasur → snapcleanservices.com
[21:38:21]     → hello@snapcleanservices.com (SMTP verified at snapcleanservices.com)
[21:38:22]   [160/200] Commercial Cleaning Services in Palm Bea → vanguardcleaning.com
[21:38:43]     → info@vanguardcleaning.com (generic guess (vanguardcleaning.com))
[21:38:44]   [161/200] Janitorial Services - FREEDOM COAST CLEA → freedomcoastcleaningservices.com
[21:38:46]     → info@freedomcoastcleaningservices.com (generic guess (freedomcoastcleaningservices.com))
[21:38:47]   [162/200] Treasure Coast Commercial Cleaning and J → cleanproservicesllc.com
[21:39:12]     → info@cleanproservicesllc.com (generic guess (cleanproservicesllc.com))
[21:39:12]   [163/200] Office Cleaning Services in South Florid → akbuildingservices.com
[21:39:13]     → info@akbuildingservices.com (SMTP verified at akbuildingservices.com)
[21:39:13]   [164/200] Top Treasure Coast Cleaning Company 360  → treasurecoastcleaningsolutions.com
[21:39:16]     → info@treasurecoastcleaningsolutions.com (generic guess (treasurecoastcleaningsolutions.com))
[21:39:16]   [165/200] Reliable Cleaning Services Of Treasure C → rcsoftreasurecoast.com
[21:39:18]     → info@rcsoftreasurecoast.com (generic guess (rcsoftreasurecoast.com))
[21:39:19]   [166/200] Best Epoxy & Garage Floor Company Austin → garageup.com
[21:39:19]     → info@garageup.com (SMTP verified at garageup.com)
[21:39:20]   [167/200] Epoxy Floors Austin TX with ATX Epoxy Fl → atxepoxyfloors.com
[21:39:22]     → info@atxepoxyfloors.com (generic guess (atxepoxyfloors.com))
[21:39:22]   [168/200] 15 Best Commercial Epoxy floor Contracto → downtobid.com
[21:39:23]     → info@downtobid.com (SMTP verified at downtobid.com)
[21:39:23]   [169/200] Epoxy Garage Flooring Contractor in Texa → zionoutdoors.com
[21:39:25]     → info@zionoutdoors.com (generic guess (zionoutdoors.com))
[21:39:25]   [170/200] Texas Tough Tops Epoxy Flooring → texastoughtops.com
[21:39:51]     → info@texastoughtops.com (generic guess (texastoughtops.com))
[21:39:51]   [171/200] HOA Management Companies in Port St. Luc → hoamanagement.com
[21:39:52]     → info@hoamanagement.com (SMTP verified at hoamanagement.com)
[21:39:52]   [172/200] Watson Association Management - HOA & Pr → watsonassociationmanagement.com
[21:39:52]     → SKIP: no MX for watsonassociationmanagement.com
[21:39:53]   [173/200] Keystone Property Management Group → kpmgcommunitycare.com
[21:39:53]     → info@kpmgcommunitycare.com (generic guess (kpmgcommunitycare.com))
[21:39:53]   [174/200] Divine Association Management LLC: Commu → divineassociations.com
[21:39:55]     → info@divineassociations.com (generic guess (divineassociations.com))
[21:39:55]   [175/200] Vesta Property Services – Florida HOA &  → vestapropertyservices.com
[21:39:56]     → info@vestapropertyservices.com (SMTP verified at vestapropertyservices.com)
[21:39:56]   [176/200] Lang Management - Association Management → langmgmt.com
[21:39:59]     → info@langmgmt.com (generic guess (langmgmt.com))
[21:39:59]   [177/200] Port St. Lucie Property Management → campbellpropertymanagement.com
[21:40:01]     → info@campbellpropertymanagement.com (generic guess (campbellpropertymanagement.com))
[21:40:01]   [178/200] General Contractor | Kirchman Constructi → kirchmanconstruction.com
[21:40:02]     → info@kirchmanconstruction.com (SMTP verified at kirchmanconstruction.com)
[21:40:03]   [179/200] MEL-RY Construction Commercial & Residen → mel-ry.com
[21:40:05]     → info@mel-ry.com (generic guess (mel-ry.com))
[21:40:06]   [180/200] Bayview Construction Services → bayviewconstruction.com
[21:40:06]     → info@bayviewconstruction.com (SMTP verified at bayviewconstruction.com)
[21:40:07]   [181/200] West Building Contractors | Stuart FL Co → westbuildingcontractors.com
[21:40:09]     → info@westbuildingcontractors.com (generic guess (westbuildingcontractors.com))
[21:40:10]   [182/200] Crosby's Construction LLC: Home → crosbysconstructionfl.com
[21:40:11]     → info@crosbysconstructionfl.com (generic guess (crosbysconstructionfl.com))
[21:40:12]   [183/200] Masterpiece Builders | Custom Home Build → masterpiecebuilders.com
[21:40:12]     → info@masterpiecebuilders.com (SMTP verified at masterpiecebuilders.com)
[21:40:13]   [184/200] Straticon | South Florida Based Construc → straticon.com
[21:40:13]     → info@straticon.com (SMTP verified at straticon.com)
[21:40:13]   [185/200] Commercial Cleaning - Eastside Chem-Dry → eastsidechemdry.com
[21:40:14]     → contact@eastsidechemdry.com (SMTP verified at eastsidechemdry.com)
[21:40:15]   [186/200] General Cleaning and Janitorial Services → servpro.com
[21:40:22]     → info@servpro.com (generic guess (servpro.com))
[21:40:23]   [187/200] Top 5 Renovation Contractors in Palm Bea → westpalmbeachrenovations.com
[21:40:23]     → SKIP: no MX for westpalmbeachrenovations.com
[21:40:23]   [188/200] Home Remodeling & Renovation Contractors → greenviewrenovation.com
[21:40:24]     → info@greenviewrenovation.com (SMTP verified at greenviewrenovation.com)
[21:40:24]   [189/200] Professional Home Remodeling in West Pal → renuityhome.com
[21:40:25]     → info@renuityhome.com (SMTP verified at renuityhome.com)
[21:40:25]   [190/200] General Renovation Contractor West Palm  → gentilellc.com
[21:40:25]     → info@gentilellc.com (generic guess (gentilellc.com))
[21:40:26]   [191/200] Apartments for Rent in Fort Pierce, FL - → homes.com
[21:40:27]     → info@homes.com (SMTP verified at homes.com)
[21:40:27]   [192/200] Apartments for Rent in Fort Pierce, FL - → rentcafe.com
[21:40:28]     → info@rentcafe.com (generic guess (rentcafe.com))
[21:40:28]   [193/200] B & S Auto Detailing LLC: Superior Auto  → bnsautodetailing.com
[21:40:32]     → info@bnsautodetailing.com (generic guess (bnsautodetailing.com))
[21:40:33]   [194/200] Mobile Car Detailing in Stuart, FL | AIR → airliteautodetailing.com
[21:40:35]     → info@airliteautodetailing.com (generic guess (airliteautodetailing.com))
[21:40:35]   [195/200] Cameruski's Auto Detailing: Ceramic Coat → camskisdetailing.com
[21:40:38]     → info@camskisdetailing.com (generic guess (camskisdetailing.com))
[21:40:39]   [196/200] B&B Mobile Detailing - Stuart - Book Onl → booksy.com
[21:40:39]     → info@booksy.com (SMTP verified at booksy.com)
[21:40:40]   [197/200] Stuart mobile detailing - JonathanDetail → jonathandetailstuartflorida.com
[21:40:41]     → info@jonathandetailstuartflorida.com (generic guess (jonathandetailstuartflorida.com))
[21:40:41]   [198/200] Service Areas | Mobile Detailing in Mart → harvsdetails.com
[21:40:42]     → info@harvsdetails.com (generic guess (harvsdetails.com))
[21:40:42]   [199/200] MonkMobileDetailing: HOME → monkmobiledetailing.com
[21:40:43]     → SKIP: no MX for monkmobiledetailing.com
[21:40:43]   [200/200] Tony's Showroom Finish Detailing: Top Ca → tonysshowroomfinishdetailing1.sitesgpt.com
[21:40:43]     → SKIP: no MX for tonysshowroomfinishdetailing1.sitesgpt.com
[21:40:44] Wrote 165 guessed emails to CSV (70 SMTP verified)
[21:40:44] CRM dashboard rebuilt
[21:40:44] APOLLO GUESSER COMPLETE: 165 emails guessed, 70 verified
[21:40:44] ============================================================
[21:41:18] ============================================================
[21:41:18] APOLLO-STYLE EMAIL GUESSER — Batch: 400
[21:41:18] ============================================================
[21:41:18] Loaded 622 leads
[21:41:18] Leads with guessable domains: 378
[21:41:18] Processing batch of 378
[21:41:18]   [1/378] JC Epoxy Coatings → jcepoxycoatings.com
[21:41:19]     → SKIP: no MX for jcepoxycoatings.com
[21:41:19]   [2/378] Port St Lucie Epoxy Pros → epoxyportstlucie.com
[21:41:19]     → SKIP: no MX for epoxyportstlucie.com
[21:41:20]   [3/378] Gizze Construction Inc → gizzeconstructioninc.com
[21:41:20]     → SKIP: no MX for gizzeconstructioninc.com
[21:41:20]   [4/378] Quest Property Management Services for Y → questrealestatesolutions.com
[21:41:20]     → SKIP: no MX for questrealestatesolutions.com
[21:41:21]   [5/378] Fort Pierce, FL Warehouses for Rent → rent.warehouseexchange.com
[21:41:21]     → SKIP: no MX for rent.warehouseexchange.com
[21:41:21]   [6/378] Tru Mobile Detailing → trumobiledetailing.com
[21:41:21]     → SKIP: no MX for trumobiledetailing.com
[21:41:22]   [7/378] Car Detailing Jupiter, FL → localsautomarinedetailing.com
[21:41:22]     → SKIP: no MX for localsautomarinedetailing.com
[21:41:22]   [8/378] Clearshine Detailing: Vehicle Detailing  → clearshinedetailingfl.net
[21:41:22]     → SKIP: no MX for clearshinedetailingfl.net
[21:41:23]   [9/378] Premium Car Detailing in Jupiter, FL → beyondlimitsdetailing.com
[21:41:23]     → SKIP: no MX for beyondlimitsdetailing.com
[21:41:23]   [10/378] Jupiter, FL → estebanbrothersmobilecarwash.com
[21:41:24]     → SKIP: no MX for estebanbrothersmobilecarwash.com
[21:41:24]   [11/378] Garage Floor Coating: Professional Epoxy → indianriverconcretecoatings.com
[21:41:24]     → SKIP: no MX for indianriverconcretecoatings.com
[21:41:25]   [12/378] Circle Bay Yacht Club → circlebay.org
[21:41:25]     → SKIP: no MX for circlebay.org
[21:41:25]   [13/378] Custom Kitchen and Bathroom Remodeling i → alliedkitchenandbath.com
[21:41:25]     → SKIP: no MX for alliedkitchenandbath.com
[21:41:26]   [14/378] Kitchen, Flooring & Bathroom Remodeling  → libertykitchendesign.com
[21:41:26]     → SKIP: no MX for libertykitchendesign.com
[21:41:26]   [15/378] Jensen Seamless Gutters → unitedseamlessgutters.com
[21:41:26]     → SKIP: no MX for unitedseamlessgutters.com
[21:41:27]   [16/378] Seamless Gutters | Jensen Beach, FL → budgetgutters.com
[21:41:27]     → SKIP: no MX for budgetgutters.com
[21:41:27]   [17/378] Jensen Beach Seamless Gutters → raincontrolseamlessgutters.com
[21:41:27]     → SKIP: no MX for raincontrolseamlessgutters.com
[21:41:28]   [18/378] Martin North Hospital | Cleveland Clinic → my.clevelandclinic.org
[21:41:28]     → SKIP: no MX for my.clevelandclinic.org
[21:41:29]   [19/378] Martin North Hospital | Cleveland Clinic → my.clevelandclinic.org
[21:41:29]     → SKIP: no MX for my.clevelandclinic.org
[21:41:29]   [20/378] HCA Florida Stuart Emergency → hcafloridahealthcare.com
[21:41:29]     → SKIP: no MX for hcafloridahealthcare.com
[21:41:30]   [21/378] Cleveland Clinic Martin Health-Stuart in → health.usnews.com
[21:41:30]     → SKIP: no MX for health.usnews.com
[21:41:30]   [22/378] Cleveland Clinic Martin North Hospital - → medicare.gov
[21:41:30]     → SKIP: no MX for medicare.gov
[21:41:31]   [23/378] Bathroom Remodeling in Boca Raton, Flori → kbcgeneralservices.com
[21:41:31]     → SKIP: no MX for kbcgeneralservices.com
[21:41:31]   [24/378] Treasure Coast Auto Spa: Treasure Coast  → tcautodetail.com
[21:41:31]     → SKIP: no MX for tcautodetail.com
[21:41:32]   [25/378] Lio's Quality detailing → liosqualitydetailing.com
[21:41:32]     → SKIP: no MX for liosqualitydetailing.com
[21:41:32]   [26/378] Florida Finest Detailing: Home → floridasfinestdetailing.com
[21:41:32]     → SKIP: no MX for floridasfinestdetailing.com
[21:41:33]   [27/378] Ceramic Coating Experts | Best Auto Deta → redlinepremiumdetailing.com
[21:41:33]     → SKIP: no MX for redlinepremiumdetailing.com
[21:41:34]   [28/378] Lion Heartz Detailing: Mobile Auto Detai → lionheartzdetail.com
[21:41:34]     → SKIP: no MX for lionheartzdetail.com
[21:41:34]   [29/378] Caterer Service in Treasure Coast, FL |  → chicago.corpcaterers.com
[21:41:34]     → SKIP: no MX for chicago.corpcaterers.com
[21:41:35]   [30/378] Purple Olive: Catering Service | Saint A → purple-olive.com
[21:41:35]     → SKIP: no MX for purple-olive.com
[21:41:35]   [31/378] The Best Restaurants in Jensen Beach, Fl → aaa.com
[21:41:35]     → SKIP: no MX for aaa.com
[21:41:36]   [32/378] Watson Association Management - HOA & Pr → watsonassociationmanagement.com
[21:41:36]     → SKIP: no MX for watsonassociationmanagement.com
[21:41:36]   [33/378] Top 5 Renovation Contractors in Palm Bea → westpalmbeachrenovations.com
[21:41:36]     → SKIP: no MX for westpalmbeachrenovations.com
[21:41:37]   [34/378] MonkMobileDetailing: HOME → monkmobiledetailing.com
[21:41:37]     → SKIP: no MX for monkmobiledetailing.com
[21:41:37]   [35/378] Tony's Showroom Finish Detailing: Top Ca → tonysshowroomfinishdetailing1.sitesgpt.com
[21:41:38]     → SKIP: no MX for tonysshowroomfinishdetailing1.sitesgpt.com
[21:41:38]   [36/378] Top Stuart, Florida Property Management  → allpropertymanagement.com
[21:41:38]     → info@allpropertymanagement.com (SMTP verified at allpropertymanagement.com)
[21:41:39]   [37/378] 24 Best Property Manager Companies in St → keycrew.co
[21:41:40]     → contact@keycrew.co (SMTP verified at keycrew.co)
[21:41:40]   [38/378] Real Property Management Sailfish Coast  → rpmsailfishcoast.com
[21:41:41]     → info@rpmsailfishcoast.com (SMTP verified at rpmsailfishcoast.com)
[21:41:41]   [39/378] Top Property Management Companies in Stu → reviews.birdeye.com
[21:42:06]     → info@reviews.birdeye.com (generic guess (reviews.birdeye.com))
[21:42:07]   [40/378] Vacation Rental & Airbnb Management in S → hometeamluxuryrentals.com
[21:42:07]     → info@hometeamluxuryrentals.com (SMTP verified at hometeamluxuryrentals.com)
[21:42:08]   [41/378] Gutter Guard Installation Stuart, FL | R → gutterbro.team
[21:42:09]     → info@gutterbro.team (generic guess (gutterbro.team))
[21:42:09]   [42/378] 15 Best Gutter Companies in Stuart, FL ( → ecowatch.com
[21:42:10]     → info@ecowatch.com (SMTP verified at ecowatch.com)
[21:42:10]   [43/378] Port St. Lucie, Fort Pierce, Florida Rid → pnsgutters.com
[21:42:10]     → SKIP: no MX for pnsgutters.com
[21:42:11]   [44/378] Gutter Installation Stuart, Florida - Co → coderedroofers.com
[21:42:11]     → info@coderedroofers.com (SMTP verified at coderedroofers.com)
[21:42:12]   [45/378] GUTTER/INSTALL/CLEANING/LEAF GUARDS Cate → cm-dev.stuartmartinchamber.org
[21:42:12]     → SKIP: no MX for cm-dev.stuartmartinchamber.org
[21:42:12]   [46/378] 10 Best Gutter Guard Companies in Stuart → todayshomeowner.com
[21:42:14]     → info@todayshomeowner.com (generic guess (todayshomeowner.com))
[21:42:15]   [47/378] Gutter Installation & Repair In Stuart,  → walshroofing.com
[21:42:15]     → info@walshroofing.com (SMTP verified at walshroofing.com)
[21:42:15]   [48/378] Mobile Car Detailing West Palm Beach | P → professionaldetailingservice.com
[21:42:16]     → info@professionaldetailingservice.com (SMTP verified at professionaldetailingservice.com)
[21:42:16]   [49/378] Car Detailing West Palm Beach- Beyond Li → beyondlimitsdetailing.com
[21:42:16]     → SKIP: no MX for beyondlimitsdetailing.com
[21:42:17]   [50/378] AJ Pro Mobile Detailing | Car detailing  → ajpromobiledetailing.com
[21:42:17]     → info@ajpromobiledetailing.com (generic guess (ajpromobiledetailing.com))
[21:42:18]   [51/378] Mobile Detailing in West Palm Beach, FL  → xtramiledetail.com
[21:42:18]     → SKIP: no MX for xtramiledetail.com
[21:42:18]   [52/378] Mobile Car Detailing West Palm Beach FL  → wpbcarwash.com
[21:42:19]     → info@wpbcarwash.com (generic guess (wpbcarwash.com))
[21:42:19]   [53/378] Best Auto Detailing Services in West Pal → totaltitandetailing.com
[21:42:46]     → info@totaltitandetailing.com (generic guess (totaltitandetailing.com))
[21:42:47]   [54/378] Mobile Detailing Services in West Palm B → mobiledetailing.io
[21:42:47]     → SKIP: no MX for mobiledetailing.io
[21:42:47]   [55/378] Esteban Brother's Mobile Car Wash → estebanbrothersmobilecarwash.com
[21:42:47]     → SKIP: no MX for estebanbrothersmobilecarwash.com
[21:42:48]   [56/378] Serving Stuart with over 40 years of exp → americaspridehandyman.com
[21:42:52]     → info@americaspridehandyman.com (generic guess (americaspridehandyman.com))
[21:42:52]   [57/378] Scm Handyman Services → scm-handyman-services.com
[21:42:57]     → info@scm-handyman-services.com (generic guess (scm-handyman-services.com))
[21:42:57]   [58/378] Naples Kitchen and Bath Remodeling Contr → napleskb.com
[21:42:57]     → info@napleskb.com (SMTP verified at napleskb.com)
[21:42:58]   [59/378] KGT Remodeling Home Remodeling Naples Fl → kgtremodeling.com
[21:42:58]     → info@kgtremodeling.com (SMTP verified at kgtremodeling.com)
[21:42:59]   [60/378] Dreamworks Kitchen & Bath - Home Renovat → dreamworkskb.com
[21:43:02]     → info@dreamworkskb.com (generic guess (dreamworkskb.com))
[21:43:03]   [61/378] Kitchen Remodeling Contractors - Naples  → bcbhomes.com
[21:43:03]     → info@bcbhomes.com (SMTP verified at bcbhomes.com)
[21:43:04]   [62/378] AFK Naples: Naples Kitchen and Bathroom  → afknaples.com
[21:43:04]     → info@afknaples.com (SMTP verified at afknaples.com)
[21:43:05]   [63/378] Hammer and Hand - Naples Home Building a → hammerandhandcompany.com
[21:43:05]     → info@hammerandhandcompany.com (generic guess (hammerandhandcompany.com))
[21:43:06]   [64/378] Gold Coast Renovation: Home → goldcoastrenovation.com
[21:43:06]     → info@goldcoastrenovation.com (SMTP verified at goldcoastrenovation.com)
[21:43:06]   [65/378] Palm City Property Management → homepropertymanagement.com
[21:43:07]     → info@homepropertymanagement.com (SMTP verified at homepropertymanagement.com)
[21:43:07]   [66/378] Palm City Property Management | RPM Sail → rpmsailfishcoast.com
[21:43:08]     → info@rpmsailfishcoast.com (SMTP verified at rpmsailfishcoast.com)
[21:43:08]   [67/378] Property Management - J Conroy Construct → jconroyconstruction.com
[21:43:09]     → info@jconroyconstruction.com (SMTP verified at jconroyconstruction.com)
[21:43:09]   [68/378] Top Palm City, Florida Property Manageme → allpropertymanagement.com
[21:43:10]     → info@allpropertymanagement.com (SMTP verified at allpropertymanagement.com)
[21:43:10]   [69/378] palm realty and property management serv → rentalsbypalm.com
[21:43:10]     → SKIP: no MX for rentalsbypalm.com
[21:43:11]   [70/378] KWPMC – Premier Property Management in F → kwpmc.com
[21:43:14]     → info@kwpmc.com (generic guess (kwpmc.com))
[21:43:14]   [71/378] Palm City Property Management | South Fl → floridapm.net
[21:43:15]     → info@floridapm.net (SMTP verified at floridapm.net)
[21:43:15]   [72/378] Charlotte's largest general contractors  → bizjournals.com
[21:43:16]     → info@bizjournals.com (SMTP verified at bizjournals.com)
[21:43:16]   [73/378] Luxury Home Builders & Remodeling | Char → watershedbuilders.com
[21:43:17]     → info@watershedbuilders.com (SMTP verified at watershedbuilders.com)
[21:43:17]   [74/378] Commercial General Contractor | Charlott → marandbuilders.com
[21:43:20]     → info@marandbuilders.com (generic guess (marandbuilders.com))
[21:43:20]   [75/378] The Best Residential General Contractors → charlottearchitects.org
[21:43:21]     → info@charlottearchitects.org (SMTP verified at charlottearchitects.org)
[21:43:21]   [76/378] Charlotte - Messer Construction Co. → messer.com
[21:43:23]     → admin@messer.com (SMTP verified at messer.com)
[21:43:23]   [77/378] The Best General Contractors in Charlott → generalcontractors.org
[21:43:24]     → info@generalcontractors.org (SMTP verified at generalcontractors.org)
[21:43:24]   [78/378] Best Roofers in Stuart, FL | GAF Roofing → gaf.com
[21:43:25]     → info@gaf.com (SMTP verified at gaf.com)
[21:43:25]   [79/378] The Metal Roof Experts | Top Roofing Com → themetalroofexperts.net
[21:43:26]     → info@themetalroofexperts.net (SMTP verified at themetalroofexperts.net)
[21:43:26]   [80/378] JT Roofing, Inc – Stuart Florida Roofing → jtroofinginc.com
[21:43:27]     → info@jtroofinginc.com (SMTP verified at jtroofinginc.com)
[21:43:28]   [81/378] Roofing Company Stuart, FL | Ryan Holmes → ryanholmescontracting.net
[21:43:28]     → info@ryanholmescontracting.net (SMTP verified at ryanholmescontracting.net)
[21:43:29]   [82/378] Metal Roofing Contractor | Stuart, FL -  → leoroofingfl.com
[21:43:29]     → SKIP: no MX for leoroofingfl.com
[21:43:29]   [83/378] Warehouses for Lease in Stuart, FL | Cre → crexi.com
[21:43:30]     → info@crexi.com (SMTP verified at crexi.com)
[21:43:30]   [84/378] Stuart Industrial and Warehouse Space Fo → showcase.com
[21:43:31]     → info@showcase.com (SMTP verified at showcase.com)
[21:43:32]   [85/378] Stuart, FL Industrial & Warehouse Spaces → propertyshark.com
[21:43:33]     → info@propertyshark.com (generic guess (propertyshark.com))
[21:43:33]   [86/378] Stuart, FL Industrial & Warehouse Space  → commercialsearch.com
[21:43:34]     → info@commercialsearch.com (generic guess (commercialsearch.com))
[21:43:34]   [87/378] Martin County, FL Warehouses for Rent &  → realmo.com
[21:43:36]     → info@realmo.com (generic guess (realmo.com))
[21:43:37]   [88/378] Stuart, FL Industrial & Warehouse Spaces → commercialcafe.com
[21:43:38]     → info@commercialcafe.com (generic guess (commercialcafe.com))
[21:43:39]   [89/378] Commercial Industrial Space → treasurecoastcommercialrealestate.com
[21:43:39]     → info@treasurecoastcommercialrealestate.com (generic guess (treasurecoastcommercialrealestate.com))
[21:43:39]   [90/378] Stuart, FL Industrial Space For Lease -  → cityfeet.com
[21:43:40]     → info@cityfeet.com (SMTP verified at cityfeet.com)
[21:43:41]   [91/378] House Cleaning Services in Stuart , FL 3 → cleaningsvcstuartfl.com
[21:43:42]     → info@cleaningsvcstuartfl.com (generic guess (cleaningsvcstuartfl.com))
[21:43:43]   [92/378] Home Cleaning Services → keimys.com
[21:43:44]     → info@keimys.com (generic guess (keimys.com))
[21:43:44]   [93/378] Olaf's Window Cleaning: Stuart, FL Windo → olafswindowcleaning.com
[21:43:45]     → info@olafswindowcleaning.com (SMTP verified at olafswindowcleaning.com)
[21:43:45]   [94/378] Treasure Coast Life Real Estate Professi → treasurecoastlife.net
[21:43:46]     → info@treasurecoastlife.net (SMTP verified at treasurecoastlife.net)
[21:43:46]   [95/378] Treasure Coast Realtors | Homes & Real E → buytreasurecoastproperty.com
[21:43:46]     → SKIP: no MX for buytreasurecoastproperty.com
[21:43:47]   [96/378] Investment Properties for Sale in Port S → houzeo.com
[21:43:48]     → info@houzeo.com (SMTP verified at houzeo.com)
[21:43:48]   [97/378] Jensen Beach Property Management → homepropertymanagement.com
[21:43:49]     → info@homepropertymanagement.com (SMTP verified at homepropertymanagement.com)
[21:43:49]   [98/378] Top Jensen Beach, Florida Property Manag → allpropertymanagement.com
[21:43:49]     → info@allpropertymanagement.com (SMTP verified at allpropertymanagement.com)
[21:43:50]   [99/378] Jensen Beach Property Management | RPM S → rpmsailfishcoast.com
[21:43:50]     → info@rpmsailfishcoast.com (SMTP verified at rpmsailfishcoast.com)
[21:43:51]   [100/378] Property Manager | JBCC HOA → jbcchoa.com
[21:44:16]     → info@jbcchoa.com (generic guess (jbcchoa.com))
[21:44:17]   [101/378] Property Management - Beach Front Mann R → beachfrontmannrealty.com
[21:44:17]     → SKIP: no MX for beachfrontmannrealty.com
[21:44:17]   [102/378] TC Rentals & Property Management: Home → treasurecoast.net
[21:44:17]     → SKIP: no MX for treasurecoast.net
[21:44:18]   [103/378] Epoxy Floor Installation | XPS | Martin  → treasurecoastfloors.com
[21:44:18]     → SKIP: no MX for treasurecoastfloors.com
[21:44:18]   [104/378] Bathroom Remodeling | Stuart, FL → superiortileinteriors.com
[21:44:18]     → SKIP: no MX for superiortileinteriors.com
[21:44:19]   [105/378] Home | Kitchen and Bath Remodel from Stu → stuartkitchenbathandflooring.com
[21:44:19]     → info@stuartkitchenbathandflooring.com (SMTP verified at stuartkitchenbathandflooring.com)
[21:44:20]   [106/378] Kitchen Bath & Home Design | Remodel: St → kitchenbathandhomedesign.com
[21:44:20]     → info@kitchenbathandhomedesign.com (SMTP verified at kitchenbathandhomedesign.com)
[21:44:21]   [107/378] Bathroom Remodeling in Stuart, FL from A → aglerinteriors.com
[21:44:21]     → info@aglerinteriors.com (SMTP verified at aglerinteriors.com)
[21:44:22]   [108/378] East Coast Kitchen & Bath | Remodeling S → eastcoastkitchenandbath.com
[21:44:22]     → info@eastcoastkitchenandbath.com (generic guess (eastcoastkitchenandbath.com))
[21:44:23]   [109/378] Bathroom Remodeling Services | Stuart &  → bobbyandbrothershandyman.com
[21:44:23]     → SKIP: no MX for bobbyandbrothershandyman.com
[21:44:23]   [110/378] Bathroom Remodeling - Retrofits And Reno → retrofitsandrenovations.com
[21:44:25]     → info@retrofitsandrenovations.com (generic guess (retrofitsandrenovations.com))
[21:44:25]   [111/378] Home Remodeler | DreamMaker Bath & Kitch → dreammaker-stuart.com
[21:44:28]     → info@dreammaker-stuart.com (generic guess (dreammaker-stuart.com))
[21:44:28]   [112/378] Apartments for Rent in Stuart, FL - Home → homes.com
[21:44:29]     → info@homes.com (SMTP verified at homes.com)
[21:44:29]   [113/378] Stuart, FL Apartments for Rent - 579 Ren → hotpads.com
[21:44:30]     → info@hotpads.com (SMTP verified at hotpads.com)
[21:44:30]   [114/378] Apartments for Rent in Stuart, FL - New  → rentcafe.com
[21:44:31]     → info@rentcafe.com (generic guess (rentcafe.com))
[21:44:31]   [115/378] St Lucie Property Management: Port St. L → stluciepropertymanagement.com
[21:44:57]     → info@stluciepropertymanagement.com (generic guess (stluciepropertymanagement.com))
[21:44:57]   [116/378] Port St. Lucie Property Management | SLW → ubarrealty.com
[21:44:58]     → info@ubarrealty.com (SMTP verified at ubarrealty.com)
[21:44:59]   [117/378] Choice Properties | Property management  → choicepropertiespsl.com
[21:45:00]     → info@choicepropertiespsl.com (generic guess (choicepropertiespsl.com))
[21:45:00]   [118/378] Kitchen Renovations Port Royal - Naples  → bcbhomes.com
[21:45:01]     → info@bcbhomes.com (SMTP verified at bcbhomes.com)
[21:45:01]   [119/378] Full Home Remodel Fort Myers, Naples & M → cornerstonebuildersswfl.com
[21:45:02]     → info@cornerstonebuildersswfl.com (SMTP verified at cornerstonebuildersswfl.com)
[21:45:02]   [120/378] Floors Coating Service Stuart | 10x Bett → floortekcoatings.com
[21:45:03]     → info@floortekcoatings.com (SMTP verified at floortekcoatings.com)
[21:45:03]   [121/378] Residential Epoxy Flooring Services in S → superiorfloorcoating.com
[21:45:03]     → info@superiorfloorcoating.com (SMTP verified at superiorfloorcoating.com)
[21:45:04]   [122/378] Walter M White General Contractor Stuart → generalcontractorstuartfl.com
[21:45:05]     → info@generalcontractorstuartfl.com (SMTP verified at generalcontractorstuartfl.com)
[21:45:05]   [123/378] Gutter Guards Installation - MR INTEGRIT → mrintegritygutters.com
[21:45:07]     → info@mrintegritygutters.com (generic guess (mrintegritygutters.com))
[21:45:07]   [124/378] Seamless Gutter Services in Stuart Flori → gutterhawks.com
[21:45:08]     → info@gutterhawks.com (SMTP verified at gutterhawks.com)
[21:45:08]   [125/378] About TK Gutters | Martin County, FL → tkgutters.com
[21:45:09]     → info@tkgutters.com (generic guess (tkgutters.com))
[21:45:10]   [126/378] Super Gutters in Stuart, FL - Sanders Sc → sandersscreeningfl.com
[21:45:11]     → info@sandersscreeningfl.com (SMTP verified at sandersscreeningfl.com)
[21:45:11]   [127/378] RESTAURANTS Category | Stuart Martin Cou → business.stuartmartinchamber.org
[21:45:37]     → info@business.stuartmartinchamber.org (generic guess (business.stuartmartinchamber.org))
[21:45:37]   [128/378] 23 Fun Family Restaurants in Stuart + Ma → treasurecoastmom.com
[21:45:38]     → info@treasurecoastmom.com (generic guess (treasurecoastmom.com))
[21:45:39]   [129/378] 69 Best Casual Restaurants in Stuart | O → opentable.com
[21:45:39]     → info@opentable.com (generic guess (opentable.com))
[21:45:40]   [130/378] Property Management Treasure Coast - Hom → pmtcrentals.com
[21:45:40]     → SKIP: no MX for pmtcrentals.com
[21:45:40]   [131/378] Stuart Apartments - PMC Property Group → pmcpropertygroup.com
[21:45:41]     → info@pmcpropertygroup.com (SMTP verified at pmcpropertygroup.com)
[21:45:42]   [132/378] Hooks Construction → hooksconstruction.net
[21:45:42]     → info@hooksconstruction.net (SMTP verified at hooksconstruction.net)
[21:45:43]   [133/378] Ferreira Construction: Homepage → ferreiraconstruction.com
[21:45:45]     → info@ferreiraconstruction.com (generic guess (ferreiraconstruction.com))
[21:45:46]   [134/378] New & Used Cars For Sale | Wallace Auto  → wallaceautogroup.com
[21:45:47]     → info@wallaceautogroup.com (SMTP verified at wallaceautogroup.com)
[21:45:47]   [135/378] Victory Auto Store: Used Car Dealership  → victoryautostore.com
[21:45:48]     → info@victoryautostore.com (SMTP verified at victoryautostore.com)
[21:45:48]   [136/378] Starling Buick GMC Stuart Named Best Car → starlingbuickgmcstuart.com
[21:45:50]     → info@starlingbuickgmcstuart.com (generic guess (starlingbuickgmcstuart.com))
[21:45:50]   [137/378] Wallace Chevrolet - Chevrolet Dealership → wallacechevrolet.com
[21:46:15]     → info@wallacechevrolet.com (generic guess (wallacechevrolet.com))
[21:46:16]   [138/378] Encompass Health Rehabilitation Hospital → encompasshealth.com
[21:46:18]     → info@encompasshealth.com (generic guess (encompasshealth.com))
[21:46:18]   [139/378] Cleveland Clinic Martin North Hospital ( → ahd.com
[21:46:21]     → sales@ahd.com (SMTP verified at ahd.com)
[21:46:21]   [140/378] Cleveland Clinic Martin North Hospital - → castleconnolly.com
[21:46:22]     → info@castleconnolly.com (SMTP verified at castleconnolly.com)
[21:46:22]   [141/378] Luxury Estate and Home Property Manageme → ihemfl.com
[21:46:25]     → info@ihemfl.com (generic guess (ihemfl.com))
[21:46:26]   [142/378] Evergreen Property Owners Association: H → evergreenpoa.com
[21:46:41]     → info@evergreenpoa.com (generic guess (evergreenpoa.com))
[21:46:42]   [143/378] Jupiter Stuart Port St. Lucie Custom Cab → kitchentuneup.com
[21:46:43]     → info@kitchentuneup.com (generic guess (kitchentuneup.com))
[21:46:44]   [144/378] RDI Kitchens - Home Remodeling | Stuart  → rdikitchens.com
[21:46:45]     → info@rdikitchens.com (generic guess (rdikitchens.com))
[21:46:46]   [145/378] Kitchen Remodeling in Stuart FL - Home & → homeandbeyondfl.com
[21:46:46]     → info@homeandbeyondfl.com (SMTP verified at homeandbeyondfl.com)
[21:46:47]   [146/378] Outdoor Kitchen Design Services In Stuar → islandlivingpatio.com
[21:46:47]     → info@islandlivingpatio.com (SMTP verified at islandlivingpatio.com)
[21:46:48]   [147/378] Stuart Kitchen Remodeling: Expert Kitche → stuartkitchenremodeling.com
[21:46:49]     → info@stuartkitchenremodeling.com (generic guess (stuartkitchenremodeling.com))
[21:46:50]   [148/378] The Estates at Stuart in Stuart, FL | PM → pmcpropertygroup.com
[21:46:50]     → info@pmcpropertygroup.com (SMTP verified at pmcpropertygroup.com)
[21:46:51]   [149/378] Mobile Car Detailing in Stuart, FL | AIR → airliteautodetailing.com
[21:46:53]     → info@airliteautodetailing.com (generic guess (airliteautodetailing.com))
[21:46:53]   [150/378] RV detail stuart florida - JonathanDetai → jonathandetailstuartflorida.com
[21:46:54]     → info@jonathandetailstuartflorida.com (generic guess (jonathandetailstuartflorida.com))
[21:46:54]   [151/378] Car Detailing in Stuart FL | Mobile Car  → nationaldetailpros.com
[21:46:56]     → info@nationaldetailpros.com (generic guess (nationaldetailpros.com))
[21:46:56]   [152/378] St. Lucie/Treasure Coast Chapter - Flori → fala.org
[21:46:59]     → info@fala.org (generic guess (fala.org))
[21:46:59]   [153/378] Top Property Managers in Palm City, FL - → propertymanagement.com
[21:47:00]     → info@propertymanagement.com (SMTP verified at propertymanagement.com)
[21:47:00]   [154/378] Top Property Managers in Palm City, Flor → propertymanagement.com
[21:47:01]     → info@propertymanagement.com (SMTP verified at propertymanagement.com)
[21:47:01]   [155/378] Property Management Companies Near Me in → global.showmelocal.com
[21:47:01]     → SKIP: no MX for global.showmelocal.com
[21:47:02]   [156/378] ROSSMAN REALTY PROPERTY MANAGEMENT → rossmanrentals.com
[21:47:03]     → info@rossmanrentals.com (generic guess (rossmanrentals.com))
[21:47:04]   [157/378] Central-Florida | Specialized Property M → specializedpropertymanagementorlando.com
[21:47:04]     → SKIP: no MX for specializedpropertymanagementorlando.com
[21:47:04]   [158/378] Lakeside Property Management, LLC: HOA C → lakesidepmgt.com
[21:47:07]     → info@lakesidepmgt.com (generic guess (lakesidepmgt.com))
[21:47:07]   [159/378] ROSSMAN: Vacation Rental Management, Cap → rossmanvacations.com
[21:47:07]     → SKIP: no MX for rossmanvacations.com
[21:47:08]   [160/378] Jon F. Swift General Contractors Sarasot → jonfswiftinc.com
[21:47:29]     → info@jonfswiftinc.com (generic guess (jonfswiftinc.com))
[21:47:30]   [161/378] Edgewater Contractors | Sarasota, FL → edgewatercontractors.com
[21:47:32]     → info@edgewatercontractors.com (generic guess (edgewatercontractors.com))
[21:47:32]   [162/378] Construction Contractors - Sarasota, FL  → howellconstruction.com
[21:47:33]     → info@howellconstruction.com (SMTP verified at howellconstruction.com)
[21:47:33]   [163/378] Perrone Construction: Sarasota Custom Ho → perroneconstruction.com
[21:47:35]     → admin@perroneconstruction.com (SMTP verified at perroneconstruction.com)
[21:47:36]   [164/378] Roberts Brothers Construction: Home → robertsbros.com
[21:47:36]     → info@robertsbros.com (SMTP verified at robertsbros.com)
[21:47:37]   [165/378] Firmo Construction: Construction Managem → firmoconstruction.com
[21:47:38]     → info@firmoconstruction.com (SMTP verified at firmoconstruction.com)
[21:47:38]   [166/378] Team Parks: Home → teamparksinc.com
[21:47:41]     → admin@teamparksinc.com (SMTP verified at teamparksinc.com)
[21:47:41]   [167/378] Dynamic Brothers Detailing: Car Detailin → dynamicbrothersdetailing.com
[21:47:43]     → info@dynamicbrothersdetailing.com (generic guess (dynamicbrothersdetailing.com))
[21:47:43]   [168/378] Home - Wax On Wheels : Wax On Wheels → waxonwheels.com
[21:47:44]     → info@waxonwheels.com (SMTP verified at waxonwheels.com)
[21:47:44]   [169/378] Specialty Coatings: Epoxy Flooring Contr → specialtycoat.com
[21:47:45]     → info@specialtycoat.com (generic guess (specialtycoat.com))
[21:47:46]   [170/378] Best Epoxy And Polished Concrete Contrac → epoxyfloornashville.com
[21:47:46]     → info@epoxyfloornashville.com (SMTP verified at epoxyfloornashville.com)
[21:47:47]   [171/378] Epoxy Flooring in Nashville West, TN | M → mach1epoxy.com
[21:47:47]     → info@mach1epoxy.com (SMTP verified at mach1epoxy.com)
[21:47:48]   [172/378] Epoxy Floor Coatings in Nashville | Lice → iasolutions.com
[21:47:49]     → info@iasolutions.com (generic guess (iasolutions.com))
[21:47:50]   [173/378] Epoxy Depot Nashville | Decorative Concr → epoxydepotnashville.com
[21:47:50]     → info@epoxydepotnashville.com (SMTP verified at epoxydepotnashville.com)
[21:47:51]   [174/378] Stronger Than Epoxy, One Day Flooring Co → maverickcctn.com
[21:47:52]     → info@maverickcctn.com (generic guess (maverickcctn.com))
[21:47:53]   [175/378] Find Flooring Contractors in Nashville,  → procore.com
[21:47:54]     → info@procore.com (generic guess (procore.com))
[21:47:54]   [176/378] UB Kitchens: Kitchen Design In Austin, T → ubkitchens.com
[21:47:55]     → info@ubkitchens.com (SMTP verified at ubkitchens.com)
[21:47:55]   [177/378] The Best Kitchen & Bath Remodeling Compa → cabinetto.com
[21:47:56]     → info@cabinetto.com (SMTP verified at cabinetto.com)
[21:47:56]   [178/378] Kitchen Remodeling Services - Austin, TX → jangelodesignbuild.com
[21:47:58]     → info@jangelodesignbuild.com (generic guess (jangelodesignbuild.com))
[21:47:58]   [179/378] Custom Kitchen Remodeling, Home Remodeli → kitchencentral.com
[21:47:59]     → info@kitchencentral.com (SMTP verified at kitchencentral.com)
[21:47:59]   [180/378] Together Design & Build: Home Remodeling → togetherdesignbuild.com
[21:47:59]     → info@togetherdesignbuild.com (SMTP verified at togetherdesignbuild.com)
[21:48:00]   [181/378] Quality Renovations: Home Renovation Con → qualityrenovations.org
[21:48:02]     → info@qualityrenovations.org (generic guess (qualityrenovations.org))
[21:48:03]   [182/378] REAL ESTATE/PROPERTY MANAGEMENT Category → business.stuartmartinchamber.org
[21:48:28]     → info@business.stuartmartinchamber.org (generic guess (business.stuartmartinchamber.org))
[21:48:28]   [183/378] MEYERS GROUP – Meyers Group, founded by  → meyersgroup.net
[21:48:29]     → info@meyersgroup.net (SMTP verified at meyersgroup.net)
[21:48:29]   [184/378] Best assisted living communities in Trea → seniors.fyi
[21:48:30]     → info@seniors.fyi (generic guess (seniors.fyi))
[21:48:30]   [185/378] Senior Living options in Treasure Coast  → oasissenioradvisors.com
[21:48:31]     → info@oasissenioradvisors.com (generic guess (oasissenioradvisors.com))
[21:48:32]   [186/378] Assisted Living - CarePatrol of The Trea → carepatrol.com
[21:48:32]     → info@carepatrol.com (SMTP verified at carepatrol.com)
[21:48:33]   [187/378] 14 Assisted Living Facilities in Vero Be → seniorhomes.com
[21:48:34]     → info@seniorhomes.com (generic guess (seniorhomes.com))
[21:48:35]   [188/378] Scottsdale Kitchen Remodeling - Kitchen  → livingwithlolo.com
[21:48:35]     → info@livingwithlolo.com (SMTP verified at livingwithlolo.com)
[21:48:36]   [189/378] 9 Best Remodelers in Scottsdale, Arizona → mgdbuildersaz.com
[21:48:36]     → info@mgdbuildersaz.com (SMTP verified at mgdbuildersaz.com)
[21:48:37]   [190/378] Luxury Home Remodeling General Contracto → ardanconstruction.com
[21:48:37]     → info@ardanconstruction.com (generic guess (ardanconstruction.com))
[21:48:38]   [191/378] Kitchen Design Showroom in Scottsdale, A → huntskitchendesigns.com
[21:48:38]     → info@huntskitchendesigns.com (SMTP verified at huntskitchendesigns.com)
[21:48:39]   [192/378] Kitchen Remodeling in Scottsdale | Rosie → rosieright.com
[21:48:39]     → info@rosieright.com (SMTP verified at rosieright.com)
[21:48:40]   [193/378] Remodeling Contractor Jensen Beach | Isl → ikbconstruction.com
[21:48:42]     → info@ikbconstruction.com (generic guess (ikbconstruction.com))
[21:48:42]   [194/378] Kitchen & Bathroom Remodeling in Jensen  → glsremodeling.com
[21:48:43]     → info@glsremodeling.com (generic guess (glsremodeling.com))
[21:48:43]   [195/378] Nex-Gen Partners Property Management | P → nex-genpartners.com
[21:48:45]     → info@nex-genpartners.com (generic guess (nex-genpartners.com))
[21:48:45]   [196/378] Agler Kitchen, Bath & Floors: Flooring s → aglerinteriors.com
[21:48:46]     → info@aglerinteriors.com (SMTP verified at aglerinteriors.com)
[21:48:46]   [197/378] Top 10 General Contractors in Charlotte, → buildzoom.com
[21:48:46]     → info@buildzoom.com (SMTP verified at buildzoom.com)
[21:48:47]   [198/378] Best Restaurants in Stuart Florida → stuartfishgrill.com
[21:48:47]     → info@stuartfishgrill.com (SMTP verified at stuartfishgrill.com)
[21:48:48]   [199/378] La Grande Martier | Low-Country Cuisine  → grandemartier.com
[21:48:48]     → info@grandemartier.com (SMTP verified at grandemartier.com)
[21:48:49]   [200/378] General Contractor & Construction - West → onecallflorida.com
[21:48:50]     → info@onecallflorida.com (SMTP verified at onecallflorida.com)
[21:48:50]   [201/378] Professional Roofing of Stuart, FL → professionalroofinginc.com
[21:48:51]     → info@professionalroofinginc.com (SMTP verified at professionalroofinginc.com)
[21:48:51]   [202/378] #1 Roofing Company In Stuart, FL | Top-N → foxhavenroof.com
[21:48:52]     → info@foxhavenroof.com (SMTP verified at foxhavenroof.com)
[21:48:52]   [203/378] Jensen Beach Property Management - Snowb → snowbirdcaretakers.com
[21:48:53]     → info@snowbirdcaretakers.com (generic guess (snowbirdcaretakers.com))
[21:48:54]   [204/378] Vacation Home Property Management Servic → nettlesislandrental.com
[21:48:54]     → info@nettlesislandrental.com (SMTP verified at nettlesislandrental.com)
[21:48:55]   [205/378] Best General Contractors in Sarasota | E → edgewatercontractors.com
[21:48:57]     → info@edgewatercontractors.com (generic guess (edgewatercontractors.com))
[21:48:58]   [206/378] Gulfside Contractors: Home Remodeling &  → gulfsidecontractors.com
[21:48:58]     → info@gulfsidecontractors.com (SMTP verified at gulfsidecontractors.com)
[21:48:59]   [207/378] Sarasota Commercial Construction Company → halfacreconstruction.com
[21:49:01]     → info@halfacreconstruction.com (generic guess (halfacreconstruction.com))
[21:49:02]   [208/378] Charlotte remodeling, additions & genera → finelineconstruction.net
[21:49:03]     → info@finelineconstruction.net (generic guess (finelineconstruction.net))
[21:49:04]   [209/378] Hopedale Builders: Charlotte Home Remode → hopedalebuilders.com
[21:49:07]     → info@hopedalebuilders.com (generic guess (hopedalebuilders.com))
[21:49:08]   [210/378] Mobile Car Detailing in Stuart, FL | AIR → airliteautodetailing.com
[21:49:09]     → info@airliteautodetailing.com (generic guess (airliteautodetailing.com))
[21:49:10]   [211/378] The 10 Best Mobile Auto Detailing in Stu → preferredmechanic.com
[21:49:14]     → info@preferredmechanic.com (generic guess (preferredmechanic.com))
[21:49:15]   [212/378] Epoxy Floors - Boca Raton Epoxy Flooring → epoxybocaraton.com
[21:49:16]     → info@epoxybocaraton.com (generic guess (epoxybocaraton.com))
[21:49:17]   [213/378] Epoxy Flooring in Boca Raton, FL | Garag → apexflooringllc.com
[21:49:17]     → info@apexflooringllc.com (SMTP verified at apexflooringllc.com)
[21:49:18]   [214/378] Satin Finish Concrete – Florida's leadin → satinfinishconcrete.com
[21:49:19]     → info@satinfinishconcrete.com (generic guess (satinfinishconcrete.com))
[21:49:20]   [215/378] Epoxy Floors in Boca Raton, FL - Atrium  → atriumpaint.com
[21:49:20]     → info@atriumpaint.com (SMTP verified at atriumpaint.com)
[21:49:21]   [216/378] Penntek Polyurea & Epoxy Floor Contracto → penntekcoatings.com
[21:49:21]     → info@penntekcoatings.com (SMTP verified at penntekcoatings.com)
[21:49:22]   [217/378] Best Auto Body Shops near Stuart, FL - C → carwise.com
[21:49:24]     → admin@carwise.com (SMTP verified at carwise.com)
[21:49:24]   [218/378] Collision Body Shop | Wallace Auto Group → wallaceautogroup.com
[21:49:25]     → info@wallaceautogroup.com (SMTP verified at wallaceautogroup.com)
[21:49:25]   [219/378] Auto Repair in Stuart | Caliber Collisio → caliber.com
[21:49:27]     → admin@caliber.com (SMTP verified at caliber.com)
[21:49:28]   [220/378] The 10 Best Auto Body Repair in Stuart,  → preferredmechanic.com
[21:49:32]     → info@preferredmechanic.com (generic guess (preferredmechanic.com))
[21:49:33]   [221/378] Kia Collision Body Shop In Stuart, FL -  → wallacekiaofstuart.com
[21:49:33]     → info@wallacekiaofstuart.com (SMTP verified at wallacekiaofstuart.com)
[21:49:34]   [222/378] Certified Collision Experts in Stuart, F → carwise.com
[21:49:35]     → admin@carwise.com (SMTP verified at carwise.com)
[21:49:36]   [223/378] 5 Best Kitchen Remodels In Austin, Texas → reventbuilds.com
[21:49:36]     → info@reventbuilds.com (SMTP verified at reventbuilds.com)
[21:49:36]   [224/378] The Best Kitchen Remodelers in Austin → austinarchitects.org
[21:49:37]     → info@austinarchitects.org (SMTP verified at austinarchitects.org)
[21:49:37]   [225/378] Featured Treasure Coast Realty Group Pro → crexi.com
[21:49:38]     → info@crexi.com (SMTP verified at crexi.com)
[21:49:38]   [226/378] Treasure Island Beachfront Investment Pr → mygulfcoastproperty.com
[21:49:38]     → info@mygulfcoastproperty.com (SMTP verified at mygulfcoastproperty.com)
[21:49:39]   [227/378] New & Used Cars For Sale | Wallace Auto  → wallaceautogroup.com
[21:49:39]     → info@wallaceautogroup.com (SMTP verified at wallaceautogroup.com)
[21:49:40]   [228/378] Wallace Chevrolet - Chevrolet Dealership → wallacechevrolet.com
[21:49:40]     → info@wallacechevrolet.com (SMTP verified at wallacechevrolet.com)
[21:49:41]   [229/378] Wallace Chrysler, Jeep, Dodge, Ram & Wag → wallacecjd.com
[21:50:06]     → info@wallacecjd.com (generic guess (wallacecjd.com))
[21:50:07]   [230/378] Caine and Company → caineandcompany.com
[21:50:08]     → info@caineandcompany.com (generic guess (caineandcompany.com))
[21:50:09]   [231/378] Epoxy Flooring in Boca Raton, Florida → fortlauderdaleepoxy.com
[21:50:10]     → info@fortlauderdaleepoxy.com (generic guess (fortlauderdaleepoxy.com))
[21:50:11]   [232/378] CFREIA → cfreia.com
[21:50:11]     → info@cfreia.com (SMTP verified at cfreia.com)
[21:50:12]   [233/378] Best Realtor & Brokerage for Real Estate → echofineproperties.com
[21:50:14]     → info@echofineproperties.com (generic guess (echofineproperties.com))
[21:50:14]   [234/378] Treasure Coast Real Estate Investors Ass → meetup.com
[21:50:16]     → sales@meetup.com (SMTP verified at meetup.com)
[21:50:17]   [235/378] Treasure Coast Investor - BiggerPockets → biggerpockets.com
[21:50:17]     → info@biggerpockets.com (SMTP verified at biggerpockets.com)
[21:50:18]   [236/378] Our Agents | The Brokerage Treasure Coas → thebrokeragetc.com
[21:50:19]     → info@thebrokeragetc.com (generic guess (thebrokeragetc.com))
[21:50:19]   [237/378] Real Treasure Coast Real Estate Blog → realtreasurecoast.com
[21:50:20]     → info@realtreasurecoast.com (SMTP verified at realtreasurecoast.com)
[21:50:20]   [238/378] Florida's Treasure Coast Offers Natural  → circlesquaredalts.com
[21:50:21]     → info@circlesquaredalts.com (SMTP verified at circlesquaredalts.com)
[21:50:21]   [239/378] 10 Amazing Bars and Restaurants in Marti → emilyluxton.co.uk
[21:50:23]     → info@emilyluxton.co.uk (generic guess (emilyluxton.co.uk))
[21:50:23]   [240/378] Waterfront Stuart → thewaterfrontstuart.com
[21:50:23]     → SKIP: no MX for thewaterfrontstuart.com
[21:50:24]   [241/378] Floridian Management Group: Florida Prop → floridianmanagement.com
[21:50:27]     → info@floridianmanagement.com (generic guess (floridianmanagement.com))
[21:50:27]   [242/378] Mobile Car Detailing in Stuart, FL | AIR → airliteautodetailing.com
[21:50:29]     → info@airliteautodetailing.com (generic guess (airliteautodetailing.com))
[21:50:29]   [243/378] The Best Construction Companies in Charl → charlottearchitects.org
[21:50:30]     → info@charlottearchitects.org (SMTP verified at charlottearchitects.org)
[21:50:30]   [244/378] General Contractors / Remodelers - NARI  → naricharlotte.com
[21:50:31]     → info@naricharlotte.com (SMTP verified at naricharlotte.com)
[21:50:31]   [245/378] D Brown General Contractors of Naples |  → dbrowngc.com
[21:50:32]     → info@dbrowngc.com (SMTP verified at dbrowngc.com)
[21:50:32]   [246/378] Kitchen Remodeling Naples FL | Contracto → goyaldevelopment.com
[21:50:33]     → info@goyaldevelopment.com (SMTP verified at goyaldevelopment.com)
[21:50:34]   [247/378] Kitchen Remodeling Naples, FL | Marco Is → executivecustombuilders.com
[21:50:36]     → sales@executivecustombuilders.com (SMTP verified at executivecustombuilders.com)
[21:50:36]   [248/378] ATX Kitchen Remodeling: Kitchen Remodeli → atxkitchenremodeling.com
[21:50:37]     → info@atxkitchenremodeling.com (SMTP verified at atxkitchenremodeling.com)
[21:50:37]   [249/378] Apartments For Rent in Stuart, FL → rent.com
[21:50:38]     → info@rent.com (SMTP verified at rent.com)
[21:50:38]   [250/378] Best Tech Coatings | #1 Epoxy Flooring C → besttechcoatings.com
[21:50:39]     → info@besttechcoatings.com (SMTP verified at besttechcoatings.com)
[21:50:39]   [251/378] Epoxy Flooring Nashville - Professional  → sundeknashville.com
[21:51:05]     → info@sundeknashville.com (generic guess (sundeknashville.com))
[21:51:05]   [252/378] Music City Epoxy Coatings for Garage Flo → musiccityepoxy.com
[21:51:30]     → info@musiccityepoxy.com (generic guess (musiccityepoxy.com))
[21:51:31]   [253/378] Epoxy Flooring Palm City, FL | Durable C → vonpaving.com
[21:51:31]     → SKIP: no MX for vonpaving.com
[21:51:31]   [254/378] Superior Floor Coatings, LLC.: Home → superiorfloorcoating.com
[21:51:32]     → info@superiorfloorcoating.com (SMTP verified at superiorfloorcoating.com)
[21:51:32]   [255/378] Palm City | Ox Floors → oxfloors.com
[21:51:34]     → admin@oxfloors.com (SMTP verified at oxfloors.com)
[21:51:34]   [256/378] BMA Property Management | Trusted Florid → bmapropertymanagement.com
[21:51:35]     → info@bmapropertymanagement.com (generic guess (bmapropertymanagement.com))
[21:51:36]   [257/378] Luxury Kitchen Remodeling | Scottsdale A → trinityhomesaz.com
[21:51:38]     → info@trinityhomesaz.com (generic guess (trinityhomesaz.com))
[21:51:38]   [258/378] 55+ Active Adult Communities in Treasure → delwebb.com
[21:51:39]     → info@delwebb.com (generic guess (delwebb.com))
[21:51:40]   [259/378] Custom Kitchen Design Experts - Stuart K → stuartkitchenremodeling.com
[21:51:41]     → info@stuartkitchenremodeling.com (generic guess (stuartkitchenremodeling.com))
[21:51:41]   [260/378] The Real Estate Leaders of the Treasure  → remax-stuart-fl.com
[21:51:41]     → SKIP: no MX for remax-stuart-fl.com
[21:51:42]   [261/378] Investment Property for Sale in Port St. → mashvisor.com
[21:51:42]     → info@mashvisor.com (SMTP verified at mashvisor.com)
[21:51:43]   [262/378] Serving Jensen beach, FL - Prestige Remo → prestigeremodelingcontractors.org
[21:51:43]     → SKIP: no MX for prestigeremodelingcontractors.org
[21:51:43]   [263/378] Port Saint Lucie Property Management Com → managemyproperty.com
[21:51:45]     → sales@managemyproperty.com (SMTP verified at managemyproperty.com)
[21:51:45]   [264/378] Garage Floor Coatings in Boca Raton, FL  → lifetimegreencoatings.com
[21:51:45]     → info@lifetimegreencoatings.com (SMTP verified at lifetimegreencoatings.com)
[21:51:46]   [265/378] Home & Beyond Services: Residential & Co → homeandbeyondfl.com
[21:51:46]     → info@homeandbeyondfl.com (SMTP verified at homeandbeyondfl.com)
[21:51:47]   [266/378] Collision Body Shop | Wallace Auto Group → wallaceautogroup.com
[21:51:47]     → info@wallaceautogroup.com (SMTP verified at wallaceautogroup.com)
[21:51:48]   [267/378] Kia Collision Body Shop In Stuart, FL -  → wallacekiaofstuart.com
[21:51:48]     → info@wallacekiaofstuart.com (SMTP verified at wallacekiaofstuart.com)
[21:51:49]   [268/378] Extreme Performace | Stuart, FL Automoti → extremeperformance.biz
[21:51:50]     → info@extremeperformance.biz (generic guess (extremeperformance.biz))
[21:51:50]   [269/378] Gutter Guard Installation in Stuart, FL  → homeyou.com
[21:51:51]     → contact@homeyou.com (SMTP verified at homeyou.com)
[21:51:51]   [270/378] Gutter Contractor | The Brothers that ju → treasure-coast.brothersgutters.com
[21:51:51]     → SKIP: no MX for treasure-coast.brothersgutters.com
[21:51:52]   [271/378] Rain Gutter Guards & Downspout Extension → gutterguyofflorida.com
[21:51:52]     → info@gutterguyofflorida.com (generic guess (gutterguyofflorida.com))
[21:51:53]   [272/378] Expert Roofing Inspections and Replaceme → levelbestroofing.com
[21:51:53]     → info@levelbestroofing.com (SMTP verified at levelbestroofing.com)
[21:51:54]   [273/378] General Epoxy and Epoxy Flooring in Boca → atriumpaint.com
[21:51:54]     → info@atriumpaint.com (SMTP verified at atriumpaint.com)
[21:51:55]   [274/378] Where to Find Epoxy Flooring Specialists → fixapply.com
[21:51:55]     → info@fixapply.com (generic guess (fixapply.com))
[21:51:56]   [275/378] Collision Body Shop | Wallace Auto Group → wallaceautogroup.com
[21:51:56]     → info@wallaceautogroup.com (SMTP verified at wallaceautogroup.com)
[21:51:57]   [276/378] Kia Collision Body Shop In Stuart, FL -  → wallacekiaofstuart.com
[21:51:57]     → info@wallacekiaofstuart.com (SMTP verified at wallacekiaofstuart.com)
[21:51:58]   [277/378] Wallace Chevrolet - Chevrolet Dealership → wallacechevrolet.com
[21:51:58]     → info@wallacechevrolet.com (SMTP verified at wallacechevrolet.com)
[21:51:59]   [278/378] New & Used Cars For Sale | Wallace Auto  → wallaceautogroup.com
[21:51:59]     → info@wallaceautogroup.com (SMTP verified at wallaceautogroup.com)
[21:52:00]   [279/378] Wallace Chrysler, Jeep, Dodge, Ram & Wag → wallacecjd.com
[21:52:00]     → info@wallacecjd.com (SMTP verified at wallacecjd.com)
[21:52:00]   [280/378] Yoder Homes: Expert Custom & Semi-Custom → yoder-homes.com
[21:52:01]     → contact@yoder-homes.com (SMTP verified at yoder-homes.com)
[21:52:02]   [281/378] Mobile Car Detailing in Palm Beach | Pre → detailingpalmbeach.com
[21:52:03]     → info@detailingpalmbeach.com (generic guess (detailingpalmbeach.com))
[21:52:04]   [282/378] Dynamic Brothers Detailing: Car Detailin → dynamicbrothersdetailing.com
[21:52:05]     → info@dynamicbrothersdetailing.com (generic guess (dynamicbrothersdetailing.com))
[21:52:06]   [283/378] Watson Property Management → watsonrent.com
[21:52:26]     → info@watsonrent.com (generic guess (watsonrent.com))
[21:52:26]   [284/378] Mobile Car Detailing in Stuart, FL | AIR → airliteautodetailing.com
[21:52:28]     → info@airliteautodetailing.com (generic guess (airliteautodetailing.com))
[21:52:29]   [285/378] QC General Contractors – Charlotte's Bes → qcgeneralcontractors.com
[21:52:29]     → info@qcgeneralcontractors.com (SMTP verified at qcgeneralcontractors.com)
[21:52:30]   [286/378] Home Remodeling Jensen Beach, FL | db Ho → dbhiproducts.com
[21:52:32]     → info@dbhiproducts.com (generic guess (dbhiproducts.com))
[21:52:32]   [287/378] Treasure Property Group. Real Estate Ser → treasurepropertygroup.com
[21:52:57]     → info@treasurepropertygroup.com (generic guess (treasurepropertygroup.com))
[21:52:58]   [288/378] The Brennity at Tradition Senior Living  → brennitytradition.com
[21:52:58]     → SKIP: no MX for brennitytradition.com
[21:52:58]   [289/378] 3 Best Assisted Living Communities in Fo → health.usnews.com
[21:52:58]     → SKIP: no MX for health.usnews.com
[21:52:59]   [290/378] The Brennity at Vero Beach Senior Living → brennityverobeach.com
[21:52:59]     → SKIP: no MX for brennityverobeach.com
[21:52:59]   [291/378] Gutter Installation Services by Gutter H → gutterhawks.com
[21:53:00]     → info@gutterhawks.com (SMTP verified at gutterhawks.com)
[21:53:00]   [292/378] Gutter Installation Stuart, FL – Veteran → statelinegutters.com
[21:53:02]     → sales@statelinegutters.com (SMTP verified at statelinegutters.com)
[21:53:02]   [293/378] Mobile Car Detailing in Stuart, FL | AIR → airliteautodetailing.com
[21:53:04]     → info@airliteautodetailing.com (generic guess (airliteautodetailing.com))
[21:53:04]   [294/378] Home - Whitemarsh Reserve HOA → whitemarshreserve.com
[21:53:30]     → info@whitemarshreserve.com (generic guess (whitemarshreserve.com))
[21:53:30]   [295/378] Kitchen Remodeling Services in Stuart, F → superiortileinteriors.com
[21:53:30]     → SKIP: no MX for superiortileinteriors.com
[21:53:31]   [296/378] Kitchen remodeling services in Stuart -  → garciaandsonsconstruct.com
[21:53:32]     → info@garciaandsonsconstruct.com (generic guess (garciaandsonsconstruct.com))
[21:53:32]   [297/378] Grand Oaks of Jensen Beach, Florida | As → grandoaksjensenbeach.com
[21:53:57]     → info@grandoaksjensenbeach.com (generic guess (grandoaksjensenbeach.com))
[21:53:58]   [298/378] Collision Body Shop | Wallace Auto Group → wallaceautogroup.com
[21:53:58]     → info@wallaceautogroup.com (SMTP verified at wallaceautogroup.com)
[21:53:59]   [299/378] Classic Collision Treasure Coast → classiccollision.com
[21:54:00]     → contact@classiccollision.com (SMTP verified at classiccollision.com)
[21:54:00]   [300/378] 3776 SE Dixie Hwy Stuart, FL 34997 → autodentrepair.co
[21:54:27]     → info@autodentrepair.co (generic guess (autodentrepair.co))
[21:54:27]   [301/378] Kia Collision Body Shop In Stuart, FL -  → wallacekiaofstuart.com
[21:54:28]     → info@wallacekiaofstuart.com (SMTP verified at wallacekiaofstuart.com)
[21:54:28]   [302/378] Industrial Warehouse Space → treasurecoastcommercialrealestate.com
[21:54:28]     → info@treasurecoastcommercialrealestate.com (generic guess (treasurecoastcommercialrealestate.com))
[21:54:29]   [303/378] Mobile Car Detailing in Stuart, FL | AIR → airliteautodetailing.com
[21:54:30]     → info@airliteautodetailing.com (generic guess (airliteautodetailing.com))
[21:54:31]   [304/378] Wallace Chevrolet - Chevrolet Dealership → wallacechevrolet.com
[21:54:56]     → info@wallacechevrolet.com (generic guess (wallacechevrolet.com))
[21:54:57]   [305/378] New & Used Cars For Sale | Wallace Auto  → wallaceautogroup.com
[21:54:57]     → info@wallaceautogroup.com (SMTP verified at wallaceautogroup.com)
[21:54:57]   [306/378] Wallace Chrysler, Jeep, Dodge, Ram & Wag → wallacecjd.com
[21:54:58]     → info@wallacecjd.com (SMTP verified at wallacecjd.com)
[21:54:58]   [307/378] Nex-Gen Partners Property Management → nex-genpartners.com
[21:55:00]     → info@nex-genpartners.com (generic guess (nex-genpartners.com))
[21:55:00]   [308/378] REAL ESTATE/PROPERTY MANAGEMENT Category → business.stuartmartinchamber.org
[21:55:25]     → info@business.stuartmartinchamber.org (generic guess (business.stuartmartinchamber.org))
[21:55:26]   [309/378] Ecosystem Restoration and Management → martin.fl.us
[21:55:27]     → info@martin.fl.us (generic guess (martin.fl.us))
[21:55:27]   [310/378] Best 15 Kitchen Remodelers in Jensen Bea → houzz.com
[21:55:28]     → info@houzz.com (SMTP verified at houzz.com)
[21:55:28]   [311/378] Commercial Cleaning → eastsidechemdry.com
[21:55:29]     → contact@eastsidechemdry.com (SMTP verified at eastsidechemdry.com)
[21:55:29]   [312/378] Treasure Coast Real Estate Investors Ass → meetup.com
[21:55:31]     → sales@meetup.com (SMTP verified at meetup.com)
[21:55:32]   [313/378] Treasure Coast Investor → biggerpockets.com
[21:55:32]     → info@biggerpockets.com (SMTP verified at biggerpockets.com)
[21:55:33]   [314/378] Port Saint Lucie Real Estate Investment  → freedommentor.com
[21:55:33]     → info@freedommentor.com (SMTP verified at freedommentor.com)
[21:55:34]   [315/378] INFINITI Stuart: Infiniti Dealership in  → infinitistuart.com
[21:55:36]     → info@infinitistuart.com (generic guess (infinitistuart.com))
[21:55:36]   [316/378] Industrial For Lease — Kings Highway, Fo → colliers.com
[21:55:37]     → info@colliers.com (generic guess (colliers.com))
[21:55:37]   [317/378] Commercial Fleet Detailing → estebanbrothersmobilecarwash.com
[21:55:37]     → SKIP: no MX for estebanbrothersmobilecarwash.com
[21:55:38]   [318/378] Epoxy Flooring in Vero Beach, FL → homeyou.com
[21:55:38]     → contact@homeyou.com (SMTP verified at homeyou.com)
[21:55:39]   [319/378] Palm City Handyman, The Repair Guy → therepairguyservices.com
[21:55:39]     → SKIP: no MX for therepairguyservices.com
[21:55:39]   [320/378] Palm City, FL Commercial Maintenance Ser → brightview.com
[21:55:40]     → info@brightview.com (SMTP verified at brightview.com)
[21:55:40]   [321/378] Epoxy Garage Floor Contractor in Boca Ra → americasindustrialcoatings.com
[21:55:41]     → info@americasindustrialcoatings.com (SMTP verified at americasindustrialcoatings.com)
[21:55:41]   [322/378] New & Used Cars For Sale | Wallace Auto  → wallaceautogroup.com
[21:55:42]     → info@wallaceautogroup.com (SMTP verified at wallaceautogroup.com)
[21:55:42]   [323/378] Wallace Chrysler, Jeep, Dodge, Ram & Wag → wallacecjd.com
[21:55:42]     → info@wallacecjd.com (SMTP verified at wallacecjd.com)
[21:55:43]   [324/378] Car Team USA: Used Car Dealer in Stuart, → carteamusa.com
[21:55:44]     → info@carteamusa.com (generic guess (carteamusa.com))
[21:55:44]   [325/378] SPF Epoxy: Epoxy Flooring Palm Beach & S → spfepoxy.com
[21:55:46]     → sales@spfepoxy.com (SMTP verified at spfepoxy.com)
[21:55:46]   [326/378] Collision Body Shop | Wallace Auto Group → wallaceautogroup.com
[21:55:46]     → info@wallaceautogroup.com (SMTP verified at wallaceautogroup.com)
[21:55:47]   [327/378] Kia Collision Body Shop In Stuart, FL -  → wallacekiaofstuart.com
[21:55:47]     → info@wallacekiaofstuart.com (SMTP verified at wallacekiaofstuart.com)
[21:55:48]   [328/378] Property Management: Palm Beach Gardens  → fsresidential.com
[21:55:48]     → info@fsresidential.com (SMTP verified at fsresidential.com)
[21:55:49]   [329/378] Investment Property for Sale in Port St. → mashvisor.com
[21:55:49]     → info@mashvisor.com (SMTP verified at mashvisor.com)
[21:55:50]   [330/378] Mobile Car Detailing in Stuart, FL | AIR → airliteautodetailing.com
[21:55:52]     → info@airliteautodetailing.com (generic guess (airliteautodetailing.com))
[21:55:52]   [331/378] Car Detailing in Stuart FL | Mobile Car  → nationaldetailpros.com
[21:55:53]     → info@nationaldetailpros.com (generic guess (nationaldetailpros.com))
[21:55:54]   [332/378] Kitchen Remodeling Services In Jensen Be → coastalflooring.net
[21:55:54]     → info@coastalflooring.net (generic guess (coastalflooring.net))
[21:55:55]   [333/378] Jensen Beach Home Renovations | Licensed → homeandbeyondfl.com
[21:55:55]     → info@homeandbeyondfl.com (SMTP verified at homeandbeyondfl.com)
[21:55:56]   [334/378] Wallace Chevrolet - Chevrolet Dealership → wallacechevrolet.com
[21:56:21]     → info@wallacechevrolet.com (generic guess (wallacechevrolet.com))
[21:56:21]   [335/378] New & Used Cars For Sale | Wallace Auto  → wallaceautogroup.com
[21:56:22]     → info@wallaceautogroup.com (SMTP verified at wallaceautogroup.com)
[21:56:23]   [336/378] Wallace Chrysler, Jeep, Dodge, Ram & Wag → wallacecjd.com
[21:56:48]     → info@wallacecjd.com (generic guess (wallacecjd.com))
[21:56:48]   [337/378] Collision Body Shop | Wallace Auto Group → wallaceautogroup.com
[21:56:49]     → info@wallaceautogroup.com (SMTP verified at wallaceautogroup.com)
[21:56:49]   [338/378] Kia Collision Body Shop In Stuart, FL -  → wallacekiaofstuart.com
[21:56:50]     → info@wallacekiaofstuart.com (SMTP verified at wallacekiaofstuart.com)
[21:56:50]   [339/378] Bathroom Remodeling in Stuart FL - Home  → homeandbeyondfl.com
[21:56:50]     → info@homeandbeyondfl.com (SMTP verified at homeandbeyondfl.com)
[21:56:51]   [340/378] Bathroom Remodeling Contractor | Stuart, → bobbyandbrothershandyman.com
[21:56:51]     → SKIP: no MX for bobbyandbrothershandyman.com
[21:56:52]   [341/378] Stuart Bathroom Contractors - DreamMaker → dreammaker-remodel.com
[21:56:52]     → SKIP: no MX for dreammaker-remodel.com
[21:56:52]   [342/378] Bathroom Remodelers​ Stuart, FL | Adamo  → adamopainting.com
[21:56:52]     → SKIP: no MX for adamopainting.com
[21:56:53]   [343/378] New & Used Cars For Sale | Wallace Auto  → wallaceautogroup.com
[21:56:53]     → info@wallaceautogroup.com (SMTP verified at wallaceautogroup.com)
[21:56:54]   [344/378] Wallace Chevrolet - Chevrolet Dealership → wallacechevrolet.com
[21:57:15]     → info@wallacechevrolet.com (generic guess (wallacechevrolet.com))
[21:57:15]   [345/378] Professional Remodeling Contractor In Sc → cabinetiq.com
[21:57:15]     → info@cabinetiq.com (SMTP verified at cabinetiq.com)
[21:57:16]   [346/378] 20 Best Kitchen Remodeling Contractors i → homeyou.com
[21:57:17]     → contact@homeyou.com (SMTP verified at homeyou.com)
[21:57:17]   [347/378] Collision Body Shop | Wallace Auto Group → wallaceautogroup.com
[21:57:17]     → info@wallaceautogroup.com (SMTP verified at wallaceautogroup.com)
[21:57:18]   [348/378] Kia Collision Body Shop In Stuart, FL -  → wallacekiaofstuart.com
[21:57:18]     → info@wallacekiaofstuart.com (SMTP verified at wallacekiaofstuart.com)
[21:57:19]   [349/378] Mobile Car Detailing in Stuart, FL | AIR → airliteautodetailing.com
[21:57:20]     → info@airliteautodetailing.com (generic guess (airliteautodetailing.com))
[21:57:21]   [350/378] Expert Construction Project Management F → jkellyadvisors.com
[21:57:24]     → info@jkellyadvisors.com (generic guess (jkellyadvisors.com))
[21:57:24]   [351/378] Find Small Business (SBE) Contractors in → procore.com
[21:57:26]     → info@procore.com (generic guess (procore.com))
[21:57:27]   [352/378] NAI Southcoast | Commercial Real Estate  → naisouthcoast.com
[21:57:27]     → info@naisouthcoast.com (SMTP verified at naisouthcoast.com)
[21:57:28]   [353/378] Mobile Car Detailing in West Palm Beach → m4autodetail.com
[21:57:30]     → info@m4autodetail.com (generic guess (m4autodetail.com))
[21:57:31]   [354/378] New & Used Cars For Sale | Wallace Auto  → wallaceautogroup.com
[21:57:31]     → info@wallaceautogroup.com (SMTP verified at wallaceautogroup.com)
[21:57:32]   [355/378] Coastal Management Professionals: Truste → coastalmgmtpros.com
[21:57:32]     → SKIP: no MX for coastalmgmtpros.com
[21:57:32]   [356/378] Kitchen Contractor Austin | Luxe Kitchen → luxekitchenbath.com
[21:57:33]     → info@luxekitchenbath.com (SMTP verified at luxekitchenbath.com)
[21:57:33]   [357/378] Collision Body Shop | Wallace Auto Group → wallaceautogroup.com
[21:57:34]     → info@wallaceautogroup.com (SMTP verified at wallaceautogroup.com)
[21:57:34]   [358/378] Kia Collision Body Shop In Stuart, FL -  → wallacekiaofstuart.com
[21:57:34]     → info@wallacekiaofstuart.com (SMTP verified at wallacekiaofstuart.com)
[21:57:35]   [359/378] Revent's Kitchen Gallery | Austin Luxury → reventbuilds.com
[21:57:35]     → info@reventbuilds.com (SMTP verified at reventbuilds.com)
[21:57:36]   [360/378] Mobile Car Detailing in Stuart, FL | AIR → airliteautodetailing.com
[21:57:38]     → info@airliteautodetailing.com (generic guess (airliteautodetailing.com))
[21:57:38]   [361/378] Stuart's Top Car Detailing | Get Your Pr → pandahub.com
[21:57:39]     → info@pandahub.com (SMTP verified at pandahub.com)
[21:57:39]   [362/378] 14 Assisted Living Facilities in Martin  → seniorhomes.com
[21:57:41]     → info@seniorhomes.com (generic guess (seniorhomes.com))
[21:57:41]   [363/378] 4 Best Assisted Living Communities in Je → health.usnews.com
[21:57:41]     → SKIP: no MX for health.usnews.com
[21:57:42]   [364/378] Treasure Coast - 2025 Pricing, Photos, R → assistedlivingcenter.com
[21:57:42]     → info@assistedlivingcenter.com (SMTP verified at assistedlivingcenter.com)
[21:57:43]   [365/378] Collision Body Shop | Wallace Auto Group → wallaceautogroup.com
[21:57:43]     → info@wallaceautogroup.com (SMTP verified at wallaceautogroup.com)
[21:57:44]   [366/378] Custom Auto Center in Stuart, FL, 34994  → carwise.com
[21:57:45]     → admin@carwise.com (SMTP verified at carwise.com)
[21:57:46]   [367/378] Mobile Car Detailing in Stuart, FL | AIR → airliteautodetailing.com
[21:57:47]     → info@airliteautodetailing.com (generic guess (airliteautodetailing.com))
[21:57:48]   [368/378] Car Detailing in Stuart FL | Mobile Car  → nationaldetailpros.com
[21:57:49]     → info@nationaldetailpros.com (generic guess (nationaldetailpros.com))
[21:57:50]   [369/378] Stuart Industrial Space For Rent | Comme → crexi.com
[21:57:50]     → info@crexi.com (SMTP verified at crexi.com)
[21:57:51]   [370/378] The 10 Best General Contractors in Charl → homeguide.com
[21:57:51]     → info@homeguide.com (SMTP verified at homeguide.com)
[21:57:51]   [371/378] CONTACT US | mysite - Jensen Beach Club → jensenbeachclub.com
[21:57:53]     → info@jensenbeachclub.com (generic guess (jensenbeachclub.com))
[21:57:53]   [372/378] New & Used Cars For Sale | Wallace Auto  → wallaceautogroup.com
[21:57:53]     → info@wallaceautogroup.com (SMTP verified at wallaceautogroup.com)
[21:57:54]   [373/378] Wallace Chevrolet - Chevrolet Dealership → wallacechevrolet.com
[21:57:56]     → info@wallacechevrolet.com (SMTP verified at wallacechevrolet.com)
[21:57:56]   [374/378] Collision Body Shop | Wallace Auto Group → wallaceautogroup.com
[21:57:56]     → info@wallaceautogroup.com (SMTP verified at wallaceautogroup.com)
[21:57:57]   [375/378] Kia Collision Body Shop In Stuart, FL -  → wallacekiaofstuart.com
[21:57:57]     → info@wallacekiaofstuart.com (SMTP verified at wallacekiaofstuart.com)
[21:57:58]   [376/378] Mobile Car Detailing in Stuart, FL | AIR → airliteautodetailing.com
[21:58:00]     → info@airliteautodetailing.com (generic guess (airliteautodetailing.com))
[21:58:00]   [377/378] New & Used Cars For Sale | Wallace Auto  → wallaceautogroup.com
[21:58:00]     → info@wallaceautogroup.com (SMTP verified at wallaceautogroup.com)
[21:58:01]   [378/378] ReVision Design | Home Remodeling in Cha → revisioncharlotte.com
[21:58:01]     → info@revisioncharlotte.com (SMTP verified at revisioncharlotte.com)
[21:58:02] Wrote 309 guessed emails to CSV (183 SMTP verified)
[21:58:02] CRM dashboard rebuilt
[21:58:02] APOLLO GUESSER COMPLETE: 309 emails guessed, 183 verified
[21:58:02] ============================================================
