[21:41:18] ============================================================
[21:41:18] BRAVE SEARCH ENRICHER — Batch: 20
[21:41:18] ============================================================
[21:41:18] Loaded 622 leads
[21:41:18] Leads needing email: 400
[21:41:18] Processing batch of 20
[21:41:18]   [1/20] Top Rated Car Dealerships near Stuart, F
[21:41:19]     Brave API error: 'utf-8' codec can't decode byte 0x8b in position 1: invalid start byte
[21:41:20]   [2/20] Circle Bay Yacht Club
[21:41:21]     Brave API error: 'utf-8' codec can't decode byte 0x8b in position 1: invalid start byte
[21:41:22]   [3/20] Treasure Coast, FL - TourSeniorLiving.or
[21:41:23]     Brave API error: 'utf-8' codec can't decode byte 0x8b in position 1: invalid start byte
[21:41:24]   [4/20] Gutter Installation in Jensen Beach, FL,
[21:41:24]     Brave API error: 'utf-8' codec can't decode byte 0x8b in position 1: invalid start byte
[21:41:25]   [5/20] Jensen Seamless Gutters
[21:41:26]     Brave API error: 'utf-8' codec can't decode byte 0x8b in position 1: invalid start byte
[21:41:27]   [6/20] Seamless Gutters | Jensen Beach, FL
[21:41:27]     Brave API error: 'utf-8' codec can't decode byte 0x8b in position 1: invalid start byte
[21:41:28]   [7/20] Jensen Beach Seamless Gutters
[21:41:29]     Brave API error: 'utf-8' codec can't decode byte 0x8b in position 1: invalid start byte
[21:41:30]   [8/20] Martin North Hospital | Cleveland Clinic
[21:41:30]     Brave API error: 'utf-8' codec can't decode byte 0x8b in position 1: invalid start byte
[21:41:31]   [9/20] Martin North Hospital | Cleveland Clinic
[21:41:32]     Brave API error: 'utf-8' codec can't decode byte 0x8b in position 1: invalid start byte
[21:41:33]   [10/20] HCA Florida Stuart Emergency
[21:41:33]     Brave API error: 'utf-8' codec can't decode byte 0x8b in position 1: invalid start byte
[21:41:34]   [11/20] Cleveland Clinic Martin Health-Stuart in
[21:41:35]     Brave API error: 'utf-8' codec can't decode byte 0x8b in position 1: invalid start byte
[21:41:36]   [12/20] Cleveland Clinic Martin North Hospital -
[21:41:36]     Brave API error: 'utf-8' codec can't decode byte 0x8b in position 1: invalid start byte
[21:41:37]   [13/20] Treasure Coast Auto Spa: Treasure Coast 
[21:41:38]     Brave API error: 'utf-8' codec can't decode byte 0x8b in position 1: invalid start byte
[21:41:39]   [14/20] Lio's Quality detailing
[21:41:39]     Brave API error: 'utf-8' codec can't decode byte 0x8b in position 1: invalid start byte
[21:41:40]   [15/20] Florida Finest Detailing: Home
[21:41:41]     Brave API error: 'utf-8' codec can't decode byte 0x8b in position 1: invalid start byte
[21:41:42]   [16/20] Ceramic Coating Experts | Best Auto Deta
[21:41:43]     Brave API error: 'utf-8' codec can't decode byte 0x8b in position 1: invalid start byte
[21:41:44]   [17/20] Lion Heartz Detailing: Mobile Auto Detai
[21:41:44]     Brave API error: 'utf-8' codec can't decode byte 0x8b in position 1: invalid start byte
[21:41:45]   [18/20] Caterer Service in Treasure Coast, FL | 
[21:41:46]     Brave API error: 'utf-8' codec can't decode byte 0x8b in position 1: invalid start byte
[21:41:47]   [19/20] Purple Olive: Catering Service | Saint A
[21:41:47]     Brave API error: 'utf-8' codec can't decode byte 0x8b in position 1: invalid start byte
[21:41:48]   [20/20] The Best Restaurants in Jensen Beach, Fl
[21:41:49]     Brave API error: 'utf-8' codec can't decode byte 0x8b in position 1: invalid start byte
[21:41:50] CRM dashboard rebuilt
[21:41:50] BRAVE ENRICHER COMPLETE: 0 emails found from 20 leads
[21:41:50] ============================================================
[21:42:27] ============================================================
[21:42:27] BRAVE SEARCH ENRICHER — Batch: 20
[21:42:27] ============================================================
[21:42:27] Loaded 622 leads
[21:42:27] Leads needing email: 400
[21:42:27] Processing batch of 20
[21:42:27]   [1/20] Top Rated Car Dealerships near Stuart, F
[21:42:29]   [2/20] Circle Bay Yacht Club
[21:42:30]   [3/20] Treasure Coast, FL - TourSeniorLiving.or
[21:42:31]   [4/20] Gutter Installation in Jensen Beach, FL,
[21:42:33]   [5/20] Jensen Seamless Gutters
[21:42:34]   [6/20] Seamless Gutters | Jensen Beach, FL
[21:42:35]   [7/20] Jensen Beach Seamless Gutters
[21:42:35]     PHONE: (888) 664-9441
[21:42:36]   [8/20] Martin North Hospital | Cleveland Clinic
[21:42:37]   [9/20] Martin North Hospital | Cleveland Clinic
[21:42:39]   [10/20] HCA Florida Stuart Emergency
[21:42:39]     PHONE: (772) 254-6000
[21:42:40]   [11/20] Cleveland Clinic Martin Health-Stuart in
[21:42:41]   [12/20] Cleveland Clinic Martin North Hospital -
[21:42:42]   [13/20] Treasure Coast Auto Spa: Treasure Coast 
[21:42:44]   [14/20] Lio's Quality detailing
[21:42:44]     PHONE: (772) 348-9559
[21:42:45]   [15/20] Florida Finest Detailing: Home
[21:42:46]   [16/20] Ceramic Coating Experts | Best Auto Deta
[21:42:47]   [17/20] Lion Heartz Detailing: Mobile Auto Detai
[21:42:49]   [18/20] Caterer Service in Treasure Coast, FL | 
[21:42:50]   [19/20] Purple Olive: Catering Service | Saint A
[21:42:51]   [20/20] The Best Restaurants in Jensen Beach, Fl
[21:42:52] CRM dashboard rebuilt
[21:42:52] BRAVE ENRICHER COMPLETE: 0 emails found from 20 leads
[21:42:52] ============================================================
