[2026-02-13 09:37:06] === SYNTH ONLY BUILD ===
[2026-02-13 09:37:06] 
============================================================
[2026-02-13 09:37:06] BUILDING: Baby Synth 3D (Next.js + React Three Fiber)
[2026-02-13 09:37:06] ============================================================
[2026-02-13 09:37:06]   Phase 1: Analyzing original TubeSynthPiano2...
[2026-02-13 09:37:47]   Analysis complete (4970 chars)
[2026-02-13 09:37:47]   Phase 2: Building with worker agents...
[2026-02-13 09:38:40]     Wrote: src/components/SynthScene.jsx
[2026-02-13 09:38:40]     Wrote: src/components/PianoKey3D.jsx
[2026-02-13 09:38:40]     Wrote: src/components/TubeWithBall.jsx
[2026-02-13 09:38:40]     Wrote: src/components/KeyboardLayout.jsx
[2026-02-13 09:38:40]     Wrote: src/components/PianoContext.jsx
[2026-02-13 09:38:40]     Wrote: src/App.jsx
[2026-02-13 09:38:40]     Wrote: src/index.js
[2026-02-13 09:38:40]     Wrote: public/index.html
[2026-02-13 09:38:40]     Wrote: package.json
[2026-02-13 09:38:40]     Worker '3d-piano' done: 9 files written
[2026-02-13 09:38:40]     Wrote: src/lib/soundEngine.js
[2026-02-13 09:38:40]     Wrote: src/components/SongPlayer.jsx
[2026-02-13 09:38:40]     Wrote: src/components/HUD.jsx
[2026-02-13 09:38:40]     Wrote: src/components/NoteParticles.jsx
[2026-02-13 09:38:40]     Worker 'sound-engine' done: 4 files written
[2026-02-13 09:40:51]     WARNING: Could not parse any files from 238 chars of AI output
[2026-02-13 09:40:51]     Worker 'scaffolding' done: 0 files written
[2026-02-13 09:40:51]   Phase 2 done: 13 files created
[2026-02-13 09:40:51]   GitHub repo create (may already exist): HTTP Error 422: Unprocessable Entity
[2026-02-13 09:40:51]   Critique cycle 1/6...
[2026-02-13 09:42:10]     Score: 73/100
[2026-02-13 09:42:13]   Critique cycle 2/6...
[2026-02-13 09:42:49]     Score: 83/100
[2026-02-13 09:42:49]   PASSED at cycle 2 with score 83
[2026-02-13 09:42:51]   Pushed to GitHub
[2026-02-13 09:42:51]   SYNTH APP COMPLETE: https://github.com/QuantumCotton/baby-synth-3d
[2026-02-13 09:42:51] DONE: {'repo': 'baby-synth-3d', 'score': 83, 'changes': 13, 'cycles': 2}
