[2026-02-13 09:25:26] ======================================================================
[2026-02-13 09:25:26] BUILD APPS AGENT — 3D Clock + Baby Synth
[2026-02-13 09:25:26] Time: 2026-02-13 09:25:26
[2026-02-13 09:25:26] Config: 3 workers per app, 6 critique cycles, dual Z.AI accounts
[2026-02-13 09:25:26] ======================================================================
[2026-02-13 09:25:26] 
============================================================
[2026-02-13 09:25:26] BUILDING: 3D Clock Learning App (Next.js + React Three Fiber)
[2026-02-13 09:25:26] ============================================================
[2026-02-13 09:25:26]   Phase 1: Analyzing original ClockGame...
[2026-02-13 09:25:48]   Analysis complete (4100 chars)
[2026-02-13 09:25:48]   Phase 2: Building the 3D app with worker agents...
[2026-02-13 09:26:30]     Wrote: package.json
[2026-02-13 09:26:30]     Wrote: next.config.js
[2026-02-13 09:26:30]     Wrote: tailwind.config.js
[2026-02-13 09:26:30]     Wrote: postcss.config.js
[2026-02-13 09:26:30]     Wrote: src/app/globals.css
[2026-02-13 09:26:30]     Wrote: src/app/layout.js
[2026-02-13 09:26:30]     Wrote: src/app/page.js
[2026-02-13 09:26:30]     Wrote: README.md
[2026-02-13 09:26:30]     Worker 'scaffolding' done: 8 files written
[2026-02-13 09:26:30]     Wrote: src/components/Clock3D.jsx
[2026-02-13 09:26:30]     Wrote: src/components/ClockHand.jsx
[2026-02-13 09:26:30]     Wrote: src/components/ClockFace.jsx
[2026-02-13 09:26:30]     Wrote: src/components/ClockControls.jsx
[2026-02-13 09:26:30]     Worker '3d-clock' done: 4 files written
[2026-02-13 09:27:31]     Wrote: src/components/GameMode.jsx
[2026-02-13 09:27:31]     Wrote: src/components/TimeDisplay.jsx
[2026-02-13 09:27:31]     Wrote: src/components/Confetti3D.jsx
[2026-02-13 09:27:31]     Wrote: src/lib/audio.js
[2026-02-13 09:27:31]     Worker 'game-logic' done: 4 files written
[2026-02-13 09:27:31]   Phase 2 done: 16 files created
[2026-02-13 09:27:31]   GitHub repo create (may already exist): HTTP Error 422: Unprocessable Entity
[2026-02-13 09:27:31]   Critique cycle 1/6...
[2026-02-13 09:28:22]     Score: 52/100
[2026-02-13 09:28:25]   Critique cycle 2/6...
[2026-02-13 09:29:19]     Score: 77/100
[2026-02-13 09:29:22]   Critique cycle 3/6...
[2026-02-13 09:29:46]     Score: 82/100
[2026-02-13 09:29:46]   PASSED at cycle 3 with score 82
[2026-02-13 09:29:48]   Pushed to GitHub
[2026-02-13 09:29:48]   CLOCK APP COMPLETE: https://github.com/QuantumCotton/3d-clock-learning
[2026-02-13 09:29:48] 
Clock done. Starting synth...

[2026-02-13 09:29:53] 
============================================================
[2026-02-13 09:29:53] BUILDING: Baby Synth 3D (Next.js + React Three Fiber)
[2026-02-13 09:29:53] ============================================================
[2026-02-13 09:29:53]   Phase 1: Analyzing original TubeSynthPiano2...
[2026-02-13 09:30:10]   Analysis complete (4783 chars)
[2026-02-13 09:30:10]   Phase 2: Building with worker agents...
[2026-02-13 09:30:55]     Wrote: src/components/SynthScene.jsx
[2026-02-13 09:30:55]     Wrote: src/components/PianoKey3D.jsx
[2026-02-13 09:30:55]     Wrote: src/components/TubeWithBall.jsx
[2026-02-13 09:30:55]     Wrote: src/components/KeyboardLayout.jsx
[2026-02-13 09:30:55]     Worker '3d-piano' done: 4 files written
[2026-02-13 09:31:45]     WARNING: Could not parse any files from 21382 chars of AI output
[2026-02-13 09:31:45]     Worker 'sound-engine' done: 0 files written
[2026-02-13 09:32:56]     WARNING: Could not parse any files from 3767 chars of AI output
[2026-02-13 09:32:56]     Worker 'scaffolding' done: 0 files written
[2026-02-13 09:32:56]   Phase 2 done: 4 files created
[2026-02-13 09:32:57]   Created GitHub repo: baby-synth-3d
[2026-02-13 09:32:57]   Critique cycle 1/6...
[2026-02-13 09:33:42]     Score: 58/100
[2026-02-13 09:33:42]     WARNING: Could not parse any files from 14047 chars of AI output
[2026-02-13 09:33:42]     Applied 0 fixes
[2026-02-13 09:33:45]   Critique cycle 2/6...
[2026-02-13 09:34:26]     Score: 66/100
[2026-02-13 09:34:29]   Critique cycle 3/6...
[2026-02-13 09:36:11]     Score: 58/100
[2026-02-13 09:36:14]   Critique cycle 4/6...
e cycle 3/6...
[2026-02-13 09:36:11]     Score: 58/100
[2026-02-13 09:36:14]   Critique cycle 4/6...
[2026-02-13 09:37:06] === SYNTH ONLY BUILD ===
[2026-02-13 09:37:06] 
============================================================
[2026-02-13 09:37:06] BUILDING: Baby Synth 3D (Next.js + React Three Fiber)
[2026-02-13 09:37:06] ============================================================
[2026-02-13 09:37:06]   Phase 1: Analyzing original TubeSynthPiano2...
[2026-02-13 09:37:47]   Analysis complete (4970 chars)
[2026-02-13 09:37:47]   Phase 2: Building with worker agents...
[2026-02-13 09:38:40]     Wrote: src/components/SynthScene.jsx
[2026-02-13 09:38:40]     Wrote: src/components/PianoKey3D.jsx
[2026-02-13 09:38:40]     Wrote: src/components/TubeWithBall.jsx
[2026-02-13 09:38:40]     Wrote: src/components/KeyboardLayout.jsx
[2026-02-13 09:38:40]     Wrote: src/components/PianoContext.jsx
[2026-02-13 09:38:40]     Wrote: src/App.jsx
[2026-02-13 09:38:40]     Wrote: src/index.js
[2026-02-13 09:38:40]     Wrote: public/index.html
[2026-02-13 09:38:40]     Wrote: package.json
[2026-02-13 09:38:40]     Worker '3d-piano' done: 9 files written
[2026-02-13 09:38:40]     Wrote: src/lib/soundEngine.js
[2026-02-13 09:38:40]     Wrote: src/components/SongPlayer.jsx
[2026-02-13 09:38:40]     Wrote: src/components/HUD.jsx
[2026-02-13 09:38:40]     Wrote: src/components/NoteParticles.jsx
[2026-02-13 09:38:40]     Worker 'sound-engine' done: 4 files written
[2026-02-13 09:40:51]     WARNING: Could not parse any files from 238 chars of AI output
[2026-02-13 09:40:51]     Worker 'scaffolding' done: 0 files written
[2026-02-13 09:40:51]   Phase 2 done: 13 files created
[2026-02-13 09:40:51]   GitHub repo create (may already exist): HTTP Error 422: Unprocessable Entity
[2026-02-13 09:40:51]   Critique cycle 1/6...
[2026-02-13 09:42:10]     Score: 73/100
[2026-02-13 09:42:13]   Critique cycle 2/6...
[2026-02-13 09:42:49]     Score: 83/100
[2026-02-13 09:42:49]   PASSED at cycle 2 with score 83
[2026-02-13 09:42:51]   Pushed to GitHub
[2026-02-13 09:42:51]   SYNTH APP COMPLETE: https://github.com/QuantumCotton/baby-synth-3d
[2026-02-13 09:42:51] DONE: {'repo': 'baby-synth-3d', 'score': 83, 'changes': 13, 'cycles': 2}
