2026-02-14 01:24:52,461 INFO CL Stuart FL 'roofing contractor': 13 results
2026-02-14 01:25:07,439 INFO CL Stuart FL 'mobile detailing': 3 results
2026-02-14 01:25:45,669 INFO CL Stuart FL: 16 found, 4 enriched, 16 saved
[1/44] Craigslist: Stuart FL (treasure)
  → 29 new leads
[2/44] Craigslist: Jensen Beach FL (treasure)
  → 32 new leads
[1/14] Craigslist: Stuart FL (treasure)
  → 38 new leads
[2/14] Craigslist: Jensen Beach FL (treasure)
  → 32 new leads
[3/14] Craigslist: Palm City FL (treasure)
  → 32 new leads
[1/15] Craigslist: Stuart FL (treasure)
  → 14 new leads
[2/15] Craigslist: Jensen Beach FL (treasure)
  → 15 new leads
[3/15] Craigslist: Palm City FL (treasure)
  → 9 new leads
[4/15] Craigslist: Port St Lucie FL (treasure)
  → 21 new leads
[5/15] Craigslist: Fort Pierce FL (treasure)
  → 18 new leads
[6/15] Craigslist: Vero Beach FL (treasure)
  → 12 new leads
[7/15] Craigslist: Hobe Sound FL (treasure)
  → 18 new leads
[8/15] Craigslist: Hutchinson Island FL (treasure)
  → 27 new leads
[9/15] Craigslist: Sewalls Point FL (treasure)
  → 23 new leads
[10/15] Craigslist: Sailfish Point FL (treasure)
  → 17 new leads
[11/15] Craigslist: Tradition FL (treasure)
  → 24 new leads
[12/15] Craigslist: Jupiter FL (southflorida)
  → 0 new leads
[13/15] Craigslist: Jupiter Island FL (southflorida)
  → 0 new leads
[14/15] Craigslist: Tequesta FL (southflorida)
  → 0 new leads
[15/15] Craigslist: Palm Beach Gardens FL (southflorida)
  → 0 new leads
  🎯 Full CL rotation complete!
[1/15] Craigslist: Stuart FL (treasure)
  → 10 new leads
[2/15] Craigslist: Jensen Beach FL (treasure)
  → 21 new leads
[3/15] Craigslist: Palm City FL (treasure)
  → 23 new leads
[4/15] Craigslist: Port St Lucie FL (treasure)
  → 24 new leads
[5/15] Craigslist: Fort Pierce FL (treasure)
  → 14 new leads
[6/15] Craigslist: Vero Beach FL (treasure)
  → 9 new leads
[7/15] Craigslist: Hobe Sound FL (treasure)
  → 25 new leads
[8/15] Craigslist: Hutchinson Island FL (treasure)
  → 7 new leads
[9/15] Craigslist: Sewalls Point FL (treasure)
  → 9 new leads
[10/15] Craigslist: Sailfish Point FL (treasure)
  → 23 new leads
[11/15] Craigslist: Tradition FL (treasure)
  → 17 new leads
[12/15] Craigslist: Jupiter FL (southflorida)
  → 0 new leads
[13/15] Craigslist: Jupiter Island FL (southflorida)
  → 0 new leads
[14/15] Craigslist: Tequesta FL (southflorida)
  → 0 new leads
[15/15] Craigslist: Palm Beach Gardens FL (southflorida)
  → 0 new leads
  🎯 Full CL rotation complete!
[1/15] Craigslist: Stuart FL (treasure)
  → 23 new leads
[2/15] Craigslist: Jensen Beach FL (treasure)
  → 16 new leads
[3/15] Craigslist: Palm City FL (treasure)
  → 18 new leads
[4/15] Craigslist: Port St Lucie FL (treasure)
  → 15 new leads
[5/15] Craigslist: Fort Pierce FL (treasure)
  → 34 new leads
[6/15] Craigslist: Vero Beach FL (treasure)
  → 8 new leads
[7/15] Craigslist: Hobe Sound FL (treasure)
  → 27 new leads
[8/15] Craigslist: Hutchinson Island FL (treasure)
  → 10 new leads
[9/15] Craigslist: Sewalls Point FL (treasure)
  → 17 new leads
[10/15] Craigslist: Sailfish Point FL (treasure)
  → 22 new leads
[11/15] Craigslist: Tradition FL (treasure)
  → 23 new leads
[12/15] Craigslist: Jupiter FL (southflorida)
  → 0 new leads
[13/15] Craigslist: Jupiter Island FL (southflorida)
  → 0 new leads
[14/15] Craigslist: Tequesta FL (southflorida)
  → 0 new leads
[15/15] Craigslist: Palm Beach Gardens FL (southflorida)
  → 0 new leads
  🎯 Full CL rotation complete!
[1/15] Craigslist: Stuart FL (treasure)
  → 11 new leads
[2/15] Craigslist: Jensen Beach FL (treasure)
  → 8 new leads
[3/15] Craigslist: Palm City FL (treasure)
  → 6 new leads
[4/15] Craigslist: Port St Lucie FL (treasure)
  → 30 new leads
[5/15] Craigslist: Fort Pierce FL (treasure)
  → 13 new leads
[6/15] Craigslist: Vero Beach FL (treasure)
  → 22 new leads
[7/15] Craigslist: Hobe Sound FL (treasure)
  → 11 new leads
[8/15] Craigslist: Hutchinson Island FL (treasure)
  → 11 new leads
[9/15] Craigslist: Sewalls Point FL (treasure)
  → 28 new leads
[10/15] Craigslist: Sailfish Point FL (treasure)
  → 16 new leads
[11/15] Craigslist: Tradition FL (treasure)
  → 28 new leads
[12/15] Craigslist: Jupiter FL (southflorida)
  → 0 new leads
[13/15] Craigslist: Jupiter Island FL (southflorida)
  → 0 new leads
[14/15] Craigslist: Tequesta FL (southflorida)
  → 0 new leads
[15/15] Craigslist: Palm Beach Gardens FL (southflorida)
  → 0 new leads
  🎯 Full CL rotation complete!
[1/15] Craigslist: Stuart FL (treasure)
  → 3 new leads
