Market dashboard generated: 701 leads, 654 emails, 23 markets, 2026-02-13 03:10 UTC
Market dashboard generated: 701 leads, 654 emails, 23 markets, 2026-02-13 03:40 UTC
Market dashboard generated: 785 leads, 714 emails, 25 markets, 2026-02-13 04:10 UTC
Market dashboard generated: 785 leads, 727 emails, 25 markets, 2026-02-13 04:40 UTC
Market dashboard generated: 785 leads, 727 emails, 25 markets, 2026-02-13 05:10 UTC
Market dashboard generated: 785 leads, 727 emails, 25 markets, 2026-02-13 06:00 UTC
Market dashboard generated: 785 leads, 727 emails, 25 markets, 2026-02-13 06:30 UTC
Market dashboard generated: 785 leads, 727 emails, 25 markets, 2026-02-13 07:00 UTC
Market dashboard generated: 785 leads, 727 emails, 25 markets, 2026-02-13 07:30 UTC
Market dashboard generated: 785 leads, 727 emails, 25 markets, 2026-02-13 08:00 UTC
Market dashboard generated: 785 leads, 727 emails, 25 markets, 2026-02-13 08:30 UTC
Market dashboard generated: 785 leads, 727 emails, 25 markets, 2026-02-13 09:00 UTC
Market dashboard generated: 785 leads, 727 emails, 25 markets, 2026-02-13 09:30 UTC
Market dashboard generated: 785 leads, 727 emails, 25 markets, 2026-02-13 10:00 UTC
Market dashboard generated: 785 leads, 727 emails, 25 markets, 2026-02-13 10:30 UTC
Market dashboard generated: 785 leads, 727 emails, 25 markets, 2026-02-13 11:00 UTC
Market dashboard generated: 785 leads, 727 emails, 25 markets, 2026-02-13 11:30 UTC
Market dashboard generated: 785 leads, 727 emails, 25 markets, 2026-02-13 12:00 UTC
Market dashboard generated: 785 leads, 727 emails, 25 markets, 2026-02-13 12:30 UTC
Market dashboard generated: 785 leads, 727 emails, 25 markets, 2026-02-13 13:00 UTC
Market dashboard generated: 785 leads, 727 emails, 25 markets, 2026-02-13 13:30 UTC
Market dashboard generated: 785 leads, 727 emails, 25 markets, 2026-02-13 14:00 UTC
Market dashboard generated: 785 leads, 727 emails, 25 markets, 2026-02-13 14:30 UTC
Market dashboard generated: 785 leads, 727 emails, 25 markets, 2026-02-13 15:00 UTC
Market dashboard generated: 785 leads, 727 emails, 25 markets, 2026-02-13 15:30 UTC
Market dashboard generated: 785 leads, 727 emails, 25 markets, 2026-02-13 16:00 UTC
Market dashboard generated: 785 leads, 727 emails, 25 markets, 2026-02-13 16:30 UTC
Market dashboard generated: 785 leads, 727 emails, 25 markets, 2026-02-13 17:00 UTC
Market dashboard generated: 785 leads, 727 emails, 25 markets, 2026-02-13 17:30 UTC
Market dashboard generated: 785 leads, 727 emails, 25 markets, 2026-02-13 18:00 UTC
Market dashboard generated: 785 leads, 727 emails, 25 markets, 2026-02-13 18:30 UTC
Market dashboard generated: 785 leads, 727 emails, 25 markets, 2026-02-13 19:00 UTC
Market dashboard generated: 785 leads, 727 emails, 25 markets, 2026-02-13 19:30 UTC
Market dashboard generated: 785 leads, 727 emails, 25 markets, 2026-02-13 20:00 UTC
Market dashboard generated: 785 leads, 727 emails, 25 markets, 2026-02-13 20:30 UTC
Market dashboard generated: 785 leads, 727 emails, 25 markets, 2026-02-13 21:00 UTC
Market dashboard generated: 785 leads, 727 emails, 25 markets, 2026-02-13 21:30 UTC
Market dashboard generated: 785 leads, 727 emails, 25 markets, 2026-02-13 22:00 UTC
Market dashboard generated: 785 leads, 727 emails, 25 markets, 2026-02-13 22:30 UTC
Market dashboard generated: 785 leads, 727 emails, 25 markets, 2026-02-13 23:00 UTC
Market dashboard generated: 785 leads, 727 emails, 25 markets, 2026-02-13 23:30 UTC
Market dashboard generated: 785 leads, 727 emails, 25 markets, 2026-02-14 00:00 UTC
Market dashboard generated: 785 leads, 727 emails, 25 markets, 2026-02-14 00:30 UTC
Market dashboard generated: 785 leads, 727 emails, 25 markets, 2026-02-14 01:00 UTC
Market dashboard generated: 785 leads, 727 emails, 25 markets, 2026-02-14 01:30 UTC
Market dashboard generated: 785 leads, 727 emails, 25 markets, 2026-02-14 02:00 UTC
Market dashboard generated: 785 leads, 727 emails, 25 markets, 2026-02-14 02:30 UTC
Market dashboard generated: 785 leads, 727 emails, 25 markets, 2026-02-14 03:00 UTC
Market dashboard generated: 785 leads, 727 emails, 25 markets, 2026-02-14 03:30 UTC
Market dashboard generated: 785 leads, 727 emails, 25 markets, 2026-02-14 04:00 UTC
Market dashboard generated: 785 leads, 727 emails, 25 markets, 2026-02-14 04:30 UTC
Market dashboard generated: 785 leads, 727 emails, 25 markets, 2026-02-14 05:00 UTC
Market dashboard generated: 785 leads, 727 emails, 25 markets, 2026-02-14 05:30 UTC
Market dashboard generated: 785 leads, 727 emails, 25 markets, 2026-02-14 06:00 UTC
Market dashboard generated: 785 leads, 727 emails, 25 markets, 2026-02-14 06:30 UTC
Market dashboard generated: 785 leads, 727 emails, 25 markets, 2026-02-14 07:00 UTC
Market dashboard generated: 785 leads, 727 emails, 25 markets, 2026-02-14 07:30 UTC
Market dashboard generated: 785 leads, 727 emails, 25 markets, 2026-02-14 08:00 UTC
Market dashboard generated: 785 leads, 727 emails, 25 markets, 2026-02-14 08:30 UTC
Market dashboard generated: 785 leads, 727 emails, 25 markets, 2026-02-14 09:00 UTC
Market dashboard generated: 785 leads, 727 emails, 25 markets, 2026-02-14 09:30 UTC
Market dashboard generated: 785 leads, 727 emails, 25 markets, 2026-02-14 10:00 UTC
Market dashboard generated: 785 leads, 727 emails, 25 markets, 2026-02-14 10:30 UTC
Market dashboard generated: 785 leads, 727 emails, 25 markets, 2026-02-14 11:00 UTC
Market dashboard generated: 785 leads, 727 emails, 25 markets, 2026-02-14 11:30 UTC
Market dashboard generated: 785 leads, 727 emails, 25 markets, 2026-02-14 12:00 UTC
Market dashboard generated: 785 leads, 727 emails, 25 markets, 2026-02-14 12:30 UTC
Market dashboard generated: 785 leads, 727 emails, 25 markets, 2026-02-14 13:00 UTC
Market dashboard generated: 785 leads, 727 emails, 25 markets, 2026-02-14 13:30 UTC
Market dashboard generated: 785 leads, 727 emails, 25 markets, 2026-02-14 14:00 UTC
Market dashboard generated: 785 leads, 727 emails, 25 markets, 2026-02-14 14:30 UTC
Market dashboard generated: 785 leads, 727 emails, 25 markets, 2026-02-14 15:00 UTC
Market dashboard generated: 785 leads, 727 emails, 25 markets, 2026-02-14 15:30 UTC
Market dashboard generated: 785 leads, 727 emails, 25 markets, 2026-02-14 16:00 UTC
Market dashboard generated: 785 leads, 727 emails, 25 markets, 2026-02-14 16:30 UTC
Market dashboard generated: 785 leads, 727 emails, 25 markets, 2026-02-14 17:00 UTC
Market dashboard generated: 785 leads, 727 emails, 25 markets, 2026-02-14 17:30 UTC
Market dashboard generated: 785 leads, 727 emails, 25 markets, 2026-02-14 18:00 UTC
Market dashboard generated: 785 leads, 727 emails, 25 markets, 2026-02-14 18:30 UTC
Market dashboard generated: 785 leads, 727 emails, 25 markets, 2026-02-14 19:00 UTC
Market dashboard generated: 785 leads, 727 emails, 25 markets, 2026-02-14 19:30 UTC
Market dashboard generated: 785 leads, 727 emails, 25 markets, 2026-02-14 20:00 UTC
Market dashboard generated: 785 leads, 727 emails, 25 markets, 2026-02-14 20:30 UTC
Market dashboard generated: 785 leads, 727 emails, 25 markets, 2026-02-14 21:00 UTC
Market dashboard generated: 785 leads, 727 emails, 25 markets, 2026-02-14 21:30 UTC
Market dashboard generated: 785 leads, 727 emails, 25 markets, 2026-02-14 22:00 UTC
Market dashboard generated: 785 leads, 727 emails, 25 markets, 2026-02-14 22:30 UTC
Market dashboard generated: 785 leads, 727 emails, 25 markets, 2026-02-14 23:00 UTC
Market dashboard generated: 785 leads, 727 emails, 25 markets, 2026-02-14 23:30 UTC
Market dashboard generated: 785 leads, 727 emails, 25 markets, 2026-02-15 00:00 UTC
Market dashboard generated: 785 leads, 727 emails, 25 markets, 2026-02-15 00:30 UTC
Market dashboard generated: 785 leads, 727 emails, 25 markets, 2026-02-15 01:00 UTC
Market dashboard generated: 785 leads, 727 emails, 25 markets, 2026-02-15 01:30 UTC
Market dashboard generated: 785 leads, 727 emails, 25 markets, 2026-02-15 02:00 UTC
Market dashboard generated: 785 leads, 727 emails, 25 markets, 2026-02-15 02:30 UTC
Market dashboard generated: 785 leads, 727 emails, 25 markets, 2026-02-15 03:00 UTC
Market dashboard generated: 785 leads, 727 emails, 25 markets, 2026-02-15 03:30 UTC
Market dashboard generated: 785 leads, 727 emails, 25 markets, 2026-02-15 04:30 UTC
Market dashboard generated: 785 leads, 727 emails, 25 markets, 2026-02-15 05:00 UTC
Market dashboard generated: 785 leads, 727 emails, 25 markets, 2026-02-15 05:30 UTC
Market dashboard generated: 785 leads, 727 emails, 25 markets, 2026-02-15 06:00 UTC
Market dashboard generated: 785 leads, 727 emails, 25 markets, 2026-02-15 06:30 UTC
Market dashboard generated: 785 leads, 727 emails, 25 markets, 2026-02-15 07:00 UTC
Market dashboard generated: 785 leads, 727 emails, 25 markets, 2026-02-15 07:30 UTC
Market dashboard generated: 785 leads, 727 emails, 25 markets, 2026-02-15 08:00 UTC
Market dashboard generated: 785 leads, 727 emails, 25 markets, 2026-02-15 08:30 UTC
Market dashboard generated: 785 leads, 727 emails, 25 markets, 2026-02-15 09:00 UTC
Market dashboard generated: 785 leads, 727 emails, 25 markets, 2026-02-15 09:30 UTC
Market dashboard generated: 785 leads, 727 emails, 25 markets, 2026-02-15 10:00 UTC
Market dashboard generated: 785 leads, 727 emails, 25 markets, 2026-02-15 10:30 UTC
Market dashboard generated: 785 leads, 727 emails, 25 markets, 2026-02-15 11:00 UTC
Market dashboard generated: 785 leads, 727 emails, 25 markets, 2026-02-15 11:30 UTC
Market dashboard generated: 785 leads, 727 emails, 25 markets, 2026-02-15 12:00 UTC
Market dashboard generated: 785 leads, 727 emails, 25 markets, 2026-02-15 12:30 UTC
Market dashboard generated: 785 leads, 727 emails, 25 markets, 2026-02-15 13:00 UTC
Market dashboard generated: 785 leads, 727 emails, 25 markets, 2026-02-15 13:30 UTC
Market dashboard generated: 785 leads, 727 emails, 25 markets, 2026-02-15 14:00 UTC
Market dashboard generated: 785 leads, 727 emails, 25 markets, 2026-02-15 14:30 UTC
Market dashboard generated: 785 leads, 727 emails, 25 markets, 2026-02-15 15:00 UTC
Market dashboard generated: 785 leads, 727 emails, 25 markets, 2026-02-15 15:30 UTC
Market dashboard generated: 785 leads, 727 emails, 25 markets, 2026-02-15 16:00 UTC
Market dashboard generated: 785 leads, 727 emails, 25 markets, 2026-02-15 16:30 UTC
Market dashboard generated: 785 leads, 727 emails, 25 markets, 2026-02-15 17:00 UTC
Market dashboard generated: 785 leads, 727 emails, 25 markets, 2026-02-15 17:30 UTC
Market dashboard generated: 785 leads, 727 emails, 25 markets, 2026-02-15 18:00 UTC
Market dashboard generated: 785 leads, 727 emails, 25 markets, 2026-02-15 18:30 UTC
Market dashboard generated: 785 leads, 727 emails, 25 markets, 2026-02-15 19:00 UTC
Market dashboard generated: 785 leads, 727 emails, 25 markets, 2026-02-15 19:30 UTC
Market dashboard generated: 785 leads, 727 emails, 25 markets, 2026-02-15 20:00 UTC
Market dashboard generated: 785 leads, 727 emails, 25 markets, 2026-02-15 20:30 UTC
Market dashboard generated: 785 leads, 727 emails, 25 markets, 2026-02-15 21:00 UTC
Market dashboard generated: 20511 leads, 1482 complete leads, 2883 emails, 81 markets, 2026-02-15 21:30 UTC
Market dashboard generated: 20528 leads, 1482 complete leads, 2883 emails, 81 markets, 2026-02-15 22:00 UTC
Market dashboard generated: 20570 leads, 1482 complete leads, 2883 emails, 81 markets, 2026-02-15 22:30 UTC
Market dashboard generated: 20586 leads, 1485 complete leads, 2884 emails, 81 markets, 2026-02-15 23:00 UTC
Market dashboard generated: 20628 leads, 1485 complete leads, 2884 emails, 81 markets, 2026-02-15 23:30 UTC
Market dashboard generated: 20640 leads, 1485 complete leads, 2884 emails, 81 markets, 2026-02-16 00:00 UTC
Market dashboard generated: 20786 leads, 1485 complete leads, 2897 emails, 81 markets, 2026-02-16 00:30 UTC
Market dashboard generated: 20801 leads, 1490 complete leads, 2902 emails, 81 markets, 2026-02-16 01:00 UTC
Market dashboard generated: 20829 leads, 1490 complete leads, 2902 emails, 81 markets, 2026-02-16 01:30 UTC
Market dashboard generated: 20855 leads, 1490 complete leads, 2902 emails, 81 markets, 2026-02-16 02:00 UTC
Market dashboard generated: 20899 leads, 1490 complete leads, 2902 emails, 81 markets, 2026-02-16 02:30 UTC
Market dashboard generated: 20921 leads, 1493 complete leads, 2906 emails, 81 markets, 2026-02-16 03:00 UTC
Market dashboard generated: 20954 leads, 1493 complete leads, 2906 emails, 81 markets, 2026-02-16 03:30 UTC
Market dashboard generated: 20993 leads, 1493 complete leads, 2906 emails, 82 markets, 2026-02-16 04:00 UTC
Traceback (most recent call last):
  File "/home/chris/.openclaw/bin/market_dashboard.py", line 979, in <module>
    generate()
  File "/home/chris/.openclaw/bin/market_dashboard.py", line 117, in generate
    has_phone = sum(1 for l in leads if l.get('phone', '').strip())
                ^^^^^^^^^^^^^^^^^^^^^^^^^^^^^^^^^^^^^^^^^^^^^^^^^^^
  File "/home/chris/.openclaw/bin/market_dashboard.py", line 117, in <genexpr>
    has_phone = sum(1 for l in leads if l.get('phone', '').strip())
                                        ^^^^^^^^^^^^^^^^^^^^^^^^
AttributeError: 'NoneType' object has no attribute 'strip'
Traceback (most recent call last):
  File "/home/chris/.openclaw/bin/market_dashboard.py", line 979, in <module>
    generate()
  File "/home/chris/.openclaw/bin/market_dashboard.py", line 117, in generate
    has_phone = sum(1 for l in leads if l.get('phone', '').strip())
                ^^^^^^^^^^^^^^^^^^^^^^^^^^^^^^^^^^^^^^^^^^^^^^^^^^^
  File "/home/chris/.openclaw/bin/market_dashboard.py", line 117, in <genexpr>
    has_phone = sum(1 for l in leads if l.get('phone', '').strip())
                                        ^^^^^^^^^^^^^^^^^^^^^^^^
AttributeError: 'NoneType' object has no attribute 'strip'
Traceback (most recent call last):
  File "/home/chris/.openclaw/bin/market_dashboard.py", line 979, in <module>
    generate()
  File "/home/chris/.openclaw/bin/market_dashboard.py", line 117, in generate
    has_phone = sum(1 for l in leads if l.get('phone', '').strip())
                ^^^^^^^^^^^^^^^^^^^^^^^^^^^^^^^^^^^^^^^^^^^^^^^^^^^
  File "/home/chris/.openclaw/bin/market_dashboard.py", line 117, in <genexpr>
    has_phone = sum(1 for l in leads if l.get('phone', '').strip())
                                        ^^^^^^^^^^^^^^^^^^^^^^^^
AttributeError: 'NoneType' object has no attribute 'strip'
Traceback (most recent call last):
  File "/home/chris/.openclaw/bin/market_dashboard.py", line 979, in <module>
    generate()
  File "/home/chris/.openclaw/bin/market_dashboard.py", line 117, in generate
    has_phone = sum(1 for l in leads if l.get('phone', '').strip())
                ^^^^^^^^^^^^^^^^^^^^^^^^^^^^^^^^^^^^^^^^^^^^^^^^^^^
  File "/home/chris/.openclaw/bin/market_dashboard.py", line 117, in <genexpr>
    has_phone = sum(1 for l in leads if l.get('phone', '').strip())
                                        ^^^^^^^^^^^^^^^^^^^^^^^^
AttributeError: 'NoneType' object has no attribute 'strip'
Traceback (most recent call last):
  File "/home/chris/.openclaw/bin/market_dashboard.py", line 979, in <module>
    generate()
  File "/home/chris/.openclaw/bin/market_dashboard.py", line 117, in generate
    has_phone = sum(1 for l in leads if l.get('phone', '').strip())
                ^^^^^^^^^^^^^^^^^^^^^^^^^^^^^^^^^^^^^^^^^^^^^^^^^^^
  File "/home/chris/.openclaw/bin/market_dashboard.py", line 117, in <genexpr>
    has_phone = sum(1 for l in leads if l.get('phone', '').strip())
                                        ^^^^^^^^^^^^^^^^^^^^^^^^
AttributeError: 'NoneType' object has no attribute 'strip'
Traceback (most recent call last):
  File "/home/chris/.openclaw/bin/market_dashboard.py", line 979, in <module>
    generate()
  File "/home/chris/.openclaw/bin/market_dashboard.py", line 116, in generate
    has_email = sum(1 for l in leads if l.get('email', '').strip())
                ^^^^^^^^^^^^^^^^^^^^^^^^^^^^^^^^^^^^^^^^^^^^^^^^^^^
  File "/home/chris/.openclaw/bin/market_dashboard.py", line 116, in <genexpr>
    has_email = sum(1 for l in leads if l.get('email', '').strip())
                                        ^^^^^^^^^^^^^^^^^^^^^^^^
AttributeError: 'NoneType' object has no attribute 'strip'
Traceback (most recent call last):
  File "/home/chris/.openclaw/bin/market_dashboard.py", line 979, in <module>
    generate()
  File "/home/chris/.openclaw/bin/market_dashboard.py", line 116, in generate
    has_email = sum(1 for l in leads if l.get('email', '').strip())
                ^^^^^^^^^^^^^^^^^^^^^^^^^^^^^^^^^^^^^^^^^^^^^^^^^^^
  File "/home/chris/.openclaw/bin/market_dashboard.py", line 116, in <genexpr>
    has_email = sum(1 for l in leads if l.get('email', '').strip())
                                        ^^^^^^^^^^^^^^^^^^^^^^^^
AttributeError: 'NoneType' object has no attribute 'strip'
Traceback (most recent call last):
  File "/home/chris/.openclaw/bin/market_dashboard.py", line 979, in <module>
    generate()
  File "/home/chris/.openclaw/bin/market_dashboard.py", line 116, in generate
    has_email = sum(1 for l in leads if l.get('email', '').strip())
                ^^^^^^^^^^^^^^^^^^^^^^^^^^^^^^^^^^^^^^^^^^^^^^^^^^^
  File "/home/chris/.openclaw/bin/market_dashboard.py", line 116, in <genexpr>
    has_email = sum(1 for l in leads if l.get('email', '').strip())
                                        ^^^^^^^^^^^^^^^^^^^^^^^^
AttributeError: 'NoneType' object has no attribute 'strip'
Traceback (most recent call last):
  File "/home/chris/.openclaw/bin/market_dashboard.py", line 979, in <module>
    generate()
  File "/home/chris/.openclaw/bin/market_dashboard.py", line 116, in generate
    has_email = sum(1 for l in leads if l.get('email', '').strip())
                ^^^^^^^^^^^^^^^^^^^^^^^^^^^^^^^^^^^^^^^^^^^^^^^^^^^
  File "/home/chris/.openclaw/bin/market_dashboard.py", line 116, in <genexpr>
    has_email = sum(1 for l in leads if l.get('email', '').strip())
                                        ^^^^^^^^^^^^^^^^^^^^^^^^
AttributeError: 'NoneType' object has no attribute 'strip'
Traceback (most recent call last):
  File "/home/chris/.openclaw/bin/market_dashboard.py", line 979, in <module>
    generate()
  File "/home/chris/.openclaw/bin/market_dashboard.py", line 116, in generate
    has_email = sum(1 for l in leads if l.get('email', '').strip())
                ^^^^^^^^^^^^^^^^^^^^^^^^^^^^^^^^^^^^^^^^^^^^^^^^^^^
  File "/home/chris/.openclaw/bin/market_dashboard.py", line 116, in <genexpr>
    has_email = sum(1 for l in leads if l.get('email', '').strip())
                                        ^^^^^^^^^^^^^^^^^^^^^^^^
AttributeError: 'NoneType' object has no attribute 'strip'
Traceback (most recent call last):
  File "/home/chris/.openclaw/bin/market_dashboard.py", line 979, in <module>
    generate()
  File "/home/chris/.openclaw/bin/market_dashboard.py", line 116, in generate
    has_email = sum(1 for l in leads if l.get('email', '').strip())
                ^^^^^^^^^^^^^^^^^^^^^^^^^^^^^^^^^^^^^^^^^^^^^^^^^^^
  File "/home/chris/.openclaw/bin/market_dashboard.py", line 116, in <genexpr>
    has_email = sum(1 for l in leads if l.get('email', '').strip())
                                        ^^^^^^^^^^^^^^^^^^^^^^^^
AttributeError: 'NoneType' object has no attribute 'strip'
Traceback (most recent call last):
  File "/home/chris/.openclaw/bin/market_dashboard.py", line 979, in <module>
    generate()
  File "/home/chris/.openclaw/bin/market_dashboard.py", line 116, in generate
    has_email = sum(1 for l in leads if l.get('email', '').strip())
                ^^^^^^^^^^^^^^^^^^^^^^^^^^^^^^^^^^^^^^^^^^^^^^^^^^^
  File "/home/chris/.openclaw/bin/market_dashboard.py", line 116, in <genexpr>
    has_email = sum(1 for l in leads if l.get('email', '').strip())
                                        ^^^^^^^^^^^^^^^^^^^^^^^^
AttributeError: 'NoneType' object has no attribute 'strip'
Market dashboard generated: 22818 leads, 1688 complete leads, 3093 emails, 94 markets, 2026-02-16 10:30 UTC
Market dashboard generated: 22826 leads, 1697 complete leads, 3101 emails, 94 markets, 2026-02-16 11:00 UTC
Market dashboard generated: 22843 leads, 1711 complete leads, 3118 emails, 94 markets, 2026-02-16 11:30 UTC
Market dashboard generated: 22853 leads, 1712 complete leads, 3118 emails, 94 markets, 2026-02-16 12:00 UTC
Market dashboard generated: 23020 leads, 1713 complete leads, 3123 emails, 94 markets, 2026-02-16 12:30 UTC
Market dashboard generated: 23042 leads, 1735 complete leads, 3129 emails, 94 markets, 2026-02-16 13:00 UTC
Market dashboard generated: 23074 leads, 1747 complete leads, 3133 emails, 94 markets, 2026-02-16 13:30 UTC
Market dashboard generated: 23078 leads, 1747 complete leads, 3133 emails, 94 markets, 2026-02-16 14:00 UTC
Market dashboard generated: 23100 leads, 1747 complete leads, 3133 emails, 94 markets, 2026-02-16 14:30 UTC
Market dashboard generated: 23114 leads, 1751 complete leads, 3136 emails, 94 markets, 2026-02-16 15:00 UTC
Market dashboard generated: 23155 leads, 1751 complete leads, 3136 emails, 94 markets, 2026-02-16 15:30 UTC
Market dashboard generated: 23174 leads, 1751 complete leads, 3136 emails, 94 markets, 2026-02-16 16:00 UTC
Market dashboard generated: 23318 leads, 1751 complete leads, 3148 emails, 94 markets, 2026-02-16 16:30 UTC
Market dashboard generated: 23339 leads, 1751 complete leads, 3148 emails, 94 markets, 2026-02-16 17:00 UTC
Market dashboard generated: 23356 leads, 1751 complete leads, 3148 emails, 94 markets, 2026-02-16 17:30 UTC
Market dashboard generated: 23378 leads, 1751 complete leads, 3148 emails, 94 markets, 2026-02-16 18:00 UTC
Market dashboard generated: 23408 leads, 1751 complete leads, 3148 emails, 94 markets, 2026-02-16 18:30 UTC
Market dashboard generated: 23418 leads, 1751 complete leads, 3149 emails, 94 markets, 2026-02-16 19:00 UTC
Market dashboard generated: 23456 leads, 1751 complete leads, 3149 emails, 94 markets, 2026-02-16 19:30 UTC
Market dashboard generated: 23463 leads, 1751 complete leads, 3149 emails, 94 markets, 2026-02-16 20:00 UTC
Market dashboard generated: 23613 leads, 1751 complete leads, 3158 emails, 94 markets, 2026-02-16 20:30 UTC
Market dashboard generated: 23620 leads, 1752 complete leads, 3158 emails, 94 markets, 2026-02-16 21:00 UTC
Market dashboard generated: 23651 leads, 1752 complete leads, 3158 emails, 94 markets, 2026-02-16 21:30 UTC
Market dashboard generated: 23673 leads, 1752 complete leads, 3158 emails, 94 markets, 2026-02-16 22:00 UTC
Market dashboard generated: 23728 leads, 1752 complete leads, 3158 emails, 94 markets, 2026-02-16 22:30 UTC
Market dashboard generated: 23768 leads, 1752 complete leads, 3160 emails, 94 markets, 2026-02-16 23:00 UTC
Market dashboard generated: 23786 leads, 1752 complete leads, 3160 emails, 94 markets, 2026-02-16 23:30 UTC
Market dashboard generated: 23805 leads, 1752 complete leads, 3160 emails, 94 markets, 2026-02-17 00:00 UTC
Market dashboard generated: 23972 leads, 1753 complete leads, 3167 emails, 94 markets, 2026-02-17 00:30 UTC
Market dashboard generated: 23989 leads, 1753 complete leads, 3168 emails, 94 markets, 2026-02-17 01:00 UTC
Market dashboard generated: 24012 leads, 1765 complete leads, 3180 emails, 94 markets, 2026-02-17 01:30 UTC
Market dashboard generated: 24028 leads, 1765 complete leads, 3180 emails, 94 markets, 2026-02-17 02:00 UTC
Market dashboard generated: 24053 leads, 1768 complete leads, 3183 emails, 94 markets, 2026-02-17 02:30 UTC
Market dashboard generated: 24056 leads, 1768 complete leads, 3183 emails, 94 markets, 2026-02-17 03:00 UTC
Market dashboard generated: 24089 leads, 1768 complete leads, 3183 emails, 94 markets, 2026-02-17 03:30 UTC
Market dashboard generated: 24096 leads, 1768 complete leads, 3183 emails, 94 markets, 2026-02-17 04:00 UTC
Market dashboard generated: 25158 leads, 1771 complete leads, 3310 emails, 94 markets, 2026-02-17 04:30 UTC
Traceback (most recent call last):
  File "/home/chris/.openclaw/bin/market_dashboard.py", line 979, in <module>
    generate()
  File "/home/chris/.openclaw/bin/market_dashboard.py", line 103, in generate
    markets[city][lt + 's'].append(l)
    ~~~~~~~~~~~~~^^^^^^^^^^
KeyError: 'partners'
Traceback (most recent call last):
  File "/home/chris/.openclaw/bin/market_dashboard.py", line 979, in <module>
    generate()
  File "/home/chris/.openclaw/bin/market_dashboard.py", line 103, in generate
    markets[city][lt + 's'].append(l)
    ~~~~~~~~~~~~~^^^^^^^^^^
KeyError: 'partners'
Traceback (most recent call last):
  File "/home/chris/.openclaw/bin/market_dashboard.py", line 979, in <module>
    generate()
  File "/home/chris/.openclaw/bin/market_dashboard.py", line 103, in generate
    markets[city][lt + 's'].append(l)
    ~~~~~~~~~~~~~^^^^^^^^^^
KeyError: 'partners'
Traceback (most recent call last):
  File "/home/chris/.openclaw/bin/market_dashboard.py", line 979, in <module>
    generate()
  File "/home/chris/.openclaw/bin/market_dashboard.py", line 103, in generate
    markets[city][lt + 's'].append(l)
    ~~~~~~~~~~~~~^^^^^^^^^^
KeyError: 'partners'
Traceback (most recent call last):
  File "/home/chris/.openclaw/bin/market_dashboard.py", line 979, in <module>
    generate()
  File "/home/chris/.openclaw/bin/market_dashboard.py", line 103, in generate
    markets[city][lt + 's'].append(l)
    ~~~~~~~~~~~~~^^^^^^^^^^
KeyError: 'partners'
Traceback (most recent call last):
  File "/home/chris/.openclaw/bin/market_dashboard.py", line 979, in <module>
    generate()
  File "/home/chris/.openclaw/bin/market_dashboard.py", line 103, in generate
    markets[city][lt + 's'].append(l)
    ~~~~~~~~~~~~~^^^^^^^^^^
KeyError: 'partners'
Traceback (most recent call last):
  File "/home/chris/.openclaw/bin/market_dashboard.py", line 979, in <module>
    generate()
  File "/home/chris/.openclaw/bin/market_dashboard.py", line 103, in generate
    markets[city][lt + 's'].append(l)
    ~~~~~~~~~~~~~^^^^^^^^^^
KeyError: 'partners'
Traceback (most recent call last):
  File "/home/chris/.openclaw/bin/market_dashboard.py", line 979, in <module>
    generate()
  File "/home/chris/.openclaw/bin/market_dashboard.py", line 103, in generate
    markets[city][lt + 's'].append(l)
    ~~~~~~~~~~~~~^^^^^^^^^^
KeyError: 'partners'
Traceback (most recent call last):
  File "/home/chris/.openclaw/bin/market_dashboard.py", line 979, in <module>
    generate()
  File "/home/chris/.openclaw/bin/market_dashboard.py", line 103, in generate
    markets[city][lt + 's'].append(l)
    ~~~~~~~~~~~~~^^^^^^^^^^
KeyError: 'partners'
Traceback (most recent call last):
  File "/home/chris/.openclaw/bin/market_dashboard.py", line 979, in <module>
    generate()
  File "/home/chris/.openclaw/bin/market_dashboard.py", line 103, in generate
    markets[city][lt + 's'].append(l)
    ~~~~~~~~~~~~~^^^^^^^^^^
KeyError: 'partners'
Traceback (most recent call last):
  File "/home/chris/.openclaw/bin/market_dashboard.py", line 979, in <module>
    generate()
  File "/home/chris/.openclaw/bin/market_dashboard.py", line 103, in generate
    markets[city][lt + 's'].append(l)
    ~~~~~~~~~~~~~^^^^^^^^^^
KeyError: 'partners'
Traceback (most recent call last):
  File "/home/chris/.openclaw/bin/market_dashboard.py", line 979, in <module>
    generate()
  File "/home/chris/.openclaw/bin/market_dashboard.py", line 103, in generate
    markets[city][lt + 's'].append(l)
    ~~~~~~~~~~~~~^^^^^^^^^^
KeyError: 'partners'
Traceback (most recent call last):
  File "/home/chris/.openclaw/bin/market_dashboard.py", line 979, in <module>
    generate()
  File "/home/chris/.openclaw/bin/market_dashboard.py", line 103, in generate
    markets[city][lt + 's'].append(l)
    ~~~~~~~~~~~~~^^^^^^^^^^
KeyError: 'partners'
Traceback (most recent call last):
  File "/home/chris/.openclaw/bin/market_dashboard.py", line 979, in <module>
    generate()
  File "/home/chris/.openclaw/bin/market_dashboard.py", line 103, in generate
    markets[city][lt + 's'].append(l)
    ~~~~~~~~~~~~~^^^^^^^^^^
KeyError: 'partners'
Traceback (most recent call last):
  File "/home/chris/.openclaw/bin/market_dashboard.py", line 979, in <module>
    generate()
  File "/home/chris/.openclaw/bin/market_dashboard.py", line 103, in generate
    markets[city][lt + 's'].append(l)
    ~~~~~~~~~~~~~^^^^^^^^^^
KeyError: 'partners'
Traceback (most recent call last):
  File "/home/chris/.openclaw/bin/market_dashboard.py", line 979, in <module>
    generate()
  File "/home/chris/.openclaw/bin/market_dashboard.py", line 103, in generate
    markets[city][lt + 's'].append(l)
    ~~~~~~~~~~~~~^^^^^^^^^^
KeyError: 'partners'
Traceback (most recent call last):
  File "/home/chris/.openclaw/bin/market_dashboard.py", line 979, in <module>
    generate()
  File "/home/chris/.openclaw/bin/market_dashboard.py", line 103, in generate
    markets[city][lt + 's'].append(l)
    ~~~~~~~~~~~~~^^^^^^^^^^
KeyError: 'partners'
Traceback (most recent call last):
  File "/home/chris/.openclaw/bin/market_dashboard.py", line 979, in <module>
    generate()
  File "/home/chris/.openclaw/bin/market_dashboard.py", line 103, in generate
    markets[city][lt + 's'].append(l)
    ~~~~~~~~~~~~~^^^^^^^^^^
KeyError: 'partners'
Traceback (most recent call last):
  File "/home/chris/.openclaw/bin/market_dashboard.py", line 979, in <module>
    generate()
  File "/home/chris/.openclaw/bin/market_dashboard.py", line 103, in generate
    markets[city][lt + 's'].append(l)
    ~~~~~~~~~~~~~^^^^^^^^^^
KeyError: 'partners'
Traceback (most recent call last):
  File "/home/chris/.openclaw/bin/market_dashboard.py", line 979, in <module>
    generate()
  File "/home/chris/.openclaw/bin/market_dashboard.py", line 103, in generate
    markets[city][lt + 's'].append(l)
    ~~~~~~~~~~~~~^^^^^^^^^^
KeyError: 'partners'
Traceback (most recent call last):
  File "/home/chris/.openclaw/bin/market_dashboard.py", line 979, in <module>
    generate()
  File "/home/chris/.openclaw/bin/market_dashboard.py", line 103, in generate
    markets[city][lt + 's'].append(l)
    ~~~~~~~~~~~~~^^^^^^^^^^
KeyError: 'partners'
Traceback (most recent call last):
  File "/home/chris/.openclaw/bin/market_dashboard.py", line 979, in <module>
    generate()
  File "/home/chris/.openclaw/bin/market_dashboard.py", line 103, in generate
    markets[city][lt + 's'].append(l)
    ~~~~~~~~~~~~~^^^^^^^^^^
KeyError: 'partners'
Traceback (most recent call last):
  File "/home/chris/.openclaw/bin/market_dashboard.py", line 979, in <module>
    generate()
  File "/home/chris/.openclaw/bin/market_dashboard.py", line 103, in generate
    markets[city][lt + 's'].append(l)
    ~~~~~~~~~~~~~^^^^^^^^^^
KeyError: 'partners'
Traceback (most recent call last):
  File "/home/chris/.openclaw/bin/market_dashboard.py", line 979, in <module>
    generate()
  File "/home/chris/.openclaw/bin/market_dashboard.py", line 103, in generate
    markets[city][lt + 's'].append(l)
    ~~~~~~~~~~~~~^^^^^^^^^^
KeyError: 'partners'
Traceback (most recent call last):
  File "/home/chris/.openclaw/bin/market_dashboard.py", line 979, in <module>
    generate()
  File "/home/chris/.openclaw/bin/market_dashboard.py", line 103, in generate
    markets[city][lt + 's'].append(l)
    ~~~~~~~~~~~~~^^^^^^^^^^
KeyError: 'partners'
Traceback (most recent call last):
  File "/home/chris/.openclaw/bin/market_dashboard.py", line 979, in <module>
    generate()
  File "/home/chris/.openclaw/bin/market_dashboard.py", line 103, in generate
    markets[city][lt + 's'].append(l)
    ~~~~~~~~~~~~~^^^^^^^^^^
KeyError: 'partners'
Traceback (most recent call last):
  File "/home/chris/.openclaw/bin/market_dashboard.py", line 979, in <module>
    generate()
  File "/home/chris/.openclaw/bin/market_dashboard.py", line 103, in generate
    markets[city][lt + 's'].append(l)
    ~~~~~~~~~~~~~^^^^^^^^^^
KeyError: 'partners'
Traceback (most recent call last):
  File "/home/chris/.openclaw/bin/market_dashboard.py", line 979, in <module>
    generate()
  File "/home/chris/.openclaw/bin/market_dashboard.py", line 103, in generate
    markets[city][lt + 's'].append(l)
    ~~~~~~~~~~~~~^^^^^^^^^^
KeyError: 'partners'
Traceback (most recent call last):
  File "/home/chris/.openclaw/bin/market_dashboard.py", line 979, in <module>
    generate()
  File "/home/chris/.openclaw/bin/market_dashboard.py", line 103, in generate
    markets[city][lt + 's'].append(l)
    ~~~~~~~~~~~~~^^^^^^^^^^
KeyError: 'partners'
Traceback (most recent call last):
  File "/home/chris/.openclaw/bin/market_dashboard.py", line 979, in <module>
    generate()
  File "/home/chris/.openclaw/bin/market_dashboard.py", line 103, in generate
    markets[city][lt + 's'].append(l)
    ~~~~~~~~~~~~~^^^^^^^^^^
KeyError: 'partners'
Traceback (most recent call last):
  File "/home/chris/.openclaw/bin/market_dashboard.py", line 979, in <module>
    generate()
  File "/home/chris/.openclaw/bin/market_dashboard.py", line 103, in generate
    markets[city][lt + 's'].append(l)
    ~~~~~~~~~~~~~^^^^^^^^^^
KeyError: 'partners'
Traceback (most recent call last):
  File "/home/chris/.openclaw/bin/market_dashboard.py", line 979, in <module>
    generate()
  File "/home/chris/.openclaw/bin/market_dashboard.py", line 103, in generate
    markets[city][lt + 's'].append(l)
    ~~~~~~~~~~~~~^^^^^^^^^^
KeyError: 'partners'
Traceback (most recent call last):
  File "/home/chris/.openclaw/bin/market_dashboard.py", line 979, in <module>
    generate()
  File "/home/chris/.openclaw/bin/market_dashboard.py", line 103, in generate
    markets[city][lt + 's'].append(l)
    ~~~~~~~~~~~~~^^^^^^^^^^
KeyError: 'partners'
Traceback (most recent call last):
  File "/home/chris/.openclaw/bin/market_dashboard.py", line 979, in <module>
    generate()
  File "/home/chris/.openclaw/bin/market_dashboard.py", line 103, in generate
    markets[city][lt + 's'].append(l)
    ~~~~~~~~~~~~~^^^^^^^^^^
KeyError: 'partners'
Traceback (most recent call last):
  File "/home/chris/.openclaw/bin/market_dashboard.py", line 979, in <module>
    generate()
  File "/home/chris/.openclaw/bin/market_dashboard.py", line 103, in generate
    markets[city][lt + 's'].append(l)
    ~~~~~~~~~~~~~^^^^^^^^^^
KeyError: 'partners'
Traceback (most recent call last):
  File "/home/chris/.openclaw/bin/market_dashboard.py", line 979, in <module>
    generate()
  File "/home/chris/.openclaw/bin/market_dashboard.py", line 103, in generate
    markets[city][lt + 's'].append(l)
    ~~~~~~~~~~~~~^^^^^^^^^^
KeyError: 'partners'
Traceback (most recent call last):
  File "/home/chris/.openclaw/bin/market_dashboard.py", line 979, in <module>
    generate()
  File "/home/chris/.openclaw/bin/market_dashboard.py", line 103, in generate
    markets[city][lt + 's'].append(l)
    ~~~~~~~~~~~~~^^^^^^^^^^
KeyError: 'partners'
Traceback (most recent call last):
  File "/home/chris/.openclaw/bin/market_dashboard.py", line 979, in <module>
    generate()
  File "/home/chris/.openclaw/bin/market_dashboard.py", line 103, in generate
    markets[city][lt + 's'].append(l)
    ~~~~~~~~~~~~~^^^^^^^^^^
KeyError: 'partners'
Traceback (most recent call last):
  File "/home/chris/.openclaw/bin/market_dashboard.py", line 979, in <module>
    generate()
  File "/home/chris/.openclaw/bin/market_dashboard.py", line 103, in generate
    markets[city][lt + 's'].append(l)
    ~~~~~~~~~~~~~^^^^^^^^^^
KeyError: 'partners'
Traceback (most recent call last):
  File "/home/chris/.openclaw/bin/market_dashboard.py", line 979, in <module>
    generate()
  File "/home/chris/.openclaw/bin/market_dashboard.py", line 103, in generate
    markets[city][lt + 's'].append(l)
    ~~~~~~~~~~~~~^^^^^^^^^^
KeyError: 'partners'
