[21:30:01] ============================================================
[21:30:01] SMART ENRICHER — Search-based contact finder
[21:30:01] Batch size: 50
[21:30:01] ============================================================
[21:30:01] Z.AI webSearchPrime loaded
[21:30:01] Loaded 622 leads
[21:30:01] Leads needing email: 565
[21:30:01] Processing batch of 50
[21:30:01]   [1/50] Cleaning Services Stuart, Jensen Beach F
[21:30:09]   [2/50] Treasure Coast Real Estate: Treasure Coa
[21:30:18]   [3/50] Top Rated Car Dealerships near Stuart, F
[21:30:27]   [4/50] New & Used Cars For Sale
[21:30:35]   [5/50] Starling Buick GMC Dealership in Stuart,
[21:30:43]   [6/50] Treasure Coast Toyota Of Stuart
[21:30:52]   [7/50] Martin Meadows | Home Owners Association
[21:31:01]   [8/50] Circle Bay Yacht Club
[21:31:09]   [9/50] Treasure Coast, FL - TourSeniorLiving.or
[21:31:18]   [10/50] The Gardens of Port St. Lucie Senior Liv
[21:31:26]   [11/50] jd treasure coast assisted living facili
[21:31:34]   [12/50] Treasure Coast ALF | Port St. Lucie, Flo
[21:31:42]   [13/50] 10 Best Assisted Living Facilities in St
[21:31:51]   [14/50] Premium Concrete Floor Coatings Services
[21:31:59]   [15/50] Epoxy Garage Floor Solutions in Stuart
[21:32:06]   [16/50] Jupiter Custom Garage Floor Coatings & C
[21:32:14]   [17/50] Top Flooring Alternatives to Epoxy in St
[21:32:22]   [18/50] Stuart Florida Real Estate | Premier Gro
[21:32:32]   [19/50] Metallic Epoxy Flooring Experts in Palm 
[21:32:35]     FOUND EMAIL: epoxytreasurecoast@gmail.comP
[21:32:35]     FOUND PHONE: (772) 877-5222
[21:32:40]   [20/50] flooring contractors in palm city, fl
[21:32:44]     FOUND EMAIL: tsa@selectdesigncenter.com
[21:32:44]     FOUND PHONE: 772.444.3325
[21:32:49]   [21/50] Concrete Flooring Installation in Palm C
[21:32:52]     FOUND PHONE: 561-905-0148
[21:32:57]   [22/50] THE 10 BEST Restaurants in Stuart (Updat
[21:33:00]     FOUND EMAIL: Management@pez-vela.com
[21:33:00]     FOUND PHONE: 772.291.2794
[21:33:05]   [23/50] Dining - Historic Downtown Stuart
[21:33:08]     FOUND EMAIL: info@downtownstuartflorida.com
[21:33:08]     FOUND PHONE: (772) 286-3126
[21:33:13]   [24/50] The 10 Best Restaurants Near Me in Stuar
[21:33:16]     FOUND EMAIL: events@tidehouse.com
[21:33:16]     FOUND PHONE: (425) 505-1536
[21:33:21]   [25/50] Home - BOATHOUSE - Fish restaurant in St
[21:33:24]     FOUND EMAIL: sailfish@stuartboathouse.com
[21:33:24]     FOUND PHONE: (772) 266-4586
[21:33:29]   [26/50] The Sailor's Return Restaurant in Stuart
[21:33:33]     FOUND EMAIL: tracywdavis@bellsouth.net
[21:33:33]     FOUND PHONE: (772) 872-7250
[21:33:38]   [27/50] Stuart Fish Grill - Stuart, FL
[21:33:40]     FOUND PHONE: 772-237-5461
[21:33:45]   [28/50] The Black Marlin | Bar & Restaurant in H
[21:33:48]     FOUND PHONE: (772) 286-3126
[21:33:53]   [29/50] Hudson's On The River | Waterfront Dinin
[21:33:56]     FOUND EMAIL: info@hudsonsrestaurant.com
[21:33:56]     FOUND PHONE: (843)-681-2772
[21:34:01]   [30/50] Gutter Installation & Downspout Services
[21:34:04]     FOUND EMAIL: gutterguy@gutterguyfl.com
[21:34:04]     FOUND PHONE: 1000674723
[21:34:09]   [31/50] Jensen Beach FL Seamless Gutter Services
[21:34:13]     FOUND EMAIL: gutterhawks@gmail.com
[21:34:13]     FOUND PHONE: 561-933-5721
[21:34:18]   [32/50] Gutter Installation in Jensen Beach, FL,
[21:34:22]     FOUND EMAIL: jmiron@sharfiholding.com
[21:34:22]     FOUND PHONE: 2024041916
[21:34:27]   [33/50] Jensen Seamless Gutters
[21:34:34]   [34/50] Gutter Installation Jensen Beach, FL – V
[21:34:38]     FOUND PHONE: (239) 423-7466
[21:34:43]   [35/50] Seamless Gutters | Jensen Beach, FL
[21:34:46]     FOUND EMAIL: gutterguy@gutterguyfl.com
[21:34:46]     FOUND PHONE: 772-334-3139
[21:34:51]   [36/50] Jensen Beach Seamless Gutters
[21:34:54]     FOUND EMAIL: support@seamlessgutters.co
[21:34:54]     FOUND PHONE: 772-334-3139
[21:34:59]   [37/50] Jensen Beach Kitchen and Bath Remodeling
[21:35:01]     FOUND EMAIL: jensenbeachsales@gmail.com
[21:35:01]     FOUND PHONE: (772) 222-2284
[21:35:06]   [38/50] GLS Remodeling | Kitchen & Bathroom Remo
[21:35:10]     FOUND EMAIL: info@glsremodeling.com
[21:35:10]     FOUND PHONE: (772) 610-4545
[21:35:15]   [39/50] Victory Kitchen & Bath | Remodeling, Cab
[21:35:18]     FOUND EMAIL: info@VictoryKB.com
[21:35:18]     FOUND PHONE: 772-444-8668
[21:35:23]   [40/50] General Contractor Jensen Beach Florida 
[21:35:27]     FOUND EMAIL: contact@sweetgc.com
[21:35:27]     FOUND PHONE: (772) 206-2670
[21:35:32]   [41/50] Martin North Hospital | Cleveland Clinic
[21:35:35]     FOUND EMAIL: roiwestonfl@ccf.org
[21:35:35]     FOUND PHONE: (772) 287-5200
[21:35:40]   [42/50] Hospitals near Stuart, FL - Healthgrades
[21:35:44]     FOUND EMAIL: PHPPRcontactus@providence.org
[21:35:44]     FOUND PHONE: 5607079948
[21:35:49]   [43/50] Martin North Hospital | Cleveland Clinic
[21:35:52]     FOUND EMAIL: PHPPRcontactus@providence.org
[21:35:52]     FOUND PHONE: (772) 287-5200
[21:35:57]   [44/50] HCA Florida Stuart Emergency
[21:36:00]     FOUND EMAIL: info@stuartmartinchamber.org
[21:36:00]     FOUND PHONE: (772) 203-8015
[21:36:05]   [45/50] HOSPITALS/EMERGENCY ROOM Category | Stua
[21:36:08]     FOUND PHONE: (772) 223-2300
[21:36:13]   [46/50] Cleveland Clinic Martin Health-Stuart in
[21:36:17]     FOUND EMAIL: singhr@ccf.org
[21:36:17]     FOUND PHONE: (772) 223-2300
[21:36:22]   [47/50] Martin Memorial Hospital South, Stuart, 
[21:36:25]     FOUND EMAIL: WebsiteContactUs@wellmed.net
[21:36:25]     FOUND PHONE: 772-223-4902
[21:36:30]   [48/50] Cleveland Clinic Martin North Hospital -
[21:36:33]     FOUND EMAIL: PHPPRcontactus@providence.org
[21:36:33]     FOUND PHONE: 772.287.5200
[21:36:38]   [49/50] Top-rated Handyman in Stuart, FL
[21:36:41]     FOUND EMAIL: terret3@bellsouth.net
[21:36:41]     FOUND PHONE: 4337193238
[21:36:46]   [50/50] Handyman Services in Stuart FL | Home & 
[21:36:50]     FOUND EMAIL: office@homeandbeyondfl.com
[21:36:50]     FOUND PHONE: (772)877-9898
[21:36:55] Wrote 26 enriched contacts back to CSV
CRM v2 generated: 622 leads, 83 emails, 105 phones, 2026-02-12 21:36 UTC
[21:36:55] CRM dashboard rebuilt
[21:36:56] Pushed to GitHub
[21:36:56] SMART ENRICHER COMPLETE: 26 emails found, 0 drafts
[21:36:56] ============================================================
