To github.com:QuantumCotton/daily-reports.git
   00813ec..ee4bad6  main -> main
To github.com:QuantumCotton/daily-reports.git
   ffc6985..588fdb7  main -> main
To github.com:QuantumCotton/daily-reports.git
   a9f2d30..6f14dac  main -> main
To github.com:QuantumCotton/daily-reports.git
   041c722..f123843  main -> main
To github.com:QuantumCotton/daily-reports.git
   a52ad97..6da8511  main -> main
To github.com:QuantumCotton/daily-reports.git
   076898c..2c44360  main -> main
To github.com:QuantumCotton/daily-reports.git
   395cf15..6288f72  main -> main
To github.com:QuantumCotton/daily-reports.git
   e14b4a9..afb9d61  main -> main
To github.com:QuantumCotton/daily-reports.git
   11f2b82..265b03e  main -> main
To github.com:QuantumCotton/daily-reports.git
   17cb369..6668498  main -> main
To github.com:QuantumCotton/daily-reports.git
   6668498..8b5949a  main -> main
To github.com:QuantumCotton/daily-reports.git
   8b5949a..875136d  main -> main
To github.com:QuantumCotton/daily-reports.git
   992105f..5400dbc  main -> main
To github.com:QuantumCotton/daily-reports.git
   5400dbc..d369169  main -> main
To github.com:QuantumCotton/daily-reports.git
   d369169..04de1ea  main -> main
To github.com:QuantumCotton/daily-reports.git
   04de1ea..520a47e  main -> main
To github.com:QuantumCotton/daily-reports.git
   520a47e..1e0f5d3  main -> main
To github.com:QuantumCotton/daily-reports.git
   1e0f5d3..24426c9  main -> main
To github.com:QuantumCotton/daily-reports.git
   24426c9..76328cf  main -> main
To github.com:QuantumCotton/daily-reports.git
   76328cf..60db4bf  main -> main
To github.com:QuantumCotton/daily-reports.git
   60db4bf..bcbe28f  main -> main
To github.com:QuantumCotton/daily-reports.git
   bcbe28f..358ca2d  main -> main
To github.com:QuantumCotton/daily-reports.git
   358ca2d..73b4901  main -> main
To github.com:QuantumCotton/daily-reports.git
   73b4901..bc6219e  main -> main
To github.com:QuantumCotton/daily-reports.git
   ec7e1d8..610ffac  main -> main
To github.com:QuantumCotton/daily-reports.git
   610ffac..d33620f  main -> main
To github.com:QuantumCotton/daily-reports.git
   d33620f..d16e312  main -> main
To github.com:QuantumCotton/daily-reports.git
   d16e312..8ed7a6a  main -> main
To github.com:QuantumCotton/daily-reports.git
   8ed7a6a..039c191  main -> main
To github.com:QuantumCotton/daily-reports.git
   039c191..f7b9d7e  main -> main
To github.com:QuantumCotton/daily-reports.git
   f7b9d7e..8f69ac7  main -> main
To github.com:QuantumCotton/daily-reports.git
   081182d..0c4b2ab  main -> main
To github.com:QuantumCotton/daily-reports.git
   0c4b2ab..3397c87  main -> main
To github.com:QuantumCotton/daily-reports.git
   3397c87..a3c00b2  main -> main
To github.com:QuantumCotton/daily-reports.git
   a3c00b2..9ea9db3  main -> main
remote: warning: See https://gh.io/lfs for more information.        
remote: warning: File index.html is 51.86 MB; this is larger than GitHub's recommended maximum file size of 50.00 MB        
remote: warning: GH001: Large files detected. You may want to try Git Large File Storage - https://git-lfs.github.com.        
To github.com:QuantumCotton/daily-reports.git
   46df9b1..7af3598  main -> main
remote: warning: See https://gh.io/lfs for more information.        
remote: warning: File index.html is 52.35 MB; this is larger than GitHub's recommended maximum file size of 50.00 MB        
remote: warning: GH001: Large files detected. You may want to try Git Large File Storage - https://git-lfs.github.com.        
To github.com:QuantumCotton/daily-reports.git
   7af3598..036fe0f  main -> main
remote: warning: See https://gh.io/lfs for more information.        
remote: warning: File index.html is 52.59 MB; this is larger than GitHub's recommended maximum file size of 50.00 MB        
remote: warning: GH001: Large files detected. You may want to try Git Large File Storage - https://git-lfs.github.com.        
To github.com:QuantumCotton/daily-reports.git
   036fe0f..8c13f25  main -> main
remote: warning: See https://gh.io/lfs for more information.        
remote: warning: File index.html is 53.05 MB; this is larger than GitHub's recommended maximum file size of 50.00 MB        
remote: warning: GH001: Large files detected. You may want to try Git Large File Storage - https://git-lfs.github.com.        
To github.com:QuantumCotton/daily-reports.git
   8c13f25..b5367e1  main -> main
remote: warning: See https://gh.io/lfs for more information.        
remote: warning: File index.html is 53.23 MB; this is larger than GitHub's recommended maximum file size of 50.00 MB        
remote: warning: GH001: Large files detected. You may want to try Git Large File Storage - https://git-lfs.github.com.        
To github.com:QuantumCotton/daily-reports.git
   b5367e1..10a1e98  main -> main
remote: warning: See https://gh.io/lfs for more information.        
remote: warning: File index.html is 53.66 MB; this is larger than GitHub's recommended maximum file size of 50.00 MB        
remote: warning: GH001: Large files detected. You may want to try Git Large File Storage - https://git-lfs.github.com.        
To github.com:QuantumCotton/daily-reports.git
   10a1e98..33c5388  main -> main
remote: warning: See https://gh.io/lfs for more information.        
remote: warning: File index.html is 53.90 MB; this is larger than GitHub's recommended maximum file size of 50.00 MB        
remote: warning: GH001: Large files detected. You may want to try Git Large File Storage - https://git-lfs.github.com.        
To github.com:QuantumCotton/daily-reports.git
   33c5388..f5fa7b4  main -> main
remote: warning: See https://gh.io/lfs for more information.        
remote: warning: File index.html is 54.41 MB; this is larger than GitHub's recommended maximum file size of 50.00 MB        
remote: warning: GH001: Large files detected. You may want to try Git Large File Storage - https://git-lfs.github.com.        
To github.com:QuantumCotton/daily-reports.git
   f5fa7b4..d96f942  main -> main
remote: warning: See https://gh.io/lfs for more information.        
remote: warning: File index.html is 54.61 MB; this is larger than GitHub's recommended maximum file size of 50.00 MB        
remote: warning: GH001: Large files detected. You may want to try Git Large File Storage - https://git-lfs.github.com.        
To github.com:QuantumCotton/daily-reports.git
   d96f942..8669533  main -> main
remote: warning: See https://gh.io/lfs for more information.        
remote: warning: File index.html is 56.95 MB; this is larger than GitHub's recommended maximum file size of 50.00 MB        
remote: warning: GH001: Large files detected. You may want to try Git Large File Storage - https://git-lfs.github.com.        
To github.com:QuantumCotton/daily-reports.git
   8669533..f14c953  main -> main
