[13:06:00] LEAD SCOUT: Starting cycle
[13:09:44] LEAD SCOUT: Starting cycle
[13:09:45]   [1/15] property management companies Stuart FL
[13:09:54]   [2/15] gutter guards Stuart FL
[13:10:03]   [3/15] site:craigslist.org kitchen renovation treasure coast FL
[13:10:11]   [4/15] site:craigslist.org handyman Stuart FL
[13:10:19]   [5/15] mobile detailing West Palm Beach FL
[13:10:28]   [6/15] handyman Stuart FL
[13:10:35]   [7/15] kitchen renovation contractor Naples FL
[13:10:44]   [8/15] property management Palm City FL
[13:10:52]   [9/15] general contractor Charlotte NC
[13:11:00]   [10/15] roofing contractor Stuart FL
[13:11:09]   [11/15] warehouse Stuart FL
[13:11:18]   [12/15] commercial cleaning company Stuart FL
[13:11:26]   [13/15] real estate investor Treasure Coast FL
[13:11:35]   [14/15] property management Jensen Beach FL
[13:11:43]   [15/15] epoxy flooring contractor Stuart FL
[13:11:52] LEAD SCOUT: +69 leads (total: 337)
[13:26:21] LEAD SCOUT: Starting cycle
[13:26:21]   [1/15] site:craigslist.org handyman Stuart FL
[13:26:29]   [2/15] HOA management company Martin County FL
[13:26:38]   [3/15] bathroom remodel Stuart FL
[13:26:47]   [4/15] warehouse Stuart FL
[13:26:55]   [5/15] apartment complex Stuart FL
[13:27:03]   [6/15] property management Port St Lucie FL
[13:27:11]   [7/15] site:craigslist.org kitchen renovation treasure coast FL
[13:27:20]   [8/15] kitchen renovation contractor Naples FL
[13:27:28]   [9/15] epoxy flooring contractor Stuart FL
[13:27:37]   [10/15] general contractor Stuart FL
[13:27:45]   [11/15] gutter guards Stuart FL
[13:27:53]   [12/15] restaurant Stuart FL
[13:28:01]   [13/15] property management Jensen Beach FL
[13:28:10]   [14/15] property management companies Stuart FL
[13:28:19]   [15/15] construction company Stuart FL
[13:28:27] LEAD SCOUT: +30 leads (total: 367)
[13:44:01] LEAD SCOUT: Starting cycle
[13:44:01]   [1/15] car dealership Stuart FL
[13:44:10]   [2/15] hospital Stuart FL
[13:44:18]   [3/15] HOA management company Martin County FL
[13:44:26]   [4/15] site:craigslist.org handyman Stuart FL
[13:44:36]   [5/15] mobile detailing West Palm Beach FL
[13:44:44]   [6/15] kitchen renovation contractor Naples FL
[13:44:54]   [7/15] commercial cleaning company Stuart FL
[13:45:02]   [8/15] kitchen renovation Stuart FL
[13:45:11]   [9/15] apartment complex Stuart FL
[13:45:18]   [10/15] mobile detailing Stuart FL
[13:45:27]   [11/15] assisted living Treasure Coast FL
[13:45:35]   [12/15] property management Palm City FL
[13:45:44]   [13/15] general contractor Sarasota FL
[13:45:52]   [14/15] construction company Stuart FL
[13:46:00]   [15/15] site:craigslist.org kitchen renovation treasure coast FL
[13:46:09] LEAD SCOUT: +34 leads (total: 401)
[14:01:11] LEAD SCOUT: Starting cycle
[14:01:11]   [1/15] mobile detailing West Palm Beach FL
[14:01:19]   [2/15] epoxy flooring contractor Stuart FL
[14:01:27]   [3/15] site:craigslist.org handyman Stuart FL
[14:01:36]   [4/15] epoxy flooring Nashville TN
[14:01:46]   [5/15] kitchen renovation Austin TX
[14:01:55]   [6/15] property management companies Stuart FL
[14:02:03]   [7/15] assisted living Treasure Coast FL
[14:02:11]   [8/15] kitchen renovation Scottsdale AZ
[14:02:19]   [9/15] bathroom remodel Stuart FL
[14:02:28]   [10/15] kitchen remodel Jensen Beach FL
[14:02:36]   [11/15] property management Port St Lucie FL
[14:02:44]   [12/15] commercial cleaning company Stuart FL
[14:02:53]   [13/15] handyman Stuart FL
[14:03:01]   [14/15] general contractor Stuart FL
[14:03:10]   [15/15] kitchen renovation Stuart FL
[14:03:19] LEAD SCOUT: +30 leads (total: 431)
[14:18:20] LEAD SCOUT: Starting cycle
[14:18:20]   [1/15] kitchen remodel Jensen Beach FL
[14:18:29]   [2/15] HOA management company Martin County FL
[14:18:37]   [3/15] epoxy flooring contractor Stuart FL
[14:18:46]   [4/15] general contractor Charlotte NC
[14:18:54]   [5/15] restaurant Stuart FL
[14:19:02]   [6/15] kitchen renovation Stuart FL
[14:19:10]   [7/15] general contractor Stuart FL
[14:19:19]   [8/15] hospital Stuart FL
[14:19:27]   [9/15] roofing contractor Stuart FL
[14:19:36]   [10/15] property management Port St Lucie FL
[14:19:45]   [11/15] property management Palm City FL
[14:19:53]   [12/15] epoxy flooring Nashville TN
[14:20:02]   [13/15] commercial cleaning company Stuart FL
[14:20:10]   [14/15] site:craigslist.org handyman Stuart FL
[14:20:19]   [15/15] property management Jensen Beach FL
[14:20:27] LEAD SCOUT: +8 leads (total: 439)
[14:36:04] LEAD SCOUT: Starting cycle
[14:36:04]   [1/15] handyman Stuart FL
[14:36:13]   [2/15] property management Port St Lucie FL
[14:36:21]   [3/15] general contractor Sarasota FL
[14:36:30]   [4/15] general contractor Charlotte NC
[14:36:40]   [5/15] bathroom remodel Stuart FL
[14:36:48]   [6/15] mobile detailing Stuart FL
[14:36:57]   [7/15] HOA management company Martin County FL
[14:37:05]   [8/15] general contractor Stuart FL
[14:37:22]   [9/15] epoxy flooring contractor Boca Raton FL
[14:37:31]   [10/15] auto body shop Stuart FL
[14:37:39]   [11/15] kitchen renovation Austin TX
[14:37:47]   [12/15] real estate investor Treasure Coast FL
[14:37:56]   [13/15] warehouse Stuart FL
[14:38:06]   [14/15] car dealership Stuart FL
[14:38:16]   [15/15] commercial cleaning company Stuart FL
[14:38:25] LEAD SCOUT: +25 leads (total: 464)
