=== Tue Feb 17 04:30:59 AM UTC 2026 ===
Python agents running: 4
Total leads: 786
Verified leads: 319

=== Tue Feb 17 04:35:59 AM UTC 2026 ===
Python agents running: 0
Total leads: 942
Verified leads: 320

=== Tue Feb 17 04:40:59 AM UTC 2026 ===
Python agents running: 0
Total leads: 999
Verified leads: 333

=== Tue Feb 17 04:45:59 AM UTC 2026 ===
Python agents running: 0
Total leads: 1024
Verified leads: 339

=== Tue Feb 17 04:50:59 AM UTC 2026 ===
Python agents running: 4
Total leads: 1075
Verified leads: 343

=== Tue Feb 17 04:56:00 AM UTC 2026 ===
Python agents running: 0
Total leads: 1241
Verified leads: 353

=== Tue Feb 17 05:01:00 AM UTC 2026 ===
Python agents running: 10
Total leads: 1257
Verified leads: 359

=== Tue Feb 17 05:06:00 AM UTC 2026 ===
Python agents running: 0
Total leads: 1334
Verified leads: 360

=== Tue Feb 17 05:11:00 AM UTC 2026 ===
Python agents running: 2
Total leads: 1334
Verified leads: 370

=== Tue Feb 17 05:16:00 AM UTC 2026 ===
Python agents running: 38
Total leads: 2669
Verified leads: 379

=== Tue Feb 17 05:21:00 AM UTC 2026 ===
Python agents running: 0
Total leads: 2669
Verified leads: 388

=== Tue Feb 17 05:26:00 AM UTC 2026 ===
Python agents running: 1
Total leads: 2669
Verified leads: 397

=== Tue Feb 17 05:31:00 AM UTC 2026 ===
Python agents running: 32
Total leads: 2669
Verified leads: 407

=== Tue Feb 17 05:36:00 AM UTC 2026 ===
Python agents running: 0
Total leads: 2669
Verified leads: 419

=== Tue Feb 17 05:41:00 AM UTC 2026 ===
Python agents running: 0
Total leads: 2669
Verified leads: 426

=== Tue Feb 17 05:46:00 AM UTC 2026 ===
Python agents running: 30
Total leads: 2669
Verified leads: 434

=== Tue Feb 17 05:51:00 AM UTC 2026 ===
Python agents running: 2
Total leads: 2669
Verified leads: 445

=== Tue Feb 17 05:56:00 AM UTC 2026 ===
Python agents running: 0
Total leads: 2669
Verified leads: 455

=== Tue Feb 17 06:01:00 AM UTC 2026 ===
Python agents running: 20
Total leads: 2669
Verified leads: 469

=== Tue Feb 17 06:06:01 AM UTC 2026 ===
Python agents running: 0
Total leads: 2669
Verified leads: 477

=== Tue Feb 17 06:11:01 AM UTC 2026 ===
Python agents running: 2
Total leads: 2669
Verified leads: 481

=== Tue Feb 17 06:16:01 AM UTC 2026 ===
Python agents running: 12
Total leads: 2669
Verified leads: 487

=== Tue Feb 17 06:21:01 AM UTC 2026 ===
Python agents running: 42
Total leads: 2669
Verified leads: 492

=== Tue Feb 17 06:26:01 AM UTC 2026 ===
Python agents running: 0
Total leads: 2669
Verified leads: 502

=== Tue Feb 17 06:31:01 AM UTC 2026 ===
Python agents running: 12
Total leads: 2670
Verified leads: 513

=== Tue Feb 17 06:36:01 AM UTC 2026 ===
Python agents running: 42
Total leads: 2669
Verified leads: 521

=== Tue Feb 17 06:41:01 AM UTC 2026 ===
Python agents running: 0
Total leads: 2669
Verified leads: 531

=== Tue Feb 17 06:46:01 AM UTC 2026 ===
Python agents running: 0
Total leads: 2669
Verified leads: 534

=== Tue Feb 17 06:51:01 AM UTC 2026 ===
Python agents running: 2
Total leads: 2669
Verified leads: 537

=== Tue Feb 17 06:56:01 AM UTC 2026 ===
Python agents running: 0
Total leads: 2669
Verified leads: 541

=== Tue Feb 17 07:01:01 AM UTC 2026 ===
Python agents running: 4
Total leads: 2669
Verified leads: 551

=== Tue Feb 17 07:06:02 AM UTC 2026 ===
Python agents running: 42
Total leads: 2669
Verified leads: 557

=== Tue Feb 17 07:11:02 AM UTC 2026 ===
Python agents running: 2
Total leads: 2669
Verified leads: 563

=== Tue Feb 17 07:16:02 AM UTC 2026 ===
Python agents running: 0
Total leads: 2669
Verified leads: 572

=== Tue Feb 17 07:21:02 AM UTC 2026 ===
Python agents running: 42
Total leads: 2669
Verified leads: 581

=== Tue Feb 17 07:26:02 AM UTC 2026 ===
Python agents running: 0
Total leads: 2669
Verified leads: 589

=== Tue Feb 17 07:31:02 AM UTC 2026 ===
Python agents running: 2
Total leads: 2669
Verified leads: 592

=== Tue Feb 17 07:36:02 AM UTC 2026 ===
Python agents running: 44
Total leads: 2669
Verified leads: 594

=== Tue Feb 17 07:41:02 AM UTC 2026 ===
Python agents running: 0
Total leads: 2669
Verified leads: 602

=== Tue Feb 17 07:46:02 AM UTC 2026 ===
Python agents running: 0
Total leads: 2669
Verified leads: 612

=== Tue Feb 17 07:51:02 AM UTC 2026 ===
Python agents running: 44
Total leads: 2669
Verified leads: 614

=== Tue Feb 17 07:56:02 AM UTC 2026 ===
Python agents running: 0
Total leads: 2669
Verified leads: 624

=== Tue Feb 17 08:01:02 AM UTC 2026 ===
Python agents running: 4
Total leads: 2669
Verified leads: 636

=== Tue Feb 17 08:06:02 AM UTC 2026 ===
Python agents running: 44
Total leads: 2669
Verified leads: 639

=== Tue Feb 17 08:11:03 AM UTC 2026 ===
Python agents running: 2
Total leads: 2669
Verified leads: 649

=== Tue Feb 17 08:16:03 AM UTC 2026 ===
Python agents running: 0
Total leads: 2669
Verified leads: 653

=== Tue Feb 17 08:21:03 AM UTC 2026 ===
Python agents running: 0
Total leads: 2669
Verified leads: 653

=== Tue Feb 17 08:26:03 AM UTC 2026 ===
Python agents running: 0
Total leads: 2669
Verified leads: 653

=== Tue Feb 17 08:31:03 AM UTC 2026 ===
Python agents running: 2
Total leads: 2669
Verified leads: 653

=== Tue Feb 17 08:36:03 AM UTC 2026 ===
Python agents running: 0
Total leads: 2669
Verified leads: 653

=== Tue Feb 17 08:41:03 AM UTC 2026 ===
Python agents running: 0
Total leads: 2669
Verified leads: 653

=== Tue Feb 17 08:46:03 AM UTC 2026 ===
Python agents running: 0
Total leads: 2669
Verified leads: 653

=== Tue Feb 17 08:51:03 AM UTC 2026 ===
Python agents running: 2
Total leads: 2669
Verified leads: 653

=== Tue Feb 17 08:56:03 AM UTC 2026 ===
Python agents running: 0
Total leads: 2669
Verified leads: 653

=== Tue Feb 17 09:01:03 AM UTC 2026 ===
Python agents running: 2
Total leads: 2669
Verified leads: 653

=== Tue Feb 17 09:06:03 AM UTC 2026 ===
Python agents running: 2
Total leads: 2669
Verified leads: 653

=== Tue Feb 17 09:11:03 AM UTC 2026 ===
Python agents running: 4
Total leads: 2669
Verified leads: 653

=== Tue Feb 17 09:16:03 AM UTC 2026 ===
Python agents running: 2
Total leads: 2669
Verified leads: 653

=== Tue Feb 17 09:21:03 AM UTC 2026 ===
Python agents running: 2
Total leads: 2669
Verified leads: 653

=== Tue Feb 17 09:26:03 AM UTC 2026 ===
Python agents running: 2
Total leads: 2669
Verified leads: 653

=== Tue Feb 17 09:31:03 AM UTC 2026 ===
Python agents running: 4
Total leads: 2669
Verified leads: 653

=== Tue Feb 17 09:36:04 AM UTC 2026 ===
Python agents running: 2
Total leads: 2669
Verified leads: 653

=== Tue Feb 17 09:41:04 AM UTC 2026 ===
Python agents running: 2
Total leads: 2669
Verified leads: 653

=== Tue Feb 17 09:46:04 AM UTC 2026 ===
Python agents running: 2
Total leads: 2669
Verified leads: 653

=== Tue Feb 17 09:51:04 AM UTC 2026 ===
Python agents running: 4
Total leads: 2669
Verified leads: 653

=== Tue Feb 17 09:56:04 AM UTC 2026 ===
Python agents running: 2
Total leads: 2669
Verified leads: 653

=== Tue Feb 17 10:01:04 AM UTC 2026 ===
Python agents running: 2
Total leads: 2669
Verified leads: 653

=== Tue Feb 17 10:06:04 AM UTC 2026 ===
Python agents running: 2
Total leads: 2669
Verified leads: 653

=== Tue Feb 17 10:11:04 AM UTC 2026 ===
Python agents running: 4
Total leads: 2669
Verified leads: 653

=== Tue Feb 17 10:16:04 AM UTC 2026 ===
Python agents running: 2
Total leads: 2669
Verified leads: 653

=== Tue Feb 17 10:21:04 AM UTC 2026 ===
Python agents running: 2
Total leads: 2669
Verified leads: 653

=== Tue Feb 17 10:26:04 AM UTC 2026 ===
Python agents running: 0
Total leads: 2669
Verified leads: 653

=== Tue Feb 17 10:31:04 AM UTC 2026 ===
Python agents running: 2
Total leads: 2669
Verified leads: 653

=== Tue Feb 17 10:36:04 AM UTC 2026 ===
Python agents running: 0
Total leads: 2669
Verified leads: 653

=== Tue Feb 17 10:41:04 AM UTC 2026 ===
Python agents running: 0
Total leads: 2669
Verified leads: 653

=== Tue Feb 17 10:46:04 AM UTC 2026 ===
Python agents running: 0
Total leads: 2669
Verified leads: 653

=== Tue Feb 17 10:51:04 AM UTC 2026 ===
Python agents running: 2
Total leads: 2669
Verified leads: 653

=== Tue Feb 17 10:56:04 AM UTC 2026 ===
Python agents running: 0
Total leads: 2669
Verified leads: 653

=== Tue Feb 17 11:01:04 AM UTC 2026 ===
Python agents running: 0
Total leads: 2669
Verified leads: 653

=== Tue Feb 17 11:06:05 AM UTC 2026 ===
Python agents running: 0
Total leads: 2669
Verified leads: 653

=== Tue Feb 17 11:11:05 AM UTC 2026 ===
Python agents running: 2
Total leads: 2669
Verified leads: 653

=== Tue Feb 17 11:16:05 AM UTC 2026 ===
Python agents running: 0
Total leads: 2669
Verified leads: 653

=== Tue Feb 17 11:21:05 AM UTC 2026 ===
Python agents running: 0
Total leads: 2669
Verified leads: 653

=== Tue Feb 17 11:26:05 AM UTC 2026 ===
Python agents running: 0
Total leads: 2669
Verified leads: 653

=== Tue Feb 17 11:31:05 AM UTC 2026 ===
Python agents running: 2
Total leads: 2669
Verified leads: 653

=== Tue Feb 17 11:36:05 AM UTC 2026 ===
Python agents running: 0
Total leads: 2669
Verified leads: 653

=== Tue Feb 17 11:41:05 AM UTC 2026 ===
Python agents running: 0
Total leads: 2669
Verified leads: 653

=== Tue Feb 17 11:46:05 AM UTC 2026 ===
Python agents running: 0
Total leads: 2669
Verified leads: 653

=== Tue Feb 17 11:51:05 AM UTC 2026 ===
Python agents running: 2
Total leads: 2669
Verified leads: 653

=== Tue Feb 17 11:56:05 AM UTC 2026 ===
Python agents running: 0
Total leads: 2669
Verified leads: 653

=== Tue Feb 17 12:01:05 PM UTC 2026 ===
Python agents running: 0
Total leads: 2669
Verified leads: 653

=== Tue Feb 17 12:06:05 PM UTC 2026 ===
Python agents running: 0
Total leads: 2669
Verified leads: 653

=== Tue Feb 17 12:11:05 PM UTC 2026 ===
Python agents running: 2
Total leads: 2669
Verified leads: 653

=== Tue Feb 17 12:16:05 PM UTC 2026 ===
Python agents running: 0
Total leads: 2669
Verified leads: 653

=== Tue Feb 17 12:21:05 PM UTC 2026 ===
Python agents running: 0
Total leads: 2669
Verified leads: 653

=== Tue Feb 17 12:26:05 PM UTC 2026 ===
Python agents running: 0
Total leads: 2669
Verified leads: 653

=== Tue Feb 17 12:31:06 PM UTC 2026 ===
Python agents running: 2
Total leads: 2669
Verified leads: 653

=== Tue Feb 17 12:36:06 PM UTC 2026 ===
Python agents running: 0
Total leads: 2669
Verified leads: 653

=== Tue Feb 17 12:41:06 PM UTC 2026 ===
Python agents running: 0
Total leads: 2669
Verified leads: 653

=== Tue Feb 17 12:46:06 PM UTC 2026 ===
Python agents running: 0
Total leads: 2669
Verified leads: 653

=== Tue Feb 17 12:51:06 PM UTC 2026 ===
Python agents running: 2
Total leads: 2669
Verified leads: 653

=== Tue Feb 17 12:56:06 PM UTC 2026 ===
Python agents running: 0
Total leads: 2669
Verified leads: 653

=== Tue Feb 17 01:01:06 PM UTC 2026 ===
Python agents running: 0
Total leads: 2669
Verified leads: 653

=== Tue Feb 17 01:06:06 PM UTC 2026 ===
Python agents running: 0
Total leads: 2669
Verified leads: 653

=== Tue Feb 17 01:11:06 PM UTC 2026 ===
Python agents running: 2
Total leads: 2669
Verified leads: 653

=== Tue Feb 17 01:16:06 PM UTC 2026 ===
Python agents running: 0
Total leads: 2669
Verified leads: 653

=== Tue Feb 17 01:21:06 PM UTC 2026 ===
Python agents running: 0
Total leads: 2669
Verified leads: 653

=== Tue Feb 17 01:26:06 PM UTC 2026 ===
Python agents running: 0
Total leads: 2669
Verified leads: 653

=== Tue Feb 17 01:31:06 PM UTC 2026 ===
Python agents running: 2
Total leads: 2669
Verified leads: 653

=== Tue Feb 17 01:36:06 PM UTC 2026 ===
Python agents running: 0
Total leads: 2669
Verified leads: 653

=== Tue Feb 17 01:41:06 PM UTC 2026 ===
Python agents running: 0
Total leads: 2669
Verified leads: 653

=== Tue Feb 17 01:46:06 PM UTC 2026 ===
Python agents running: 0
Total leads: 2669
Verified leads: 653

=== Tue Feb 17 01:51:06 PM UTC 2026 ===
Python agents running: 2
Total leads: 2669
Verified leads: 653

=== Tue Feb 17 01:56:07 PM UTC 2026 ===
Python agents running: 0
Total leads: 2669
Verified leads: 653

=== Tue Feb 17 02:01:07 PM UTC 2026 ===
Python agents running: 0
Total leads: 2669
Verified leads: 653

=== Tue Feb 17 02:06:07 PM UTC 2026 ===
Python agents running: 0
Total leads: 2669
Verified leads: 653

=== Tue Feb 17 02:11:07 PM UTC 2026 ===
Python agents running: 2
Total leads: 2669
Verified leads: 653

=== Tue Feb 17 02:16:07 PM UTC 2026 ===
Python agents running: 0
Total leads: 2669
Verified leads: 653

=== Tue Feb 17 02:21:07 PM UTC 2026 ===
Python agents running: 0
Total leads: 2669
Verified leads: 653

=== Tue Feb 17 02:26:07 PM UTC 2026 ===
Python agents running: 0
Total leads: 2669
Verified leads: 653

=== Tue Feb 17 02:31:07 PM UTC 2026 ===
Python agents running: 2
Total leads: 2669
Verified leads: 653

=== Tue Feb 17 02:36:07 PM UTC 2026 ===
Python agents running: 0
Total leads: 2669
Verified leads: 653

=== Tue Feb 17 02:41:07 PM UTC 2026 ===
Python agents running: 0
Total leads: 2669
Verified leads: 653

=== Tue Feb 17 02:46:07 PM UTC 2026 ===
Python agents running: 0
Total leads: 2669
Verified leads: 653

=== Tue Feb 17 02:51:07 PM UTC 2026 ===
Python agents running: 2
Total leads: 2669
Verified leads: 653

=== Tue Feb 17 02:56:07 PM UTC 2026 ===
Python agents running: 0
Total leads: 2669
Verified leads: 653

=== Tue Feb 17 03:01:07 PM UTC 2026 ===
Python agents running: 0
Total leads: 2669
Verified leads: 653

=== Tue Feb 17 03:06:07 PM UTC 2026 ===
Python agents running: 0
Total leads: 2669
Verified leads: 653

=== Tue Feb 17 03:11:07 PM UTC 2026 ===
Python agents running: 2
Total leads: 2669
Verified leads: 653

=== Tue Feb 17 03:16:08 PM UTC 2026 ===
Python agents running: 0
Total leads: 2669
Verified leads: 653

=== Tue Feb 17 03:21:08 PM UTC 2026 ===
Python agents running: 0
Total leads: 2669
Verified leads: 653

=== Tue Feb 17 03:26:08 PM UTC 2026 ===
Python agents running: 0
Total leads: 2669
Verified leads: 653

=== Tue Feb 17 03:31:08 PM UTC 2026 ===
Python agents running: 2
Total leads: 2669
Verified leads: 653

=== Tue Feb 17 03:36:08 PM UTC 2026 ===
Python agents running: 0
Total leads: 2669
Verified leads: 653

=== Tue Feb 17 03:41:08 PM UTC 2026 ===
Python agents running: 0
Total leads: 2669
Verified leads: 653

=== Tue Feb 17 03:46:08 PM UTC 2026 ===
Python agents running: 0
Total leads: 2669
Verified leads: 653

=== Tue Feb 17 03:51:08 PM UTC 2026 ===
Python agents running: 2
Total leads: 2669
Verified leads: 653

=== Tue Feb 17 03:56:08 PM UTC 2026 ===
Python agents running: 0
Total leads: 2669
Verified leads: 653

=== Tue Feb 17 04:01:08 PM UTC 2026 ===
Python agents running: 0
Total leads: 2669
Verified leads: 653

=== Tue Feb 17 04:06:08 PM UTC 2026 ===
Python agents running: 0
Total leads: 2669
Verified leads: 653

=== Tue Feb 17 04:11:08 PM UTC 2026 ===
Python agents running: 2
Total leads: 2669
Verified leads: 653

=== Tue Feb 17 04:16:08 PM UTC 2026 ===
Python agents running: 0
Total leads: 2669
Verified leads: 653

=== Tue Feb 17 04:21:08 PM UTC 2026 ===
Python agents running: 0
Total leads: 2669
Verified leads: 653

=== Tue Feb 17 04:26:08 PM UTC 2026 ===
Python agents running: 0
Total leads: 2669
Verified leads: 653

=== Tue Feb 17 04:31:08 PM UTC 2026 ===
Python agents running: 2
Total leads: 2669
Verified leads: 653

=== Tue Feb 17 04:36:08 PM UTC 2026 ===
Python agents running: 0
Total leads: 2669
Verified leads: 653

=== Tue Feb 17 04:41:08 PM UTC 2026 ===
Python agents running: 0
Total leads: 2669
Verified leads: 653

=== Tue Feb 17 04:46:09 PM UTC 2026 ===
Python agents running: 0
Total leads: 2669
Verified leads: 653

=== Tue Feb 17 04:51:09 PM UTC 2026 ===
Python agents running: 2
Total leads: 2669
Verified leads: 653

=== Tue Feb 17 04:56:09 PM UTC 2026 ===
Python agents running: 0
Total leads: 2669
Verified leads: 653

=== Tue Feb 17 05:01:09 PM UTC 2026 ===
Python agents running: 5
Total leads: 2669
Verified leads: 653

=== Tue Feb 17 05:06:09 PM UTC 2026 ===
Python agents running: 2
Total leads: 2669
Verified leads: 653

=== Tue Feb 17 05:11:09 PM UTC 2026 ===
Python agents running: 4
Total leads: 2669
Verified leads: 653

=== Tue Feb 17 05:16:09 PM UTC 2026 ===
Python agents running: 2
Total leads: 2669
Verified leads: 653

=== Tue Feb 17 05:21:09 PM UTC 2026 ===
Python agents running: 2
Total leads: 2669
Verified leads: 653

=== Tue Feb 17 05:26:09 PM UTC 2026 ===
Python agents running: 2
Total leads: 2669
Verified leads: 653

=== Tue Feb 17 05:31:09 PM UTC 2026 ===
Python agents running: 4
Total leads: 2669
Verified leads: 653

=== Tue Feb 17 05:36:09 PM UTC 2026 ===
Python agents running: 2
Total leads: 2669
Verified leads: 653

=== Tue Feb 17 05:41:09 PM UTC 2026 ===
Python agents running: 2
Total leads: 2669
Verified leads: 653

=== Tue Feb 17 05:46:09 PM UTC 2026 ===
Python agents running: 2
Total leads: 2669
Verified leads: 653

=== Tue Feb 17 05:51:09 PM UTC 2026 ===
Python agents running: 4
Total leads: 2669
Verified leads: 653

=== Tue Feb 17 05:56:09 PM UTC 2026 ===
Python agents running: 2
Total leads: 2669
Verified leads: 653

=== Tue Feb 17 06:01:09 PM UTC 2026 ===
Python agents running: 2
Total leads: 2669
Verified leads: 653

=== Tue Feb 17 06:06:09 PM UTC 2026 ===
Python agents running: 2
Total leads: 2669
Verified leads: 653

=== Tue Feb 17 06:11:09 PM UTC 2026 ===
Python agents running: 4
Total leads: 2669
Verified leads: 653

=== Tue Feb 17 06:16:10 PM UTC 2026 ===
Python agents running: 2
Total leads: 2669
Verified leads: 653

=== Tue Feb 17 06:21:10 PM UTC 2026 ===
Python agents running: 2
Total leads: 2669
Verified leads: 653

=== Tue Feb 17 06:26:10 PM UTC 2026 ===
Python agents running: 2
Total leads: 2669
Verified leads: 653

=== Tue Feb 17 06:31:10 PM UTC 2026 ===
Python agents running: 2
Total leads: 2669
Verified leads: 653

=== Tue Feb 17 06:36:10 PM UTC 2026 ===
Python agents running: 0
Total leads: 2669
Verified leads: 653

=== Tue Feb 17 06:41:10 PM UTC 2026 ===
Python agents running: 0
Total leads: 2669
Verified leads: 653

=== Tue Feb 17 06:46:10 PM UTC 2026 ===
Python agents running: 0
Total leads: 2669
Verified leads: 653

=== Tue Feb 17 06:51:10 PM UTC 2026 ===
Python agents running: 2
Total leads: 2669
Verified leads: 653

=== Tue Feb 17 06:56:10 PM UTC 2026 ===
Python agents running: 0
Total leads: 2669
Verified leads: 653

=== Tue Feb 17 07:01:10 PM UTC 2026 ===
Python agents running: 0
Total leads: 2669
Verified leads: 653

=== Tue Feb 17 07:06:10 PM UTC 2026 ===
Python agents running: 0
Total leads: 2669
Verified leads: 653

=== Tue Feb 17 07:11:10 PM UTC 2026 ===
Python agents running: 2
Total leads: 2669
Verified leads: 653

=== Tue Feb 17 07:16:10 PM UTC 2026 ===
Python agents running: 0
Total leads: 2669
Verified leads: 653

=== Tue Feb 17 07:21:10 PM UTC 2026 ===
Python agents running: 0
Total leads: 2669
Verified leads: 653

=== Tue Feb 17 07:26:10 PM UTC 2026 ===
Python agents running: 0
Total leads: 2669
Verified leads: 653

=== Tue Feb 17 07:31:10 PM UTC 2026 ===
Python agents running: 2
Total leads: 2669
Verified leads: 653

=== Tue Feb 17 07:36:10 PM UTC 2026 ===
Python agents running: 0
Total leads: 2669
Verified leads: 653

=== Tue Feb 17 07:41:11 PM UTC 2026 ===
Python agents running: 0
Total leads: 2669
Verified leads: 653

=== Tue Feb 17 07:46:11 PM UTC 2026 ===
Python agents running: 0
Total leads: 2669
Verified leads: 653

=== Tue Feb 17 07:51:11 PM UTC 2026 ===
Python agents running: 2
Total leads: 2669
Verified leads: 653

=== Tue Feb 17 07:56:11 PM UTC 2026 ===
Python agents running: 0
Total leads: 2669
Verified leads: 653

=== Tue Feb 17 08:01:11 PM UTC 2026 ===
Python agents running: 0
Total leads: 2669
Verified leads: 653

=== Tue Feb 17 08:06:11 PM UTC 2026 ===
Python agents running: 0
Total leads: 2669
Verified leads: 653

=== Tue Feb 17 08:11:11 PM UTC 2026 ===
Python agents running: 0
Total leads: 2669
Verified leads: 653

=== Tue Feb 17 08:16:11 PM UTC 2026 ===
Python agents running: 0
Total leads: 2669
Verified leads: 653

=== Tue Feb 17 08:21:11 PM UTC 2026 ===
Python agents running: 0
Total leads: 2669
Verified leads: 653

=== Tue Feb 17 08:26:11 PM UTC 2026 ===
Python agents running: 0
Total leads: 2669
Verified leads: 653

=== Tue Feb 17 08:31:11 PM UTC 2026 ===
Python agents running: 2
Total leads: 2669
Verified leads: 653

=== Tue Feb 17 08:36:11 PM UTC 2026 ===
Python agents running: 0
Total leads: 2669
Verified leads: 653

=== Tue Feb 17 08:41:11 PM UTC 2026 ===
Python agents running: 0
Total leads: 2669
Verified leads: 653

=== Tue Feb 17 08:46:11 PM UTC 2026 ===
Python agents running: 0
Total leads: 2669
Verified leads: 653

=== Tue Feb 17 08:51:12 PM UTC 2026 ===
Python agents running: 2
Total leads: 2669
Verified leads: 653

=== Tue Feb 17 08:56:12 PM UTC 2026 ===
Python agents running: 0
Total leads: 2669
Verified leads: 653

=== Tue Feb 17 09:01:12 PM UTC 2026 ===
Python agents running: 0
Total leads: 2669
Verified leads: 653

=== Tue Feb 17 09:06:12 PM UTC 2026 ===
Python agents running: 0
Total leads: 2669
Verified leads: 653

=== Tue Feb 17 09:11:12 PM UTC 2026 ===
Python agents running: 2
Total leads: 2669
Verified leads: 653

=== Tue Feb 17 09:16:12 PM UTC 2026 ===
Python agents running: 0
Total leads: 2669
Verified leads: 653

=== Tue Feb 17 09:21:12 PM UTC 2026 ===
Python agents running: 0
Total leads: 2669
Verified leads: 653

=== Tue Feb 17 09:26:12 PM UTC 2026 ===
Python agents running: 0
Total leads: 2669
Verified leads: 653

=== Tue Feb 17 09:31:12 PM UTC 2026 ===
Python agents running: 2
Total leads: 2669
Verified leads: 653

=== Tue Feb 17 09:36:12 PM UTC 2026 ===
Python agents running: 0
Total leads: 2669
Verified leads: 653

=== Tue Feb 17 09:41:12 PM UTC 2026 ===
Python agents running: 0
Total leads: 2669
Verified leads: 653

=== Tue Feb 17 09:46:12 PM UTC 2026 ===
Python agents running: 0
Total leads: 2669
Verified leads: 653

=== Tue Feb 17 09:51:12 PM UTC 2026 ===
Python agents running: 2
Total leads: 2669
Verified leads: 653

=== Tue Feb 17 09:56:12 PM UTC 2026 ===
Python agents running: 0
Total leads: 2669
Verified leads: 653

=== Tue Feb 17 10:01:12 PM UTC 2026 ===
Python agents running: 0
Total leads: 2669
Verified leads: 653

=== Tue Feb 17 10:06:13 PM UTC 2026 ===
Python agents running: 0
Total leads: 2669
Verified leads: 653

=== Tue Feb 17 10:11:13 PM UTC 2026 ===
Python agents running: 2
Total leads: 2669
Verified leads: 653

=== Tue Feb 17 10:16:13 PM UTC 2026 ===
Python agents running: 0
Total leads: 2669
Verified leads: 653

=== Tue Feb 17 10:21:13 PM UTC 2026 ===
Python agents running: 0
Total leads: 2669
Verified leads: 653

=== Tue Feb 17 10:26:13 PM UTC 2026 ===
Python agents running: 0
Total leads: 2669
Verified leads: 653

=== Tue Feb 17 10:31:13 PM UTC 2026 ===
Python agents running: 2
Total leads: 2669
Verified leads: 653

=== Tue Feb 17 10:36:13 PM UTC 2026 ===
Python agents running: 0
Total leads: 2669
Verified leads: 653

=== Tue Feb 17 10:41:13 PM UTC 2026 ===
Python agents running: 0
Total leads: 2669
Verified leads: 653

=== Tue Feb 17 10:46:13 PM UTC 2026 ===
Python agents running: 0
Total leads: 2669
Verified leads: 653

=== Tue Feb 17 10:51:13 PM UTC 2026 ===
Python agents running: 2
Total leads: 2669
Verified leads: 653

=== Tue Feb 17 10:56:13 PM UTC 2026 ===
Python agents running: 0
Total leads: 2669
Verified leads: 653

=== Tue Feb 17 11:01:13 PM UTC 2026 ===
Python agents running: 0
Total leads: 2669
Verified leads: 653

=== Tue Feb 17 11:06:13 PM UTC 2026 ===
Python agents running: 0
Total leads: 2669
Verified leads: 653

=== Tue Feb 17 11:11:13 PM UTC 2026 ===
Python agents running: 2
Total leads: 2669
Verified leads: 653

=== Tue Feb 17 11:16:14 PM UTC 2026 ===
Python agents running: 0
Total leads: 2669
Verified leads: 653

=== Tue Feb 17 11:21:14 PM UTC 2026 ===
Python agents running: 0
Total leads: 2669
Verified leads: 653

=== Tue Feb 17 11:26:14 PM UTC 2026 ===
Python agents running: 0
Total leads: 2669
Verified leads: 653

=== Tue Feb 17 11:31:14 PM UTC 2026 ===
Python agents running: 2
Total leads: 2669
Verified leads: 653

=== Tue Feb 17 11:36:14 PM UTC 2026 ===
Python agents running: 0
Total leads: 2669
Verified leads: 653

=== Tue Feb 17 11:41:14 PM UTC 2026 ===
Python agents running: 0
Total leads: 2669
Verified leads: 653

=== Tue Feb 17 11:46:14 PM UTC 2026 ===
Python agents running: 0
Total leads: 2669
Verified leads: 653

=== Tue Feb 17 11:51:14 PM UTC 2026 ===
Python agents running: 2
Total leads: 2669
Verified leads: 653

=== Tue Feb 17 11:56:14 PM UTC 2026 ===
Python agents running: 0
Total leads: 2669
Verified leads: 653

=== Wed Feb 18 12:01:14 AM UTC 2026 ===
Python agents running: 0
Total leads: 2669
Verified leads: 653

=== Wed Feb 18 12:06:14 AM UTC 2026 ===
Python agents running: 0
Total leads: 2669
Verified leads: 653

=== Wed Feb 18 12:11:14 AM UTC 2026 ===
Python agents running: 2
Total leads: 2669
Verified leads: 653

=== Wed Feb 18 12:16:14 AM UTC 2026 ===
Python agents running: 0
Total leads: 2669
Verified leads: 653

=== Wed Feb 18 12:21:14 AM UTC 2026 ===
Python agents running: 0
Total leads: 2669
Verified leads: 653

=== Wed Feb 18 12:26:14 AM UTC 2026 ===
Python agents running: 0
Total leads: 2669
Verified leads: 653

=== Wed Feb 18 12:31:15 AM UTC 2026 ===
Python agents running: 2
Total leads: 2669
Verified leads: 653

