[13:06:00] ============================================================
[13:06:00] FULL ORCHESTRATOR — ALL AGENTS RUNNING
[13:06:00] Duration: 8 hours | Agents: 5
[13:06:00] Start: 2026-02-12 13:06:00 UTC
[13:06:00] End:   2026-02-12 21:06:00 UTC
[13:06:00] ============================================================
[13:06:00] 
======================================== CYCLE 1 ========================================
[13:06:00] LEAD SCOUT: Starting cycle
[13:09:44] ============================================================
[13:09:44] FULL ORCHESTRATOR — ALL AGENTS RUNNING
[13:09:44] Duration: 8 hours | Agents: 5
[13:09:44] Start: 2026-02-12 13:09:44 UTC
[13:09:44] End:   2026-02-12 21:09:44 UTC
[13:09:44] ============================================================
[13:09:44] 
======================================== CYCLE 1 ========================================
[13:09:44] LEAD SCOUT: Starting cycle
[13:09:45]   [1/15] property management companies Stuart FL
[13:09:54]   [2/15] gutter guards Stuart FL
[13:10:03]   [3/15] site:craigslist.org kitchen renovation treasure coast FL
[13:10:11]   [4/15] site:craigslist.org handyman Stuart FL
[13:10:19]   [5/15] mobile detailing West Palm Beach FL
[13:10:28]   [6/15] handyman Stuart FL
[13:10:35]   [7/15] kitchen renovation contractor Naples FL
[13:10:44]   [8/15] property management Palm City FL
[13:10:52]   [9/15] general contractor Charlotte NC
[13:11:00]   [10/15] roofing contractor Stuart FL
[13:11:09]   [11/15] warehouse Stuart FL
[13:11:18]   [12/15] commercial cleaning company Stuart FL
[13:11:26]   [13/15] real estate investor Treasure Coast FL
[13:11:35]   [14/15] property management Jensen Beach FL
[13:11:43]   [15/15] epoxy flooring contractor Stuart FL
[13:11:52] LEAD SCOUT: +69 leads (total: 337)
[13:11:52] SEO ANALYST: Starting check
[13:11:52]   SEO: Checking 'kitchen renovation Stuart FL'
[13:11:59]   SEO: Checking 'kitchen renovation Palm City FL'
[13:12:05]   SEO: Checking 'bathroom remodel Stuart FL'
[13:12:12]   SEO: Checking 'kitchen remodel Jensen Beach FL'
[13:12:19]   SEO: Checking 'epoxy flooring Jensen Beach FL'
[13:12:25] SEO ANALYST: Wrote report to /home/chris/.openclaw/workspace/reports/seo/seo_2026-02-12.json
[13:12:25] SEO ANALYST: kmjk.pro found in 0/5 searches
[13:12:25] STRATEGY PLANNER: Starting report generation
[13:12:25] STRATEGY: Report written (337 leads, 0 drafts)
