=== Tue Feb 17 04:34:41 AM UTC 2026 ===
Total leads: 922
Verified: 320
Verification rate: 34.00%
Active agents: 11

=== Tue Feb 17 04:36:41 AM UTC 2026 ===
Total leads: 942
Verified: 321
Verification rate: 34.00%
Active agents: 11

=== Tue Feb 17 04:38:41 AM UTC 2026 ===
Total leads: 983
Verified: 321
Verification rate: 32.00%
Active agents: 11

=== Tue Feb 17 04:40:41 AM UTC 2026 ===
Total leads: 984
Verified: 333
Verification rate: 33.00%
Active agents: 7

=== Tue Feb 17 04:42:41 AM UTC 2026 ===
Total leads: 1000
Verified: 335
Verification rate: 33.00%
Active agents: 21

=== Tue Feb 17 04:44:41 AM UTC 2026 ===
Total leads: 1024
Verified: 334
Verification rate: 32.00%
Active agents: 9

=== Tue Feb 17 04:46:41 AM UTC 2026 ===
Total leads: 1024
Verified: 339
Verification rate: 33.00%
Active agents: 9

=== Tue Feb 17 04:48:42 AM UTC 2026 ===
Total leads: 1033
Verified: 339
Verification rate: 32.00%
Active agents: 29

=== Tue Feb 17 04:50:42 AM UTC 2026 ===
Total leads: 1048
Verified: 343
Verification rate: 32.00%
Active agents: 11

=== Tue Feb 17 04:52:42 AM UTC 2026 ===
Total leads: 1196
Verified: 347
Verification rate: 29.00%
Active agents: 9

=== Tue Feb 17 04:54:42 AM UTC 2026 ===
Total leads: 1241
Verified: 352
Verification rate: 28.00%
Active agents: 37

=== Tue Feb 17 04:56:42 AM UTC 2026 ===
Total leads: 1257
Verified: 353
Verification rate: 28.00%
Active agents: 11

=== Tue Feb 17 04:58:42 AM UTC 2026 ===
Total leads: 1257
Verified: 354
Verification rate: 28.00%
Active agents: 5

=== Tue Feb 17 05:00:42 AM UTC 2026 ===
Total leads: 1257
Verified: 359
Verification rate: 28.00%
Active agents: 41

=== Tue Feb 17 05:02:42 AM UTC 2026 ===
Total leads: 1290
Verified: 355
Verification rate: 27.00%
Active agents: 7

=== Tue Feb 17 05:04:42 AM UTC 2026 ===
Total leads: 1313
Verified: 359
Verification rate: 27.00%
Active agents: 9

=== Tue Feb 17 05:06:42 AM UTC 2026 ===
Total leads: 1334
Verified: 363
Verification rate: 27.00%
Active agents: 45

=== Tue Feb 17 05:08:42 AM UTC 2026 ===
Total leads: 1334
Verified: 363
Verification rate: 27.00%
Active agents: 11

=== Tue Feb 17 05:10:43 AM UTC 2026 ===
Total leads: 1334
Verified: 370
Verification rate: 27.00%
Active agents: 17

=== Tue Feb 17 05:12:43 AM UTC 2026 ===
Total leads: 1334
Verified: 373
Verification rate: 27.00%
Active agents: 65

=== Tue Feb 17 05:14:43 AM UTC 2026 ===
Total leads: 2669
Verified: 375
Verification rate: 14.00%
Active agents: 5

=== Tue Feb 17 05:16:43 AM UTC 2026 ===
Total leads: 2669
Verified: 382
Verification rate: 14.00%
Active agents: 13

=== Tue Feb 17 05:18:43 AM UTC 2026 ===
Total leads: 2669
Verified: 389
Verification rate: 14.00%
Active agents: 67

=== Tue Feb 17 05:20:43 AM UTC 2026 ===
Total leads: 2669
Verified: 388
Verification rate: 14.00%
Active agents: 11

=== Tue Feb 17 05:22:43 AM UTC 2026 ===
Total leads: 2669
Verified: 395
Verification rate: 14.00%
Active agents: 11

=== Tue Feb 17 05:24:43 AM UTC 2026 ===
Total leads: 2669
Verified: 396
Verification rate: 14.00%
Active agents: 69

=== Tue Feb 17 05:26:43 AM UTC 2026 ===
Total leads: 2669
Verified: 397
Verification rate: 14.00%
Active agents: 9

=== Tue Feb 17 05:28:43 AM UTC 2026 ===
Total leads: 2669
Verified: 404
Verification rate: 15.00%
Active agents: 7

=== Tue Feb 17 05:30:43 AM UTC 2026 ===
Total leads: 2669
Verified: 406
Verification rate: 15.00%
Active agents: 64

=== Tue Feb 17 05:32:43 AM UTC 2026 ===
Total leads: 2669
Verified: 409
Verification rate: 15.00%
Active agents: 5

=== Tue Feb 17 05:34:43 AM UTC 2026 ===
Total leads: 2669
Verified: 416
Verification rate: 15.00%
Active agents: 5

=== Tue Feb 17 05:36:43 AM UTC 2026 ===
Total leads: 2669
Verified: 423
Verification rate: 15.00%
Active agents: 59

=== Tue Feb 17 05:38:44 AM UTC 2026 ===
Total leads: 2669
Verified: 422
Verification rate: 15.00%
Active agents: 8

=== Tue Feb 17 05:40:44 AM UTC 2026 ===
Total leads: 2669
Verified: 426
Verification rate: 15.00%
Active agents: 14

=== Tue Feb 17 05:42:44 AM UTC 2026 ===
Total leads: 2669
Verified: 432
Verification rate: 16.00%
Active agents: 64

=== Tue Feb 17 05:44:44 AM UTC 2026 ===
Total leads: 2669
Verified: 430
Verification rate: 16.00%
Active agents: 8

=== Tue Feb 17 05:46:44 AM UTC 2026 ===
Total leads: 2669
Verified: 434
Verification rate: 16.00%
Active agents: 12

=== Tue Feb 17 05:48:44 AM UTC 2026 ===
Total leads: 2669
Verified: 441
Verification rate: 16.00%
Active agents: 66

=== Tue Feb 17 05:50:44 AM UTC 2026 ===
Total leads: 2669
Verified: 445
Verification rate: 16.00%
Active agents: 14

=== Tue Feb 17 05:52:44 AM UTC 2026 ===
Total leads: 2669
Verified: 449
Verification rate: 16.00%
Active agents: 8

=== Tue Feb 17 05:54:44 AM UTC 2026 ===
Total leads: 2669
Verified: 453
Verification rate: 16.00%
Active agents: 64

=== Tue Feb 17 05:56:44 AM UTC 2026 ===
Total leads: 2669
Verified: 455
Verification rate: 17.00%
Active agents: 8

=== Tue Feb 17 05:58:44 AM UTC 2026 ===
Total leads: 2669
Verified: 462
Verification rate: 17.00%
Active agents: 8

=== Tue Feb 17 06:00:44 AM UTC 2026 ===
Total leads: 2669
Verified: 466
Verification rate: 17.00%
Active agents: 70

=== Tue Feb 17 06:02:44 AM UTC 2026 ===
Total leads: 2669
Verified: 471
Verification rate: 17.00%
Active agents: 8

=== Tue Feb 17 06:04:45 AM UTC 2026 ===
Total leads: 2669
Verified: 475
Verification rate: 17.00%
Active agents: 8

=== Tue Feb 17 06:06:45 AM UTC 2026 ===
Total leads: 2669
Verified: 483
Verification rate: 18.00%
Active agents: 62

=== Tue Feb 17 06:08:45 AM UTC 2026 ===
Total leads: 2669
Verified: 479
Verification rate: 17.00%
Active agents: 8

=== Tue Feb 17 06:10:45 AM UTC 2026 ===
Total leads: 2669
Verified: 481
Verification rate: 18.00%
Active agents: 14

=== Tue Feb 17 06:12:45 AM UTC 2026 ===
Total leads: 2669
Verified: 485
Verification rate: 18.00%
Active agents: 64

=== Tue Feb 17 06:14:45 AM UTC 2026 ===
Total leads: 2669
Verified: 485
Verification rate: 18.00%
Active agents: 8

=== Tue Feb 17 06:16:45 AM UTC 2026 ===
Total leads: 2669
Verified: 487
Verification rate: 18.00%
Active agents: 8

=== Tue Feb 17 06:18:45 AM UTC 2026 ===
Total leads: 2669
Verified: 489
Verification rate: 18.00%
Active agents: 58

=== Tue Feb 17 06:20:45 AM UTC 2026 ===
Total leads: 2669
Verified: 492
Verification rate: 18.00%
Active agents: 8

=== Tue Feb 17 06:22:45 AM UTC 2026 ===
Total leads: 2669
Verified: 496
Verification rate: 18.00%
Active agents: 8

=== Tue Feb 17 06:24:45 AM UTC 2026 ===
Total leads: 2669
Verified: 497
Verification rate: 18.00%
Active agents: 52

=== Tue Feb 17 06:26:45 AM UTC 2026 ===
Total leads: 2669
Verified: 502
Verification rate: 18.00%
Active agents: 8

=== Tue Feb 17 06:28:45 AM UTC 2026 ===
Total leads: 2669
Verified: 509
Verification rate: 19.00%
Active agents: 12

=== Tue Feb 17 06:30:45 AM UTC 2026 ===
Total leads: 2669
Verified: 508
Verification rate: 19.00%
Active agents: 72

=== Tue Feb 17 06:32:46 AM UTC 2026 ===
Total leads: 2669
Verified: 512
Verification rate: 19.00%
Active agents: 10

=== Tue Feb 17 06:34:46 AM UTC 2026 ===
Total leads: 2669
Verified: 520
Verification rate: 19.00%
Active agents: 10

=== Tue Feb 17 06:36:46 AM UTC 2026 ===
Total leads: 2669
Verified: 523
Verification rate: 19.00%
Active agents: 58

=== Tue Feb 17 06:38:46 AM UTC 2026 ===
Total leads: 2669
Verified: 528
Verification rate: 19.00%
Active agents: 10

=== Tue Feb 17 06:40:46 AM UTC 2026 ===
Total leads: 2669
Verified: 531
Verification rate: 19.00%
Active agents: 14

=== Tue Feb 17 06:42:46 AM UTC 2026 ===
Total leads: 2669
Verified: 534
Verification rate: 20.00%
Active agents: 56

=== Tue Feb 17 06:44:46 AM UTC 2026 ===
Total leads: 2669
Verified: 533
Verification rate: 19.00%
Active agents: 10

=== Tue Feb 17 06:46:46 AM UTC 2026 ===
Total leads: 2669
Verified: 534
Verification rate: 20.00%
Active agents: 10

=== Tue Feb 17 06:48:46 AM UTC 2026 ===
Total leads: 2669
Verified: 535
Verification rate: 20.00%
Active agents: 56

=== Tue Feb 17 06:50:46 AM UTC 2026 ===
Total leads: 2669
Verified: 537
Verification rate: 20.00%
Active agents: 14

=== Tue Feb 17 06:52:46 AM UTC 2026 ===
Total leads: 2669
Verified: 539
Verification rate: 20.00%
Active agents: 8

=== Tue Feb 17 06:54:46 AM UTC 2026 ===
Total leads: 2669
Verified: 542
Verification rate: 20.00%
Active agents: 48

=== Tue Feb 17 06:56:47 AM UTC 2026 ===
Total leads: 2669
Verified: 541
Verification rate: 20.00%
Active agents: 8

=== Tue Feb 17 06:58:47 AM UTC 2026 ===
Total leads: 2669
Verified: 546
Verification rate: 20.00%
Active agents: 8

=== Tue Feb 17 07:00:47 AM UTC 2026 ===
Total leads: 2669
Verified: 547
Verification rate: 20.00%
Active agents: 54

=== Tue Feb 17 07:02:47 AM UTC 2026 ===
Total leads: 2669
Verified: 551
Verification rate: 20.00%
Active agents: 8

=== Tue Feb 17 07:04:47 AM UTC 2026 ===
Total leads: 2669
Verified: 556
Verification rate: 20.00%
Active agents: 8

=== Tue Feb 17 07:06:47 AM UTC 2026 ===
Total leads: 2669
Verified: 559
Verification rate: 20.00%
Active agents: 44

=== Tue Feb 17 07:08:47 AM UTC 2026 ===
Total leads: 2669
Verified: 561
Verification rate: 21.00%
Active agents: 8

=== Tue Feb 17 07:10:47 AM UTC 2026 ===
Total leads: 2669
Verified: 563
Verification rate: 21.00%
Active agents: 14

=== Tue Feb 17 07:12:47 AM UTC 2026 ===
Total leads: 2669
Verified: 566
Verification rate: 21.00%
Active agents: 44

=== Tue Feb 17 07:14:47 AM UTC 2026 ===
Total leads: 2669
Verified: 567
Verification rate: 21.00%
Active agents: 8

=== Tue Feb 17 07:16:47 AM UTC 2026 ===
Total leads: 2669
Verified: 572
Verification rate: 21.00%
Active agents: 8

=== Tue Feb 17 07:18:47 AM UTC 2026 ===
Total leads: 2669
Verified: 575
Verification rate: 21.00%
Active agents: 38

=== Tue Feb 17 07:20:47 AM UTC 2026 ===
Total leads: 2669
Verified: 581
Verification rate: 21.00%
Active agents: 14

=== Tue Feb 17 07:22:48 AM UTC 2026 ===
Total leads: 2669
Verified: 583
Verification rate: 21.00%
Active agents: 12

=== Tue Feb 17 07:24:48 AM UTC 2026 ===
Total leads: 2669
Verified: 588
Verification rate: 22.00%
Active agents: 42

=== Tue Feb 17 07:26:48 AM UTC 2026 ===
Total leads: 2669
Verified: 589
Verification rate: 22.00%
Active agents: 8

=== Tue Feb 17 07:28:48 AM UTC 2026 ===
Total leads: 2669
Verified: 590
Verification rate: 22.00%
Active agents: 8

=== Tue Feb 17 07:30:48 AM UTC 2026 ===
Total leads: 2669
Verified: 591
Verification rate: 22.00%
Active agents: 46

=== Tue Feb 17 07:32:48 AM UTC 2026 ===
Total leads: 2669
Verified: 592
Verification rate: 22.00%
Active agents: 8

=== Tue Feb 17 07:34:48 AM UTC 2026 ===
Total leads: 2669
Verified: 594
Verification rate: 22.00%
Active agents: 8

=== Tue Feb 17 07:36:48 AM UTC 2026 ===
Total leads: 2669
Verified: 596
Verification rate: 22.00%
Active agents: 26

=== Tue Feb 17 07:38:48 AM UTC 2026 ===
Total leads: 2669
Verified: 599
Verification rate: 22.00%
Active agents: 8

=== Tue Feb 17 07:40:48 AM UTC 2026 ===
Total leads: 2669
Verified: 602
Verification rate: 22.00%
Active agents: 14

=== Tue Feb 17 07:42:48 AM UTC 2026 ===
Total leads: 2669
Verified: 604
Verification rate: 22.00%
Active agents: 28

=== Tue Feb 17 07:44:48 AM UTC 2026 ===
Total leads: 2669
Verified: 607
Verification rate: 22.00%
Active agents: 8

=== Tue Feb 17 07:46:48 AM UTC 2026 ===
Total leads: 2669
Verified: 612
Verification rate: 22.00%
Active agents: 8

=== Tue Feb 17 07:48:49 AM UTC 2026 ===
Total leads: 2669
Verified: 615
Verification rate: 23.00%
Active agents: 26

=== Tue Feb 17 07:50:49 AM UTC 2026 ===
Total leads: 2669
Verified: 614
Verification rate: 23.00%
Active agents: 10

=== Tue Feb 17 07:52:49 AM UTC 2026 ===
Total leads: 2669
Verified: 617
Verification rate: 23.00%
Active agents: 8

=== Tue Feb 17 07:54:49 AM UTC 2026 ===
Total leads: 2669
Verified: 620
Verification rate: 23.00%
Active agents: 24

=== Tue Feb 17 07:56:49 AM UTC 2026 ===
Total leads: 2669
Verified: 624
Verification rate: 23.00%
Active agents: 8

=== Tue Feb 17 07:58:49 AM UTC 2026 ===
Total leads: 2669
Verified: 631
Verification rate: 23.00%
Active agents: 8

=== Tue Feb 17 08:00:49 AM UTC 2026 ===
Total leads: 2669
Verified: 633
Verification rate: 23.00%
Active agents: 33

=== Tue Feb 17 08:02:49 AM UTC 2026 ===
Total leads: 2669
Verified: 636
Verification rate: 23.00%
Active agents: 8

=== Tue Feb 17 08:04:49 AM UTC 2026 ===
Total leads: 2669
Verified: 639
Verification rate: 23.00%
Active agents: 8

=== Tue Feb 17 08:06:49 AM UTC 2026 ===
Total leads: 2669
Verified: 643
Verification rate: 24.00%
Active agents: 22

=== Tue Feb 17 08:08:49 AM UTC 2026 ===
Total leads: 2669
Verified: 644
Verification rate: 24.00%
Active agents: 8

=== Tue Feb 17 08:10:49 AM UTC 2026 ===
Total leads: 2669
Verified: 649
Verification rate: 24.00%
Active agents: 10

=== Tue Feb 17 08:12:49 AM UTC 2026 ===
Total leads: 2669
Verified: 652
Verification rate: 24.00%
Active agents: 22

=== Tue Feb 17 08:14:50 AM UTC 2026 ===
Total leads: 2669
Verified: 651
Verification rate: 24.00%
Active agents: 8

=== Tue Feb 17 08:16:50 AM UTC 2026 ===
Total leads: 2669
Verified: 653
Verification rate: 24.00%
Active agents: 8

=== Tue Feb 17 08:18:50 AM UTC 2026 ===
Total leads: 2669
Verified: 653
Verification rate: 24.00%
Active agents: 84

=== Tue Feb 17 08:20:50 AM UTC 2026 ===
Total leads: 2669
Verified: 653
Verification rate: 24.00%
Active agents: 10

=== Tue Feb 17 08:22:50 AM UTC 2026 ===
Total leads: 2669
Verified: 653
Verification rate: 24.00%
Active agents: 8

=== Tue Feb 17 08:24:50 AM UTC 2026 ===
Total leads: 2669
Verified: 653
Verification rate: 24.00%
Active agents: 8

=== Tue Feb 17 08:26:50 AM UTC 2026 ===
Total leads: 2669
Verified: 653
Verification rate: 24.00%
Active agents: 8

=== Tue Feb 17 08:28:50 AM UTC 2026 ===
Total leads: 2669
Verified: 653
Verification rate: 24.00%
Active agents: 8

=== Tue Feb 17 08:30:50 AM UTC 2026 ===
Total leads: 2669
Verified: 653
Verification rate: 24.00%
Active agents: 12

=== Tue Feb 17 08:32:50 AM UTC 2026 ===
Total leads: 2669
Verified: 653
Verification rate: 24.00%
Active agents: 10

=== Tue Feb 17 08:34:50 AM UTC 2026 ===
Total leads: 2669
Verified: 653
Verification rate: 24.00%
Active agents: 10

=== Tue Feb 17 08:36:50 AM UTC 2026 ===
Total leads: 2669
Verified: 653
Verification rate: 24.00%
Active agents: 10

=== Tue Feb 17 08:38:50 AM UTC 2026 ===
Total leads: 2669
Verified: 653
Verification rate: 24.00%
Active agents: 10

=== Tue Feb 17 08:40:51 AM UTC 2026 ===
Total leads: 2669
Verified: 653
Verification rate: 24.00%
Active agents: 10

=== Tue Feb 17 08:42:51 AM UTC 2026 ===
Total leads: 2669
Verified: 653
Verification rate: 24.00%
Active agents: 10

=== Tue Feb 17 08:44:51 AM UTC 2026 ===
Total leads: 2669
Verified: 653
Verification rate: 24.00%
Active agents: 10

=== Tue Feb 17 08:46:51 AM UTC 2026 ===
Total leads: 2669
Verified: 653
Verification rate: 24.00%
Active agents: 10

=== Tue Feb 17 08:48:51 AM UTC 2026 ===
Total leads: 2669
Verified: 653
Verification rate: 24.00%
Active agents: 10

=== Tue Feb 17 08:50:51 AM UTC 2026 ===
Total leads: 2669
Verified: 653
Verification rate: 24.00%
Active agents: 10

=== Tue Feb 17 08:52:51 AM UTC 2026 ===
Total leads: 2669
Verified: 653
Verification rate: 24.00%
Active agents: 8

=== Tue Feb 17 08:54:51 AM UTC 2026 ===
Total leads: 2669
Verified: 653
Verification rate: 24.00%
Active agents: 8

=== Tue Feb 17 08:56:51 AM UTC 2026 ===
Total leads: 2669
Verified: 653
Verification rate: 24.00%
Active agents: 8

=== Tue Feb 17 08:58:51 AM UTC 2026 ===
Total leads: 2669
Verified: 653
Verification rate: 24.00%
Active agents: 8

=== Tue Feb 17 09:00:51 AM UTC 2026 ===
Total leads: 2669
Verified: 653
Verification rate: 24.00%
Active agents: 10

=== Tue Feb 17 09:02:51 AM UTC 2026 ===
Total leads: 2669
Verified: 653
Verification rate: 24.00%
Active agents: 10

=== Tue Feb 17 09:04:51 AM UTC 2026 ===
Total leads: 2669
Verified: 653
Verification rate: 24.00%
Active agents: 10

=== Tue Feb 17 09:06:51 AM UTC 2026 ===
Total leads: 2669
Verified: 653
Verification rate: 24.00%
Active agents: 10

=== Tue Feb 17 09:08:51 AM UTC 2026 ===
Total leads: 2669
Verified: 653
Verification rate: 24.00%
Active agents: 10

=== Tue Feb 17 09:10:51 AM UTC 2026 ===
Total leads: 2669
Verified: 653
Verification rate: 24.00%
Active agents: 12

=== Tue Feb 17 09:12:52 AM UTC 2026 ===
Total leads: 2669
Verified: 653
Verification rate: 24.00%
Active agents: 10

=== Tue Feb 17 09:14:52 AM UTC 2026 ===
Total leads: 2669
Verified: 653
Verification rate: 24.00%
Active agents: 10

=== Tue Feb 17 09:16:52 AM UTC 2026 ===
Total leads: 2669
Verified: 653
Verification rate: 24.00%
Active agents: 10

=== Tue Feb 17 09:18:52 AM UTC 2026 ===
Total leads: 2669
Verified: 653
Verification rate: 24.00%
Active agents: 12

=== Tue Feb 17 09:20:52 AM UTC 2026 ===
Total leads: 2669
Verified: 653
Verification rate: 24.00%
Active agents: 10

=== Tue Feb 17 09:22:52 AM UTC 2026 ===
Total leads: 2669
Verified: 653
Verification rate: 24.00%
Active agents: 10

=== Tue Feb 17 09:24:52 AM UTC 2026 ===
Total leads: 2669
Verified: 653
Verification rate: 24.00%
Active agents: 10

=== Tue Feb 17 09:26:52 AM UTC 2026 ===
Total leads: 2669
Verified: 653
Verification rate: 24.00%
Active agents: 10

=== Tue Feb 17 09:28:52 AM UTC 2026 ===
Total leads: 2669
Verified: 653
Verification rate: 24.00%
Active agents: 10

=== Tue Feb 17 09:30:52 AM UTC 2026 ===
Total leads: 2669
Verified: 653
Verification rate: 24.00%
Active agents: 12

=== Tue Feb 17 09:32:52 AM UTC 2026 ===
Total leads: 2669
Verified: 653
Verification rate: 24.00%
Active agents: 10

=== Tue Feb 17 09:34:52 AM UTC 2026 ===
Total leads: 2669
Verified: 653
Verification rate: 24.00%
Active agents: 10

=== Tue Feb 17 09:36:52 AM UTC 2026 ===
Total leads: 2669
Verified: 653
Verification rate: 24.00%
Active agents: 10

=== Tue Feb 17 09:38:52 AM UTC 2026 ===
Total leads: 2669
Verified: 653
Verification rate: 24.00%
Active agents: 10

=== Tue Feb 17 09:40:52 AM UTC 2026 ===
Total leads: 2669
Verified: 653
Verification rate: 24.00%
Active agents: 10

=== Tue Feb 17 09:42:53 AM UTC 2026 ===
Total leads: 2669
Verified: 653
Verification rate: 24.00%
Active agents: 10

=== Tue Feb 17 09:44:53 AM UTC 2026 ===
Total leads: 2669
Verified: 653
Verification rate: 24.00%
Active agents: 10

=== Tue Feb 17 09:46:53 AM UTC 2026 ===
Total leads: 2669
Verified: 653
Verification rate: 24.00%
Active agents: 10

=== Tue Feb 17 09:48:53 AM UTC 2026 ===
Total leads: 2669
Verified: 653
Verification rate: 24.00%
Active agents: 12

=== Tue Feb 17 09:50:53 AM UTC 2026 ===
Total leads: 2669
Verified: 653
Verification rate: 24.00%
Active agents: 12

=== Tue Feb 17 09:52:53 AM UTC 2026 ===
Total leads: 2669
Verified: 653
Verification rate: 24.00%
Active agents: 10

=== Tue Feb 17 09:54:53 AM UTC 2026 ===
Total leads: 2669
Verified: 653
Verification rate: 24.00%
Active agents: 10

=== Tue Feb 17 09:56:53 AM UTC 2026 ===
Total leads: 2669
Verified: 653
Verification rate: 24.00%
Active agents: 10

=== Tue Feb 17 09:58:53 AM UTC 2026 ===
Total leads: 2669
Verified: 653
Verification rate: 24.00%
Active agents: 10

=== Tue Feb 17 10:00:53 AM UTC 2026 ===
Total leads: 2669
Verified: 653
Verification rate: 24.00%
Active agents: 10

=== Tue Feb 17 10:02:53 AM UTC 2026 ===
Total leads: 2669
Verified: 653
Verification rate: 24.00%
Active agents: 10

=== Tue Feb 17 10:04:53 AM UTC 2026 ===
Total leads: 2669
Verified: 653
Verification rate: 24.00%
Active agents: 10

=== Tue Feb 17 10:06:53 AM UTC 2026 ===
Total leads: 2669
Verified: 653
Verification rate: 24.00%
Active agents: 10

=== Tue Feb 17 10:08:53 AM UTC 2026 ===
Total leads: 2669
Verified: 653
Verification rate: 24.00%
Active agents: 10

=== Tue Feb 17 10:10:53 AM UTC 2026 ===
Total leads: 2669
Verified: 653
Verification rate: 24.00%
Active agents: 12

=== Tue Feb 17 10:12:53 AM UTC 2026 ===
Total leads: 2669
Verified: 653
Verification rate: 24.00%
Active agents: 10

=== Tue Feb 17 10:14:53 AM UTC 2026 ===
Total leads: 2669
Verified: 653
Verification rate: 24.00%
Active agents: 10

=== Tue Feb 17 10:16:54 AM UTC 2026 ===
Total leads: 2669
Verified: 653
Verification rate: 24.00%
Active agents: 10

=== Tue Feb 17 10:18:54 AM UTC 2026 ===
Total leads: 2669
Verified: 653
Verification rate: 24.00%
Active agents: 12

=== Tue Feb 17 10:20:54 AM UTC 2026 ===
Total leads: 2669
Verified: 653
Verification rate: 24.00%
Active agents: 10

=== Tue Feb 17 10:22:54 AM UTC 2026 ===
Total leads: 2669
Verified: 653
Verification rate: 24.00%
Active agents: 10

=== Tue Feb 17 10:24:54 AM UTC 2026 ===
Total leads: 2669
Verified: 653
Verification rate: 24.00%
Active agents: 10

=== Tue Feb 17 10:26:54 AM UTC 2026 ===
Total leads: 2669
Verified: 653
Verification rate: 24.00%
Active agents: 8

=== Tue Feb 17 10:28:54 AM UTC 2026 ===
Total leads: 2669
Verified: 653
Verification rate: 24.00%
Active agents: 8

=== Tue Feb 17 10:30:54 AM UTC 2026 ===
Total leads: 2669
Verified: 653
Verification rate: 24.00%
Active agents: 12

=== Tue Feb 17 10:32:54 AM UTC 2026 ===
Total leads: 2669
Verified: 653
Verification rate: 24.00%
Active agents: 10

=== Tue Feb 17 10:34:54 AM UTC 2026 ===
Total leads: 2669
Verified: 653
Verification rate: 24.00%
Active agents: 10

=== Tue Feb 17 10:36:54 AM UTC 2026 ===
Total leads: 2669
Verified: 653
Verification rate: 24.00%
Active agents: 10

=== Tue Feb 17 10:38:54 AM UTC 2026 ===
Total leads: 2669
Verified: 653
Verification rate: 24.00%
Active agents: 10

=== Tue Feb 17 10:40:54 AM UTC 2026 ===
Total leads: 2669
Verified: 653
Verification rate: 24.00%
Active agents: 10

=== Tue Feb 17 10:42:54 AM UTC 2026 ===
Total leads: 2669
Verified: 653
Verification rate: 24.00%
Active agents: 8

=== Tue Feb 17 10:44:54 AM UTC 2026 ===
Total leads: 2669
Verified: 653
Verification rate: 24.00%
Active agents: 8

=== Tue Feb 17 10:46:55 AM UTC 2026 ===
Total leads: 2669
Verified: 653
Verification rate: 24.00%
Active agents: 8

=== Tue Feb 17 10:48:55 AM UTC 2026 ===
Total leads: 2669
Verified: 653
Verification rate: 24.00%
Active agents: 10

=== Tue Feb 17 10:50:55 AM UTC 2026 ===
Total leads: 2669
Verified: 653
Verification rate: 24.00%
Active agents: 10

=== Tue Feb 17 10:52:55 AM UTC 2026 ===
Total leads: 2669
Verified: 653
Verification rate: 24.00%
Active agents: 8

=== Tue Feb 17 10:54:55 AM UTC 2026 ===
Total leads: 2669
Verified: 653
Verification rate: 24.00%
Active agents: 8

=== Tue Feb 17 10:56:55 AM UTC 2026 ===
Total leads: 2669
Verified: 653
Verification rate: 24.00%
Active agents: 8

=== Tue Feb 17 10:58:55 AM UTC 2026 ===
Total leads: 2669
Verified: 653
Verification rate: 24.00%
Active agents: 8

=== Tue Feb 17 11:00:55 AM UTC 2026 ===
Total leads: 2669
Verified: 653
Verification rate: 24.00%
Active agents: 8

=== Tue Feb 17 11:02:55 AM UTC 2026 ===
Total leads: 2669
Verified: 653
Verification rate: 24.00%
Active agents: 8

=== Tue Feb 17 11:04:55 AM UTC 2026 ===
Total leads: 2669
Verified: 653
Verification rate: 24.00%
Active agents: 8

=== Tue Feb 17 11:06:55 AM UTC 2026 ===
Total leads: 2669
Verified: 653
Verification rate: 24.00%
Active agents: 8

=== Tue Feb 17 11:08:55 AM UTC 2026 ===
Total leads: 2669
Verified: 653
Verification rate: 24.00%
Active agents: 8

=== Tue Feb 17 11:10:55 AM UTC 2026 ===
Total leads: 2669
Verified: 653
Verification rate: 24.00%
Active agents: 10

=== Tue Feb 17 11:12:55 AM UTC 2026 ===
Total leads: 2669
Verified: 653
Verification rate: 24.00%
Active agents: 8

=== Tue Feb 17 11:14:55 AM UTC 2026 ===
Total leads: 2669
Verified: 653
Verification rate: 24.00%
Active agents: 8

=== Tue Feb 17 11:16:56 AM UTC 2026 ===
Total leads: 2669
Verified: 653
Verification rate: 24.00%
Active agents: 8

=== Tue Feb 17 11:18:56 AM UTC 2026 ===
Total leads: 2669
Verified: 653
Verification rate: 24.00%
Active agents: 10

=== Tue Feb 17 11:20:56 AM UTC 2026 ===
Total leads: 2669
Verified: 653
Verification rate: 24.00%
Active agents: 8

=== Tue Feb 17 11:22:56 AM UTC 2026 ===
Total leads: 2669
Verified: 653
Verification rate: 24.00%
Active agents: 8

=== Tue Feb 17 11:24:56 AM UTC 2026 ===
Total leads: 2669
Verified: 653
Verification rate: 24.00%
Active agents: 8

=== Tue Feb 17 11:26:56 AM UTC 2026 ===
Total leads: 2669
Verified: 653
Verification rate: 24.00%
Active agents: 8

=== Tue Feb 17 11:28:56 AM UTC 2026 ===
Total leads: 2669
Verified: 653
Verification rate: 24.00%
Active agents: 8

=== Tue Feb 17 11:30:56 AM UTC 2026 ===
Total leads: 2669
Verified: 653
Verification rate: 24.00%
Active agents: 10

=== Tue Feb 17 11:32:56 AM UTC 2026 ===
Total leads: 2669
Verified: 653
Verification rate: 24.00%
Active agents: 8

=== Tue Feb 17 11:34:56 AM UTC 2026 ===
Total leads: 2669
Verified: 653
Verification rate: 24.00%
Active agents: 8

=== Tue Feb 17 11:36:56 AM UTC 2026 ===
Total leads: 2669
Verified: 653
Verification rate: 24.00%
Active agents: 8

=== Tue Feb 17 11:38:56 AM UTC 2026 ===
Total leads: 2669
Verified: 653
Verification rate: 24.00%
Active agents: 8

=== Tue Feb 17 11:40:56 AM UTC 2026 ===
Total leads: 2669
Verified: 653
Verification rate: 24.00%
Active agents: 8

=== Tue Feb 17 11:42:56 AM UTC 2026 ===
Total leads: 2669
Verified: 653
Verification rate: 24.00%
Active agents: 8

=== Tue Feb 17 11:44:57 AM UTC 2026 ===
Total leads: 2669
Verified: 653
Verification rate: 24.00%
Active agents: 8

=== Tue Feb 17 11:46:57 AM UTC 2026 ===
Total leads: 2669
Verified: 653
Verification rate: 24.00%
Active agents: 8

=== Tue Feb 17 11:48:57 AM UTC 2026 ===
Total leads: 2669
Verified: 653
Verification rate: 24.00%
Active agents: 10

=== Tue Feb 17 11:50:57 AM UTC 2026 ===
Total leads: 2669
Verified: 653
Verification rate: 24.00%
Active agents: 10

=== Tue Feb 17 11:52:57 AM UTC 2026 ===
Total leads: 2669
Verified: 653
Verification rate: 24.00%
Active agents: 8

=== Tue Feb 17 11:54:57 AM UTC 2026 ===
Total leads: 2669
Verified: 653
Verification rate: 24.00%
Active agents: 8

=== Tue Feb 17 11:56:57 AM UTC 2026 ===
Total leads: 2669
Verified: 653
Verification rate: 24.00%
Active agents: 8

=== Tue Feb 17 11:58:57 AM UTC 2026 ===
Total leads: 2669
Verified: 653
Verification rate: 24.00%
Active agents: 8

=== Tue Feb 17 12:00:57 PM UTC 2026 ===
Total leads: 2669
Verified: 653
Verification rate: 24.00%
Active agents: 8

=== Tue Feb 17 12:02:57 PM UTC 2026 ===
Total leads: 2669
Verified: 653
Verification rate: 24.00%
Active agents: 8

=== Tue Feb 17 12:04:57 PM UTC 2026 ===
Total leads: 2669
Verified: 653
Verification rate: 24.00%
Active agents: 8

=== Tue Feb 17 12:06:57 PM UTC 2026 ===
Total leads: 2669
Verified: 653
Verification rate: 24.00%
Active agents: 8

=== Tue Feb 17 12:08:57 PM UTC 2026 ===
Total leads: 2669
Verified: 653
Verification rate: 24.00%
Active agents: 8

=== Tue Feb 17 12:10:57 PM UTC 2026 ===
Total leads: 2669
Verified: 653
Verification rate: 24.00%
Active agents: 10

=== Tue Feb 17 12:12:57 PM UTC 2026 ===
Total leads: 2669
Verified: 653
Verification rate: 24.00%
Active agents: 8

=== Tue Feb 17 12:14:58 PM UTC 2026 ===
Total leads: 2669
Verified: 653
Verification rate: 24.00%
Active agents: 8

=== Tue Feb 17 12:16:58 PM UTC 2026 ===
Total leads: 2669
Verified: 653
Verification rate: 24.00%
Active agents: 8

=== Tue Feb 17 12:18:58 PM UTC 2026 ===
Total leads: 2669
Verified: 653
Verification rate: 24.00%
Active agents: 10

=== Tue Feb 17 12:20:58 PM UTC 2026 ===
Total leads: 2669
Verified: 653
Verification rate: 24.00%
Active agents: 8

=== Tue Feb 17 12:22:58 PM UTC 2026 ===
Total leads: 2669
Verified: 653
Verification rate: 24.00%
Active agents: 8

=== Tue Feb 17 12:24:58 PM UTC 2026 ===
Total leads: 2669
Verified: 653
Verification rate: 24.00%
Active agents: 8

=== Tue Feb 17 12:26:58 PM UTC 2026 ===
Total leads: 2669
Verified: 653
Verification rate: 24.00%
Active agents: 8

=== Tue Feb 17 12:28:58 PM UTC 2026 ===
Total leads: 2669
Verified: 653
Verification rate: 24.00%
Active agents: 8

=== Tue Feb 17 12:30:58 PM UTC 2026 ===
Total leads: 2669
Verified: 653
Verification rate: 24.00%
Active agents: 12

=== Tue Feb 17 12:32:58 PM UTC 2026 ===
Total leads: 2669
Verified: 653
Verification rate: 24.00%
Active agents: 10

=== Tue Feb 17 12:34:58 PM UTC 2026 ===
Total leads: 2669
Verified: 653
Verification rate: 24.00%
Active agents: 10

=== Tue Feb 17 12:36:58 PM UTC 2026 ===
Total leads: 2669
Verified: 653
Verification rate: 24.00%
Active agents: 10

=== Tue Feb 17 12:38:58 PM UTC 2026 ===
Total leads: 2669
Verified: 653
Verification rate: 24.00%
Active agents: 10

=== Tue Feb 17 12:40:58 PM UTC 2026 ===
Total leads: 2669
Verified: 653
Verification rate: 24.00%
Active agents: 8

=== Tue Feb 17 12:42:58 PM UTC 2026 ===
Total leads: 2669
Verified: 653
Verification rate: 24.00%
Active agents: 8

=== Tue Feb 17 12:44:59 PM UTC 2026 ===
Total leads: 2669
Verified: 653
Verification rate: 24.00%
Active agents: 8

=== Tue Feb 17 12:46:59 PM UTC 2026 ===
Total leads: 2669
Verified: 653
Verification rate: 24.00%
Active agents: 8

=== Tue Feb 17 12:48:59 PM UTC 2026 ===
Total leads: 2669
Verified: 653
Verification rate: 24.00%
Active agents: 10

=== Tue Feb 17 12:50:59 PM UTC 2026 ===
Total leads: 2669
Verified: 653
Verification rate: 24.00%
Active agents: 10

=== Tue Feb 17 12:52:59 PM UTC 2026 ===
Total leads: 2669
Verified: 653
Verification rate: 24.00%
Active agents: 8

=== Tue Feb 17 12:54:59 PM UTC 2026 ===
Total leads: 2669
Verified: 653
Verification rate: 24.00%
Active agents: 8

=== Tue Feb 17 12:56:59 PM UTC 2026 ===
Total leads: 2669
Verified: 653
Verification rate: 24.00%
Active agents: 8

=== Tue Feb 17 12:58:59 PM UTC 2026 ===
Total leads: 2669
Verified: 653
Verification rate: 24.00%
Active agents: 8

=== Tue Feb 17 01:00:59 PM UTC 2026 ===
Total leads: 2669
Verified: 653
Verification rate: 24.00%
Active agents: 8

=== Tue Feb 17 01:02:59 PM UTC 2026 ===
Total leads: 2669
Verified: 653
Verification rate: 24.00%
Active agents: 8

=== Tue Feb 17 01:04:59 PM UTC 2026 ===
Total leads: 2669
Verified: 653
Verification rate: 24.00%
Active agents: 8

=== Tue Feb 17 01:06:59 PM UTC 2026 ===
Total leads: 2669
Verified: 653
Verification rate: 24.00%
Active agents: 8

=== Tue Feb 17 01:08:59 PM UTC 2026 ===
Total leads: 2669
Verified: 653
Verification rate: 24.00%
Active agents: 8

=== Tue Feb 17 01:10:59 PM UTC 2026 ===
Total leads: 2669
Verified: 653
Verification rate: 24.00%
Active agents: 10

=== Tue Feb 17 01:12:59 PM UTC 2026 ===
Total leads: 2669
Verified: 653
Verification rate: 24.00%
Active agents: 8

=== Tue Feb 17 01:14:59 PM UTC 2026 ===
Total leads: 2669
Verified: 653
Verification rate: 24.00%
Active agents: 8

=== Tue Feb 17 01:17:00 PM UTC 2026 ===
Total leads: 2669
Verified: 653
Verification rate: 24.00%
Active agents: 8

=== Tue Feb 17 01:19:00 PM UTC 2026 ===
Total leads: 2669
Verified: 653
Verification rate: 24.00%
Active agents: 10

=== Tue Feb 17 01:21:00 PM UTC 2026 ===
Total leads: 2669
Verified: 653
Verification rate: 24.00%
Active agents: 8

=== Tue Feb 17 01:23:00 PM UTC 2026 ===
Total leads: 2669
Verified: 653
Verification rate: 24.00%
Active agents: 8

=== Tue Feb 17 01:25:00 PM UTC 2026 ===
Total leads: 2669
Verified: 653
Verification rate: 24.00%
Active agents: 8

=== Tue Feb 17 01:27:00 PM UTC 2026 ===
Total leads: 2669
Verified: 653
Verification rate: 24.00%
Active agents: 8

=== Tue Feb 17 01:29:00 PM UTC 2026 ===
Total leads: 2669
Verified: 653
Verification rate: 24.00%
Active agents: 8

=== Tue Feb 17 01:31:00 PM UTC 2026 ===
Total leads: 2669
Verified: 653
Verification rate: 24.00%
Active agents: 10

=== Tue Feb 17 01:33:00 PM UTC 2026 ===
Total leads: 2669
Verified: 653
Verification rate: 24.00%
Active agents: 8

=== Tue Feb 17 01:35:00 PM UTC 2026 ===
Total leads: 2669
Verified: 653
Verification rate: 24.00%
Active agents: 8

=== Tue Feb 17 01:37:00 PM UTC 2026 ===
Total leads: 2669
Verified: 653
Verification rate: 24.00%
Active agents: 8

=== Tue Feb 17 01:39:00 PM UTC 2026 ===
Total leads: 2669
Verified: 653
Verification rate: 24.00%
Active agents: 8

=== Tue Feb 17 01:41:00 PM UTC 2026 ===
Total leads: 2669
Verified: 653
Verification rate: 24.00%
Active agents: 8

=== Tue Feb 17 01:43:00 PM UTC 2026 ===
Total leads: 2669
Verified: 653
Verification rate: 24.00%
Active agents: 8

=== Tue Feb 17 01:45:00 PM UTC 2026 ===
Total leads: 2669
Verified: 653
Verification rate: 24.00%
Active agents: 8

=== Tue Feb 17 01:47:01 PM UTC 2026 ===
Total leads: 2669
Verified: 653
Verification rate: 24.00%
Active agents: 8

=== Tue Feb 17 01:49:01 PM UTC 2026 ===
Total leads: 2669
Verified: 653
Verification rate: 24.00%
Active agents: 10

=== Tue Feb 17 01:51:01 PM UTC 2026 ===
Total leads: 2669
Verified: 653
Verification rate: 24.00%
Active agents: 10

=== Tue Feb 17 01:53:01 PM UTC 2026 ===
Total leads: 2669
Verified: 653
Verification rate: 24.00%
Active agents: 8

=== Tue Feb 17 01:55:01 PM UTC 2026 ===
Total leads: 2669
Verified: 653
Verification rate: 24.00%
Active agents: 8

=== Tue Feb 17 01:57:01 PM UTC 2026 ===
Total leads: 2669
Verified: 653
Verification rate: 24.00%
Active agents: 8

=== Tue Feb 17 01:59:01 PM UTC 2026 ===
Total leads: 2669
Verified: 653
Verification rate: 24.00%
Active agents: 8

=== Tue Feb 17 02:01:01 PM UTC 2026 ===
Total leads: 2669
Verified: 653
Verification rate: 24.00%
Active agents: 8

=== Tue Feb 17 02:03:01 PM UTC 2026 ===
Total leads: 2669
Verified: 653
Verification rate: 24.00%
Active agents: 8

=== Tue Feb 17 02:05:01 PM UTC 2026 ===
Total leads: 2669
Verified: 653
Verification rate: 24.00%
Active agents: 8

=== Tue Feb 17 02:07:01 PM UTC 2026 ===
Total leads: 2669
Verified: 653
Verification rate: 24.00%
Active agents: 10

=== Tue Feb 17 02:09:01 PM UTC 2026 ===
Total leads: 2669
Verified: 653
Verification rate: 24.00%
Active agents: 8

=== Tue Feb 17 02:11:01 PM UTC 2026 ===
Total leads: 2669
Verified: 653
Verification rate: 24.00%
Active agents: 10

=== Tue Feb 17 02:13:01 PM UTC 2026 ===
Total leads: 2669
Verified: 653
Verification rate: 24.00%
Active agents: 8

=== Tue Feb 17 02:15:01 PM UTC 2026 ===
Total leads: 2669
Verified: 653
Verification rate: 24.00%
Active agents: 8

=== Tue Feb 17 02:17:01 PM UTC 2026 ===
Total leads: 2669
Verified: 653
Verification rate: 24.00%
Active agents: 10

=== Tue Feb 17 02:19:02 PM UTC 2026 ===
Total leads: 2669
Verified: 653
Verification rate: 24.00%
Active agents: 10

=== Tue Feb 17 02:21:02 PM UTC 2026 ===
Total leads: 2669
Verified: 653
Verification rate: 24.00%
Active agents: 8

=== Tue Feb 17 02:23:02 PM UTC 2026 ===
Total leads: 2669
Verified: 653
Verification rate: 24.00%
Active agents: 10

=== Tue Feb 17 02:25:02 PM UTC 2026 ===
Total leads: 2669
Verified: 653
Verification rate: 24.00%
Active agents: 8

=== Tue Feb 17 02:27:02 PM UTC 2026 ===
Total leads: 2669
Verified: 653
Verification rate: 24.00%
Active agents: 8

=== Tue Feb 17 02:29:02 PM UTC 2026 ===
Total leads: 2669
Verified: 653
Verification rate: 24.00%
Active agents: 8

=== Tue Feb 17 02:31:02 PM UTC 2026 ===
Total leads: 2669
Verified: 653
Verification rate: 24.00%
Active agents: 12

=== Tue Feb 17 02:33:02 PM UTC 2026 ===
Total leads: 2669
Verified: 653
Verification rate: 24.00%
Active agents: 12

=== Tue Feb 17 02:35:02 PM UTC 2026 ===
Total leads: 2669
Verified: 653
Verification rate: 24.00%
Active agents: 10

=== Tue Feb 17 02:37:02 PM UTC 2026 ===
Total leads: 2669
Verified: 653
Verification rate: 24.00%
Active agents: 12

=== Tue Feb 17 02:39:02 PM UTC 2026 ===
Total leads: 2669
Verified: 653
Verification rate: 24.00%
Active agents: 10

=== Tue Feb 17 02:41:02 PM UTC 2026 ===
Total leads: 2669
Verified: 653
Verification rate: 24.00%
Active agents: 8

=== Tue Feb 17 02:43:02 PM UTC 2026 ===
Total leads: 2669
Verified: 653
Verification rate: 24.00%
Active agents: 8

=== Tue Feb 17 02:45:03 PM UTC 2026 ===
Total leads: 2669
Verified: 653
Verification rate: 24.00%
Active agents: 8

=== Tue Feb 17 02:47:03 PM UTC 2026 ===
Total leads: 2669
Verified: 653
Verification rate: 24.00%
Active agents: 8

=== Tue Feb 17 02:49:03 PM UTC 2026 ===
Total leads: 2669
Verified: 653
Verification rate: 24.00%
Active agents: 10

=== Tue Feb 17 02:51:03 PM UTC 2026 ===
Total leads: 2669
Verified: 653
Verification rate: 24.00%
Active agents: 10

=== Tue Feb 17 02:53:03 PM UTC 2026 ===
Total leads: 2669
Verified: 653
Verification rate: 24.00%
Active agents: 8

=== Tue Feb 17 02:55:03 PM UTC 2026 ===
Total leads: 2669
Verified: 653
Verification rate: 24.00%
Active agents: 8

=== Tue Feb 17 02:57:03 PM UTC 2026 ===
Total leads: 2669
Verified: 653
Verification rate: 24.00%
Active agents: 8

=== Tue Feb 17 02:59:03 PM UTC 2026 ===
Total leads: 2669
Verified: 653
Verification rate: 24.00%
Active agents: 8

=== Tue Feb 17 03:01:03 PM UTC 2026 ===
Total leads: 2669
Verified: 653
Verification rate: 24.00%
Active agents: 8

=== Tue Feb 17 03:03:03 PM UTC 2026 ===
Total leads: 2669
Verified: 653
Verification rate: 24.00%
Active agents: 10

=== Tue Feb 17 03:05:03 PM UTC 2026 ===
Total leads: 2669
Verified: 653
Verification rate: 24.00%
Active agents: 8

=== Tue Feb 17 03:07:03 PM UTC 2026 ===
Total leads: 2669
Verified: 653
Verification rate: 24.00%
Active agents: 10

=== Tue Feb 17 03:09:03 PM UTC 2026 ===
Total leads: 2669
Verified: 653
Verification rate: 24.00%
Active agents: 8

=== Tue Feb 17 03:11:03 PM UTC 2026 ===
Total leads: 2669
Verified: 653
Verification rate: 24.00%
Active agents: 10

=== Tue Feb 17 03:13:03 PM UTC 2026 ===
Total leads: 2669
Verified: 653
Verification rate: 24.00%
Active agents: 8

=== Tue Feb 17 03:15:03 PM UTC 2026 ===
Total leads: 2669
Verified: 653
Verification rate: 24.00%
Active agents: 8

=== Tue Feb 17 03:17:03 PM UTC 2026 ===
Total leads: 2669
Verified: 653
Verification rate: 24.00%
Active agents: 8

=== Tue Feb 17 03:19:04 PM UTC 2026 ===
Total leads: 2669
Verified: 653
Verification rate: 24.00%
Active agents: 10

=== Tue Feb 17 03:21:04 PM UTC 2026 ===
Total leads: 2669
Verified: 653
Verification rate: 24.00%
Active agents: 8

=== Tue Feb 17 03:23:04 PM UTC 2026 ===
Total leads: 2669
Verified: 653
Verification rate: 24.00%
Active agents: 10

=== Tue Feb 17 03:25:04 PM UTC 2026 ===
Total leads: 2669
Verified: 653
Verification rate: 24.00%
Active agents: 8

=== Tue Feb 17 03:27:04 PM UTC 2026 ===
Total leads: 2669
Verified: 653
Verification rate: 24.00%
Active agents: 8

=== Tue Feb 17 03:29:04 PM UTC 2026 ===
Total leads: 2669
Verified: 653
Verification rate: 24.00%
Active agents: 8

=== Tue Feb 17 03:31:04 PM UTC 2026 ===
Total leads: 2669
Verified: 653
Verification rate: 24.00%
Active agents: 10

=== Tue Feb 17 03:33:04 PM UTC 2026 ===
Total leads: 2669
Verified: 653
Verification rate: 24.00%
Active agents: 10

=== Tue Feb 17 03:35:04 PM UTC 2026 ===
Total leads: 2669
Verified: 653
Verification rate: 24.00%
Active agents: 8

=== Tue Feb 17 03:37:04 PM UTC 2026 ===
Total leads: 2669
Verified: 653
Verification rate: 24.00%
Active agents: 10

=== Tue Feb 17 03:39:04 PM UTC 2026 ===
Total leads: 2669
Verified: 653
Verification rate: 24.00%
Active agents: 8

=== Tue Feb 17 03:41:04 PM UTC 2026 ===
Total leads: 2669
Verified: 653
Verification rate: 24.00%
Active agents: 8

=== Tue Feb 17 03:43:04 PM UTC 2026 ===
Total leads: 2669
Verified: 653
Verification rate: 24.00%
Active agents: 8

=== Tue Feb 17 03:45:04 PM UTC 2026 ===
Total leads: 2669
Verified: 653
Verification rate: 24.00%
Active agents: 8

=== Tue Feb 17 03:47:04 PM UTC 2026 ===
Total leads: 2669
Verified: 653
Verification rate: 24.00%
Active agents: 8

=== Tue Feb 17 03:49:04 PM UTC 2026 ===
Total leads: 2669
Verified: 653
Verification rate: 24.00%
Active agents: 10

=== Tue Feb 17 03:51:05 PM UTC 2026 ===
Total leads: 2669
Verified: 653
Verification rate: 24.00%
Active agents: 10

=== Tue Feb 17 03:53:05 PM UTC 2026 ===
Total leads: 2669
Verified: 653
Verification rate: 24.00%
Active agents: 8

=== Tue Feb 17 03:55:05 PM UTC 2026 ===
Total leads: 2669
Verified: 653
Verification rate: 24.00%
Active agents: 8

=== Tue Feb 17 03:57:05 PM UTC 2026 ===
Total leads: 2669
Verified: 653
Verification rate: 24.00%
Active agents: 8

=== Tue Feb 17 03:59:05 PM UTC 2026 ===
Total leads: 2669
Verified: 653
Verification rate: 24.00%
Active agents: 8

=== Tue Feb 17 04:01:05 PM UTC 2026 ===
Total leads: 2669
Verified: 653
Verification rate: 24.00%
Active agents: 8

=== Tue Feb 17 04:03:05 PM UTC 2026 ===
Total leads: 2669
Verified: 653
Verification rate: 24.00%
Active agents: 10

=== Tue Feb 17 04:05:05 PM UTC 2026 ===
Total leads: 2669
Verified: 653
Verification rate: 24.00%
Active agents: 8

=== Tue Feb 17 04:07:05 PM UTC 2026 ===
Total leads: 2669
Verified: 653
Verification rate: 24.00%
Active agents: 10

=== Tue Feb 17 04:09:05 PM UTC 2026 ===
Total leads: 2669
Verified: 653
Verification rate: 24.00%
Active agents: 8

=== Tue Feb 17 04:11:05 PM UTC 2026 ===
Total leads: 2669
Verified: 653
Verification rate: 24.00%
Active agents: 10

=== Tue Feb 17 04:13:05 PM UTC 2026 ===
Total leads: 2669
Verified: 653
Verification rate: 24.00%
Active agents: 8

=== Tue Feb 17 04:15:05 PM UTC 2026 ===
Total leads: 2669
Verified: 653
Verification rate: 24.00%
Active agents: 8

=== Tue Feb 17 04:17:05 PM UTC 2026 ===
Total leads: 2669
Verified: 653
Verification rate: 24.00%
Active agents: 8

=== Tue Feb 17 04:19:05 PM UTC 2026 ===
Total leads: 2669
Verified: 653
Verification rate: 24.00%
Active agents: 10

=== Tue Feb 17 04:21:05 PM UTC 2026 ===
Total leads: 2669
Verified: 653
Verification rate: 24.00%
Active agents: 8

=== Tue Feb 17 04:23:06 PM UTC 2026 ===
Total leads: 2669
Verified: 653
Verification rate: 24.00%
Active agents: 10

=== Tue Feb 17 04:25:06 PM UTC 2026 ===
Total leads: 2669
Verified: 653
Verification rate: 24.00%
Active agents: 8

=== Tue Feb 17 04:27:06 PM UTC 2026 ===
Total leads: 2669
Verified: 653
Verification rate: 24.00%
Active agents: 8

=== Tue Feb 17 04:29:06 PM UTC 2026 ===
Total leads: 2669
Verified: 653
Verification rate: 24.00%
Active agents: 8

=== Tue Feb 17 04:31:06 PM UTC 2026 ===
Total leads: 2669
Verified: 653
Verification rate: 24.00%
Active agents: 12

=== Tue Feb 17 04:33:06 PM UTC 2026 ===
Total leads: 2669
Verified: 653
Verification rate: 24.00%
Active agents: 12

=== Tue Feb 17 04:35:06 PM UTC 2026 ===
Total leads: 2669
Verified: 653
Verification rate: 24.00%
Active agents: 10

=== Tue Feb 17 04:37:06 PM UTC 2026 ===
Total leads: 2669
Verified: 653
Verification rate: 24.00%
Active agents: 14

=== Tue Feb 17 04:39:06 PM UTC 2026 ===
Total leads: 2669
Verified: 653
Verification rate: 24.00%
Active agents: 10

=== Tue Feb 17 04:41:06 PM UTC 2026 ===
Total leads: 2669
Verified: 653
Verification rate: 24.00%
Active agents: 10

=== Tue Feb 17 04:43:06 PM UTC 2026 ===
Total leads: 2669
Verified: 653
Verification rate: 24.00%
Active agents: 8

=== Tue Feb 17 04:45:06 PM UTC 2026 ===
Total leads: 2669
Verified: 653
Verification rate: 24.00%
Active agents: 8

=== Tue Feb 17 04:47:06 PM UTC 2026 ===
Total leads: 2669
Verified: 653
Verification rate: 24.00%
Active agents: 8

=== Tue Feb 17 04:49:06 PM UTC 2026 ===
Total leads: 2669
Verified: 653
Verification rate: 24.00%
Active agents: 8

=== Tue Feb 17 04:51:06 PM UTC 2026 ===
Total leads: 2669
Verified: 653
Verification rate: 24.00%
Active agents: 10

=== Tue Feb 17 04:53:07 PM UTC 2026 ===
Total leads: 2669
Verified: 653
Verification rate: 24.00%
Active agents: 8

=== Tue Feb 17 04:55:07 PM UTC 2026 ===
Total leads: 2669
Verified: 653
Verification rate: 24.00%
Active agents: 8

=== Tue Feb 17 04:57:07 PM UTC 2026 ===
Total leads: 2669
Verified: 653
Verification rate: 24.00%
Active agents: 8

=== Tue Feb 17 04:59:07 PM UTC 2026 ===
Total leads: 2669
Verified: 653
Verification rate: 24.00%
Active agents: 10

=== Tue Feb 17 05:01:07 PM UTC 2026 ===
Total leads: 2669
Verified: 653
Verification rate: 24.00%
Active agents: 13

=== Tue Feb 17 05:03:07 PM UTC 2026 ===
Total leads: 2669
Verified: 653
Verification rate: 24.00%
Active agents: 12

=== Tue Feb 17 05:05:07 PM UTC 2026 ===
Total leads: 2669
Verified: 653
Verification rate: 24.00%
Active agents: 10

=== Tue Feb 17 05:07:07 PM UTC 2026 ===
Total leads: 2669
Verified: 653
Verification rate: 24.00%
Active agents: 12

=== Tue Feb 17 05:09:07 PM UTC 2026 ===
Total leads: 2669
Verified: 653
Verification rate: 24.00%
Active agents: 10

=== Tue Feb 17 05:11:07 PM UTC 2026 ===
Total leads: 2669
Verified: 653
Verification rate: 24.00%
Active agents: 12

=== Tue Feb 17 05:13:07 PM UTC 2026 ===
Total leads: 2669
Verified: 653
Verification rate: 24.00%
Active agents: 10

=== Tue Feb 17 05:15:07 PM UTC 2026 ===
Total leads: 2669
Verified: 653
Verification rate: 24.00%
Active agents: 10

=== Tue Feb 17 05:17:07 PM UTC 2026 ===
Total leads: 2669
Verified: 653
Verification rate: 24.00%
Active agents: 10

=== Tue Feb 17 05:19:07 PM UTC 2026 ===
Total leads: 2669
Verified: 653
Verification rate: 24.00%
Active agents: 10

=== Tue Feb 17 05:21:08 PM UTC 2026 ===
Total leads: 2669
Verified: 653
Verification rate: 24.00%
Active agents: 10

=== Tue Feb 17 05:23:08 PM UTC 2026 ===
Total leads: 2669
Verified: 653
Verification rate: 24.00%
Active agents: 12

=== Tue Feb 17 05:25:08 PM UTC 2026 ===
Total leads: 2669
Verified: 653
Verification rate: 24.00%
Active agents: 10

=== Tue Feb 17 05:27:08 PM UTC 2026 ===
Total leads: 2669
Verified: 653
Verification rate: 24.00%
Active agents: 10

=== Tue Feb 17 05:29:08 PM UTC 2026 ===
Total leads: 2669
Verified: 653
Verification rate: 24.00%
Active agents: 10

=== Tue Feb 17 05:31:08 PM UTC 2026 ===
Total leads: 2669
Verified: 653
Verification rate: 24.00%
Active agents: 12

=== Tue Feb 17 05:33:08 PM UTC 2026 ===
Total leads: 2669
Verified: 653
Verification rate: 24.00%
Active agents: 12

=== Tue Feb 17 05:35:08 PM UTC 2026 ===
Total leads: 2669
Verified: 653
Verification rate: 24.00%
Active agents: 10

=== Tue Feb 17 05:37:08 PM UTC 2026 ===
Total leads: 2669
Verified: 653
Verification rate: 24.00%
Active agents: 10

=== Tue Feb 17 05:39:08 PM UTC 2026 ===
Total leads: 2669
Verified: 653
Verification rate: 24.00%
Active agents: 10

=== Tue Feb 17 05:41:08 PM UTC 2026 ===
Total leads: 2669
Verified: 653
Verification rate: 24.00%
Active agents: 10

=== Tue Feb 17 05:43:08 PM UTC 2026 ===
Total leads: 2669
Verified: 653
Verification rate: 24.00%
Active agents: 10

=== Tue Feb 17 05:45:08 PM UTC 2026 ===
Total leads: 2669
Verified: 653
Verification rate: 24.00%
Active agents: 10

=== Tue Feb 17 05:47:08 PM UTC 2026 ===
Total leads: 2669
Verified: 653
Verification rate: 24.00%
Active agents: 10

=== Tue Feb 17 05:49:08 PM UTC 2026 ===
Total leads: 2669
Verified: 653
Verification rate: 24.00%
Active agents: 10

=== Tue Feb 17 05:51:09 PM UTC 2026 ===
Total leads: 2669
Verified: 653
Verification rate: 24.00%
Active agents: 12

=== Tue Feb 17 05:53:09 PM UTC 2026 ===
Total leads: 2669
Verified: 653
Verification rate: 24.00%
Active agents: 10

=== Tue Feb 17 05:55:09 PM UTC 2026 ===
Total leads: 2669
Verified: 653
Verification rate: 24.00%
Active agents: 10

=== Tue Feb 17 05:57:09 PM UTC 2026 ===
Total leads: 2669
Verified: 653
Verification rate: 24.00%
Active agents: 10

=== Tue Feb 17 05:59:09 PM UTC 2026 ===
Total leads: 2669
Verified: 653
Verification rate: 24.00%
Active agents: 10

=== Tue Feb 17 06:01:09 PM UTC 2026 ===
Total leads: 2669
Verified: 653
Verification rate: 24.00%
Active agents: 10

=== Tue Feb 17 06:03:09 PM UTC 2026 ===
Total leads: 2669
Verified: 653
Verification rate: 24.00%
Active agents: 12

=== Tue Feb 17 06:05:09 PM UTC 2026 ===
Total leads: 2669
Verified: 653
Verification rate: 24.00%
Active agents: 10

=== Tue Feb 17 06:07:09 PM UTC 2026 ===
Total leads: 2669
Verified: 653
Verification rate: 24.00%
Active agents: 12

=== Tue Feb 17 06:09:09 PM UTC 2026 ===
Total leads: 2669
Verified: 653
Verification rate: 24.00%
Active agents: 10

=== Tue Feb 17 06:11:09 PM UTC 2026 ===
Total leads: 2669
Verified: 653
Verification rate: 24.00%
Active agents: 12

=== Tue Feb 17 06:13:09 PM UTC 2026 ===
Total leads: 2669
Verified: 653
Verification rate: 24.00%
Active agents: 10

=== Tue Feb 17 06:15:09 PM UTC 2026 ===
Total leads: 2669
Verified: 653
Verification rate: 24.00%
Active agents: 10

=== Tue Feb 17 06:17:09 PM UTC 2026 ===
Total leads: 2669
Verified: 653
Verification rate: 24.00%
Active agents: 10

=== Tue Feb 17 06:19:09 PM UTC 2026 ===
Total leads: 2669
Verified: 653
Verification rate: 24.00%
Active agents: 10

=== Tue Feb 17 06:21:10 PM UTC 2026 ===
Total leads: 2669
Verified: 653
Verification rate: 24.00%
Active agents: 10

=== Tue Feb 17 06:23:10 PM UTC 2026 ===
Total leads: 2669
Verified: 653
Verification rate: 24.00%
Active agents: 12

=== Tue Feb 17 06:25:10 PM UTC 2026 ===
Total leads: 2669
Verified: 653
Verification rate: 24.00%
Active agents: 10

=== Tue Feb 17 06:27:10 PM UTC 2026 ===
Total leads: 2669
Verified: 653
Verification rate: 24.00%
Active agents: 10

=== Tue Feb 17 06:29:10 PM UTC 2026 ===
Total leads: 2669
Verified: 653
Verification rate: 24.00%
Active agents: 8

=== Tue Feb 17 06:31:10 PM UTC 2026 ===
Total leads: 2669
Verified: 653
Verification rate: 24.00%
Active agents: 12

=== Tue Feb 17 06:33:10 PM UTC 2026 ===
Total leads: 2669
Verified: 653
Verification rate: 24.00%
Active agents: 12

=== Tue Feb 17 06:35:10 PM UTC 2026 ===
Total leads: 2669
Verified: 653
Verification rate: 24.00%
Active agents: 10

=== Tue Feb 17 06:37:10 PM UTC 2026 ===
Total leads: 2669
Verified: 653
Verification rate: 24.00%
Active agents: 12

=== Tue Feb 17 06:39:10 PM UTC 2026 ===
Total leads: 2669
Verified: 653
Verification rate: 24.00%
Active agents: 10

=== Tue Feb 17 06:41:10 PM UTC 2026 ===
Total leads: 2669
Verified: 653
Verification rate: 24.00%
Active agents: 10

=== Tue Feb 17 06:43:10 PM UTC 2026 ===
Total leads: 2669
Verified: 653
Verification rate: 24.00%
Active agents: 8

=== Tue Feb 17 06:45:10 PM UTC 2026 ===
Total leads: 2669
Verified: 653
Verification rate: 24.00%
Active agents: 8

=== Tue Feb 17 06:47:10 PM UTC 2026 ===
Total leads: 2669
Verified: 653
Verification rate: 24.00%
Active agents: 8

=== Tue Feb 17 06:49:10 PM UTC 2026 ===
Total leads: 2669
Verified: 653
Verification rate: 24.00%
Active agents: 8

=== Tue Feb 17 06:51:11 PM UTC 2026 ===
Total leads: 2669
Verified: 653
Verification rate: 24.00%
Active agents: 10

=== Tue Feb 17 06:53:11 PM UTC 2026 ===
Total leads: 2669
Verified: 653
Verification rate: 24.00%
Active agents: 8

=== Tue Feb 17 06:55:11 PM UTC 2026 ===
Total leads: 2669
Verified: 653
Verification rate: 24.00%
Active agents: 8

=== Tue Feb 17 06:57:11 PM UTC 2026 ===
Total leads: 2669
Verified: 653
Verification rate: 24.00%
Active agents: 8

=== Tue Feb 17 06:59:11 PM UTC 2026 ===
Total leads: 2669
Verified: 653
Verification rate: 24.00%
Active agents: 8

=== Tue Feb 17 07:01:11 PM UTC 2026 ===
Total leads: 2669
Verified: 653
Verification rate: 24.00%
Active agents: 8

=== Tue Feb 17 07:03:11 PM UTC 2026 ===
Total leads: 2669
Verified: 653
Verification rate: 24.00%
Active agents: 10

=== Tue Feb 17 07:05:11 PM UTC 2026 ===
Total leads: 2669
Verified: 653
Verification rate: 24.00%
Active agents: 8

=== Tue Feb 17 07:07:11 PM UTC 2026 ===
Total leads: 2669
Verified: 653
Verification rate: 24.00%
Active agents: 10

=== Tue Feb 17 07:09:11 PM UTC 2026 ===
Total leads: 2669
Verified: 653
Verification rate: 24.00%
Active agents: 8

=== Tue Feb 17 07:11:11 PM UTC 2026 ===
Total leads: 2669
Verified: 653
Verification rate: 24.00%
Active agents: 10

=== Tue Feb 17 07:13:11 PM UTC 2026 ===
Total leads: 2669
Verified: 653
Verification rate: 24.00%
Active agents: 8

=== Tue Feb 17 07:15:11 PM UTC 2026 ===
Total leads: 2669
Verified: 653
Verification rate: 24.00%
Active agents: 8

=== Tue Feb 17 07:17:11 PM UTC 2026 ===
Total leads: 2669
Verified: 653
Verification rate: 24.00%
Active agents: 8

=== Tue Feb 17 07:19:11 PM UTC 2026 ===
Total leads: 2669
Verified: 653
Verification rate: 24.00%
Active agents: 8

=== Tue Feb 17 07:21:11 PM UTC 2026 ===
Total leads: 2669
Verified: 653
Verification rate: 24.00%
Active agents: 8

=== Tue Feb 17 07:23:12 PM UTC 2026 ===
Total leads: 2669
Verified: 653
Verification rate: 24.00%
Active agents: 10

=== Tue Feb 17 07:25:12 PM UTC 2026 ===
Total leads: 2669
Verified: 653
Verification rate: 24.00%
Active agents: 8

=== Tue Feb 17 07:27:12 PM UTC 2026 ===
Total leads: 2669
Verified: 653
Verification rate: 24.00%
Active agents: 8

=== Tue Feb 17 07:29:12 PM UTC 2026 ===
Total leads: 2669
Verified: 653
Verification rate: 24.00%
Active agents: 8

=== Tue Feb 17 07:31:12 PM UTC 2026 ===
Total leads: 2669
Verified: 653
Verification rate: 24.00%
Active agents: 10

=== Tue Feb 17 07:33:12 PM UTC 2026 ===
Total leads: 2669
Verified: 653
Verification rate: 24.00%
Active agents: 10

=== Tue Feb 17 07:35:12 PM UTC 2026 ===
Total leads: 2669
Verified: 653
Verification rate: 24.00%
Active agents: 8

=== Tue Feb 17 07:37:12 PM UTC 2026 ===
Total leads: 2669
Verified: 653
Verification rate: 24.00%
Active agents: 8

=== Tue Feb 17 07:39:12 PM UTC 2026 ===
Total leads: 2669
Verified: 653
Verification rate: 24.00%
Active agents: 8

=== Tue Feb 17 07:41:12 PM UTC 2026 ===
Total leads: 2669
Verified: 653
Verification rate: 24.00%
Active agents: 8

=== Tue Feb 17 07:43:12 PM UTC 2026 ===
Total leads: 2669
Verified: 653
Verification rate: 24.00%
Active agents: 8

=== Tue Feb 17 07:45:12 PM UTC 2026 ===
Total leads: 2669
Verified: 653
Verification rate: 24.00%
Active agents: 8

=== Tue Feb 17 07:47:12 PM UTC 2026 ===
Total leads: 2669
Verified: 653
Verification rate: 24.00%
Active agents: 8

=== Tue Feb 17 07:49:12 PM UTC 2026 ===
Total leads: 2669
Verified: 653
Verification rate: 24.00%
Active agents: 8

=== Tue Feb 17 07:51:12 PM UTC 2026 ===
Total leads: 2669
Verified: 653
Verification rate: 24.00%
Active agents: 10

=== Tue Feb 17 07:53:12 PM UTC 2026 ===
Total leads: 2669
Verified: 653
Verification rate: 24.00%
Active agents: 8

=== Tue Feb 17 07:55:13 PM UTC 2026 ===
Total leads: 2669
Verified: 653
Verification rate: 24.00%
Active agents: 8

=== Tue Feb 17 07:57:13 PM UTC 2026 ===
Total leads: 2669
Verified: 653
Verification rate: 24.00%
Active agents: 8

=== Tue Feb 17 07:59:13 PM UTC 2026 ===
Total leads: 2669
Verified: 653
Verification rate: 24.00%
Active agents: 8

=== Tue Feb 17 08:01:13 PM UTC 2026 ===
Total leads: 2669
Verified: 653
Verification rate: 24.00%
Active agents: 8

=== Tue Feb 17 08:03:13 PM UTC 2026 ===
Total leads: 2669
Verified: 653
Verification rate: 24.00%
Active agents: 10

=== Tue Feb 17 08:05:13 PM UTC 2026 ===
Total leads: 2669
Verified: 653
Verification rate: 24.00%
Active agents: 8

=== Tue Feb 17 08:07:13 PM UTC 2026 ===
Total leads: 2669
Verified: 653
Verification rate: 24.00%
Active agents: 8

=== Tue Feb 17 08:09:13 PM UTC 2026 ===
Total leads: 2669
Verified: 653
Verification rate: 24.00%
Active agents: 8

=== Tue Feb 17 08:11:13 PM UTC 2026 ===
Total leads: 2669
Verified: 653
Verification rate: 24.00%
Active agents: 8

=== Tue Feb 17 08:13:13 PM UTC 2026 ===
Total leads: 2669
Verified: 653
Verification rate: 24.00%
Active agents: 8

=== Tue Feb 17 08:15:13 PM UTC 2026 ===
Total leads: 2669
Verified: 653
Verification rate: 24.00%
Active agents: 8

=== Tue Feb 17 08:17:13 PM UTC 2026 ===
Total leads: 2669
Verified: 653
Verification rate: 24.00%
Active agents: 8

=== Tue Feb 17 08:19:13 PM UTC 2026 ===
Total leads: 2669
Verified: 653
Verification rate: 24.00%
Active agents: 8

=== Tue Feb 17 08:21:13 PM UTC 2026 ===
Total leads: 2669
Verified: 653
Verification rate: 24.00%
Active agents: 8

=== Tue Feb 17 08:23:13 PM UTC 2026 ===
Total leads: 2669
Verified: 653
Verification rate: 24.00%
Active agents: 8

=== Tue Feb 17 08:25:13 PM UTC 2026 ===
Total leads: 2669
Verified: 653
Verification rate: 24.00%
Active agents: 8

=== Tue Feb 17 08:27:14 PM UTC 2026 ===
Total leads: 2669
Verified: 653
Verification rate: 24.00%
Active agents: 8

=== Tue Feb 17 08:29:14 PM UTC 2026 ===
Total leads: 2669
Verified: 653
Verification rate: 24.00%
Active agents: 8

=== Tue Feb 17 08:31:14 PM UTC 2026 ===
Total leads: 2669
Verified: 653
Verification rate: 24.00%
Active agents: 12

=== Tue Feb 17 08:33:14 PM UTC 2026 ===
Total leads: 2669
Verified: 653
Verification rate: 24.00%
Active agents: 12

=== Tue Feb 17 08:35:14 PM UTC 2026 ===
Total leads: 2669
Verified: 653
Verification rate: 24.00%
Active agents: 10

=== Tue Feb 17 08:37:14 PM UTC 2026 ===
Total leads: 2669
Verified: 653
Verification rate: 24.00%
Active agents: 10

=== Tue Feb 17 08:39:14 PM UTC 2026 ===
Total leads: 2669
Verified: 653
Verification rate: 24.00%
Active agents: 10

=== Tue Feb 17 08:41:14 PM UTC 2026 ===
Total leads: 2669
Verified: 653
Verification rate: 24.00%
Active agents: 8

=== Tue Feb 17 08:43:14 PM UTC 2026 ===
Total leads: 2669
Verified: 653
Verification rate: 24.00%
Active agents: 8

=== Tue Feb 17 08:45:14 PM UTC 2026 ===
Total leads: 2669
Verified: 653
Verification rate: 24.00%
Active agents: 8

=== Tue Feb 17 08:47:14 PM UTC 2026 ===
Total leads: 2669
Verified: 653
Verification rate: 24.00%
Active agents: 8

=== Tue Feb 17 08:49:14 PM UTC 2026 ===
Total leads: 2669
Verified: 653
Verification rate: 24.00%
Active agents: 8

=== Tue Feb 17 08:51:14 PM UTC 2026 ===
Total leads: 2669
Verified: 653
Verification rate: 24.00%
Active agents: 10

=== Tue Feb 17 08:53:14 PM UTC 2026 ===
Total leads: 2669
Verified: 653
Verification rate: 24.00%
Active agents: 8

=== Tue Feb 17 08:55:15 PM UTC 2026 ===
Total leads: 2669
Verified: 653
Verification rate: 24.00%
Active agents: 8

=== Tue Feb 17 08:57:15 PM UTC 2026 ===
Total leads: 2669
Verified: 653
Verification rate: 24.00%
Active agents: 8

=== Tue Feb 17 08:59:15 PM UTC 2026 ===
Total leads: 2669
Verified: 653
Verification rate: 24.00%
Active agents: 8

=== Tue Feb 17 09:01:15 PM UTC 2026 ===
Total leads: 2669
Verified: 653
Verification rate: 24.00%
Active agents: 8

=== Tue Feb 17 09:03:15 PM UTC 2026 ===
Total leads: 2669
Verified: 653
Verification rate: 24.00%
Active agents: 10

=== Tue Feb 17 09:05:15 PM UTC 2026 ===
Total leads: 2669
Verified: 653
Verification rate: 24.00%
Active agents: 8

=== Tue Feb 17 09:07:15 PM UTC 2026 ===
Total leads: 2669
Verified: 653
Verification rate: 24.00%
Active agents: 8

=== Tue Feb 17 09:09:15 PM UTC 2026 ===
Total leads: 2669
Verified: 653
Verification rate: 24.00%
Active agents: 8

=== Tue Feb 17 09:11:15 PM UTC 2026 ===
Total leads: 2669
Verified: 653
Verification rate: 24.00%
Active agents: 10

=== Tue Feb 17 09:13:15 PM UTC 2026 ===
Total leads: 2669
Verified: 653
Verification rate: 24.00%
Active agents: 8

=== Tue Feb 17 09:15:15 PM UTC 2026 ===
Total leads: 2669
Verified: 653
Verification rate: 24.00%
Active agents: 8

=== Tue Feb 17 09:17:15 PM UTC 2026 ===
Total leads: 2669
Verified: 653
Verification rate: 24.00%
Active agents: 8

=== Tue Feb 17 09:19:15 PM UTC 2026 ===
Total leads: 2669
Verified: 653
Verification rate: 24.00%
Active agents: 8

=== Tue Feb 17 09:21:15 PM UTC 2026 ===
Total leads: 2669
Verified: 653
Verification rate: 24.00%
Active agents: 8

=== Tue Feb 17 09:23:15 PM UTC 2026 ===
Total leads: 2669
Verified: 653
Verification rate: 24.00%
Active agents: 8

=== Tue Feb 17 09:25:15 PM UTC 2026 ===
Total leads: 2669
Verified: 653
Verification rate: 24.00%
Active agents: 8

=== Tue Feb 17 09:27:15 PM UTC 2026 ===
Total leads: 2669
Verified: 653
Verification rate: 24.00%
Active agents: 8

=== Tue Feb 17 09:29:16 PM UTC 2026 ===
Total leads: 2669
Verified: 653
Verification rate: 24.00%
Active agents: 8

=== Tue Feb 17 09:31:16 PM UTC 2026 ===
Total leads: 2669
Verified: 653
Verification rate: 24.00%
Active agents: 10

=== Tue Feb 17 09:33:16 PM UTC 2026 ===
Total leads: 2669
Verified: 653
Verification rate: 24.00%
Active agents: 10

=== Tue Feb 17 09:35:16 PM UTC 2026 ===
Total leads: 2669
Verified: 653
Verification rate: 24.00%
Active agents: 8

=== Tue Feb 17 09:37:16 PM UTC 2026 ===
Total leads: 2669
Verified: 653
Verification rate: 24.00%
Active agents: 8

=== Tue Feb 17 09:39:16 PM UTC 2026 ===
Total leads: 2669
Verified: 653
Verification rate: 24.00%
Active agents: 8

=== Tue Feb 17 09:41:16 PM UTC 2026 ===
Total leads: 2669
Verified: 653
Verification rate: 24.00%
Active agents: 8

=== Tue Feb 17 09:43:16 PM UTC 2026 ===
Total leads: 2669
Verified: 653
Verification rate: 24.00%
Active agents: 8

=== Tue Feb 17 09:45:16 PM UTC 2026 ===
Total leads: 2669
Verified: 653
Verification rate: 24.00%
Active agents: 8

=== Tue Feb 17 09:47:16 PM UTC 2026 ===
Total leads: 2669
Verified: 653
Verification rate: 24.00%
Active agents: 8

=== Tue Feb 17 09:49:16 PM UTC 2026 ===
Total leads: 2669
Verified: 653
Verification rate: 24.00%
Active agents: 8

=== Tue Feb 17 09:51:16 PM UTC 2026 ===
Total leads: 2669
Verified: 653
Verification rate: 24.00%
Active agents: 10

=== Tue Feb 17 09:53:16 PM UTC 2026 ===
Total leads: 2669
Verified: 653
Verification rate: 24.00%
Active agents: 8

=== Tue Feb 17 09:55:16 PM UTC 2026 ===
Total leads: 2669
Verified: 653
Verification rate: 24.00%
Active agents: 8

=== Tue Feb 17 09:57:16 PM UTC 2026 ===
Total leads: 2669
Verified: 653
Verification rate: 24.00%
Active agents: 9

=== Tue Feb 17 09:59:17 PM UTC 2026 ===
Total leads: 2669
Verified: 653
Verification rate: 24.00%
Active agents: 8

=== Tue Feb 17 10:01:17 PM UTC 2026 ===
Total leads: 2669
Verified: 653
Verification rate: 24.00%
Active agents: 8

=== Tue Feb 17 10:03:17 PM UTC 2026 ===
Total leads: 2669
Verified: 653
Verification rate: 24.00%
Active agents: 10

=== Tue Feb 17 10:05:17 PM UTC 2026 ===
Total leads: 2669
Verified: 653
Verification rate: 24.00%
Active agents: 8

=== Tue Feb 17 10:07:17 PM UTC 2026 ===
Total leads: 2669
Verified: 653
Verification rate: 24.00%
Active agents: 8

=== Tue Feb 17 10:09:17 PM UTC 2026 ===
Total leads: 2669
Verified: 653
Verification rate: 24.00%
Active agents: 8

=== Tue Feb 17 10:11:17 PM UTC 2026 ===
Total leads: 2669
Verified: 653
Verification rate: 24.00%
Active agents: 8

=== Tue Feb 17 10:13:17 PM UTC 2026 ===
Total leads: 2669
Verified: 653
Verification rate: 24.00%
Active agents: 8

=== Tue Feb 17 10:15:17 PM UTC 2026 ===
Total leads: 2669
Verified: 653
Verification rate: 24.00%
Active agents: 8

=== Tue Feb 17 10:17:17 PM UTC 2026 ===
Total leads: 2669
Verified: 653
Verification rate: 24.00%
Active agents: 8

=== Tue Feb 17 10:19:17 PM UTC 2026 ===
Total leads: 2669
Verified: 653
Verification rate: 24.00%
Active agents: 8

=== Tue Feb 17 10:21:17 PM UTC 2026 ===
Total leads: 2669
Verified: 653
Verification rate: 24.00%
Active agents: 11

=== Tue Feb 17 10:23:17 PM UTC 2026 ===
Total leads: 2669
Verified: 653
Verification rate: 24.00%
Active agents: 8

=== Tue Feb 17 10:25:17 PM UTC 2026 ===
Total leads: 2669
Verified: 653
Verification rate: 24.00%
Active agents: 8

=== Tue Feb 17 10:27:18 PM UTC 2026 ===
Total leads: 2669
Verified: 653
Verification rate: 24.00%
Active agents: 8

=== Tue Feb 17 10:29:18 PM UTC 2026 ===
Total leads: 2669
Verified: 653
Verification rate: 24.00%
Active agents: 8

=== Tue Feb 17 10:31:18 PM UTC 2026 ===
Total leads: 2669
Verified: 653
Verification rate: 24.00%
Active agents: 10

=== Tue Feb 17 10:33:18 PM UTC 2026 ===
Total leads: 2669
Verified: 653
Verification rate: 24.00%
Active agents: 8

=== Tue Feb 17 10:35:18 PM UTC 2026 ===
Total leads: 2669
Verified: 653
Verification rate: 24.00%
Active agents: 8

=== Tue Feb 17 10:37:18 PM UTC 2026 ===
Total leads: 2669
Verified: 653
Verification rate: 24.00%
Active agents: 8

=== Tue Feb 17 10:39:18 PM UTC 2026 ===
Total leads: 2669
Verified: 653
Verification rate: 24.00%
Active agents: 13

=== Tue Feb 17 10:41:18 PM UTC 2026 ===
Total leads: 2669
Verified: 653
Verification rate: 24.00%
Active agents: 13

=== Tue Feb 17 10:43:18 PM UTC 2026 ===
Total leads: 2669
Verified: 653
Verification rate: 24.00%
Active agents: 10

=== Tue Feb 17 10:45:18 PM UTC 2026 ===
Total leads: 2669
Verified: 653
Verification rate: 24.00%
Active agents: 10

=== Tue Feb 17 10:47:18 PM UTC 2026 ===
Total leads: 2669
Verified: 653
Verification rate: 24.00%
Active agents: 10

=== Tue Feb 17 10:49:18 PM UTC 2026 ===
Total leads: 2669
Verified: 653
Verification rate: 24.00%
Active agents: 10

=== Tue Feb 17 10:51:18 PM UTC 2026 ===
Total leads: 2669
Verified: 653
Verification rate: 24.00%
Active agents: 8

=== Tue Feb 17 10:53:18 PM UTC 2026 ===
Total leads: 2669
Verified: 653
Verification rate: 24.00%
Active agents: 8

=== Tue Feb 17 10:55:19 PM UTC 2026 ===
Total leads: 2669
Verified: 653
Verification rate: 24.00%
Active agents: 8

=== Tue Feb 17 10:57:19 PM UTC 2026 ===
Total leads: 2669
Verified: 653
Verification rate: 24.00%
Active agents: 8

=== Tue Feb 17 10:59:19 PM UTC 2026 ===
Total leads: 2669
Verified: 653
Verification rate: 24.00%
Active agents: 10

=== Tue Feb 17 11:01:19 PM UTC 2026 ===
Total leads: 2669
Verified: 653
Verification rate: 24.00%
Active agents: 8

=== Tue Feb 17 11:03:19 PM UTC 2026 ===
Total leads: 2669
Verified: 653
Verification rate: 24.00%
Active agents: 8

=== Tue Feb 17 11:05:19 PM UTC 2026 ===
Total leads: 2669
Verified: 653
Verification rate: 24.00%
Active agents: 8

=== Tue Feb 17 11:07:19 PM UTC 2026 ===
Total leads: 2669
Verified: 653
Verification rate: 24.00%
Active agents: 8

=== Tue Feb 17 11:09:19 PM UTC 2026 ===
Total leads: 2669
Verified: 653
Verification rate: 24.00%
Active agents: 8

=== Tue Feb 17 11:11:19 PM UTC 2026 ===
Total leads: 2669
Verified: 653
Verification rate: 24.00%
Active agents: 10

=== Tue Feb 17 11:13:19 PM UTC 2026 ===
Total leads: 2669
Verified: 653
Verification rate: 24.00%
Active agents: 8

=== Tue Feb 17 11:15:19 PM UTC 2026 ===
Total leads: 2669
Verified: 653
Verification rate: 24.00%
Active agents: 8

=== Tue Feb 17 11:17:19 PM UTC 2026 ===
Total leads: 2669
Verified: 653
Verification rate: 24.00%
Active agents: 8

=== Tue Feb 17 11:19:19 PM UTC 2026 ===
Total leads: 2669
Verified: 653
Verification rate: 24.00%
Active agents: 8

=== Tue Feb 17 11:21:19 PM UTC 2026 ===
Total leads: 2669
Verified: 653
Verification rate: 24.00%
Active agents: 8

=== Tue Feb 17 11:23:19 PM UTC 2026 ===
Total leads: 2669
Verified: 653
Verification rate: 24.00%
Active agents: 8

=== Tue Feb 17 11:25:20 PM UTC 2026 ===
Total leads: 2669
Verified: 653
Verification rate: 24.00%
Active agents: 8

=== Tue Feb 17 11:27:20 PM UTC 2026 ===
Total leads: 2669
Verified: 653
Verification rate: 24.00%
Active agents: 8

=== Tue Feb 17 11:29:20 PM UTC 2026 ===
Total leads: 2669
Verified: 653
Verification rate: 24.00%
Active agents: 8

=== Tue Feb 17 11:31:20 PM UTC 2026 ===
Total leads: 2669
Verified: 653
Verification rate: 24.00%
Active agents: 10

=== Tue Feb 17 11:33:20 PM UTC 2026 ===
Total leads: 2669
Verified: 653
Verification rate: 24.00%
Active agents: 8

=== Tue Feb 17 11:35:20 PM UTC 2026 ===
Total leads: 2669
Verified: 653
Verification rate: 24.00%
Active agents: 8

=== Tue Feb 17 11:37:20 PM UTC 2026 ===
Total leads: 2669
Verified: 653
Verification rate: 24.00%
Active agents: 8

=== Tue Feb 17 11:39:20 PM UTC 2026 ===
Total leads: 2669
Verified: 653
Verification rate: 24.00%
Active agents: 8

=== Tue Feb 17 11:41:20 PM UTC 2026 ===
Total leads: 2669
Verified: 653
Verification rate: 24.00%
Active agents: 8

=== Tue Feb 17 11:43:20 PM UTC 2026 ===
Total leads: 2669
Verified: 653
Verification rate: 24.00%
Active agents: 8

=== Tue Feb 17 11:45:20 PM UTC 2026 ===
Total leads: 2669
Verified: 653
Verification rate: 24.00%
Active agents: 10

=== Tue Feb 17 11:47:20 PM UTC 2026 ===
Total leads: 2669
Verified: 653
Verification rate: 24.00%
Active agents: 8

=== Tue Feb 17 11:49:20 PM UTC 2026 ===
Total leads: 2669
Verified: 653
Verification rate: 24.00%
Active agents: 8

=== Tue Feb 17 11:51:20 PM UTC 2026 ===
Total leads: 2669
Verified: 653
Verification rate: 24.00%
Active agents: 10

=== Tue Feb 17 11:53:20 PM UTC 2026 ===
Total leads: 2669
Verified: 653
Verification rate: 24.00%
Active agents: 8

=== Tue Feb 17 11:55:21 PM UTC 2026 ===
Total leads: 2669
Verified: 653
Verification rate: 24.00%
Active agents: 8

=== Tue Feb 17 11:57:21 PM UTC 2026 ===
Total leads: 2669
Verified: 653
Verification rate: 24.00%
Active agents: 8

=== Tue Feb 17 11:59:21 PM UTC 2026 ===
Total leads: 2669
Verified: 653
Verification rate: 24.00%
Active agents: 8

=== Wed Feb 18 12:01:21 AM UTC 2026 ===
Total leads: 2669
Verified: 653
Verification rate: 24.00%
Active agents: 8

=== Wed Feb 18 12:03:21 AM UTC 2026 ===
Total leads: 2669
Verified: 653
Verification rate: 24.00%
Active agents: 8

=== Wed Feb 18 12:05:21 AM UTC 2026 ===
Total leads: 2669
Verified: 653
Verification rate: 24.00%
Active agents: 8

=== Wed Feb 18 12:07:21 AM UTC 2026 ===
Total leads: 2669
Verified: 653
Verification rate: 24.00%
Active agents: 8

=== Wed Feb 18 12:09:21 AM UTC 2026 ===
Total leads: 2669
Verified: 653
Verification rate: 24.00%
Active agents: 8

=== Wed Feb 18 12:11:21 AM UTC 2026 ===
Total leads: 2669
Verified: 653
Verification rate: 24.00%
Active agents: 10

=== Wed Feb 18 12:13:21 AM UTC 2026 ===
Total leads: 2669
Verified: 653
Verification rate: 24.00%
Active agents: 8

=== Wed Feb 18 12:15:21 AM UTC 2026 ===
Total leads: 2669
Verified: 653
Verification rate: 24.00%
Active agents: 11

=== Wed Feb 18 12:17:21 AM UTC 2026 ===
Total leads: 2669
Verified: 653
Verification rate: 24.00%
Active agents: 8

=== Wed Feb 18 12:19:21 AM UTC 2026 ===
Total leads: 2669
Verified: 653
Verification rate: 24.00%
Active agents: 8

=== Wed Feb 18 12:21:21 AM UTC 2026 ===
Total leads: 2669
Verified: 653
Verification rate: 24.00%
Active agents: 8

=== Wed Feb 18 12:23:21 AM UTC 2026 ===
Total leads: 2669
Verified: 653
Verification rate: 24.00%
Active agents: 8

=== Wed Feb 18 12:25:22 AM UTC 2026 ===
Total leads: 2669
Verified: 653
Verification rate: 24.00%
Active agents: 8

=== Wed Feb 18 12:27:22 AM UTC 2026 ===
Total leads: 2669
Verified: 653
Verification rate: 24.00%
Active agents: 8

=== Wed Feb 18 12:29:22 AM UTC 2026 ===
Total leads: 2669
Verified: 653
Verification rate: 24.00%
Active agents: 8

