[13:11:52] SEO ANALYST: Starting check
[13:11:52]   SEO: Checking 'kitchen renovation Stuart FL'
[13:11:59]   SEO: Checking 'kitchen renovation Palm City FL'
[13:12:05]   SEO: Checking 'bathroom remodel Stuart FL'
[13:12:12]   SEO: Checking 'kitchen remodel Jensen Beach FL'
[13:12:19]   SEO: Checking 'epoxy flooring Jensen Beach FL'
[13:12:25] SEO ANALYST: Wrote report to /home/chris/.openclaw/workspace/reports/seo/seo_2026-02-12.json
[13:12:25] SEO ANALYST: kmjk.pro found in 0/5 searches
[13:28:27] SEO ANALYST: Starting check
[13:28:27]   SEO: Checking 'general contractor Jensen Beach FL'
[13:28:33]   SEO: Checking 'gutter installation Jensen Beach FL'
[13:28:40]   SEO: Checking 'epoxy flooring Stuart FL'
[13:28:47]   SEO: Checking 'epoxy flooring Jensen Beach FL'
[13:28:53]   SEO: Checking 'handyman Stuart FL'
[13:29:00] SEO ANALYST: Wrote report to /home/chris/.openclaw/workspace/reports/seo/seo_2026-02-12.json
[13:29:00] SEO ANALYST: kmjk.pro found in 0/5 searches
[14:20:27] SEO ANALYST: Starting check
[14:20:27]   SEO: Checking 'epoxy flooring Stuart FL'
[14:20:36]   SEO: Checking 'epoxy flooring Jensen Beach FL'
[14:20:42]   SEO: Checking 'gutter installation Jensen Beach FL'
[14:20:49]   SEO: Checking 'handyman Stuart FL'
[14:20:55]   SEO: Checking 'kitchen remodel Jensen Beach FL'
[14:21:02] SEO ANALYST: Wrote report to /home/chris/.openclaw/workspace/reports/seo/seo_2026-02-12.json
[14:21:02] SEO ANALYST: kmjk.pro found in 0/5 searches
[15:12:56] SEO ANALYST: Starting check
[15:12:56]   SEO: Checking 'kitchen remodel Jensen Beach FL'
[15:13:02]   SEO: Checking 'roofing contractor Stuart FL'
[15:13:08]   SEO: Checking 'kitchen renovation Stuart FL'
[15:13:16]   SEO: Checking 'epoxy flooring Stuart FL'
[15:13:24]   SEO: Checking 'gutter installation Jensen Beach FL'
[15:13:30] SEO ANALYST: Wrote report to /home/chris/.openclaw/workspace/reports/seo/seo_2026-02-12.json
[15:13:30] SEO ANALYST: kmjk.pro found in 0/5 searches
[16:05:01] SEO ANALYST: Starting check
[16:05:01]   SEO: Checking 'general contractor Jensen Beach FL'
[16:05:07]   SEO: Checking 'bathroom remodel Stuart FL'
[16:05:14]   SEO: Checking 'handyman Stuart FL'
[16:05:20]   SEO: Checking 'kitchen renovation Stuart FL'
[16:05:26]   SEO: Checking 'epoxy flooring Stuart FL'
[16:05:32] SEO ANALYST: Wrote report to /home/chris/.openclaw/workspace/reports/seo/seo_2026-02-12.json
[16:05:32] SEO ANALYST: kmjk.pro found in 0/5 searches
[16:56:57] SEO ANALYST: Starting check
[16:56:57]   SEO: Checking 'epoxy flooring Stuart FL'
[16:57:04]   SEO: Checking 'kitchen renovation Stuart FL'
[16:57:09]   SEO: Checking 'general contractor Jensen Beach FL'
[16:57:16]   SEO: Checking 'roofing contractor Stuart FL'
[16:57:21]   SEO: Checking 'epoxy flooring Jensen Beach FL'
[16:57:28] SEO ANALYST: Wrote report to /home/chris/.openclaw/workspace/reports/seo/seo_2026-02-12.json
[16:57:28] SEO ANALYST: kmjk.pro found in 0/5 searches
[17:48:57] SEO ANALYST: Starting check
[17:48:57]   SEO: Checking 'gutter installation Jensen Beach FL'
[17:49:04]   SEO: Checking 'handyman Stuart FL'
[17:49:10]   SEO: Checking 'roofing contractor Stuart FL'
[17:49:15]   SEO: Checking 'kitchen renovation Palm City FL'
[17:49:22]   SEO: Checking 'bathroom remodel Stuart FL'
[17:49:29] SEO ANALYST: Wrote report to /home/chris/.openclaw/workspace/reports/seo/seo_2026-02-12.json
[17:49:29] SEO ANALYST: kmjk.pro found in 0/5 searches
[18:40:48] SEO ANALYST: Starting check
[18:40:48]   SEO: Checking 'roofing contractor Stuart FL'
[18:40:54]   SEO: Checking 'kitchen renovation Palm City FL'
[18:41:00]   SEO: Checking 'kitchen remodel Jensen Beach FL'
[18:41:06]   SEO: Checking 'gutter installation Jensen Beach FL'
[18:41:14]   SEO: Checking 'handyman Stuart FL'
[18:41:20] SEO ANALYST: Wrote report to /home/chris/.openclaw/workspace/reports/seo/seo_2026-02-12.json
[18:41:20] SEO ANALYST: kmjk.pro found in 0/5 searches
[19:32:40] SEO ANALYST: Starting check
[19:32:40]   SEO: Checking 'gutter installation Jensen Beach FL'
[19:32:47]   SEO: Checking 'epoxy flooring Stuart FL'
[19:32:53]   SEO: Checking 'kitchen renovation Stuart FL'
[19:32:59]   SEO: Checking 'kitchen remodel Jensen Beach FL'
[19:33:05]   SEO: Checking 'handyman Stuart FL'
[19:33:11] SEO ANALYST: Wrote report to /home/chris/.openclaw/workspace/reports/seo/seo_2026-02-12.json
[19:33:11] SEO ANALYST: kmjk.pro found in 0/5 searches
