[21:10:45] ============================================================
[21:10:45] SMART ENRICHER — Search-based contact finder
[21:10:45] Batch size: 30
[21:10:45] ============================================================
[21:10:45] Z.AI webSearchPrime loaded
[21:10:45] Loaded 622 leads
[21:10:45] Leads needing email: 622
[21:10:45] Processing batch of 30
[21:10:45]   [1/30] Property Boss LLC
[21:10:48]     FOUND EMAIL: Staff@propertybossllc.com
[21:10:53]   [2/30] Coastal Management Professionals
[21:10:57]     FOUND EMAIL: Accounting@cpmfl.com
[21:11:02]   [3/30] Maaco Auto Body & Painting Stuart
[21:11:06]     FOUND EMAIL: stuartflmaaco@bellsouth.net
[21:11:06]     FOUND PHONE: 1204650995
[21:11:11]   [4/30] Floridian Kitchens
[21:11:14]     FOUND EMAIL: info@floridiankitchens.com
[21:11:14]     FOUND PHONE: (772) 324-0998
[21:11:19]   [5/30] Signature Property Management
[21:11:22]     FOUND EMAIL: Ira@signaturepropertymgmt.com
[21:11:22]     FOUND PHONE: 772) 219-4474
[21:11:27]   [6/30] Martin, FL Property Management Companies
[21:11:30]     FOUND EMAIL: info@pamartinfl.gov
[21:11:30]     FOUND PHONE: (772) 631-6450
[21:11:35]   [7/30] Professional HOA & COA Services in Marti
[21:11:39]     FOUND EMAIL: esposito@macombgov.org
[21:11:39]     FOUND PHONE: 1016146955
[21:11:44]   [8/30] Coastal Property Management – Stuart & J
[21:11:48]     FOUND EMAIL: susan.palmieri@cpmfl.com
[21:11:48]     FOUND PHONE: 772-600-8900
[21:11:53]   [9/30] Palm Beach and Martin Counties Property 
[21:11:56]     FOUND EMAIL: info@pa.martin.fl.us
[21:11:56]     FOUND PHONE: (772) 288-5608
[21:12:01]   [10/30] Martin Property Management, Martin Prope
[21:12:05]     FOUND EMAIL: info@pa.martin.fl.us
[21:12:05]     FOUND PHONE: 781.532.8250
[21:12:10]   [11/30] Properties & Communities
[21:12:13]     FOUND EMAIL: kevin@stewartteam.com
[21:12:13]     FOUND PHONE: (248) 759-5474
[21:12:18]   [12/30] St. Lucie and Martin County Property Man
[21:12:22]     FOUND EMAIL: info@mgtspec.com
[21:12:22]     FOUND PHONE: (877) 665-5505
[21:12:27]   [13/30] Trusted Cleaning Company in Stuart FL
[21:12:30]     FOUND EMAIL: ncsnatyka@gmail.com
[21:12:30]     FOUND PHONE: 772-220-7915
[21:12:35]   [14/30] Commercial Cleaning Services in Stuart, 
[21:12:38]     FOUND EMAIL: office@customcleaningtc.com
[21:12:38]     FOUND PHONE: 561-935-8549
[21:12:43]   [15/30] Stuart, FL Commercial Cleaning and Janit
[21:12:46]     FOUND EMAIL: info@stuartmartinchamber.org
[21:12:46]     FOUND PHONE: 772-220-7915
[21:12:51]   [16/30] Cleaning Services Stuart, Jensen Beach F
[21:12:54]     FOUND PHONE: 772-205-3994
[21:12:59]   [17/30] Fresh and Clean Cleaning Service, Stuart
[21:13:05]     FOUND EMAIL: info@cleanandfreshcleaning.com
[21:13:05]     FOUND PHONE: 786-920-2105
[21:13:10]   [18/30] Commercial Cleaning Services in Stuart, 
[21:13:14]     FOUND EMAIL: office@customcleaningtc.com
[21:13:14]     FOUND PHONE: 772-287-1088
[21:13:19]   [19/30] Florida Investment Properties
[21:13:21]     FOUND EMAIL: nabertke@gmail.com
[21:13:21]     FOUND PHONE: (772) 763-8506
[21:13:26]   [20/30] Treasure Coast Real Estate
[21:13:29]     FOUND EMAIL: John@tccommercialre.com
[21:13:29]     FOUND PHONE: (772) 288-0632
[21:13:34]   [21/30] Treasure Coast Realty Group
[21:13:38]     FOUND EMAIL: Meluke@treasurecoastrg.com
[21:13:38]     FOUND PHONE: (772) 288-0632
[21:13:43]   [22/30] Excellent Investment
[21:13:46]     FOUND EMAIL: sales@stewartsresort.com
[21:13:46]     FOUND PHONE: 1514742893
[21:13:51]   [23/30] RE/MAX Gold
[21:13:54]     FOUND EMAIL: Meconnormckinney.re@gmail.com
[21:13:54]     FOUND PHONE: 973-508-9425
[21:13:59]   [24/30] Estate Listings on
[21:14:02]     FOUND EMAIL: spiersrealestate@gmail.com
[21:14:02]     FOUND PHONE: (868) 622-2685
[21:14:07]   [25/30] Luxury Homes of the Treasure Coast
[21:14:10]     FOUND PHONE: 800-274-6637
[21:14:15]   [26/30] Treasure Coast Fl. Real Estate Articles
[21:14:18]     FOUND EMAIL: John@tccommericalre.com
[21:14:18]     FOUND PHONE: (772) 288-0632
[21:14:23]   [27/30] Treasure Coast Real Estate: Treasure Coa
[21:14:26]     FOUND PHONE: 1000570592
[21:14:31]   [28/30] Top Rated Car Dealerships near Stuart, F
[21:14:35]     FOUND PHONE: 772-872-0501
[21:14:40]   [29/30] New & Used Cars For Sale
[21:14:43]     FOUND PHONE: 772.218.7007
[21:14:48]   [30/30] Wallace Chevrolet
[21:14:51]     FOUND EMAIL: ewallace@wallacechev.com
[21:14:51]     FOUND PHONE: 772-286-0155
[21:14:56] Wrote 25 enriched contacts back to CSV
[21:14:56] CRM dashboard rebuilt
[21:14:57] Pushed to GitHub
[21:14:57] SMART ENRICHER COMPLETE: 25 emails found, 2 drafts
[21:14:57] ============================================================
[21:16:13] ============================================================
[21:16:13] SMART ENRICHER — Search-based contact finder
[21:16:13] Batch size: 50
[21:16:13] ============================================================
[21:16:13] Z.AI webSearchPrime loaded
[21:16:13] Loaded 622 leads
[21:16:13] Leads needing email: 597
[21:16:13] Processing batch of 50
[21:16:13]   [1/50] Cleaning Services Stuart, Jensen Beach F
[21:16:21]   [2/50] Luxury Homes of the Treasure Coast
[21:16:23]     FOUND EMAIL: Kevin@TradewindRe.com
[21:16:28]   [3/50] Treasure Coast Real Estate: Treasure Coa
[21:16:36]   [4/50] Top Rated Car Dealerships near Stuart, F
[21:16:45]   [5/50] New & Used Cars For Sale
[21:16:54]   [6/50] All Dealers in Stuart, FL 34997
[21:16:57]     FOUND EMAIL: sales@jldauto.net
[21:16:57]     FOUND PHONE: (772) 288-2099
[21:17:02]   [7/50] Starling Buick GMC Dealership in Stuart,
[21:17:05]     FOUND PHONE: (772) 210-0299
[21:17:10]   [8/50] Honda Dealership Stuart FL
[21:17:13]     FOUND EMAIL: events@hohmartin.org
[21:17:13]     FOUND PHONE: (772) 286-4673
[21:17:18]   [9/50] Treasure Coast Toyota Of Stuart
[21:17:21]     FOUND PHONE: (772) 283-8300
[21:17:26]   [10/50] Wallace Chrysler, Jeep, Dodge, Ram & Wag
[21:17:29]     FOUND EMAIL: users@wallaceautogroup.net
[21:17:29]     FOUND PHONE: 772-291-5172
[21:17:34]   [11/50] Our Experienced Handyman Palm City, FL
[21:17:36]     FOUND EMAIL: info@tamcare.com
[21:17:36]     FOUND PHONE: 3459463101
[21:17:41]   [12/50] Palm City Handyman Service
[21:17:44]     FOUND EMAIL: tchomecarerepair@gmail.com
[21:17:44]     FOUND PHONE: 3459463101
[21:17:49]   [13/50] Handyman & Home Repair Services in Palm 
[21:17:54]     FOUND EMAIL: tchomecarerepair@gmail.com
[21:17:54]     FOUND PHONE: (772) 882-5798
[21:17:59]   [14/50] Martin County
[21:18:02]     FOUND EMAIL: eciampi@martin.fl.us
[21:18:02]     FOUND PHONE: (772) 403-1064
[21:18:07]   [15/50] Lawn Care and Lawn Maintenance
[21:18:09]     FOUND EMAIL: Contractors@BelmontProviderNetwork.com
[21:18:09]     FOUND PHONE: (772) 263-1656
[21:18:14]   [16/50] Wolf's Landscape & Maintenance
[21:18:17]     FOUND EMAIL: info@wolfscuts.com
[21:18:17]     FOUND PHONE: 1000636144
[21:18:22]   [17/50] Martin County Condo & Homeowners Associa
[21:18:25]     FOUND EMAIL: jeanette.m.lugo@gmail.com
[21:18:25]     FOUND PHONE: (772) 293-0352
[21:18:30]   [18/50] Martin Downs Property Owners Association
[21:18:33]     FOUND EMAIL: reception@mdpoa.org
[21:18:33]     FOUND PHONE: (772) 283-4746
[21:18:38]   [19/50] Beau Rivage Estates HOA
[21:18:42]     FOUND EMAIL: fenglund@bellsouth.net
[21:18:42]     FOUND PHONE: 1313679510
[21:18:47]   [20/50] Martin Meadows | Home Owners Association
[21:18:54]   [21/50] Circle Bay Yacht Club
[21:18:57]     FOUND PHONE: 772.287.0990
[21:19:02]   [22/50] The Landings of Martin County | HOA in S
[21:19:06]     FOUND EMAIL: tkryzda@martin.fl.us
[21:19:06]     FOUND PHONE: (772) 288-5939
[21:19:11]   [23/50] Master Association - Welcome to Hammock 
[21:19:13]     FOUND EMAIL: Master.HammockCreek@gmail.com
[21:19:13]     FOUND PHONE: 772-334-8900
[21:19:18]   [24/50] Community Association - Reblawpa
[21:19:22]     FOUND EMAIL: jee@reblawpa.com
[21:19:22]     FOUND PHONE: (772) 287-8045
[21:19:27]   [25/50] Treasure Coast, FL - TourSeniorLiving.or
[21:19:31]     FOUND PHONE: (772) 732-1223
[21:19:36]   [26/50] The Best Assisted Living Facilities in P
[21:19:39]     FOUND EMAIL: info@brightenalf.comALF
[21:19:39]     FOUND PHONE: 772-237-5165
[21:19:44]   [27/50] Treasure Coast Senior Living Communities
[21:19:47]     FOUND EMAIL: faithmarie@tc-seniorliving.com
[21:19:47]     FOUND PHONE: (954) 549-7566
[21:19:52]   [28/50] JD Treasure Coast ALF in Florida - Oasis
[21:19:55]     FOUND EMAIL: jlibratore@youroasisadvisor.com
[21:19:55]     FOUND PHONE: (772) 214-0806
[21:20:00]   [29/50] The Gardens of Port St. Lucie Senior Liv
[21:20:08]   [30/50] Castlewood Assisted Living Residence
[21:20:11]     FOUND EMAIL: brittanyf.cal@outlook.com
[21:20:11]     FOUND PHONE: (605) 793-2234
[21:20:16]   [31/50] jd treasure coast assisted living facili
[21:20:19]     FOUND PHONE: (646) 823-7554
[21:20:24]   [32/50] Treasure Coast ALF | Port St. Lucie, Flo
[21:20:28]     FOUND PHONE: (561) 510-8367
[21:20:33]   [33/50] 10 Best Assisted Living Facilities in St
[21:20:37]     FOUND PHONE: (772) 207-7622
[21:20:42]   [34/50] Independent Living - CarePatrol of The T
[21:20:45]     FOUND EMAIL: lvelez@carepatrol.com
[21:20:45]     FOUND PHONE: (321) 273-2424
[21:20:50]   [35/50] Premium Concrete Floor Coatings Services
[21:20:53]     FOUND PHONE: 844-844-4164
[21:20:58]   [36/50] Epoxy Garage Floor Solutions in Stuart
[21:21:02]     FOUND PHONE: 772.779.3799
[21:21:07]   [37/50] Garage Floor Installations in Stuart, FL
[21:21:11]     FOUND EMAIL: tlosee@certapro.com
[21:21:11]     FOUND PHONE: 844-844-4164
[21:21:16]   [38/50] Jupiter Custom Garage Floor Coatings & C
[21:21:19]     FOUND PHONE: (772) 222-6280
[21:21:24]   [39/50] Top Flooring Alternatives to Epoxy in St
[21:21:27]     FOUND PHONE: (561) 565-0336
[21:21:32]   [40/50] Sewalls Point Property Management | Sout
[21:21:36]     FOUND EMAIL: mbuo1989@bellsouth.net
[21:21:36]     FOUND PHONE: (772) 287-2455
[21:21:41]   [41/50] Luxury Airbnb Property Management in Sew
[21:21:44]     FOUND EMAIL: contact@luxurylodgingstr.com
[21:21:44]     FOUND PHONE: 1414656042
[21:21:49]   [42/50] REALTORS® & real estate agents in Sewall
[21:21:52]     FOUND EMAIL: AlexanderHaighRealtor@Gmail.com
[21:21:52]     FOUND PHONE: 772-240-0997
[21:21:57]   [43/50] Kathi Lundstrom, Real Estate Agent - Ill
[21:22:00]     FOUND EMAIL: kathione@bellsouth.net
[21:22:00]     FOUND PHONE: 772-631-2370
[21:22:05]   [44/50] Florida Commercial Real Estate Company: 
[21:22:07]     FOUND EMAIL: cpelaez@commercialrealestatellc.com
[21:22:07]     FOUND PHONE: 772.221.1118
[21:22:12]   [45/50] Stuart Florida Real Estate | Premier Gro
[21:22:15]     FOUND PHONE: 772.337.8250
[21:22:20]   [46/50] About Us - Management Specialists Port S
[21:22:24]     FOUND EMAIL: info@mgtspec.com
[21:22:24]     FOUND PHONE: (877) 665-5505
[21:22:29]   [47/50] We Acquired R. Russell Properties!
[21:22:33]     FOUND EMAIL: mcoady@brickpoint.com
[21:22:33]     FOUND PHONE: 1768212691
[21:22:38]   [48/50] Palm City Garage Floor Coatings | Garage
[21:22:40]     FOUND EMAIL: sales@comercrossgarage.com
[21:22:40]     FOUND PHONE: (772) 222-6280
[21:22:45]   [49/50] Professional Garage Floors in Palm City,
[21:22:48]     FOUND EMAIL: customsurfacesolutionsllc@gmail.com
[21:22:48]     FOUND PHONE: 772-448-1968
[21:22:53]   [50/50] Professional Concrete Floor Coatings Pal
[21:22:56]     FOUND EMAIL: customsurfacesolutionsllc@gmail.com
[21:22:56]     FOUND PHONE: 561-905-0148
[21:23:01] Wrote 32 enriched contacts back to CSV
[21:23:01] CRM dashboard rebuilt
