[04:50:03][SEG1] ============================================================
[04:50:03][SEG1] SMTP VERIFIER — Segment 1/10 | Batch: 15
[04:50:03][SEG1] ============================================================
[04:50:03][SEG1] Loaded 1044 leads
[04:50:03][SEG1] FATAL: 'NoneType' object has no attribute 'lower'
[04:55:02][SEG1] ============================================================
[04:55:02][SEG1] SMTP VERIFIER — Segment 1/10 | Batch: 15
[04:55:02][SEG1] ============================================================
[04:55:02][SEG1] Loaded 1237 leads
[04:55:02][SEG1] Leads in segment 1: 66
[04:55:02][SEG1] Processing batch of 15
[04:55:02][SEG1]   [1/15] Coastal Management Professionals → Accounting@cpmfl.com
[04:55:02][SEG1]     → ✗ REJECTED: rejected
[04:55:03][SEG1]   [2/15] Martin, FL Property Management Comp → info@pamartinfl.gov
[04:55:03][SEG1]     → ✗ REJECTED: rejected
[04:55:04][SEG1]   [3/15] Home Services at Jensen Beach #221 → cgallant@floridaelkscts.org
[04:55:04][SEG1]     → ✗ REJECTED: rejected
[04:55:05][SEG1]   [4/15] Treasure Coast Real Estate → John@tccommercialre.com
[04:55:05][SEG1]     → ✗ REJECTED: rejected
[04:55:06][SEG1]   [5/15] Wallace Chevrolet → ewallace@wallacechev.com
[04:55:07][SEG1]     → ? UNKNOWN: unknown
[04:55:07][SEG1]   [6/15] Fort Pierce, FL Industrial & Wareho → info@propertyshark.com
[04:55:07][SEG1]     → ? UNKNOWN: unknown
[04:55:07][SEG1]   [7/15] Car Detailing Jupiter, FL → officialluxautocare@gmail.com
[04:55:09][SEG1]     → ✓ VERIFIED
[04:55:09][SEG1]   [8/15] Palm City Garage Floor Coatings | G → sales@comercrossgarage.com
[04:55:10][SEG1]     → ✓ VERIFIED
[04:55:10][SEG1]   [9/15] New Homes In Port St. Lucie, Florid → info@ryanhomes.com
[04:55:10][SEG1]     → ? UNKNOWN: unknown
[04:55:11][SEG1]   [10/15] Seamless Gutters | Jensen Beach, FL → gutterguy@gutterguyfl.com
[04:55:11][SEG1]     → ✗ REJECTED: rejected
[04:55:11][SEG1]   [11/15] HOSPITALS/EMERGENCY ROOM Category | → info@business.stuartmartinchamber.org
[04:55:19][SEG1]     → ? UNKNOWN: timed out
[04:55:20][SEG1]   [12/15] Ocean Remodeling | Home Remodeling  → info@oceanremodeling.com
[04:55:30][SEG1]     → ✗ REJECTED: rejected
[04:55:31][SEG1]   [13/15] Booking - Showtime Detailing → info@showtimedetailing.org
[04:55:31][SEG1]     → ✗ REJECTED: rejected
[04:55:32][SEG1]   [14/15] Investment properties Martin County → info@landmarkinvestmentsflorida.com
[04:55:32][SEG1]     → ✗ REJECTED: rejected
[04:55:33][SEG1]   [15/15] Mulligan's Beach House → info@mulligansbeachhouse.com
[04:55:33][SEG1]     → ? UNKNOWN: unknown
[04:55:33][SEG1] Wrote 2 verified emails
[04:55:33][SEG1] SEGMENT 1 COMPLETE: 2 verified, 8 rejected
[04:55:33][SEG1] ============================================================
[05:00:04][SEG1] ============================================================
[05:00:04][SEG1] SMTP VERIFIER — Segment 1/10 | Batch: 15
[05:00:04][SEG1] ============================================================
[05:00:04][SEG1] Loaded 1253 leads
[05:00:04][SEG1] Leads in segment 1: 62
[05:00:04][SEG1] Processing batch of 15
[05:00:04][SEG1]   [1/15] Coastal Management Professionals → Accounting@cpmfl.com
[05:00:04][SEG1]     → ✗ REJECTED: rejected
[05:00:05][SEG1]   [2/15] Martin, FL Property Management Comp → info@pamartinfl.gov
[05:00:05][SEG1]     → ? UNKNOWN: [Errno 111] Connection refused
[05:00:06][SEG1]   [3/15] Home Services at Jensen Beach #221 → cgallant@floridaelkscts.org
[05:00:06][SEG1]     → ✗ REJECTED: rejected
[05:00:07][SEG1]   [4/15] Treasure Coast Real Estate → John@tccommercialre.com
[05:00:07][SEG1]     → ✗ REJECTED: rejected
[05:00:07][SEG1]   [5/15] Wallace Chevrolet → ewallace@wallacechev.com
[05:00:08][SEG1]     → ? UNKNOWN: unknown
[05:00:08][SEG1]   [6/15] Fort Pierce, FL Industrial & Wareho → info@propertyshark.com
[05:00:09][SEG1]     → ? UNKNOWN: unknown
[05:00:09][SEG1]   [7/15] Car Detailing Jupiter, FL → officialluxautocare@gmail.com
[05:00:10][SEG1]     → ✓ VERIFIED
[05:00:10][SEG1]   [8/15] Palm City Garage Floor Coatings | G → sales@comercrossgarage.com
[05:00:11][SEG1]     → ✓ VERIFIED
[05:00:11][SEG1]   [9/15] New Homes In Port St. Lucie, Florid → info@ryanhomes.com
[05:00:12][SEG1]     → ? UNKNOWN: unknown
[05:00:12][SEG1]   [10/15] Seamless Gutters | Jensen Beach, FL → gutterguy@gutterguyfl.com
[05:00:12][SEG1]     → ✗ REJECTED: rejected
[05:00:13][SEG1]   [11/15] HOSPITALS/EMERGENCY ROOM Category | → info@business.stuartmartinchamber.org
[05:00:21][SEG1]     → ? UNKNOWN: timed out
[05:00:21][SEG1]   [12/15] Ocean Remodeling | Home Remodeling  → info@oceanremodeling.com
[05:00:32][SEG1]     → ✗ REJECTED: rejected
[05:00:32][SEG1]   [13/15] Booking - Showtime Detailing → info@showtimedetailing.org
[05:00:33][SEG1]     → ✗ REJECTED: rejected
[05:00:33][SEG1]   [14/15] Investment properties Martin County → info@landmarkinvestmentsflorida.com
[05:00:33][SEG1]     → ? UNKNOWN: unknown
[05:00:34][SEG1]   [15/15] Mulligan's Beach House → info@mulligansbeachhouse.com
[05:00:34][SEG1]     → ? UNKNOWN: unknown
[05:00:35][SEG1] Wrote 2 verified emails
[05:00:35][SEG1] SEGMENT 1 COMPLETE: 2 verified, 6 rejected
[05:00:35][SEG1] ============================================================
[05:05:02][SEG1] ============================================================
[05:05:02][SEG1] SMTP VERIFIER — Segment 1/10 | Batch: 15
[05:05:02][SEG1] ============================================================
[05:05:02][SEG1] Loaded 1330 leads
[05:05:02][SEG1] Leads in segment 1: 63
[05:05:02][SEG1] Processing batch of 15
[05:05:02][SEG1]   [1/15] Coastal Management Professionals → Accounting@cpmfl.com
[05:05:03][SEG1]     → ✗ REJECTED: rejected
[05:05:03][SEG1]   [2/15] Martin, FL Property Management Comp → info@pamartinfl.gov
[05:05:04][SEG1]     → ✗ REJECTED: rejected
[05:05:04][SEG1]   [3/15] Home Services at Jensen Beach #221 → cgallant@floridaelkscts.org
[05:05:05][SEG1]     → ✗ REJECTED: rejected
[05:05:05][SEG1]   [4/15] Treasure Coast Real Estate → John@tccommercialre.com
[05:05:05][SEG1]     → ✗ REJECTED: rejected
[05:05:06][SEG1]   [5/15] Wallace Chevrolet → ewallace@wallacechev.com
[05:05:06][SEG1]     → ? UNKNOWN: unknown
[05:05:07][SEG1]   [6/15] Fort Pierce, FL Industrial & Wareho → info@propertyshark.com
[05:05:07][SEG1]     → ? UNKNOWN: unknown
[05:05:07][SEG1]   [7/15] Car Detailing Jupiter, FL → officialluxautocare@gmail.com
[05:05:08][SEG1]     → ✓ VERIFIED
[05:05:08][SEG1]   [8/15] Palm City Garage Floor Coatings | G → sales@comercrossgarage.com
[05:05:09][SEG1]     → ✓ VERIFIED
[05:05:09][SEG1]   [9/15] New Homes In Port St. Lucie, Florid → info@ryanhomes.com
[05:05:10][SEG1]     → ? UNKNOWN: unknown
[05:05:10][SEG1]   [10/15] Seamless Gutters | Jensen Beach, FL → gutterguy@gutterguyfl.com
[05:05:10][SEG1]     → ✗ REJECTED: rejected
[05:05:11][SEG1]   [11/15] HOSPITALS/EMERGENCY ROOM Category | → info@business.stuartmartinchamber.org
[05:05:19][SEG1]     → ? UNKNOWN: timed out
[05:05:19][SEG1]   [12/15] Ocean Remodeling | Home Remodeling  → info@oceanremodeling.com
[05:05:29][SEG1]     → ✗ REJECTED: rejected
[05:05:30][SEG1]   [13/15] Booking - Showtime Detailing → info@showtimedetailing.org
[05:05:31][SEG1]     → ✗ REJECTED: rejected
[05:05:31][SEG1]   [14/15] Investment properties Martin County → info@landmarkinvestmentsflorida.com
[05:05:31][SEG1]     → ? UNKNOWN: unknown
[05:05:32][SEG1]   [15/15] Mulligan's Beach House → info@mulligansbeachhouse.com
[05:05:32][SEG1]     → ? UNKNOWN: unknown
[05:05:33][SEG1] Wrote 2 verified emails
[05:05:33][SEG1] SEGMENT 1 COMPLETE: 2 verified, 7 rejected
[05:05:33][SEG1] ============================================================
[05:10:03][SEG1] ============================================================
[05:10:03][SEG1] SMTP VERIFIER — Segment 1/10 | Batch: 15
[05:10:03][SEG1] ============================================================
[05:10:03][SEG1] Loaded 1330 leads
[05:10:03][SEG1] Leads in segment 1: 63
[05:10:03][SEG1] Processing batch of 15
[05:10:03][SEG1]   [1/15] Coastal Management Professionals → Accounting@cpmfl.com
[05:10:03][SEG1]     → ✗ REJECTED: rejected
[05:10:03][SEG1]   [2/15] Martin, FL Property Management Comp → info@pamartinfl.gov
[05:10:04][SEG1]     → ✗ REJECTED: rejected
[05:10:04][SEG1]   [3/15] Home Services at Jensen Beach #221 → cgallant@floridaelkscts.org
[05:10:05][SEG1]     → ✗ REJECTED: rejected
[05:10:05][SEG1]   [4/15] Treasure Coast Real Estate → John@tccommercialre.com
[05:10:06][SEG1]     → ✗ REJECTED: rejected
[05:10:06][SEG1]   [5/15] Wallace Chevrolet → ewallace@wallacechev.com
[05:10:07][SEG1]     → ? UNKNOWN: unknown
[05:10:07][SEG1]   [6/15] Fort Pierce, FL Industrial & Wareho → info@propertyshark.com
[05:10:07][SEG1]     → ? UNKNOWN: unknown
[05:10:08][SEG1]   [7/15] Car Detailing Jupiter, FL → officialluxautocare@gmail.com
[05:10:08][SEG1]     → ✓ VERIFIED
[05:10:08][SEG1]   [8/15] Palm City Garage Floor Coatings | G → sales@comercrossgarage.com
[05:10:09][SEG1]     → ✓ VERIFIED
[05:10:09][SEG1]   [9/15] New Homes In Port St. Lucie, Florid → info@ryanhomes.com
[05:10:09][SEG1]     → ? UNKNOWN: unknown
[05:10:10][SEG1]   [10/15] Seamless Gutters | Jensen Beach, FL → gutterguy@gutterguyfl.com
[05:10:10][SEG1]     → ✗ REJECTED: rejected
[05:10:11][SEG1]   [11/15] HOSPITALS/EMERGENCY ROOM Category | → info@business.stuartmartinchamber.org
[05:10:19][SEG1]     → ? UNKNOWN: timed out
[05:10:19][SEG1]   [12/15] Ocean Remodeling | Home Remodeling  → info@oceanremodeling.com
[05:10:29][SEG1]     → ✗ REJECTED: rejected
[05:10:30][SEG1]   [13/15] Booking - Showtime Detailing → info@showtimedetailing.org
[05:10:31][SEG1]     → ✗ REJECTED: rejected
[05:10:31][SEG1]   [14/15] Investment properties Martin County → info@landmarkinvestmentsflorida.com
[05:10:32][SEG1]     → ✗ REJECTED: rejected
[05:10:32][SEG1]   [15/15] Mulligan's Beach House → info@mulligansbeachhouse.com
[05:10:32][SEG1]     → ? UNKNOWN: unknown
[05:10:33][SEG1] Wrote 2 verified emails
[05:10:33][SEG1] SEGMENT 1 COMPLETE: 2 verified, 8 rejected
[05:10:33][SEG1] ============================================================
[05:15:02][SEG1] ============================================================
[05:15:02][SEG1] SMTP VERIFIER — Segment 1/10 | Batch: 15
[05:15:02][SEG1] ============================================================
[05:15:02][SEG1] Loaded 2665 leads
[05:15:02][SEG1] Leads in segment 1: 70
[05:15:02][SEG1] Processing batch of 15
[05:15:02][SEG1]   [1/15] Coastal Management Professionals → Accounting@cpmfl.com
[05:15:02][SEG1]     → ✗ REJECTED: rejected
[05:15:03][SEG1]   [2/15] Martin, FL Property Management Comp → info@pamartinfl.gov
[05:15:03][SEG1]     → ✗ REJECTED: rejected
[05:15:04][SEG1]   [3/15] Home Services at Jensen Beach #221 → cgallant@floridaelkscts.org
[05:15:04][SEG1]     → ✗ REJECTED: rejected
[05:15:04][SEG1]   [4/15] Treasure Coast Real Estate → John@tccommercialre.com
[05:15:04][SEG1]     → ✗ REJECTED: rejected
[05:15:05][SEG1]   [5/15] Wallace Chevrolet → ewallace@wallacechev.com
[05:15:05][SEG1]     → ? UNKNOWN: unknown
[05:15:06][SEG1]   [6/15] Fort Pierce, FL Industrial & Wareho → info@propertyshark.com
[05:15:06][SEG1]     → ? UNKNOWN: unknown
[05:15:06][SEG1]   [7/15] Car Detailing Jupiter, FL → officialluxautocare@gmail.com
[05:15:07][SEG1]     → ✓ VERIFIED
[05:15:07][SEG1]   [8/15] Palm City Garage Floor Coatings | G → sales@comercrossgarage.com
[05:15:08][SEG1]     → ✓ VERIFIED
[05:15:08][SEG1]   [9/15] New Homes In Port St. Lucie, Florid → info@ryanhomes.com
[05:15:08][SEG1]     → ? UNKNOWN: unknown
[05:15:08][SEG1]   [10/15] Seamless Gutters | Jensen Beach, FL → gutterguy@gutterguyfl.com
[05:15:09][SEG1]     → ✗ REJECTED: rejected
[05:15:09][SEG1]   [11/15] HOSPITALS/EMERGENCY ROOM Category | → info@business.stuartmartinchamber.org
[05:15:17][SEG1]     → ? UNKNOWN: timed out
[05:15:18][SEG1]   [12/15] Ocean Remodeling | Home Remodeling  → info@oceanremodeling.com
[05:15:28][SEG1]     → ✗ REJECTED: rejected
[05:15:28][SEG1]   [13/15] Booking - Showtime Detailing → info@showtimedetailing.org
[05:15:29][SEG1]     → ✗ REJECTED: rejected
[05:15:30][SEG1]   [14/15] Investment properties Martin County → info@landmarkinvestmentsflorida.com
[05:15:30][SEG1]     → ? UNKNOWN: unknown
[05:15:30][SEG1]   [15/15] Mulligan's Beach House → info@mulligansbeachhouse.com
[05:15:30][SEG1]     → ? UNKNOWN: unknown
[05:15:31][SEG1] Wrote 2 verified emails
[05:15:31][SEG1] SEGMENT 1 COMPLETE: 2 verified, 7 rejected
[05:15:31][SEG1] ============================================================
[05:20:03][SEG1] ============================================================
[05:20:03][SEG1] SMTP VERIFIER — Segment 1/10 | Batch: 15
[05:20:03][SEG1] ============================================================
[05:20:03][SEG1] Loaded 2665 leads
[05:20:03][SEG1] Leads in segment 1: 70
[05:20:03][SEG1] Processing batch of 15
[05:20:03][SEG1]   [1/15] Coastal Management Professionals → Accounting@cpmfl.com
[05:20:03][SEG1]     → ✗ REJECTED: rejected
[05:20:03][SEG1]   [2/15] Martin, FL Property Management Comp → info@pamartinfl.gov
[05:20:04][SEG1]     → ✗ REJECTED: rejected
[05:20:04][SEG1]   [3/15] Home Services at Jensen Beach #221 → cgallant@floridaelkscts.org
[05:20:04][SEG1]     → ✗ REJECTED: rejected
[05:20:05][SEG1]   [4/15] Treasure Coast Real Estate → John@tccommercialre.com
[05:20:05][SEG1]     → ✗ REJECTED: rejected
[05:20:05][SEG1]   [5/15] Wallace Chevrolet → ewallace@wallacechev.com
[05:20:06][SEG1]     → ? UNKNOWN: unknown
[05:20:06][SEG1]   [6/15] Fort Pierce, FL Industrial & Wareho → info@propertyshark.com
[05:20:07][SEG1]     → ? UNKNOWN: unknown
[05:20:07][SEG1]   [7/15] Car Detailing Jupiter, FL → officialluxautocare@gmail.com
[05:20:08][SEG1]     → ✓ VERIFIED
[05:20:08][SEG1]   [8/15] Palm City Garage Floor Coatings | G → sales@comercrossgarage.com
[05:20:09][SEG1]     → ✓ VERIFIED
[05:20:09][SEG1]   [9/15] New Homes In Port St. Lucie, Florid → info@ryanhomes.com
[05:20:09][SEG1]     → ? UNKNOWN: unknown
[05:20:10][SEG1]   [10/15] Seamless Gutters | Jensen Beach, FL → gutterguy@gutterguyfl.com
[05:20:10][SEG1]     → ✗ REJECTED: rejected
[05:20:11][SEG1]   [11/15] HOSPITALS/EMERGENCY ROOM Category | → info@business.stuartmartinchamber.org
[05:20:19][SEG1]     → ? UNKNOWN: timed out
[05:20:19][SEG1]   [12/15] Ocean Remodeling | Home Remodeling  → info@oceanremodeling.com
[05:20:29][SEG1]     → ✗ REJECTED: rejected
[05:20:30][SEG1]   [13/15] Booking - Showtime Detailing → info@showtimedetailing.org
[05:20:30][SEG1]     → ✗ REJECTED: rejected
[05:20:31][SEG1]   [14/15] Investment properties Martin County → info@landmarkinvestmentsflorida.com
[05:20:31][SEG1]     → ? UNKNOWN: unknown
[05:20:31][SEG1]   [15/15] Mulligan's Beach House → info@mulligansbeachhouse.com
[05:20:32][SEG1]     → ? UNKNOWN: unknown
[05:20:32][SEG1] Wrote 2 verified emails
[05:20:32][SEG1] SEGMENT 1 COMPLETE: 2 verified, 7 rejected
[05:20:32][SEG1] ============================================================
[05:25:01][SEG1] ============================================================
[05:25:01][SEG1] SMTP VERIFIER — Segment 1/10 | Batch: 15
[05:25:01][SEG1] ============================================================
[05:25:01][SEG1] Loaded 2665 leads
[05:25:01][SEG1] Leads in segment 1: 76
[05:25:01][SEG1] Processing batch of 15
[05:25:01][SEG1]   [1/15] Coastal Management Professionals → Accounting@cpmfl.com
[05:25:01][SEG1]     → ✗ REJECTED: rejected
[05:25:01][SEG1]   [2/15] Martin, FL Property Management Comp → info@pamartinfl.gov
[05:25:02][SEG1]     → ✗ REJECTED: rejected
[05:25:02][SEG1]   [3/15] Home Services at Jensen Beach #221 → cgallant@floridaelkscts.org
[05:25:03][SEG1]     → ✗ REJECTED: rejected
[05:25:03][SEG1]   [4/15] Treasure Coast Real Estate → John@tccommercialre.com
[05:25:03][SEG1]     → ✗ REJECTED: rejected
[05:25:04][SEG1]   [5/15] Wallace Chevrolet → ewallace@wallacechev.com
[05:25:04][SEG1]     → ? UNKNOWN: unknown
[05:25:05][SEG1]   [6/15] Fort Pierce, FL Industrial & Wareho → info@propertyshark.com
[05:25:05][SEG1]     → ? UNKNOWN: unknown
[05:25:05][SEG1]   [7/15] New Homes In Port St. Lucie, Florid → info@ryanhomes.com
[05:25:06][SEG1]     → ? UNKNOWN: unknown
[05:25:06][SEG1]   [8/15] Seamless Gutters | Jensen Beach, FL → gutterguy@gutterguyfl.com
[05:25:06][SEG1]     → ✗ REJECTED: rejected
[05:25:07][SEG1]   [9/15] HOSPITALS/EMERGENCY ROOM Category | → info@business.stuartmartinchamber.org
[05:25:15][SEG1]     → ? UNKNOWN: timed out
[05:25:15][SEG1]   [10/15] Ocean Remodeling | Home Remodeling  → info@oceanremodeling.com
[05:25:25][SEG1]     → ✗ REJECTED: rejected
[05:25:26][SEG1]   [11/15] Booking - Showtime Detailing → info@showtimedetailing.org
[05:25:27][SEG1]     → ✗ REJECTED: rejected
[05:25:27][SEG1]   [12/15] Investment properties Martin County → info@landmarkinvestmentsflorida.com
[05:25:27][SEG1]     → ? UNKNOWN: unknown
[05:25:28][SEG1]   [13/15] Mulligan's Beach House → info@mulligansbeachhouse.com
[05:25:28][SEG1]     → ? UNKNOWN: unknown
[05:25:28][SEG1]   [14/15] Top Treasure Coast Cleaning Company → info@treasurecoastcleaningsolutions.com
[05:25:29][SEG1]     → ? UNKNOWN: unknown
[05:25:30][SEG1]   [15/15] Divine Association Management LLC:  → info@divineassociations.com
[05:25:30][SEG1]     → ✗ REJECTED: rejected
[05:25:30][SEG1] SEGMENT 1 COMPLETE: 0 verified, 8 rejected
[05:25:30][SEG1] ============================================================
[05:30:03][SEG1] ============================================================
[05:30:03][SEG1] SMTP VERIFIER — Segment 1/10 | Batch: 15
[05:30:03][SEG1] ============================================================
[05:30:03][SEG1] Loaded 2665 leads
[05:30:03][SEG1] Leads in segment 1: 68
[05:30:03][SEG1] Processing batch of 15
[05:30:03][SEG1]   [1/15] Coastal Management Professionals → Accounting@cpmfl.com
[05:30:04][SEG1]     → ✗ REJECTED: rejected
[05:30:04][SEG1]   [2/15] Martin, FL Property Management Comp → info@pamartinfl.gov
[05:30:05][SEG1]     → ✗ REJECTED: rejected
[05:30:05][SEG1]   [3/15] Home Services at Jensen Beach #221 → cgallant@floridaelkscts.org
[05:30:06][SEG1]     → ✗ REJECTED: rejected
[05:30:06][SEG1]   [4/15] Treasure Coast Real Estate → John@tccommercialre.com
[05:30:06][SEG1]     → ✗ REJECTED: rejected
[05:30:07][SEG1]   [5/15] Wallace Chevrolet → ewallace@wallacechev.com
[05:30:07][SEG1]     → ? UNKNOWN: unknown
[05:30:08][SEG1]   [6/15] Fort Pierce, FL Industrial & Wareho → info@propertyshark.com
[05:30:08][SEG1]     → ? UNKNOWN: unknown
[05:30:08][SEG1]   [7/15] New Homes In Port St. Lucie, Florid → info@ryanhomes.com
[05:30:09][SEG1]     → ? UNKNOWN: unknown
[05:30:09][SEG1]   [8/15] Seamless Gutters | Jensen Beach, FL → gutterguy@gutterguyfl.com
[05:30:10][SEG1]     → ✗ REJECTED: rejected
[05:30:10][SEG1]   [9/15] HOSPITALS/EMERGENCY ROOM Category | → info@business.stuartmartinchamber.org
[05:30:18][SEG1]     → ? UNKNOWN: timed out
[05:30:19][SEG1]   [10/15] Ocean Remodeling | Home Remodeling  → info@oceanremodeling.com
[05:30:29][SEG1]     → ✗ REJECTED: rejected
[05:30:29][SEG1]   [11/15] Booking - Showtime Detailing → info@showtimedetailing.org
[05:30:30][SEG1]     → ✗ REJECTED: rejected
[05:30:31][SEG1]   [12/15] Investment properties Martin County → info@landmarkinvestmentsflorida.com
[05:30:31][SEG1]     → ✗ REJECTED: rejected
[05:30:31][SEG1]   [13/15] Mulligan's Beach House → info@mulligansbeachhouse.com
[05:30:32][SEG1]     → ? UNKNOWN: unknown
[05:30:32][SEG1]   [14/15] Top Treasure Coast Cleaning Company → info@treasurecoastcleaningsolutions.com
[05:30:33][SEG1]     → ? UNKNOWN: unknown
[05:30:33][SEG1]   [15/15] Divine Association Management LLC:  → info@divineassociations.com
[05:30:33][SEG1]     → ✗ REJECTED: rejected
[05:30:34][SEG1] SEGMENT 1 COMPLETE: 0 verified, 9 rejected
[05:30:34][SEG1] ============================================================
[05:35:02][SEG1] ============================================================
[05:35:02][SEG1] SMTP VERIFIER — Segment 1/10 | Batch: 15
[05:35:02][SEG1] ============================================================
[05:35:02][SEG1] Loaded 2665 leads
[05:35:02][SEG1] Leads in segment 1: 68
[05:35:02][SEG1] Processing batch of 15
[05:35:02][SEG1]   [1/15] Coastal Management Professionals → Accounting@cpmfl.com
[05:35:03][SEG1]     → ✗ REJECTED: rejected
[05:35:03][SEG1]   [2/15] Martin, FL Property Management Comp → info@pamartinfl.gov
[05:35:04][SEG1]     → ✗ REJECTED: rejected
[05:35:04][SEG1]   [3/15] Home Services at Jensen Beach #221 → cgallant@floridaelkscts.org
[05:35:04][SEG1]     → ✗ REJECTED: rejected
[05:35:05][SEG1]   [4/15] Treasure Coast Real Estate → John@tccommercialre.com
[05:35:05][SEG1]     → ✗ REJECTED: rejected
[05:35:06][SEG1]   [5/15] Wallace Chevrolet → ewallace@wallacechev.com
[05:35:06][SEG1]     → ? UNKNOWN: unknown
[05:35:06][SEG1]   [6/15] Fort Pierce, FL Industrial & Wareho → info@propertyshark.com
[05:35:06][SEG1]     → ? UNKNOWN: unknown
[05:35:07][SEG1]   [7/15] New Homes In Port St. Lucie, Florid → info@ryanhomes.com
[05:35:07][SEG1]     → ? UNKNOWN: unknown
[05:35:07][SEG1]   [8/15] Seamless Gutters | Jensen Beach, FL → gutterguy@gutterguyfl.com
[05:35:08][SEG1]     → ✗ REJECTED: rejected
[05:35:08][SEG1]   [9/15] HOSPITALS/EMERGENCY ROOM Category | → info@business.stuartmartinchamber.org
[05:35:16][SEG1]     → ? UNKNOWN: timed out
[05:35:16][SEG1]   [10/15] Ocean Remodeling | Home Remodeling  → info@oceanremodeling.com
[05:35:27][SEG1]     → ✗ REJECTED: rejected
[05:35:27][SEG1]   [11/15] Booking - Showtime Detailing → info@showtimedetailing.org
[05:35:28][SEG1]     → ✗ REJECTED: rejected
[05:35:28][SEG1]   [12/15] Investment properties Martin County → info@landmarkinvestmentsflorida.com
[05:35:29][SEG1]     → ? UNKNOWN: unknown
[05:35:29][SEG1]   [13/15] Mulligan's Beach House → info@mulligansbeachhouse.com
[05:35:29][SEG1]     → ? UNKNOWN: unknown
[05:35:30][SEG1]   [14/15] Top Treasure Coast Cleaning Company → info@treasurecoastcleaningsolutions.com
[05:35:30][SEG1]     → ? UNKNOWN: unknown
[05:35:31][SEG1]   [15/15] Divine Association Management LLC:  → info@divineassociations.com
[05:35:31][SEG1]     → ✗ REJECTED: rejected
[05:35:31][SEG1] SEGMENT 1 COMPLETE: 0 verified, 8 rejected
[05:35:31][SEG1] ============================================================
[05:40:01][SEG1] ============================================================
[05:40:01][SEG1] SMTP VERIFIER — Segment 1/10 | Batch: 15
[05:40:01][SEG1] ============================================================
[05:40:01][SEG1] Loaded 2665 leads
[05:40:01][SEG1] Leads in segment 1: 68
[05:40:01][SEG1] Processing batch of 15
[05:40:01][SEG1]   [1/15] Coastal Management Professionals → Accounting@cpmfl.com
[05:40:01][SEG1]     → ✗ REJECTED: rejected
[05:40:01][SEG1]   [2/15] Martin, FL Property Management Comp → info@pamartinfl.gov
[05:40:02][SEG1]     → ✗ REJECTED: rejected
[05:40:02][SEG1]   [3/15] Home Services at Jensen Beach #221 → cgallant@floridaelkscts.org
[05:40:03][SEG1]     → ✗ REJECTED: rejected
[05:40:03][SEG1]   [4/15] Treasure Coast Real Estate → John@tccommercialre.com
[05:40:04][SEG1]     → ✗ REJECTED: rejected
[05:40:04][SEG1]   [5/15] Wallace Chevrolet → ewallace@wallacechev.com
[05:40:05][SEG1]     → ? UNKNOWN: unknown
[05:40:05][SEG1]   [6/15] Fort Pierce, FL Industrial & Wareho → info@propertyshark.com
[05:40:05][SEG1]     → ? UNKNOWN: unknown
[05:40:05][SEG1]   [7/15] New Homes In Port St. Lucie, Florid → info@ryanhomes.com
[05:40:06][SEG1]     → ? UNKNOWN: unknown
[05:40:06][SEG1]   [8/15] Seamless Gutters | Jensen Beach, FL → gutterguy@gutterguyfl.com
[05:40:06][SEG1]     → ✗ REJECTED: rejected
[05:40:07][SEG1]   [9/15] HOSPITALS/EMERGENCY ROOM Category | → info@business.stuartmartinchamber.org
[05:40:15][SEG1]     → ? UNKNOWN: timed out
[05:40:15][SEG1]   [10/15] Ocean Remodeling | Home Remodeling  → info@oceanremodeling.com
[05:40:26][SEG1]     → ✗ REJECTED: rejected
[05:40:26][SEG1]   [11/15] Booking - Showtime Detailing → info@showtimedetailing.org
[05:40:27][SEG1]     → ✗ REJECTED: rejected
[05:40:27][SEG1]   [12/15] Investment properties Martin County → info@landmarkinvestmentsflorida.com
[05:40:27][SEG1]     → ✗ REJECTED: rejected
[05:40:28][SEG1]   [13/15] Mulligan's Beach House → info@mulligansbeachhouse.com
[05:40:28][SEG1]     → ? UNKNOWN: unknown
[05:40:29][SEG1]   [14/15] Top Treasure Coast Cleaning Company → info@treasurecoastcleaningsolutions.com
[05:40:29][SEG1]     → ? UNKNOWN: unknown
[05:40:30][SEG1]   [15/15] Divine Association Management LLC:  → info@divineassociations.com
[05:40:30][SEG1]     → ✗ REJECTED: rejected
[05:40:30][SEG1] SEGMENT 1 COMPLETE: 0 verified, 9 rejected
[05:40:30][SEG1] ============================================================
[05:45:02][SEG1] ============================================================
[05:45:02][SEG1] SMTP VERIFIER — Segment 1/10 | Batch: 15
[05:45:02][SEG1] ============================================================
[05:45:02][SEG1] Loaded 2665 leads
[05:45:02][SEG1] Leads in segment 1: 68
[05:45:02][SEG1] Processing batch of 15
[05:45:02][SEG1]   [1/15] Coastal Management Professionals → Accounting@cpmfl.com
[05:45:03][SEG1]     → ✗ REJECTED: rejected
[05:45:03][SEG1]   [2/15] Martin, FL Property Management Comp → info@pamartinfl.gov
[05:45:04][SEG1]     → ✗ REJECTED: rejected
[05:45:04][SEG1]   [3/15] Home Services at Jensen Beach #221 → cgallant@floridaelkscts.org
[05:45:04][SEG1]     → ✗ REJECTED: rejected
[05:45:05][SEG1]   [4/15] Treasure Coast Real Estate → John@tccommercialre.com
[05:45:05][SEG1]     → ✗ REJECTED: rejected
[05:45:05][SEG1]   [5/15] Wallace Chevrolet → ewallace@wallacechev.com
[05:45:06][SEG1]     → ? UNKNOWN: unknown
[05:45:06][SEG1]   [6/15] Fort Pierce, FL Industrial & Wareho → info@propertyshark.com
[05:45:07][SEG1]     → ? UNKNOWN: unknown
[05:45:07][SEG1]   [7/15] New Homes In Port St. Lucie, Florid → info@ryanhomes.com
[05:45:07][SEG1]     → ? UNKNOWN: unknown
[05:45:08][SEG1]   [8/15] Seamless Gutters | Jensen Beach, FL → gutterguy@gutterguyfl.com
[05:45:08][SEG1]     → ✗ REJECTED: rejected
[05:45:08][SEG1]   [9/15] HOSPITALS/EMERGENCY ROOM Category | → info@business.stuartmartinchamber.org
[05:45:16][SEG1]     → ? UNKNOWN: timed out
[05:45:17][SEG1]   [10/15] Ocean Remodeling | Home Remodeling  → info@oceanremodeling.com
[05:45:27][SEG1]     → ✗ REJECTED: rejected
[05:45:28][SEG1]   [11/15] Booking - Showtime Detailing → info@showtimedetailing.org
[05:45:29][SEG1]     → ✗ REJECTED: rejected
[05:45:29][SEG1]   [12/15] Investment properties Martin County → info@landmarkinvestmentsflorida.com
[05:45:31][SEG1]     → ? UNKNOWN: unknown
[05:45:32][SEG1]   [13/15] Mulligan's Beach House → info@mulligansbeachhouse.com
[05:45:32][SEG1]     → ? UNKNOWN: unknown
[05:45:32][SEG1]   [14/15] Top Treasure Coast Cleaning Company → info@treasurecoastcleaningsolutions.com
[05:45:33][SEG1]     → ? UNKNOWN: unknown
[05:45:33][SEG1]   [15/15] Divine Association Management LLC:  → info@divineassociations.com
[05:45:34][SEG1]     → ✗ REJECTED: rejected
[05:45:34][SEG1] SEGMENT 1 COMPLETE: 0 verified, 8 rejected
[05:45:34][SEG1] ============================================================
[05:50:02][SEG1] ============================================================
[05:50:02][SEG1] SMTP VERIFIER — Segment 1/10 | Batch: 15
[05:50:02][SEG1] ============================================================
[05:50:02][SEG1] Loaded 2665 leads
[05:50:02][SEG1] Leads in segment 1: 68
[05:50:02][SEG1] Processing batch of 15
[05:50:02][SEG1]   [1/15] Coastal Management Professionals → Accounting@cpmfl.com
[05:50:02][SEG1]     → ✗ REJECTED: rejected
[05:50:03][SEG1]   [2/15] Martin, FL Property Management Comp → info@pamartinfl.gov
[05:50:03][SEG1]     → ✗ REJECTED: rejected
[05:50:04][SEG1]   [3/15] Home Services at Jensen Beach #221 → cgallant@floridaelkscts.org
[05:50:04][SEG1]     → ✗ REJECTED: rejected
[05:50:04][SEG1]   [4/15] Treasure Coast Real Estate → John@tccommercialre.com
[05:50:05][SEG1]     → ✗ REJECTED: rejected
[05:50:05][SEG1]   [5/15] Wallace Chevrolet → ewallace@wallacechev.com
[05:50:05][SEG1]     → ? UNKNOWN: unknown
[05:50:06][SEG1]   [6/15] Fort Pierce, FL Industrial & Wareho → info@propertyshark.com
[05:50:06][SEG1]     → ? UNKNOWN: unknown
[05:50:06][SEG1]   [7/15] New Homes In Port St. Lucie, Florid → info@ryanhomes.com
[05:50:07][SEG1]     → ? UNKNOWN: unknown
[05:50:07][SEG1]   [8/15] Seamless Gutters | Jensen Beach, FL → gutterguy@gutterguyfl.com
[05:50:07][SEG1]     → ✗ REJECTED: rejected
[05:50:08][SEG1]   [9/15] HOSPITALS/EMERGENCY ROOM Category | → info@business.stuartmartinchamber.org
[05:50:16][SEG1]     → ? UNKNOWN: timed out
[05:50:16][SEG1]   [10/15] Ocean Remodeling | Home Remodeling  → info@oceanremodeling.com
[05:50:27][SEG1]     → ✗ REJECTED: rejected
[05:50:27][SEG1]   [11/15] Booking - Showtime Detailing → info@showtimedetailing.org
[05:50:28][SEG1]     → ✗ REJECTED: rejected
[05:50:28][SEG1]   [12/15] Investment properties Martin County → info@landmarkinvestmentsflorida.com
[05:50:28][SEG1]     → ? UNKNOWN: unknown
[05:50:29][SEG1]   [13/15] Mulligan's Beach House → info@mulligansbeachhouse.com
[05:50:29][SEG1]     → ? UNKNOWN: unknown
[05:50:30][SEG1]   [14/15] Top Treasure Coast Cleaning Company → info@treasurecoastcleaningsolutions.com
[05:50:30][SEG1]     → ? UNKNOWN: unknown
[05:50:31][SEG1]   [15/15] Divine Association Management LLC:  → info@divineassociations.com
[05:50:31][SEG1]     → ✗ REJECTED: rejected
[05:50:31][SEG1] SEGMENT 1 COMPLETE: 0 verified, 8 rejected
[05:50:31][SEG1] ============================================================
[05:55:01][SEG1] ============================================================
[05:55:01][SEG1] SMTP VERIFIER — Segment 1/10 | Batch: 15
[05:55:01][SEG1] ============================================================
[05:55:01][SEG1] Loaded 2665 leads
[05:55:01][SEG1] Leads in segment 1: 78
[05:55:01][SEG1] Processing batch of 15
[05:55:01][SEG1]   [1/15] Coastal Management Professionals → Accounting@cpmfl.com
[05:55:02][SEG1]     → ✗ REJECTED: rejected
[05:55:02][SEG1]   [2/15] Martin, FL Property Management Comp → info@pamartinfl.gov
[05:55:03][SEG1]     → ✗ REJECTED: rejected
[05:55:03][SEG1]   [3/15] Home Services at Jensen Beach #221 → cgallant@floridaelkscts.org
[05:55:04][SEG1]     → ✗ REJECTED: rejected
[05:55:04][SEG1]   [4/15] Treasure Coast Real Estate → John@tccommercialre.com
[05:55:04][SEG1]     → ✗ REJECTED: rejected
[05:55:05][SEG1]   [5/15] Wallace Chevrolet → ewallace@wallacechev.com
[05:55:05][SEG1]     → ? UNKNOWN: unknown
[05:55:06][SEG1]   [6/15] Fort Pierce, FL Industrial & Wareho → info@propertyshark.com
[05:55:06][SEG1]     → ? UNKNOWN: unknown
[05:55:06][SEG1]   [7/15] New Homes In Port St. Lucie, Florid → info@ryanhomes.com
[05:55:06][SEG1]     → ? UNKNOWN: unknown
[05:55:07][SEG1]   [8/15] Seamless Gutters | Jensen Beach, FL → gutterguy@gutterguyfl.com
[05:55:07][SEG1]     → ✗ REJECTED: rejected
[05:55:07][SEG1]   [9/15] HOSPITALS/EMERGENCY ROOM Category | → info@business.stuartmartinchamber.org
[05:55:16][SEG1]     → ? UNKNOWN: timed out
[05:55:16][SEG1]   [10/15] Ocean Remodeling | Home Remodeling  → info@oceanremodeling.com
[05:55:26][SEG1]     → ✗ REJECTED: rejected
[05:55:27][SEG1]   [11/15] Booking - Showtime Detailing → info@showtimedetailing.org
[05:55:27][SEG1]     → ✗ REJECTED: rejected
[05:55:28][SEG1]   [12/15] Investment properties Martin County → info@landmarkinvestmentsflorida.com
[05:55:28][SEG1]     → ? UNKNOWN: unknown
[05:55:29][SEG1]   [13/15] Mulligan's Beach House → info@mulligansbeachhouse.com
[05:55:29][SEG1]     → ? UNKNOWN: unknown
[05:55:29][SEG1]   [14/15] Top Treasure Coast Cleaning Company → info@treasurecoastcleaningsolutions.com
[05:55:30][SEG1]     → ? UNKNOWN: unknown
[05:55:30][SEG1]   [15/15] Divine Association Management LLC:  → info@divineassociations.com
[05:55:31][SEG1]     → ✗ REJECTED: rejected
[05:55:31][SEG1] SEGMENT 1 COMPLETE: 0 verified, 8 rejected
[05:55:31][SEG1] ============================================================
[06:00:03][SEG1] ============================================================
[06:00:03][SEG1] SMTP VERIFIER — Segment 1/10 | Batch: 15
[06:00:03][SEG1] ============================================================
[06:00:03][SEG1] Loaded 2665 leads
[06:00:03][SEG1] Leads in segment 1: 68
[06:00:03][SEG1] Processing batch of 15
[06:00:03][SEG1]   [1/15] Coastal Management Professionals → Accounting@cpmfl.com
[06:00:04][SEG1]     → ✗ REJECTED: rejected
[06:00:04][SEG1]   [2/15] Martin, FL Property Management Comp → info@pamartinfl.gov
[06:00:05][SEG1]     → ✗ REJECTED: rejected
[06:00:05][SEG1]   [3/15] Home Services at Jensen Beach #221 → cgallant@floridaelkscts.org
[06:00:05][SEG1]     → ✗ REJECTED: rejected
[06:00:06][SEG1]   [4/15] Treasure Coast Real Estate → John@tccommercialre.com
[06:00:06][SEG1]     → ✗ REJECTED: rejected
[06:00:07][SEG1]   [5/15] Wallace Chevrolet → ewallace@wallacechev.com
[06:00:08][SEG1]     → ? UNKNOWN: unknown
[06:00:08][SEG1]   [6/15] Fort Pierce, FL Industrial & Wareho → info@propertyshark.com
[06:00:08][SEG1]     → ? UNKNOWN: unknown
[06:00:09][SEG1]   [7/15] New Homes In Port St. Lucie, Florid → info@ryanhomes.com
[06:00:09][SEG1]     → ? UNKNOWN: unknown
[06:00:10][SEG1]   [8/15] Seamless Gutters | Jensen Beach, FL → gutterguy@gutterguyfl.com
[06:00:10][SEG1]     → ✗ REJECTED: rejected
[06:00:10][SEG1]   [9/15] HOSPITALS/EMERGENCY ROOM Category | → info@business.stuartmartinchamber.org
[06:00:18][SEG1]     → ? UNKNOWN: timed out
[06:00:19][SEG1]   [10/15] Ocean Remodeling | Home Remodeling  → info@oceanremodeling.com
[06:00:29][SEG1]     → ✗ REJECTED: rejected
[06:00:29][SEG1]   [11/15] Booking - Showtime Detailing → info@showtimedetailing.org
[06:00:30][SEG1]     → ✗ REJECTED: rejected
[06:00:31][SEG1]   [12/15] Investment properties Martin County → info@landmarkinvestmentsflorida.com
[06:00:31][SEG1]     → ✗ REJECTED: rejected
[06:00:31][SEG1]   [13/15] Mulligan's Beach House → info@mulligansbeachhouse.com
[06:00:32][SEG1]     → ? UNKNOWN: unknown
[06:00:32][SEG1]   [14/15] Top Treasure Coast Cleaning Company → info@treasurecoastcleaningsolutions.com
[06:00:33][SEG1]     → ? UNKNOWN: unknown
[06:00:33][SEG1]   [15/15] Divine Association Management LLC:  → info@divineassociations.com
[06:00:33][SEG1]     → ✗ REJECTED: rejected
[06:00:34][SEG1] SEGMENT 1 COMPLETE: 0 verified, 9 rejected
[06:00:34][SEG1] ============================================================
[06:05:02][SEG1] ============================================================
[06:05:02][SEG1] SMTP VERIFIER — Segment 1/10 | Batch: 15
[06:05:02][SEG1] ============================================================
[06:05:03][SEG1] Loaded 2665 leads
[06:05:03][SEG1] Leads in segment 1: 68
[06:05:03][SEG1] Processing batch of 15
[06:05:03][SEG1]   [1/15] Coastal Management Professionals → Accounting@cpmfl.com
[06:05:03][SEG1]     → ✗ REJECTED: rejected
[06:05:03][SEG1]   [2/15] Martin, FL Property Management Comp → info@pamartinfl.gov
[06:05:04][SEG1]     → ✗ REJECTED: rejected
[06:05:04][SEG1]   [3/15] Home Services at Jensen Beach #221 → cgallant@floridaelkscts.org
[06:05:05][SEG1]     → ✗ REJECTED: rejected
[06:05:05][SEG1]   [4/15] Treasure Coast Real Estate → John@tccommercialre.com
[06:05:05][SEG1]     → ✗ REJECTED: rejected
[06:05:06][SEG1]   [5/15] Wallace Chevrolet → ewallace@wallacechev.com
[06:05:06][SEG1]     → ? UNKNOWN: unknown
[06:05:07][SEG1]   [6/15] Fort Pierce, FL Industrial & Wareho → info@propertyshark.com
[06:05:07][SEG1]     → ? UNKNOWN: unknown
[06:05:07][SEG1]   [7/15] New Homes In Port St. Lucie, Florid → info@ryanhomes.com
[06:05:08][SEG1]     → ? UNKNOWN: unknown
[06:05:08][SEG1]   [8/15] Seamless Gutters | Jensen Beach, FL → gutterguy@gutterguyfl.com
[06:05:08][SEG1]     → ✗ REJECTED: rejected
[06:05:09][SEG1]   [9/15] HOSPITALS/EMERGENCY ROOM Category | → info@business.stuartmartinchamber.org
[06:05:17][SEG1]     → ? UNKNOWN: timed out
[06:05:17][SEG1]   [10/15] Ocean Remodeling | Home Remodeling  → info@oceanremodeling.com
[06:05:27][SEG1]     → ✗ REJECTED: rejected
[06:05:28][SEG1]   [11/15] Booking - Showtime Detailing → info@showtimedetailing.org
[06:05:29][SEG1]     → ✗ REJECTED: rejected
[06:05:29][SEG1]   [12/15] Investment properties Martin County → info@landmarkinvestmentsflorida.com
[06:05:29][SEG1]     → ? UNKNOWN: unknown
[06:05:30][SEG1]   [13/15] Mulligan's Beach House → info@mulligansbeachhouse.com
[06:05:30][SEG1]     → ? UNKNOWN: unknown
[06:05:31][SEG1]   [14/15] Top Treasure Coast Cleaning Company → info@treasurecoastcleaningsolutions.com
[06:05:31][SEG1]     → ? UNKNOWN: unknown
[06:05:32][SEG1]   [15/15] Divine Association Management LLC:  → info@divineassociations.com
[06:05:32][SEG1]     → ✗ REJECTED: rejected
[06:05:32][SEG1] SEGMENT 1 COMPLETE: 0 verified, 8 rejected
[06:05:32][SEG1] ============================================================
[06:10:01][SEG1] ============================================================
[06:10:01][SEG1] SMTP VERIFIER — Segment 1/10 | Batch: 15
[06:10:01][SEG1] ============================================================
[06:10:01][SEG1] Loaded 2665 leads
[06:10:01][SEG1] Leads in segment 1: 68
[06:10:01][SEG1] Processing batch of 15
[06:10:01][SEG1]   [1/15] Coastal Management Professionals → Accounting@cpmfl.com
[06:10:01][SEG1]     → ✗ REJECTED: rejected
[06:10:02][SEG1]   [2/15] Martin, FL Property Management Comp → info@pamartinfl.gov
[06:10:02][SEG1]     → ✗ REJECTED: rejected
[06:10:03][SEG1]   [3/15] Home Services at Jensen Beach #221 → cgallant@floridaelkscts.org
[06:10:03][SEG1]     → ✗ REJECTED: rejected
[06:10:03][SEG1]   [4/15] Treasure Coast Real Estate → John@tccommercialre.com
[06:10:04][SEG1]     → ✗ REJECTED: rejected
[06:10:04][SEG1]   [5/15] Wallace Chevrolet → ewallace@wallacechev.com
[06:10:05][SEG1]     → ? UNKNOWN: unknown
[06:10:05][SEG1]   [6/15] Fort Pierce, FL Industrial & Wareho → info@propertyshark.com
[06:10:05][SEG1]     → ? UNKNOWN: unknown
[06:10:06][SEG1]   [7/15] New Homes In Port St. Lucie, Florid → info@ryanhomes.com
[06:10:06][SEG1]     → ? UNKNOWN: unknown
[06:10:06][SEG1]   [8/15] Seamless Gutters | Jensen Beach, FL → gutterguy@gutterguyfl.com
[06:10:06][SEG1]     → ✗ REJECTED: rejected
[06:10:07][SEG1]   [9/15] HOSPITALS/EMERGENCY ROOM Category | → info@business.stuartmartinchamber.org
[06:10:15][SEG1]     → ? UNKNOWN: timed out
[06:10:15][SEG1]   [10/15] Ocean Remodeling | Home Remodeling  → info@oceanremodeling.com
[06:10:25][SEG1]     → ✗ REJECTED: rejected
[06:10:26][SEG1]   [11/15] Booking - Showtime Detailing → info@showtimedetailing.org
[06:10:27][SEG1]     → ✗ REJECTED: rejected
[06:10:27][SEG1]   [12/15] Investment properties Martin County → info@landmarkinvestmentsflorida.com
[06:10:27][SEG1]     → ? UNKNOWN: unknown
[06:10:28][SEG1]   [13/15] Mulligan's Beach House → info@mulligansbeachhouse.com
[06:10:28][SEG1]     → ? UNKNOWN: unknown
[06:10:29][SEG1]   [14/15] Top Treasure Coast Cleaning Company → info@treasurecoastcleaningsolutions.com
[06:10:29][SEG1]     → ? UNKNOWN: unknown
[06:10:30][SEG1]   [15/15] Divine Association Management LLC:  → info@divineassociations.com
[06:10:30][SEG1]     → ✗ REJECTED: rejected
[06:10:30][SEG1] SEGMENT 1 COMPLETE: 0 verified, 8 rejected
[06:10:30][SEG1] ============================================================
[06:15:02][SEG1] ============================================================
[06:15:02][SEG1] SMTP VERIFIER — Segment 1/10 | Batch: 15
[06:15:02][SEG1] ============================================================
[06:15:02][SEG1] Loaded 2665 leads
[06:15:02][SEG1] Leads in segment 1: 68
[06:15:02][SEG1] Processing batch of 15
[06:15:02][SEG1]   [1/15] Coastal Management Professionals → Accounting@cpmfl.com
[06:15:02][SEG1]     → ✗ REJECTED: rejected
[06:15:02][SEG1]   [2/15] Martin, FL Property Management Comp → info@pamartinfl.gov
[06:15:04][SEG1]     → ✗ REJECTED: rejected
[06:15:04][SEG1]   [3/15] Home Services at Jensen Beach #221 → cgallant@floridaelkscts.org
[06:15:05][SEG1]     → ✗ REJECTED: rejected
[06:15:05][SEG1]   [4/15] Treasure Coast Real Estate → John@tccommercialre.com
[06:15:05][SEG1]     → ✗ REJECTED: rejected
[06:15:06][SEG1]   [5/15] Wallace Chevrolet → ewallace@wallacechev.com
[06:15:06][SEG1]     → ? UNKNOWN: unknown
[06:15:07][SEG1]   [6/15] Fort Pierce, FL Industrial & Wareho → info@propertyshark.com
[06:15:07][SEG1]     → ? UNKNOWN: unknown
[06:15:07][SEG1]   [7/15] New Homes In Port St. Lucie, Florid → info@ryanhomes.com
[06:15:07][SEG1]     → ? UNKNOWN: unknown
[06:15:08][SEG1]   [8/15] Seamless Gutters | Jensen Beach, FL → gutterguy@gutterguyfl.com
[06:15:08][SEG1]     → ✗ REJECTED: rejected
[06:15:08][SEG1]   [9/15] HOSPITALS/EMERGENCY ROOM Category | → info@business.stuartmartinchamber.org
[06:15:17][SEG1]     → ? UNKNOWN: timed out
[06:15:17][SEG1]   [10/15] Ocean Remodeling | Home Remodeling  → info@oceanremodeling.com
[06:15:27][SEG1]     → ✗ REJECTED: rejected
[06:15:28][SEG1]   [11/15] Booking - Showtime Detailing → info@showtimedetailing.org
[06:15:29][SEG1]     → ✗ REJECTED: rejected
[06:15:29][SEG1]   [12/15] Investment properties Martin County → info@landmarkinvestmentsflorida.com
[06:15:29][SEG1]     → ? UNKNOWN: unknown
[06:15:30][SEG1]   [13/15] Mulligan's Beach House → info@mulligansbeachhouse.com
[06:15:30][SEG1]     → ? UNKNOWN: unknown
[06:15:30][SEG1]   [14/15] Top Treasure Coast Cleaning Company → info@treasurecoastcleaningsolutions.com
[06:15:31][SEG1]     → ? UNKNOWN: unknown
[06:15:31][SEG1]   [15/15] Divine Association Management LLC:  → info@divineassociations.com
[06:15:32][SEG1]     → ✗ REJECTED: rejected
[06:15:32][SEG1] SEGMENT 1 COMPLETE: 0 verified, 8 rejected
[06:15:32][SEG1] ============================================================
[06:25:01][SEG1] ============================================================
[06:25:01][SEG1] SMTP VERIFIER — Segment 1/10 | Batch: 15
[06:25:01][SEG1] ============================================================
[06:25:01][SEG1] Loaded 2665 leads
[06:25:01][SEG1] Leads in segment 1: 68
[06:25:01][SEG1] Processing batch of 15
[06:25:01][SEG1]   [1/15] Coastal Management Professionals → Accounting@cpmfl.com
[06:25:01][SEG1]     → ✗ REJECTED: rejected
[06:25:02][SEG1]   [2/15] Martin, FL Property Management Comp → info@pamartinfl.gov
[06:25:02][SEG1]     → ✗ REJECTED: rejected
[06:25:03][SEG1]   [3/15] Home Services at Jensen Beach #221 → cgallant@floridaelkscts.org
[06:25:03][SEG1]     → ✗ REJECTED: rejected
[06:25:04][SEG1]   [4/15] Treasure Coast Real Estate → John@tccommercialre.com
[06:25:04][SEG1]     → ✗ REJECTED: rejected
[06:25:04][SEG1]   [5/15] Wallace Chevrolet → ewallace@wallacechev.com
[06:25:05][SEG1]     → ? UNKNOWN: unknown
[06:25:05][SEG1]   [6/15] Fort Pierce, FL Industrial & Wareho → info@propertyshark.com
[06:25:05][SEG1]     → ? UNKNOWN: unknown
[06:25:06][SEG1]   [7/15] New Homes In Port St. Lucie, Florid → info@ryanhomes.com
[06:25:06][SEG1]     → ? UNKNOWN: unknown
[06:25:06][SEG1]   [8/15] Seamless Gutters | Jensen Beach, FL → gutterguy@gutterguyfl.com
[06:25:07][SEG1]     → ✗ REJECTED: rejected
[06:25:07][SEG1]   [9/15] HOSPITALS/EMERGENCY ROOM Category | → info@business.stuartmartinchamber.org
[06:25:15][SEG1]     → ? UNKNOWN: timed out
[06:25:16][SEG1]   [10/15] Ocean Remodeling | Home Remodeling  → info@oceanremodeling.com
[06:25:26][SEG1]     → ✗ REJECTED: rejected
[06:25:26][SEG1]   [11/15] Booking - Showtime Detailing → info@showtimedetailing.org
[06:25:27][SEG1]     → ✗ REJECTED: rejected
[06:25:28][SEG1]   [12/15] Investment properties Martin County → info@landmarkinvestmentsflorida.com
[06:25:28][SEG1]     → ? UNKNOWN: unknown
[06:25:28][SEG1]   [13/15] Mulligan's Beach House → info@mulligansbeachhouse.com
[06:25:29][SEG1]     → ? UNKNOWN: unknown
[06:25:29][SEG1]   [14/15] Top Treasure Coast Cleaning Company → info@treasurecoastcleaningsolutions.com
[06:25:30][SEG1]     → ? UNKNOWN: unknown
[06:25:30][SEG1]   [15/15] Divine Association Management LLC:  → info@divineassociations.com
[06:25:30][SEG1]     → ✗ REJECTED: rejected
[06:25:31][SEG1] SEGMENT 1 COMPLETE: 0 verified, 8 rejected
[06:25:31][SEG1] ============================================================
[06:30:03][SEG1] ============================================================
[06:30:03][SEG1] SMTP VERIFIER — Segment 1/10 | Batch: 15
[06:30:03][SEG1] ============================================================
[06:30:04][SEG1] Loaded 2665 leads
[06:30:04][SEG1] Leads in segment 1: 85
[06:30:04][SEG1] Processing batch of 15
[06:30:04][SEG1]   [1/15] Coastal Management Professionals → Accounting@cpmfl.com
[06:30:04][SEG1]     → ✗ REJECTED: rejected
[06:30:05][SEG1]   [2/15] Martin, FL Property Management Comp → info@pamartinfl.gov
[06:30:05][SEG1]     → ✗ REJECTED: rejected
[06:30:06][SEG1]   [3/15] Home Services at Jensen Beach #221 → cgallant@floridaelkscts.org
[06:30:06][SEG1]     → ✗ REJECTED: rejected
[06:30:07][SEG1]   [4/15] Treasure Coast Real Estate → John@tccommercialre.com
[06:30:07][SEG1]     → ✗ REJECTED: rejected
[06:30:07][SEG1]   [5/15] Wallace Chevrolet → ewallace@wallacechev.com
[06:30:08][SEG1]     → ? UNKNOWN: unknown
[06:30:09][SEG1]   [6/15] Fort Pierce, FL Industrial & Wareho → info@propertyshark.com
[06:30:09][SEG1]     → ? UNKNOWN: unknown
[06:30:10][SEG1]   [7/15] New Homes In Port St. Lucie, Florid → info@ryanhomes.com
[06:30:10][SEG1]     → ? UNKNOWN: unknown
[06:30:10][SEG1]   [8/15] Seamless Gutters | Jensen Beach, FL → gutterguy@gutterguyfl.com
[06:30:10][SEG1]     → ✗ REJECTED: rejected
[06:30:11][SEG1]   [9/15] HOSPITALS/EMERGENCY ROOM Category | → info@business.stuartmartinchamber.org
[06:30:19][SEG1]     → ? UNKNOWN: timed out
[06:30:19][SEG1]   [10/15] Ocean Remodeling | Home Remodeling  → info@oceanremodeling.com
[06:30:29][SEG1]     → ✗ REJECTED: rejected
[06:30:30][SEG1]   [11/15] Booking - Showtime Detailing → info@showtimedetailing.org
[06:30:31][SEG1]     → ✗ REJECTED: rejected
[06:30:31][SEG1]   [12/15] Investment properties Martin County → info@landmarkinvestmentsflorida.com
[06:30:32][SEG1]     → ✗ REJECTED: rejected
[06:30:32][SEG1]   [13/15] Mulligan's Beach House → info@mulligansbeachhouse.com
[06:30:33][SEG1]     → ? UNKNOWN: unknown
[06:30:33][SEG1]   [14/15] Top Treasure Coast Cleaning Company → info@treasurecoastcleaningsolutions.com
[06:30:34][SEG1]     → ? UNKNOWN: unknown
[06:30:34][SEG1]   [15/15] Divine Association Management LLC:  → info@divineassociations.com
[06:30:34][SEG1]     → ✗ REJECTED: rejected
[06:30:35][SEG1] SEGMENT 1 COMPLETE: 0 verified, 9 rejected
[06:30:35][SEG1] ============================================================
[06:35:02][SEG1] ============================================================
[06:35:02][SEG1] SMTP VERIFIER — Segment 1/10 | Batch: 15
[06:35:02][SEG1] ============================================================
[06:35:02][SEG1] Loaded 2665 leads
[06:35:02][SEG1] Leads in segment 1: 90
[06:35:02][SEG1] Processing batch of 15
[06:35:02][SEG1]   [1/15] Coastal Management Professionals → Accounting@cpmfl.com
[06:35:03][SEG1]     → ✗ REJECTED: rejected
[06:35:03][SEG1]   [2/15] Martin, FL Property Management Comp → info@pamartinfl.gov
[06:35:04][SEG1]     → ✗ REJECTED: rejected
[06:35:04][SEG1]   [3/15] Home Services at Jensen Beach #221 → cgallant@floridaelkscts.org
[06:35:05][SEG1]     → ✗ REJECTED: rejected
[06:35:05][SEG1]   [4/15] Treasure Coast Real Estate → John@tccommercialre.com
[06:35:05][SEG1]     → ✗ REJECTED: rejected
[06:35:06][SEG1]   [5/15] Wallace Chevrolet → ewallace@wallacechev.com
[06:35:06][SEG1]     → ? UNKNOWN: unknown
[06:35:07][SEG1]   [6/15] Fort Pierce, FL Industrial & Wareho → info@propertyshark.com
[06:35:07][SEG1]     → ? UNKNOWN: unknown
[06:35:07][SEG1]   [7/15] New Homes In Port St. Lucie, Florid → info@ryanhomes.com
[06:35:08][SEG1]     → ? UNKNOWN: unknown
[06:35:08][SEG1]   [8/15] Seamless Gutters | Jensen Beach, FL → gutterguy@gutterguyfl.com
[06:35:08][SEG1]     → ✗ REJECTED: rejected
[06:35:09][SEG1]   [9/15] HOSPITALS/EMERGENCY ROOM Category | → info@business.stuartmartinchamber.org
[06:35:17][SEG1]     → ? UNKNOWN: timed out
[06:35:17][SEG1]   [10/15] Ocean Remodeling | Home Remodeling  → info@oceanremodeling.com
[06:35:28][SEG1]     → ✗ REJECTED: rejected
[06:35:28][SEG1]   [11/15] Booking - Showtime Detailing → info@showtimedetailing.org
[06:35:29][SEG1]     → ✗ REJECTED: rejected
[06:35:29][SEG1]   [12/15] Investment properties Martin County → info@landmarkinvestmentsflorida.com
[06:35:30][SEG1]     → ? UNKNOWN: unknown
[06:35:30][SEG1]   [13/15] Mulligan's Beach House → info@mulligansbeachhouse.com
[06:35:30][SEG1]     → ? UNKNOWN: unknown
[06:35:31][SEG1]   [14/15] Top Treasure Coast Cleaning Company → info@treasurecoastcleaningsolutions.com
[06:35:31][SEG1]     → ? UNKNOWN: unknown
[06:35:32][SEG1]   [15/15] Divine Association Management LLC:  → info@divineassociations.com
[06:35:32][SEG1]     → ✗ REJECTED: rejected
[06:35:32][SEG1] SEGMENT 1 COMPLETE: 0 verified, 8 rejected
[06:35:32][SEG1] ============================================================
[06:40:01][SEG1] ============================================================
[06:40:01][SEG1] SMTP VERIFIER — Segment 1/10 | Batch: 15
[06:40:01][SEG1] ============================================================
[06:40:01][SEG1] Loaded 2665 leads
[06:40:01][SEG1] Leads in segment 1: 90
[06:40:01][SEG1] Processing batch of 15
[06:40:01][SEG1]   [1/15] Coastal Management Professionals → Accounting@cpmfl.com
[06:40:01][SEG1]     → ✗ REJECTED: rejected
[06:40:01][SEG1]   [2/15] Martin, FL Property Management Comp → info@pamartinfl.gov
[06:40:02][SEG1]     → ✓ VERIFIED
[06:40:02][SEG1]   [3/15] Home Services at Jensen Beach #221 → cgallant@floridaelkscts.org
[06:40:03][SEG1]     → ✗ REJECTED: rejected
[06:40:03][SEG1]   [4/15] Treasure Coast Real Estate → John@tccommercialre.com
[06:40:03][SEG1]     → ✗ REJECTED: rejected
[06:40:04][SEG1]   [5/15] Wallace Chevrolet → ewallace@wallacechev.com
[06:40:05][SEG1]     → ? UNKNOWN: unknown
[06:40:05][SEG1]   [6/15] Fort Pierce, FL Industrial & Wareho → info@propertyshark.com
[06:40:05][SEG1]     → ? UNKNOWN: unknown
[06:40:06][SEG1]   [7/15] New Homes In Port St. Lucie, Florid → info@ryanhomes.com
[06:40:06][SEG1]     → ? UNKNOWN: unknown
[06:40:07][SEG1]   [8/15] Seamless Gutters | Jensen Beach, FL → gutterguy@gutterguyfl.com
[06:40:07][SEG1]     → ✗ REJECTED: rejected
[06:40:07][SEG1]   [9/15] HOSPITALS/EMERGENCY ROOM Category | → info@business.stuartmartinchamber.org
[06:40:15][SEG1]     → ? UNKNOWN: timed out
[06:40:16][SEG1]   [10/15] Ocean Remodeling | Home Remodeling  → info@oceanremodeling.com
[06:40:26][SEG1]     → ✗ REJECTED: rejected
[06:40:26][SEG1]   [11/15] Booking - Showtime Detailing → info@showtimedetailing.org
[06:40:27][SEG1]     → ✗ REJECTED: rejected
[06:40:28][SEG1]   [12/15] Investment properties Martin County → info@landmarkinvestmentsflorida.com
[06:40:28][SEG1]     → ? UNKNOWN: unknown
[06:40:28][SEG1]   [13/15] Mulligan's Beach House → info@mulligansbeachhouse.com
[06:40:29][SEG1]     → ? UNKNOWN: unknown
[06:40:29][SEG1]   [14/15] Top Treasure Coast Cleaning Company → info@treasurecoastcleaningsolutions.com
[06:40:29][SEG1]     → ? UNKNOWN: unknown
[06:40:30][SEG1]   [15/15] Divine Association Management LLC:  → info@divineassociations.com
[06:40:30][SEG1]     → ✗ REJECTED: rejected
[06:40:31][SEG1] Wrote 1 verified emails
[06:40:31][SEG1] SEGMENT 1 COMPLETE: 1 verified, 7 rejected
[06:40:31][SEG1] ============================================================
[06:45:02][SEG1] ============================================================
[06:45:02][SEG1] SMTP VERIFIER — Segment 1/10 | Batch: 15
[06:45:02][SEG1] ============================================================
[06:45:02][SEG1] Loaded 2665 leads
[06:45:02][SEG1] Leads in segment 1: 89
[06:45:02][SEG1] Processing batch of 15
[06:45:02][SEG1]   [1/15] Coastal Management Professionals → Accounting@cpmfl.com
[06:45:02][SEG1]     → ✗ REJECTED: rejected
[06:45:03][SEG1]   [2/15] Home Services at Jensen Beach #221 → cgallant@floridaelkscts.org
[06:45:03][SEG1]     → ✗ REJECTED: rejected
[06:45:04][SEG1]   [3/15] Treasure Coast Real Estate → John@tccommercialre.com
[06:45:04][SEG1]     → ✗ REJECTED: rejected
[06:45:04][SEG1]   [4/15] Wallace Chevrolet → ewallace@wallacechev.com
[06:45:05][SEG1]     → ? UNKNOWN: unknown
[06:45:05][SEG1]   [5/15] Fort Pierce, FL Industrial & Wareho → info@propertyshark.com
[06:45:06][SEG1]     → ? UNKNOWN: unknown
[06:45:06][SEG1]   [6/15] New Homes In Port St. Lucie, Florid → info@ryanhomes.com
[06:45:06][SEG1]     → ? UNKNOWN: unknown
[06:45:06][SEG1]   [7/15] Seamless Gutters | Jensen Beach, FL → gutterguy@gutterguyfl.com
[06:45:07][SEG1]     → ✗ REJECTED: rejected
[06:45:07][SEG1]   [8/15] HOSPITALS/EMERGENCY ROOM Category | → info@business.stuartmartinchamber.org
[06:45:15][SEG1]     → ? UNKNOWN: timed out
[06:45:16][SEG1]   [9/15] Ocean Remodeling | Home Remodeling  → info@oceanremodeling.com
[06:45:26][SEG1]     → ✗ REJECTED: rejected
[06:45:26][SEG1]   [10/15] Booking - Showtime Detailing → info@showtimedetailing.org
[06:45:27][SEG1]     → ✗ REJECTED: rejected
[06:45:28][SEG1]   [11/15] Investment properties Martin County → info@landmarkinvestmentsflorida.com
[06:45:28][SEG1]     → ? UNKNOWN: unknown
[06:45:28][SEG1]   [12/15] Mulligan's Beach House → info@mulligansbeachhouse.com
[06:45:29][SEG1]     → ? UNKNOWN: unknown
[06:45:29][SEG1]   [13/15] Top Treasure Coast Cleaning Company → info@treasurecoastcleaningsolutions.com
[06:45:29][SEG1]     → ? UNKNOWN: unknown
[06:45:30][SEG1]   [14/15] Divine Association Management LLC:  → info@divineassociations.com
[06:45:30][SEG1]     → ✗ REJECTED: rejected
[06:45:31][SEG1]   [15/15] Mobile Car Detailing in Stuart, FL  → info@airliteautodetailing.com
[06:45:31][SEG1]     → ? UNKNOWN: unknown
[06:45:31][SEG1] SEGMENT 1 COMPLETE: 0 verified, 7 rejected
[06:45:31][SEG1] ============================================================
[06:50:02][SEG1] ============================================================
[06:50:02][SEG1] SMTP VERIFIER — Segment 1/10 | Batch: 15
[06:50:02][SEG1] ============================================================
[06:50:02][SEG1] Loaded 2665 leads
[06:50:02][SEG1] Leads in segment 1: 89
[06:50:02][SEG1] Processing batch of 15
[06:50:02][SEG1]   [1/15] Coastal Management Professionals → Accounting@cpmfl.com
[06:50:03][SEG1]     → ✗ REJECTED: rejected
[06:50:03][SEG1]   [2/15] Home Services at Jensen Beach #221 → cgallant@floridaelkscts.org
[06:50:04][SEG1]     → ✗ REJECTED: rejected
[06:50:04][SEG1]   [3/15] Treasure Coast Real Estate → John@tccommercialre.com
[06:50:04][SEG1]     → ✗ REJECTED: rejected
[06:50:04][SEG1]   [4/15] Wallace Chevrolet → ewallace@wallacechev.com
[06:50:05][SEG1]     → ? UNKNOWN: unknown
[06:50:05][SEG1]   [5/15] Fort Pierce, FL Industrial & Wareho → info@propertyshark.com
[06:50:06][SEG1]     → ? UNKNOWN: unknown
[06:50:06][SEG1]   [6/15] New Homes In Port St. Lucie, Florid → info@ryanhomes.com
[06:50:06][SEG1]     → ? UNKNOWN: unknown
[06:50:07][SEG1]   [7/15] Seamless Gutters | Jensen Beach, FL → gutterguy@gutterguyfl.com
[06:50:07][SEG1]     → ✗ REJECTED: rejected
[06:50:07][SEG1]   [8/15] HOSPITALS/EMERGENCY ROOM Category | → info@business.stuartmartinchamber.org
[06:50:15][SEG1]     → ? UNKNOWN: timed out
[06:50:16][SEG1]   [9/15] Ocean Remodeling | Home Remodeling  → info@oceanremodeling.com
[06:50:26][SEG1]     → ✗ REJECTED: rejected
[06:50:26][SEG1]   [10/15] Booking - Showtime Detailing → info@showtimedetailing.org
[06:50:27][SEG1]     → ✗ REJECTED: rejected
[06:50:28][SEG1]   [11/15] Investment properties Martin County → info@landmarkinvestmentsflorida.com
[06:50:28][SEG1]     → ? UNKNOWN: unknown
[06:50:28][SEG1]   [12/15] Mulligan's Beach House → info@mulligansbeachhouse.com
[06:50:29][SEG1]     → ? UNKNOWN: unknown
[06:50:29][SEG1]   [13/15] Top Treasure Coast Cleaning Company → info@treasurecoastcleaningsolutions.com
[06:50:30][SEG1]     → ? UNKNOWN: unknown
[06:50:30][SEG1]   [14/15] Divine Association Management LLC:  → info@divineassociations.com
[06:50:30][SEG1]     → ✗ REJECTED: rejected
[06:50:31][SEG1]   [15/15] Mobile Car Detailing in Stuart, FL  → info@airliteautodetailing.com
[06:50:31][SEG1]     → ? UNKNOWN: unknown
[06:50:32][SEG1] SEGMENT 1 COMPLETE: 0 verified, 7 rejected
[06:50:32][SEG1] ============================================================
[06:55:02][SEG1] ============================================================
[06:55:02][SEG1] SMTP VERIFIER — Segment 1/10 | Batch: 15
[06:55:02][SEG1] ============================================================
[06:55:02][SEG1] Loaded 1102 leads
[06:55:02][SEG1] FATAL: 'NoneType' object has no attribute 'lower'
[07:00:04][SEG1] ============================================================
[07:00:04][SEG1] SMTP VERIFIER — Segment 1/10 | Batch: 15
[07:00:04][SEG1] ============================================================
[07:00:04][SEG1] Loaded 2665 leads
[07:00:04][SEG1] Leads in segment 1: 89
[07:00:04][SEG1] Processing batch of 15
[07:00:04][SEG1]   [1/15] Coastal Management Professionals → Accounting@cpmfl.com
[07:00:05][SEG1]     → ✗ REJECTED: rejected
[07:00:05][SEG1]   [2/15] Home Services at Jensen Beach #221 → cgallant@floridaelkscts.org
[07:00:05][SEG1]     → ✗ REJECTED: rejected
[07:00:06][SEG1]   [3/15] Treasure Coast Real Estate → John@tccommercialre.com
[07:00:06][SEG1]     → ✗ REJECTED: rejected
[07:00:06][SEG1]   [4/15] Wallace Chevrolet → ewallace@wallacechev.com
[07:00:07][SEG1]     → ? UNKNOWN: unknown
[07:00:08][SEG1]   [5/15] Fort Pierce, FL Industrial & Wareho → info@propertyshark.com
[07:00:08][SEG1]     → ? UNKNOWN: unknown
[07:00:08][SEG1]   [6/15] New Homes In Port St. Lucie, Florid → info@ryanhomes.com
[07:00:08][SEG1]     → ? UNKNOWN: unknown
[07:00:09][SEG1]   [7/15] Seamless Gutters | Jensen Beach, FL → gutterguy@gutterguyfl.com
[07:00:09][SEG1]     → ✗ REJECTED: rejected
[07:00:10][SEG1]   [8/15] HOSPITALS/EMERGENCY ROOM Category | → info@business.stuartmartinchamber.org
[07:00:18][SEG1]     → ? UNKNOWN: timed out
[07:00:18][SEG1]   [9/15] Ocean Remodeling | Home Remodeling  → info@oceanremodeling.com
[07:00:28][SEG1]     → ✗ REJECTED: rejected
[07:00:29][SEG1]   [10/15] Booking - Showtime Detailing → info@showtimedetailing.org
[07:00:30][SEG1]     → ✗ REJECTED: rejected
[07:00:30][SEG1]   [11/15] Investment properties Martin County → info@landmarkinvestmentsflorida.com
[07:00:31][SEG1]     → ✗ REJECTED: rejected
[07:00:31][SEG1]   [12/15] Mulligan's Beach House → info@mulligansbeachhouse.com
[07:00:31][SEG1]     → ? UNKNOWN: unknown
[07:00:32][SEG1]   [13/15] Top Treasure Coast Cleaning Company → info@treasurecoastcleaningsolutions.com
[07:00:32][SEG1]     → ? UNKNOWN: unknown
[07:00:33][SEG1]   [14/15] Divine Association Management LLC:  → info@divineassociations.com
[07:00:33][SEG1]     → ✗ REJECTED: rejected
[07:00:34][SEG1]   [15/15] Mobile Car Detailing in Stuart, FL  → info@airliteautodetailing.com
[07:00:34][SEG1]     → ? UNKNOWN: unknown
[07:00:34][SEG1] SEGMENT 1 COMPLETE: 0 verified, 8 rejected
[07:00:34][SEG1] ============================================================
[07:05:02][SEG1] ============================================================
[07:05:02][SEG1] SMTP VERIFIER — Segment 1/10 | Batch: 15
[07:05:02][SEG1] ============================================================
[07:05:02][SEG1] Loaded 2665 leads
[07:05:02][SEG1] Leads in segment 1: 89
[07:05:02][SEG1] Processing batch of 15
[07:05:02][SEG1]   [1/15] Coastal Management Professionals → Accounting@cpmfl.com
[07:05:02][SEG1]     → ✗ REJECTED: rejected
[07:05:03][SEG1]   [2/15] Home Services at Jensen Beach #221 → cgallant@floridaelkscts.org
[07:05:03][SEG1]     → ✗ REJECTED: rejected
[07:05:03][SEG1]   [3/15] Treasure Coast Real Estate → John@tccommercialre.com
[07:05:04][SEG1]     → ✗ REJECTED: rejected
[07:05:04][SEG1]   [4/15] Wallace Chevrolet → ewallace@wallacechev.com
[07:05:04][SEG1]     → ? UNKNOWN: unknown
[07:05:05][SEG1]   [5/15] Fort Pierce, FL Industrial & Wareho → info@propertyshark.com
[07:05:05][SEG1]     → ? UNKNOWN: unknown
[07:05:06][SEG1]   [6/15] New Homes In Port St. Lucie, Florid → info@ryanhomes.com
[07:05:08][SEG1]     → ? UNKNOWN: unknown
[07:05:09][SEG1]   [7/15] Seamless Gutters | Jensen Beach, FL → gutterguy@gutterguyfl.com
[07:05:09][SEG1]     → ✗ REJECTED: rejected
[07:05:09][SEG1]   [8/15] HOSPITALS/EMERGENCY ROOM Category | → info@business.stuartmartinchamber.org
[07:05:17][SEG1]     → ? UNKNOWN: timed out
[07:05:18][SEG1]   [9/15] Ocean Remodeling | Home Remodeling  → info@oceanremodeling.com
[07:05:28][SEG1]     → ✗ REJECTED: rejected
[07:05:28][SEG1]   [10/15] Booking - Showtime Detailing → info@showtimedetailing.org
[07:05:29][SEG1]     → ✗ REJECTED: rejected
[07:05:30][SEG1]   [11/15] Investment properties Martin County → info@landmarkinvestmentsflorida.com
[07:05:30][SEG1]     → ? UNKNOWN: unknown
[07:05:30][SEG1]   [12/15] Mulligan's Beach House → info@mulligansbeachhouse.com
[07:05:31][SEG1]     → ? UNKNOWN: unknown
[07:05:31][SEG1]   [13/15] Top Treasure Coast Cleaning Company → info@treasurecoastcleaningsolutions.com
[07:05:32][SEG1]     → ? UNKNOWN: unknown
[07:05:32][SEG1]   [14/15] Divine Association Management LLC:  → info@divineassociations.com
[07:05:32][SEG1]     → ✗ REJECTED: rejected
[07:05:33][SEG1]   [15/15] Mobile Car Detailing in Stuart, FL  → info@airliteautodetailing.com
[07:05:33][SEG1]     → ? UNKNOWN: unknown
[07:05:34][SEG1] SEGMENT 1 COMPLETE: 0 verified, 7 rejected
[07:05:34][SEG1] ============================================================
[07:10:02][SEG1] ============================================================
[07:10:02][SEG1] SMTP VERIFIER — Segment 1/10 | Batch: 15
[07:10:02][SEG1] ============================================================
[07:10:02][SEG1] Loaded 2665 leads
[07:10:02][SEG1] Leads in segment 1: 93
[07:10:02][SEG1] Processing batch of 15
[07:10:02][SEG1]   [1/15] Coastal Management Professionals → Accounting@cpmfl.com
[07:10:02][SEG1]     → ✗ REJECTED: rejected
[07:10:03][SEG1]   [2/15] Home Services at Jensen Beach #221 → cgallant@floridaelkscts.org
[07:10:03][SEG1]     → ✗ REJECTED: rejected
[07:10:03][SEG1]   [3/15] Treasure Coast Real Estate → John@tccommercialre.com
[07:10:04][SEG1]     → ✗ REJECTED: rejected
[07:10:04][SEG1]   [4/15] Wallace Chevrolet → ewallace@wallacechev.com
[07:10:05][SEG1]     → ? UNKNOWN: unknown
[07:10:05][SEG1]   [5/15] Fort Pierce, FL Industrial & Wareho → info@propertyshark.com
[07:10:05][SEG1]     → ? UNKNOWN: unknown
[07:10:06][SEG1]   [6/15] New Homes In Port St. Lucie, Florid → info@ryanhomes.com
[07:10:06][SEG1]     → ? UNKNOWN: unknown
[07:10:06][SEG1]   [7/15] Seamless Gutters | Jensen Beach, FL → gutterguy@gutterguyfl.com
[07:10:07][SEG1]     → ✗ REJECTED: rejected
[07:10:07][SEG1]   [8/15] HOSPITALS/EMERGENCY ROOM Category | → info@business.stuartmartinchamber.org
[07:10:15][SEG1]     → ? UNKNOWN: timed out
[07:10:16][SEG1]   [9/15] Ocean Remodeling | Home Remodeling  → info@oceanremodeling.com
[07:10:26][SEG1]     → ✗ REJECTED: rejected
[07:10:26][SEG1]   [10/15] Booking - Showtime Detailing → info@showtimedetailing.org
[07:10:27][SEG1]     → ✗ REJECTED: rejected
[07:10:28][SEG1]   [11/15] Investment properties Martin County → info@landmarkinvestmentsflorida.com
[07:10:28][SEG1]     → ? UNKNOWN: unknown
[07:10:28][SEG1]   [12/15] Mulligan's Beach House → info@mulligansbeachhouse.com
[07:10:29][SEG1]     → ? UNKNOWN: unknown
[07:10:29][SEG1]   [13/15] Top Treasure Coast Cleaning Company → info@treasurecoastcleaningsolutions.com
[07:10:30][SEG1]     → ? UNKNOWN: unknown
[07:10:30][SEG1]   [14/15] Divine Association Management LLC:  → info@divineassociations.com
[07:10:30][SEG1]     → ✗ REJECTED: rejected
[07:10:31][SEG1]   [15/15] Mobile Car Detailing in Stuart, FL  → info@airliteautodetailing.com
[07:10:31][SEG1]     → ? UNKNOWN: unknown
[07:10:31][SEG1] SEGMENT 1 COMPLETE: 0 verified, 7 rejected
[07:10:31][SEG1] ============================================================
[07:15:02][SEG1] ============================================================
[07:15:02][SEG1] SMTP VERIFIER — Segment 1/10 | Batch: 15
[07:15:02][SEG1] ============================================================
[07:15:02][SEG1] Loaded 2665 leads
[07:15:02][SEG1] Leads in segment 1: 100
[07:15:02][SEG1] Processing batch of 15
[07:15:02][SEG1]   [1/15] Coastal Management Professionals → Accounting@cpmfl.com
[07:15:02][SEG1]     → ✗ REJECTED: rejected
[07:15:03][SEG1]   [2/15] Home Services at Jensen Beach #221 → cgallant@floridaelkscts.org
[07:15:03][SEG1]     → ✗ REJECTED: rejected
[07:15:03][SEG1]   [3/15] Treasure Coast Real Estate → John@tccommercialre.com
[07:15:04][SEG1]     → ✗ REJECTED: rejected
[07:15:04][SEG1]   [4/15] Wallace Chevrolet → ewallace@wallacechev.com
[07:15:05][SEG1]     → ? UNKNOWN: unknown
[07:15:05][SEG1]   [5/15] Fort Pierce, FL Industrial & Wareho → info@propertyshark.com
[07:15:05][SEG1]     → ? UNKNOWN: unknown
[07:15:05][SEG1]   [6/15] New Homes In Port St. Lucie, Florid → info@ryanhomes.com
[07:15:06][SEG1]     → ? UNKNOWN: unknown
[07:15:06][SEG1]   [7/15] Seamless Gutters | Jensen Beach, FL → gutterguy@gutterguyfl.com
[07:15:06][SEG1]     → ✗ REJECTED: rejected
[07:15:07][SEG1]   [8/15] HOSPITALS/EMERGENCY ROOM Category | → info@business.stuartmartinchamber.org
[07:15:15][SEG1]     → ? UNKNOWN: timed out
[07:15:15][SEG1]   [9/15] Ocean Remodeling | Home Remodeling  → info@oceanremodeling.com
[07:15:25][SEG1]     → ✗ REJECTED: rejected
[07:15:26][SEG1]   [10/15] Booking - Showtime Detailing → info@showtimedetailing.org
[07:15:27][SEG1]     → ✗ REJECTED: rejected
[07:15:27][SEG1]   [11/15] Investment properties Martin County → info@landmarkinvestmentsflorida.com
[07:15:27][SEG1]     → ? UNKNOWN: unknown
[07:15:28][SEG1]   [12/15] Mulligan's Beach House → info@mulligansbeachhouse.com
[07:15:28][SEG1]     → ? UNKNOWN: unknown
[07:15:29][SEG1]   [13/15] Top Treasure Coast Cleaning Company → info@treasurecoastcleaningsolutions.com
[07:15:29][SEG1]     → ? UNKNOWN: unknown
[07:15:30][SEG1]   [14/15] Divine Association Management LLC:  → info@divineassociations.com
[07:15:30][SEG1]     → ✗ REJECTED: rejected
[07:15:30][SEG1]   [15/15] Mobile Car Detailing in Stuart, FL  → info@airliteautodetailing.com
[07:15:31][SEG1]     → ? UNKNOWN: unknown
[07:15:31][SEG1] SEGMENT 1 COMPLETE: 0 verified, 7 rejected
[07:15:31][SEG1] ============================================================
[07:20:02][SEG1] ============================================================
[07:20:02][SEG1] SMTP VERIFIER — Segment 1/10 | Batch: 15
[07:20:02][SEG1] ============================================================
[07:20:02][SEG1] Loaded 2665 leads
[07:20:02][SEG1] Leads in segment 1: 100
[07:20:02][SEG1] Processing batch of 15
[07:20:02][SEG1]   [1/15] Coastal Management Professionals → Accounting@cpmfl.com
[07:20:02][SEG1]     → ✗ REJECTED: rejected
[07:20:02][SEG1]   [2/15] Home Services at Jensen Beach #221 → cgallant@floridaelkscts.org
[07:20:02][SEG1]     → ✗ REJECTED: rejected
[07:20:03][SEG1]   [3/15] Treasure Coast Real Estate → John@tccommercialre.com
[07:20:03][SEG1]     → ✗ REJECTED: rejected
[07:20:04][SEG1]   [4/15] Wallace Chevrolet → ewallace@wallacechev.com
[07:20:04][SEG1]     → ? UNKNOWN: unknown
[07:20:05][SEG1]   [5/15] Fort Pierce, FL Industrial & Wareho → info@propertyshark.com
[07:20:05][SEG1]     → ? UNKNOWN: unknown
[07:20:05][SEG1]   [6/15] New Homes In Port St. Lucie, Florid → info@ryanhomes.com
[07:20:06][SEG1]     → ? UNKNOWN: unknown
[07:20:06][SEG1]   [7/15] Seamless Gutters | Jensen Beach, FL → gutterguy@gutterguyfl.com
[07:20:06][SEG1]     → ✗ REJECTED: rejected
[07:20:07][SEG1]   [8/15] HOSPITALS/EMERGENCY ROOM Category | → info@business.stuartmartinchamber.org
[07:20:15][SEG1]     → ? UNKNOWN: timed out
[07:20:15][SEG1]   [9/15] Ocean Remodeling | Home Remodeling  → info@oceanremodeling.com
[07:20:26][SEG1]     → ✗ REJECTED: rejected
[07:20:26][SEG1]   [10/15] Booking - Showtime Detailing → info@showtimedetailing.org
[07:20:27][SEG1]     → ✗ REJECTED: rejected
[07:20:27][SEG1]   [11/15] Investment properties Martin County → info@landmarkinvestmentsflorida.com
[07:20:28][SEG1]     → ? UNKNOWN: unknown
[07:20:28][SEG1]   [12/15] Mulligan's Beach House → info@mulligansbeachhouse.com
[07:20:28][SEG1]     → ? UNKNOWN: unknown
[07:20:29][SEG1]   [13/15] Top Treasure Coast Cleaning Company → info@treasurecoastcleaningsolutions.com
[07:20:29][SEG1]     → ? UNKNOWN: unknown
[07:20:30][SEG1]   [14/15] Divine Association Management LLC:  → info@divineassociations.com
[07:20:30][SEG1]     → ✗ REJECTED: rejected
[07:20:30][SEG1]   [15/15] Mobile Car Detailing in Stuart, FL  → info@airliteautodetailing.com
[07:20:31][SEG1]     → ? UNKNOWN: unknown
[07:20:31][SEG1] SEGMENT 1 COMPLETE: 0 verified, 7 rejected
[07:20:31][SEG1] ============================================================
[07:25:02][SEG1] ============================================================
[07:25:02][SEG1] SMTP VERIFIER — Segment 1/10 | Batch: 15
[07:25:02][SEG1] ============================================================
[07:25:02][SEG1] Loaded 2665 leads
[07:25:02][SEG1] Leads in segment 1: 100
[07:25:02][SEG1] Processing batch of 15
[07:25:02][SEG1]   [1/15] Coastal Management Professionals → Accounting@cpmfl.com
[07:25:03][SEG1]     → ✗ REJECTED: rejected
[07:25:03][SEG1]   [2/15] Home Services at Jensen Beach #221 → cgallant@floridaelkscts.org
[07:25:03][SEG1]     → ✗ REJECTED: rejected
[07:25:04][SEG1]   [3/15] Treasure Coast Real Estate → John@tccommercialre.com
[07:25:04][SEG1]     → ✗ REJECTED: rejected
[07:25:05][SEG1]   [4/15] Wallace Chevrolet → ewallace@wallacechev.com
[07:25:05][SEG1]     → ? UNKNOWN: unknown
[07:25:06][SEG1]   [5/15] Fort Pierce, FL Industrial & Wareho → info@propertyshark.com
[07:25:06][SEG1]     → ? UNKNOWN: unknown
[07:25:06][SEG1]   [6/15] New Homes In Port St. Lucie, Florid → info@ryanhomes.com
[07:25:06][SEG1]     → ? UNKNOWN: unknown
[07:25:07][SEG1]   [7/15] Seamless Gutters | Jensen Beach, FL → gutterguy@gutterguyfl.com
[07:25:07][SEG1]     → ✗ REJECTED: rejected
[07:25:07][SEG1]   [8/15] HOSPITALS/EMERGENCY ROOM Category | → info@business.stuartmartinchamber.org
[07:25:16][SEG1]     → ? UNKNOWN: timed out
[07:25:16][SEG1]   [9/15] Ocean Remodeling | Home Remodeling  → info@oceanremodeling.com
[07:25:26][SEG1]     → ✗ REJECTED: rejected
[07:25:27][SEG1]   [10/15] Booking - Showtime Detailing → info@showtimedetailing.org
[07:25:28][SEG1]     → ✗ REJECTED: rejected
[07:25:28][SEG1]   [11/15] Investment properties Martin County → info@landmarkinvestmentsflorida.com
[07:25:28][SEG1]     → ? UNKNOWN: unknown
[07:25:29][SEG1]   [12/15] Mulligan's Beach House → info@mulligansbeachhouse.com
[07:25:29][SEG1]     → ? UNKNOWN: unknown
[07:25:29][SEG1]   [13/15] Top Treasure Coast Cleaning Company → info@treasurecoastcleaningsolutions.com
[07:25:30][SEG1]     → ? UNKNOWN: unknown
[07:25:30][SEG1]   [14/15] Divine Association Management LLC:  → info@divineassociations.com
[07:25:31][SEG1]     → ✗ REJECTED: rejected
[07:25:31][SEG1]   [15/15] Mobile Car Detailing in Stuart, FL  → info@airliteautodetailing.com
[07:25:31][SEG1]     → ? UNKNOWN: unknown
[07:25:32][SEG1] SEGMENT 1 COMPLETE: 0 verified, 7 rejected
[07:25:32][SEG1] ============================================================
[07:30:04][SEG1] ============================================================
[07:30:04][SEG1] SMTP VERIFIER — Segment 1/10 | Batch: 15
[07:30:04][SEG1] ============================================================
[07:30:04][SEG1] Loaded 2665 leads
[07:30:04][SEG1] Leads in segment 1: 100
[07:30:04][SEG1] Processing batch of 15
[07:30:04][SEG1]   [1/15] Coastal Management Professionals → Accounting@cpmfl.com
[07:30:04][SEG1]     → ✗ REJECTED: rejected
[07:30:05][SEG1]   [2/15] Home Services at Jensen Beach #221 → cgallant@floridaelkscts.org
[07:30:05][SEG1]     → ✗ REJECTED: rejected
[07:30:05][SEG1]   [3/15] Treasure Coast Real Estate → John@tccommercialre.com
[07:30:06][SEG1]     → ✗ REJECTED: rejected
[07:30:06][SEG1]   [4/15] Wallace Chevrolet → ewallace@wallacechev.com
[07:30:07][SEG1]     → ? UNKNOWN: unknown
[07:30:07][SEG1]   [5/15] Fort Pierce, FL Industrial & Wareho → info@propertyshark.com
[07:30:08][SEG1]     → ? UNKNOWN: unknown
[07:30:08][SEG1]   [6/15] New Homes In Port St. Lucie, Florid → info@ryanhomes.com
[07:30:08][SEG1]     → ? UNKNOWN: unknown
[07:30:09][SEG1]   [7/15] Seamless Gutters | Jensen Beach, FL → gutterguy@gutterguyfl.com
[07:30:09][SEG1]     → ✗ REJECTED: rejected
[07:30:09][SEG1]   [8/15] HOSPITALS/EMERGENCY ROOM Category | → info@business.stuartmartinchamber.org
[07:30:17][SEG1]     → ? UNKNOWN: timed out
[07:30:18][SEG1]   [9/15] Ocean Remodeling | Home Remodeling  → info@oceanremodeling.com
[07:30:28][SEG1]     → ✗ REJECTED: rejected
[07:30:29][SEG1]   [10/15] Booking - Showtime Detailing → info@showtimedetailing.org
[07:30:30][SEG1]     → ✗ REJECTED: rejected
[07:30:30][SEG1]   [11/15] Investment properties Martin County → info@landmarkinvestmentsflorida.com
[07:30:31][SEG1]     → ✗ REJECTED: rejected
[07:30:31][SEG1]   [12/15] Mulligan's Beach House → info@mulligansbeachhouse.com
[07:30:31][SEG1]     → ? UNKNOWN: unknown
[07:30:32][SEG1]   [13/15] Top Treasure Coast Cleaning Company → info@treasurecoastcleaningsolutions.com
[07:30:32][SEG1]     → ? UNKNOWN: unknown
[07:30:33][SEG1]   [14/15] Divine Association Management LLC:  → info@divineassociations.com
[07:30:33][SEG1]     → ✗ REJECTED: rejected
[07:30:33][SEG1]   [15/15] Mobile Car Detailing in Stuart, FL  → info@airliteautodetailing.com
[07:30:34][SEG1]     → ? UNKNOWN: unknown
[07:30:34][SEG1] SEGMENT 1 COMPLETE: 0 verified, 8 rejected
[07:30:34][SEG1] ============================================================
[07:35:03][SEG1] ============================================================
[07:35:03][SEG1] SMTP VERIFIER — Segment 1/10 | Batch: 15
[07:35:03][SEG1] ============================================================
[07:35:03][SEG1] Loaded 2665 leads
[07:35:03][SEG1] Leads in segment 1: 103
[07:35:03][SEG1] Processing batch of 15
[07:35:03][SEG1]   [1/15] Coastal Management Professionals → Accounting@cpmfl.com
[07:35:03][SEG1]     → ✗ REJECTED: rejected
[07:35:03][SEG1]   [2/15] Home Services at Jensen Beach #221 → cgallant@floridaelkscts.org
[07:35:04][SEG1]     → ✗ REJECTED: rejected
[07:35:04][SEG1]   [3/15] Treasure Coast Real Estate → John@tccommercialre.com
[07:35:04][SEG1]     → ✗ REJECTED: rejected
[07:35:05][SEG1]   [4/15] Wallace Chevrolet → ewallace@wallacechev.com
[07:35:05][SEG1]     → ? UNKNOWN: unknown
[07:35:06][SEG1]   [5/15] Fort Pierce, FL Industrial & Wareho → info@propertyshark.com
[07:35:06][SEG1]     → ? UNKNOWN: unknown
[07:35:06][SEG1]   [6/15] New Homes In Port St. Lucie, Florid → info@ryanhomes.com
[07:35:06][SEG1]     → ? UNKNOWN: unknown
[07:35:07][SEG1]   [7/15] Seamless Gutters | Jensen Beach, FL → gutterguy@gutterguyfl.com
[07:35:07][SEG1]     → ✗ REJECTED: rejected
[07:35:08][SEG1]   [8/15] HOSPITALS/EMERGENCY ROOM Category | → info@business.stuartmartinchamber.org
[07:35:16][SEG1]     → ? UNKNOWN: timed out
[07:35:16][SEG1]   [9/15] Ocean Remodeling | Home Remodeling  → info@oceanremodeling.com
[07:35:26][SEG1]     → ✗ REJECTED: rejected
[07:35:27][SEG1]   [10/15] Booking - Showtime Detailing → info@showtimedetailing.org
[07:35:28][SEG1]     → ✗ REJECTED: rejected
[07:35:28][SEG1]   [11/15] Investment properties Martin County → info@landmarkinvestmentsflorida.com
[07:35:28][SEG1]     → ? UNKNOWN: unknown
[07:35:29][SEG1]   [12/15] Mulligan's Beach House → info@mulligansbeachhouse.com
[07:35:29][SEG1]     → ? UNKNOWN: unknown
[07:35:30][SEG1]   [13/15] Top Treasure Coast Cleaning Company → info@treasurecoastcleaningsolutions.com
[07:35:30][SEG1]     → ? UNKNOWN: unknown
[07:35:30][SEG1]   [14/15] Divine Association Management LLC:  → info@divineassociations.com
[07:35:31][SEG1]     → ✗ REJECTED: rejected
[07:35:31][SEG1]   [15/15] Mobile Car Detailing in Stuart, FL  → info@airliteautodetailing.com
[07:35:32][SEG1]     → ? UNKNOWN: unknown
[07:35:32][SEG1] SEGMENT 1 COMPLETE: 0 verified, 7 rejected
[07:35:32][SEG1] ============================================================
[07:40:02][SEG1] ============================================================
[07:40:02][SEG1] SMTP VERIFIER — Segment 1/10 | Batch: 15
[07:40:02][SEG1] ============================================================
[07:40:02][SEG1] Loaded 2665 leads
[07:40:02][SEG1] Leads in segment 1: 103
[07:40:02][SEG1] Processing batch of 15
[07:40:02][SEG1]   [1/15] Coastal Management Professionals → Accounting@cpmfl.com
[07:40:07][SEG1]     → SKIP: no MX for cpmfl.com
[07:40:07][SEG1]   [2/15] Home Services at Jensen Beach #221 → cgallant@floridaelkscts.org
[07:40:08][SEG1]     → ✗ REJECTED: rejected
[07:40:08][SEG1]   [3/15] Treasure Coast Real Estate → John@tccommercialre.com
[07:40:08][SEG1]     → ✗ REJECTED: rejected
[07:40:09][SEG1]   [4/15] Wallace Chevrolet → ewallace@wallacechev.com
[07:40:09][SEG1]     → ? UNKNOWN: unknown
[07:40:10][SEG1]   [5/15] Fort Pierce, FL Industrial & Wareho → info@propertyshark.com
[07:40:10][SEG1]     → ? UNKNOWN: unknown
[07:40:11][SEG1]   [6/15] New Homes In Port St. Lucie, Florid → info@ryanhomes.com
[07:40:11][SEG1]     → ? UNKNOWN: unknown
[07:40:11][SEG1]   [7/15] Seamless Gutters | Jensen Beach, FL → gutterguy@gutterguyfl.com
[07:40:12][SEG1]     → ✗ REJECTED: rejected
[07:40:12][SEG1]   [8/15] HOSPITALS/EMERGENCY ROOM Category | → info@business.stuartmartinchamber.org
[07:40:20][SEG1]     → ? UNKNOWN: timed out
[07:40:21][SEG1]   [9/15] Ocean Remodeling | Home Remodeling  → info@oceanremodeling.com
[07:40:31][SEG1]     → ✗ REJECTED: rejected
[07:40:31][SEG1]   [10/15] Booking - Showtime Detailing → info@showtimedetailing.org
[07:40:33][SEG1]     → ✗ REJECTED: rejected
[07:40:33][SEG1]   [11/15] Investment properties Martin County → info@landmarkinvestmentsflorida.com
[07:40:33][SEG1]     → ? UNKNOWN: unknown
[07:40:34][SEG1]   [12/15] Mulligan's Beach House → info@mulligansbeachhouse.com
[07:40:34][SEG1]     → ? UNKNOWN: unknown
[07:40:34][SEG1]   [13/15] Top Treasure Coast Cleaning Company → info@treasurecoastcleaningsolutions.com
[07:40:35][SEG1]     → ? UNKNOWN: unknown
[07:40:35][SEG1]   [14/15] Divine Association Management LLC:  → info@divineassociations.com
[07:40:36][SEG1]     → ✗ REJECTED: rejected
[07:40:36][SEG1]   [15/15] Mobile Car Detailing in Stuart, FL  → info@airliteautodetailing.com
[07:40:37][SEG1]     → ? UNKNOWN: unknown
[07:40:37][SEG1] SEGMENT 1 COMPLETE: 0 verified, 6 rejected
[07:40:37][SEG1] ============================================================
[07:45:02][SEG1] ============================================================
[07:45:02][SEG1] SMTP VERIFIER — Segment 1/10 | Batch: 15
[07:45:02][SEG1] ============================================================
[07:45:02][SEG1] Loaded 2665 leads
[07:45:02][SEG1] Leads in segment 1: 103
[07:45:02][SEG1] Processing batch of 15
[07:45:02][SEG1]   [1/15] Coastal Management Professionals → Accounting@cpmfl.com
[07:45:02][SEG1]     → ✗ REJECTED: rejected
[07:45:03][SEG1]   [2/15] Home Services at Jensen Beach #221 → cgallant@floridaelkscts.org
[07:45:03][SEG1]     → ✗ REJECTED: rejected
[07:45:03][SEG1]   [3/15] Treasure Coast Real Estate → John@tccommercialre.com
[07:45:04][SEG1]     → ✗ REJECTED: rejected
[07:45:04][SEG1]   [4/15] Wallace Chevrolet → ewallace@wallacechev.com
[07:45:05][SEG1]     → ? UNKNOWN: unknown
[07:45:05][SEG1]   [5/15] Fort Pierce, FL Industrial & Wareho → info@propertyshark.com
[07:45:05][SEG1]     → ? UNKNOWN: unknown
[07:45:06][SEG1]   [6/15] New Homes In Port St. Lucie, Florid → info@ryanhomes.com
[07:45:06][SEG1]     → ? UNKNOWN: unknown
[07:45:06][SEG1]   [7/15] Seamless Gutters | Jensen Beach, FL → gutterguy@gutterguyfl.com
[07:45:07][SEG1]     → ✗ REJECTED: rejected
[07:45:07][SEG1]   [8/15] HOSPITALS/EMERGENCY ROOM Category | → info@business.stuartmartinchamber.org
[07:45:15][SEG1]     → ? UNKNOWN: timed out
[07:45:16][SEG1]   [9/15] Ocean Remodeling | Home Remodeling  → info@oceanremodeling.com
[07:45:26][SEG1]     → ✗ REJECTED: rejected
[07:45:26][SEG1]   [10/15] Booking - Showtime Detailing → info@showtimedetailing.org
[07:45:27][SEG1]     → ✗ REJECTED: rejected
[07:45:28][SEG1]   [11/15] Investment properties Martin County → info@landmarkinvestmentsflorida.com
[07:45:28][SEG1]     → ? UNKNOWN: unknown
[07:45:28][SEG1]   [12/15] Mulligan's Beach House → info@mulligansbeachhouse.com
[07:45:29][SEG1]     → ? UNKNOWN: unknown
[07:45:29][SEG1]   [13/15] Top Treasure Coast Cleaning Company → info@treasurecoastcleaningsolutions.com
[07:45:30][SEG1]     → ? UNKNOWN: unknown
[07:45:30][SEG1]   [14/15] Divine Association Management LLC:  → info@divineassociations.com
[07:45:30][SEG1]     → ✗ REJECTED: rejected
[07:45:31][SEG1]   [15/15] Mobile Car Detailing in Stuart, FL  → info@airliteautodetailing.com
[07:45:31][SEG1]     → ? UNKNOWN: unknown
[07:45:31][SEG1] SEGMENT 1 COMPLETE: 0 verified, 7 rejected
[07:45:31][SEG1] ============================================================
[07:50:02][SEG1] ============================================================
[07:50:02][SEG1] SMTP VERIFIER — Segment 1/10 | Batch: 15
[07:50:02][SEG1] ============================================================
[07:50:02][SEG1] Loaded 2665 leads
[07:50:02][SEG1] Leads in segment 1: 112
[07:50:02][SEG1] Processing batch of 15
[07:50:02][SEG1]   [1/15] Coastal Management Professionals → Accounting@cpmfl.com
[07:50:02][SEG1]     → ✗ REJECTED: rejected
[07:50:02][SEG1]   [2/15] Home Services at Jensen Beach #221 → cgallant@floridaelkscts.org
[07:50:03][SEG1]     → ✗ REJECTED: rejected
[07:50:03][SEG1]   [3/15] Treasure Coast Real Estate → John@tccommercialre.com
[07:50:04][SEG1]     → ✗ REJECTED: rejected
[07:50:04][SEG1]   [4/15] Wallace Chevrolet → ewallace@wallacechev.com
[07:50:04][SEG1]     → ? UNKNOWN: unknown
[07:50:05][SEG1]   [5/15] Fort Pierce, FL Industrial & Wareho → info@propertyshark.com
[07:50:05][SEG1]     → ? UNKNOWN: unknown
[07:50:05][SEG1]   [6/15] New Homes In Port St. Lucie, Florid → info@ryanhomes.com
[07:50:06][SEG1]     → ? UNKNOWN: unknown
[07:50:06][SEG1]   [7/15] Seamless Gutters | Jensen Beach, FL → gutterguy@gutterguyfl.com
[07:50:06][SEG1]     → ✗ REJECTED: rejected
[07:50:07][SEG1]   [8/15] HOSPITALS/EMERGENCY ROOM Category | → info@business.stuartmartinchamber.org
[07:50:15][SEG1]     → ? UNKNOWN: timed out
[07:50:15][SEG1]   [9/15] Ocean Remodeling | Home Remodeling  → info@oceanremodeling.com
[07:50:26][SEG1]     → ✗ REJECTED: rejected
[07:50:26][SEG1]   [10/15] Booking - Showtime Detailing → info@showtimedetailing.org
[07:50:27][SEG1]     → ✗ REJECTED: rejected
[07:50:27][SEG1]   [11/15] Investment properties Martin County → info@landmarkinvestmentsflorida.com
[07:50:28][SEG1]     → ? UNKNOWN: unknown
[07:50:28][SEG1]   [12/15] Mulligan's Beach House → info@mulligansbeachhouse.com
[07:50:28][SEG1]     → ? UNKNOWN: unknown
[07:50:29][SEG1]   [13/15] Top Treasure Coast Cleaning Company → info@treasurecoastcleaningsolutions.com
[07:50:29][SEG1]     → ? UNKNOWN: unknown
[07:50:30][SEG1]   [14/15] Divine Association Management LLC:  → info@divineassociations.com
[07:50:30][SEG1]     → ✗ REJECTED: rejected
[07:50:30][SEG1]   [15/15] Mobile Car Detailing in Stuart, FL  → info@airliteautodetailing.com
[07:50:31][SEG1]     → ? UNKNOWN: unknown
[07:50:31][SEG1] SEGMENT 1 COMPLETE: 0 verified, 7 rejected
[07:50:31][SEG1] ============================================================
[07:55:03][SEG1] ============================================================
[07:55:03][SEG1] SMTP VERIFIER — Segment 1/10 | Batch: 15
[07:55:03][SEG1] ============================================================
[07:55:03][SEG1] Loaded 2665 leads
[07:55:03][SEG1] Leads in segment 1: 112
[07:55:03][SEG1] Processing batch of 15
[07:55:03][SEG1]   [1/15] Coastal Management Professionals → Accounting@cpmfl.com
[07:55:03][SEG1]     → ✗ REJECTED: rejected
[07:55:04][SEG1]   [2/15] Home Services at Jensen Beach #221 → cgallant@floridaelkscts.org
[07:55:04][SEG1]     → ✗ REJECTED: rejected
[07:55:04][SEG1]   [3/15] Treasure Coast Real Estate → John@tccommercialre.com
[07:55:04][SEG1]     → ✗ REJECTED: rejected
[07:55:05][SEG1]   [4/15] Wallace Chevrolet → ewallace@wallacechev.com
[07:55:05][SEG1]     → ? UNKNOWN: unknown
[07:55:06][SEG1]   [5/15] Fort Pierce, FL Industrial & Wareho → info@propertyshark.com
[07:55:06][SEG1]     → ? UNKNOWN: unknown
[07:55:06][SEG1]   [6/15] New Homes In Port St. Lucie, Florid → info@ryanhomes.com
[07:55:06][SEG1]     → ? UNKNOWN: unknown
[07:55:07][SEG1]   [7/15] Seamless Gutters | Jensen Beach, FL → gutterguy@gutterguyfl.com
[07:55:07][SEG1]     → ✗ REJECTED: rejected
[07:55:07][SEG1]   [8/15] HOSPITALS/EMERGENCY ROOM Category | → info@business.stuartmartinchamber.org
[07:55:16][SEG1]     → ? UNKNOWN: timed out
[07:55:16][SEG1]   [9/15] Ocean Remodeling | Home Remodeling  → info@oceanremodeling.com
[07:55:26][SEG1]     → ✗ REJECTED: rejected
[07:55:27][SEG1]   [10/15] Booking - Showtime Detailing → info@showtimedetailing.org
[07:55:28][SEG1]     → ✗ REJECTED: rejected
[07:55:28][SEG1]   [11/15] Investment properties Martin County → info@landmarkinvestmentsflorida.com
[07:55:28][SEG1]     → ? UNKNOWN: unknown
[07:55:29][SEG1]   [12/15] Mulligan's Beach House → info@mulligansbeachhouse.com
[07:55:29][SEG1]     → ? UNKNOWN: unknown
[07:55:29][SEG1]   [13/15] Top Treasure Coast Cleaning Company → info@treasurecoastcleaningsolutions.com
[07:55:30][SEG1]     → ? UNKNOWN: unknown
[07:55:30][SEG1]   [14/15] Divine Association Management LLC:  → info@divineassociations.com
[07:55:31][SEG1]     → ✗ REJECTED: rejected
[07:55:31][SEG1]   [15/15] Mobile Car Detailing in Stuart, FL  → info@airliteautodetailing.com
[07:55:31][SEG1]     → ? UNKNOWN: unknown
[07:55:32][SEG1] SEGMENT 1 COMPLETE: 0 verified, 7 rejected
[07:55:32][SEG1] ============================================================
[08:00:03][SEG1] ============================================================
[08:00:03][SEG1] SMTP VERIFIER — Segment 1/10 | Batch: 15
[08:00:03][SEG1] ============================================================
[08:00:03][SEG1] Loaded 2665 leads
[08:00:03][SEG1] Leads in segment 1: 112
[08:00:03][SEG1] Processing batch of 15
[08:00:03][SEG1]   [1/15] Coastal Management Professionals → Accounting@cpmfl.com
[08:00:03][SEG1]     → ✗ REJECTED: rejected
[08:00:04][SEG1]   [2/15] Home Services at Jensen Beach #221 → cgallant@floridaelkscts.org
[08:00:05][SEG1]     → ✗ REJECTED: rejected
[08:00:05][SEG1]   [3/15] Treasure Coast Real Estate → John@tccommercialre.com
[08:00:05][SEG1]     → ✗ REJECTED: rejected
[08:00:06][SEG1]   [4/15] Wallace Chevrolet → ewallace@wallacechev.com
[08:00:06][SEG1]     → ? UNKNOWN: unknown
[08:00:07][SEG1]   [5/15] Fort Pierce, FL Industrial & Wareho → info@propertyshark.com
[08:00:07][SEG1]     → ? UNKNOWN: unknown
[08:00:07][SEG1]   [6/15] New Homes In Port St. Lucie, Florid → info@ryanhomes.com
[08:00:08][SEG1]     → ? UNKNOWN: unknown
[08:00:08][SEG1]   [7/15] Seamless Gutters | Jensen Beach, FL → gutterguy@gutterguyfl.com
[08:00:08][SEG1]     → ✗ REJECTED: rejected
[08:00:09][SEG1]   [8/15] HOSPITALS/EMERGENCY ROOM Category | → info@business.stuartmartinchamber.org
[08:00:17][SEG1]     → ? UNKNOWN: timed out
[08:00:17][SEG1]   [9/15] Ocean Remodeling | Home Remodeling  → info@oceanremodeling.com
[08:00:28][SEG1]     → ✗ REJECTED: rejected
[08:00:28][SEG1]   [10/15] Booking - Showtime Detailing → info@showtimedetailing.org
[08:00:29][SEG1]     → ✗ REJECTED: rejected
[08:00:29][SEG1]   [11/15] Investment properties Martin County → info@landmarkinvestmentsflorida.com
[08:00:30][SEG1]     → ✗ REJECTED: rejected
[08:00:30][SEG1]   [12/15] Mulligan's Beach House → info@mulligansbeachhouse.com
[08:00:32][SEG1]     → ? UNKNOWN: unknown
[08:00:33][SEG1]   [13/15] Top Treasure Coast Cleaning Company → info@treasurecoastcleaningsolutions.com
[08:00:33][SEG1]     → ? UNKNOWN: unknown
[08:00:33][SEG1]   [14/15] Divine Association Management LLC:  → info@divineassociations.com
[08:00:34][SEG1]     → ✗ REJECTED: rejected
[08:00:34][SEG1]   [15/15] Mobile Car Detailing in Stuart, FL  → info@airliteautodetailing.com
[08:00:35][SEG1]     → ? UNKNOWN: unknown
[08:00:35][SEG1] SEGMENT 1 COMPLETE: 0 verified, 8 rejected
[08:00:35][SEG1] ============================================================
[08:05:02][SEG1] ============================================================
[08:05:02][SEG1] SMTP VERIFIER — Segment 1/10 | Batch: 15
[08:05:02][SEG1] ============================================================
[08:05:02][SEG1] Loaded 2665 leads
[08:05:02][SEG1] Leads in segment 1: 112
[08:05:02][SEG1] Processing batch of 15
[08:05:02][SEG1]   [1/15] Coastal Management Professionals → Accounting@cpmfl.com
[08:05:03][SEG1]     → ✗ REJECTED: rejected
[08:05:03][SEG1]   [2/15] Home Services at Jensen Beach #221 → cgallant@floridaelkscts.org
[08:05:03][SEG1]     → ✗ REJECTED: rejected
[08:05:04][SEG1]   [3/15] Treasure Coast Real Estate → John@tccommercialre.com
[08:05:04][SEG1]     → ✗ REJECTED: rejected
[08:05:05][SEG1]   [4/15] Wallace Chevrolet → ewallace@wallacechev.com
[08:05:05][SEG1]     → ? UNKNOWN: unknown
[08:05:06][SEG1]   [5/15] Fort Pierce, FL Industrial & Wareho → info@propertyshark.com
[08:05:06][SEG1]     → ? UNKNOWN: unknown
[08:05:06][SEG1]   [6/15] New Homes In Port St. Lucie, Florid → info@ryanhomes.com
[08:05:06][SEG1]     → ? UNKNOWN: unknown
[08:05:07][SEG1]   [7/15] Seamless Gutters | Jensen Beach, FL → gutterguy@gutterguyfl.com
[08:05:07][SEG1]     → ✗ REJECTED: rejected
[08:05:08][SEG1]   [8/15] HOSPITALS/EMERGENCY ROOM Category | → info@business.stuartmartinchamber.org
[08:05:16][SEG1]     → ? UNKNOWN: timed out
[08:05:16][SEG1]   [9/15] Ocean Remodeling | Home Remodeling  → info@oceanremodeling.com
[08:05:26][SEG1]     → ✗ REJECTED: rejected
[08:05:27][SEG1]   [10/15] Booking - Showtime Detailing → info@showtimedetailing.org
[08:05:28][SEG1]     → ✗ REJECTED: rejected
[08:05:28][SEG1]   [11/15] Investment properties Martin County → info@landmarkinvestmentsflorida.com
[08:05:28][SEG1]     → ? UNKNOWN: unknown
[08:05:29][SEG1]   [12/15] Mulligan's Beach House → info@mulligansbeachhouse.com
[08:05:29][SEG1]     → ? UNKNOWN: unknown
[08:05:30][SEG1]   [13/15] Top Treasure Coast Cleaning Company → info@treasurecoastcleaningsolutions.com
[08:05:30][SEG1]     → ? UNKNOWN: unknown
[08:05:30][SEG1]   [14/15] Divine Association Management LLC:  → info@divineassociations.com
[08:05:31][SEG1]     → ✗ REJECTED: rejected
[08:05:31][SEG1]   [15/15] Mobile Car Detailing in Stuart, FL  → info@airliteautodetailing.com
[08:05:31][SEG1]     → ? UNKNOWN: unknown
[08:05:32][SEG1] SEGMENT 1 COMPLETE: 0 verified, 7 rejected
[08:05:32][SEG1] ============================================================
[08:10:03][SEG1] ============================================================
[08:10:03][SEG1] SMTP VERIFIER — Segment 1/10 | Batch: 15
[08:10:03][SEG1] ============================================================
[08:10:03][SEG1] Loaded 2665 leads
[08:10:03][SEG1] Leads in segment 1: 112
[08:10:03][SEG1] Processing batch of 15
[08:10:03][SEG1]   [1/15] Coastal Management Professionals → Accounting@cpmfl.com
[08:10:03][SEG1]     → ✗ REJECTED: rejected
[08:10:04][SEG1]   [2/15] Home Services at Jensen Beach #221 → cgallant@floridaelkscts.org
[08:10:04][SEG1]     → ✗ REJECTED: rejected
[08:10:04][SEG1]   [3/15] Treasure Coast Real Estate → John@tccommercialre.com
[08:10:05][SEG1]     → ✗ REJECTED: rejected
[08:10:05][SEG1]   [4/15] Wallace Chevrolet → ewallace@wallacechev.com
[08:10:06][SEG1]     → ? UNKNOWN: unknown
[08:10:06][SEG1]   [5/15] Fort Pierce, FL Industrial & Wareho → info@propertyshark.com
[08:10:06][SEG1]     → ? UNKNOWN: unknown
[08:10:07][SEG1]   [6/15] New Homes In Port St. Lucie, Florid → info@ryanhomes.com
[08:10:07][SEG1]     → ? UNKNOWN: unknown
[08:10:07][SEG1]   [7/15] Seamless Gutters | Jensen Beach, FL → gutterguy@gutterguyfl.com
[08:10:08][SEG1]     → ✗ REJECTED: rejected
[08:10:08][SEG1]   [8/15] HOSPITALS/EMERGENCY ROOM Category | → info@business.stuartmartinchamber.org
[08:10:16][SEG1]     → ? UNKNOWN: timed out
[08:10:16][SEG1]   [9/15] Ocean Remodeling | Home Remodeling  → info@oceanremodeling.com
[08:10:27][SEG1]     → ✗ REJECTED: rejected
[08:10:27][SEG1]   [10/15] Booking - Showtime Detailing → info@showtimedetailing.org
[08:10:28][SEG1]     → ✗ REJECTED: rejected
[08:10:28][SEG1]   [11/15] Investment properties Martin County → info@landmarkinvestmentsflorida.com
[08:10:29][SEG1]     → ? UNKNOWN: unknown
[08:10:29][SEG1]   [12/15] Mulligan's Beach House → info@mulligansbeachhouse.com
[08:10:29][SEG1]     → ? UNKNOWN: unknown
[08:10:30][SEG1]   [13/15] Top Treasure Coast Cleaning Company → info@treasurecoastcleaningsolutions.com
[08:10:30][SEG1]     → ? UNKNOWN: unknown
[08:10:31][SEG1]   [14/15] Divine Association Management LLC:  → info@divineassociations.com
[08:10:31][SEG1]     → ✗ REJECTED: rejected
[08:10:31][SEG1]   [15/15] Mobile Car Detailing in Stuart, FL  → info@airliteautodetailing.com
[08:10:32][SEG1]     → ? UNKNOWN: unknown
[08:10:32][SEG1] SEGMENT 1 COMPLETE: 0 verified, 7 rejected
[08:10:32][SEG1] ============================================================
[08:15:03][SEG1] ============================================================
[08:15:03][SEG1] SMTP VERIFIER — Segment 1/10 | Batch: 15
[08:15:03][SEG1] ============================================================
[08:15:03][SEG1] Loaded 2665 leads
[08:15:03][SEG1] Leads in segment 1: 112
[08:15:03][SEG1] Processing batch of 15
[08:15:03][SEG1]   [1/15] Coastal Management Professionals → Accounting@cpmfl.com
[08:15:03][SEG1]     → ✗ REJECTED: rejected
[08:15:04][SEG1]   [2/15] Home Services at Jensen Beach #221 → cgallant@floridaelkscts.org
[08:15:04][SEG1]     → ✗ REJECTED: rejected
[08:15:04][SEG1]   [3/15] Treasure Coast Real Estate → John@tccommercialre.com
[08:15:04][SEG1]     → ✗ REJECTED: rejected
[08:15:05][SEG1]   [4/15] Wallace Chevrolet → ewallace@wallacechev.com
[08:15:05][SEG1]     → ? UNKNOWN: unknown
[08:15:06][SEG1]   [5/15] Fort Pierce, FL Industrial & Wareho → info@propertyshark.com
[08:15:06][SEG1]     → ? UNKNOWN: unknown
[08:15:07][SEG1]   [6/15] New Homes In Port St. Lucie, Florid → info@ryanhomes.com
[08:15:07][SEG1]     → ? UNKNOWN: unknown
[08:15:07][SEG1]   [7/15] Seamless Gutters | Jensen Beach, FL → gutterguy@gutterguyfl.com
[08:15:07][SEG1]     → ✗ REJECTED: rejected
[08:15:08][SEG1]   [8/15] HOSPITALS/EMERGENCY ROOM Category | → info@business.stuartmartinchamber.org
[08:15:16][SEG1]     → ? UNKNOWN: timed out
[08:15:16][SEG1]   [9/15] Ocean Remodeling | Home Remodeling  → info@oceanremodeling.com
[08:15:27][SEG1]     → ✗ REJECTED: rejected
[08:15:27][SEG1]   [10/15] Booking - Showtime Detailing → info@showtimedetailing.org
[08:15:28][SEG1]     → ✗ REJECTED: rejected
[08:15:28][SEG1]   [11/15] Investment properties Martin County → info@landmarkinvestmentsflorida.com
[08:15:28][SEG1]     → ? UNKNOWN: unknown
[08:15:29][SEG1]   [12/15] Mulligan's Beach House → info@mulligansbeachhouse.com
[08:15:29][SEG1]     → ? UNKNOWN: unknown
[08:15:30][SEG1]   [13/15] Top Treasure Coast Cleaning Company → info@treasurecoastcleaningsolutions.com
[08:15:30][SEG1]     → ? UNKNOWN: unknown
[08:15:30][SEG1]   [14/15] Divine Association Management LLC:  → info@divineassociations.com
[08:15:31][SEG1]     → ✗ REJECTED: rejected
[08:15:31][SEG1]   [15/15] Mobile Car Detailing in Stuart, FL  → info@airliteautodetailing.com
[08:15:31][SEG1]     → ? UNKNOWN: unknown
[08:15:32][SEG1] SEGMENT 1 COMPLETE: 0 verified, 7 rejected
[08:15:32][SEG1] ============================================================
[08:20:02][SEG1] ============================================================
[08:20:02][SEG1] SMTP VERIFIER — Segment 1/10 | Batch: 15
[08:20:02][SEG1] ============================================================
[08:20:02][SEG1] Treasure Coast leads: 2061
[08:20:02][SEG1] Loaded 2061 leads
[08:20:02][SEG1] Leads in segment 1: 51
[08:20:02][SEG1] Processing batch of 15
[08:20:02][SEG1]   [1/15] Coastal Management Professionals → Accounting@cpmfl.com
[08:20:02][SEG1]     → ✗ REJECTED: rejected
[08:20:03][SEG1]   [2/15] Palm Beach and Martin Counties Prop → info@pa.martin.fl.us
[08:20:03][SEG1]     → ✗ REJECTED: rejected
[08:20:04][SEG1]   [3/15] Vantazma Collision → info@vantazma-car-care.com
[08:20:04][SEG1]     → ? UNKNOWN: unknown
[08:20:04][SEG1]   [4/15] Trusted Cleaning Company in Stuart  → ncsnatyka@gmail.com
[08:20:05][SEG1]     → ✓ VERIFIED
[08:20:05][SEG1]   [5/15] RE/MAX Gold → Meconnormckinney.re@gmail.com
[08:20:05][SEG1]     → ✗ REJECTED: rejected
[08:20:06][SEG1]   [6/15] Honda Dealership Stuart FL → events@hohmartin.org
[08:20:06][SEG1]     → ? UNKNOWN: [Errno 104] Connection reset b
[08:20:06][SEG1]   [7/15] 2700 Industrial Ave 2 , Fort Pierce → info@warehousespaces.com
[08:20:07][SEG1]     → ✗ REJECTED: rejected
[08:20:08][SEG1]   [8/15] Jupiter, FL → Hello@friendsofjupiterbeach.org
[08:20:08][SEG1]     → ? UNKNOWN: unknown
[08:20:08][SEG1]   [9/15] Handyman & Home Repair Services in  → tchomecarerepair@gmail.com
[08:20:08][SEG1]     → ✓ VERIFIED
[08:20:09][SEG1]   [10/15] Master Association - Welcome to Ham → Master.HammockCreek@gmail.com
[08:20:09][SEG1]     → ✓ VERIFIED
[08:20:10][SEG1]   [11/15] Kathi Lundstrom, Real Estate Agent  → kathione@bellsouth.net
[08:20:10][SEG1]     → ? UNKNOWN: unknown
[08:20:10][SEG1]   [12/15] Concrete Flooring Installation in P → info@palmcityconcrete.com
[08:20:11][SEG1]     → ? UNKNOWN: unknown
[08:20:11][SEG1]   [13/15] Jensen Seamless Gutters → gutterguy@gutterguyfl.com
[08:20:11][SEG1]     → ✗ REJECTED: rejected
[08:20:12][SEG1]   [14/15] Martin North Hospital | Cleveland C → PHPPRcontactus@providence.org
[08:20:12][SEG1]     → ? UNKNOWN: unknown
[08:20:12][SEG1]   [15/15] Treasure Coast Auto Spa: Treasure C → ceramicprotcas@treasurecoastautospa.com
[08:20:13][SEG1]     → ? UNKNOWN: unknown
[08:20:13][SEG1] Wrote 3 verified emails
[08:20:13][SEG1] SEGMENT 1 COMPLETE: 3 verified, 5 rejected
[08:20:13][SEG1] ============================================================
