/home/chris/.openclaw/bin/status_report.py:47: DeprecationWarning: datetime.datetime.utcnow() is deprecated and scheduled for removal in a future version. Use timezone-aware objects to represent datetimes in UTC: datetime.datetime.now(datetime.UTC).
  timestamp = datetime.utcnow().strftime('%Y-%m-%d %H:%M:%S UTC')
/home/chris/.openclaw/bin/status_report.py:87: DeprecationWarning: datetime.datetime.utcnow() is deprecated and scheduled for removal in a future version. Use timezone-aware objects to represent datetimes in UTC: datetime.datetime.now(datetime.UTC).
  timestamp = datetime.utcnow().strftime('%Y%m%d_%H%M%S')
Report saved to /home/chris/.openclaw/workspace/reports/status_20260215_080002.md

# STATUS REPORT
# Generated: 2026-02-15 08:00:01 UTC

## Lead Statistics
- Total leads in database: 19213

## Agent Status
- Active containers: 15
- 429 errors (last 4h): 19

## Rate Limit Reminder
- Rate limits reset automatically (15 min)
- If error >5h: NOT tokens - check code
- Tokens are UNLIMITED

## Next Steps
- Continue lead enrichment (ONE metro at a time)
- Keep scrapers running (20-min cycles)
- Verify emails nightly

---
*Auto-generated by status_report.py*

/home/chris/.openclaw/bin/status_report.py:47: DeprecationWarning: datetime.datetime.utcnow() is deprecated and scheduled for removal in a future version. Use timezone-aware objects to represent datetimes in UTC: datetime.datetime.now(datetime.UTC).
  timestamp = datetime.utcnow().strftime('%Y-%m-%d %H:%M:%S UTC')
/home/chris/.openclaw/bin/status_report.py:87: DeprecationWarning: datetime.datetime.utcnow() is deprecated and scheduled for removal in a future version. Use timezone-aware objects to represent datetimes in UTC: datetime.datetime.now(datetime.UTC).
  timestamp = datetime.utcnow().strftime('%Y%m%d_%H%M%S')
Report saved to /home/chris/.openclaw/workspace/reports/status_20260215_120001.md

# STATUS REPORT
# Generated: 2026-02-15 12:00:01 UTC

## Lead Statistics
- Total leads in database: 19536

## Agent Status
- Active containers: 15
- 429 errors (last 4h): 2

## Rate Limit Reminder
- Rate limits reset automatically (15 min)
- If error >5h: NOT tokens - check code
- Tokens are UNLIMITED

## Next Steps
- Continue lead enrichment (ONE metro at a time)
- Keep scrapers running (20-min cycles)
- Verify emails nightly

---
*Auto-generated by status_report.py*

/home/chris/.openclaw/bin/status_report.py:47: DeprecationWarning: datetime.datetime.utcnow() is deprecated and scheduled for removal in a future version. Use timezone-aware objects to represent datetimes in UTC: datetime.datetime.now(datetime.UTC).
  timestamp = datetime.utcnow().strftime('%Y-%m-%d %H:%M:%S UTC')
/home/chris/.openclaw/bin/status_report.py:87: DeprecationWarning: datetime.datetime.utcnow() is deprecated and scheduled for removal in a future version. Use timezone-aware objects to represent datetimes in UTC: datetime.datetime.now(datetime.UTC).
  timestamp = datetime.utcnow().strftime('%Y%m%d_%H%M%S')
Report saved to /home/chris/.openclaw/workspace/reports/status_20260215_160001.md

# STATUS REPORT
# Generated: 2026-02-15 16:00:01 UTC

## Lead Statistics
- Total leads in database: 19933

## Agent Status
- Active containers: 15
- 429 errors (last 4h): 1

## Rate Limit Reminder
- Rate limits reset automatically (15 min)
- If error >5h: NOT tokens - check code
- Tokens are UNLIMITED

## Next Steps
- Continue lead enrichment (ONE metro at a time)
- Keep scrapers running (20-min cycles)
- Verify emails nightly

---
*Auto-generated by status_report.py*

/home/chris/.openclaw/bin/status_report.py:47: DeprecationWarning: datetime.datetime.utcnow() is deprecated and scheduled for removal in a future version. Use timezone-aware objects to represent datetimes in UTC: datetime.datetime.now(datetime.UTC).
  timestamp = datetime.utcnow().strftime('%Y-%m-%d %H:%M:%S UTC')
/home/chris/.openclaw/bin/status_report.py:87: DeprecationWarning: datetime.datetime.utcnow() is deprecated and scheduled for removal in a future version. Use timezone-aware objects to represent datetimes in UTC: datetime.datetime.now(datetime.UTC).
  timestamp = datetime.utcnow().strftime('%Y%m%d_%H%M%S')
Report saved to /home/chris/.openclaw/workspace/reports/status_20260215_200002.md

# STATUS REPORT
# Generated: 2026-02-15 20:00:01 UTC

## Lead Statistics
- Total leads in database: 20312

## Agent Status
- Active containers: 18
- 429 errors (last 4h): 9

## Rate Limit Reminder
- Rate limits reset automatically (15 min)
- If error >5h: NOT tokens - check code
- Tokens are UNLIMITED

## Next Steps
- Continue lead enrichment (ONE metro at a time)
- Keep scrapers running (20-min cycles)
- Verify emails nightly

---
*Auto-generated by status_report.py*

/home/chris/.openclaw/bin/status_report.py:47: DeprecationWarning: datetime.datetime.utcnow() is deprecated and scheduled for removal in a future version. Use timezone-aware objects to represent datetimes in UTC: datetime.datetime.now(datetime.UTC).
  timestamp = datetime.utcnow().strftime('%Y-%m-%d %H:%M:%S UTC')
/home/chris/.openclaw/bin/status_report.py:87: DeprecationWarning: datetime.datetime.utcnow() is deprecated and scheduled for removal in a future version. Use timezone-aware objects to represent datetimes in UTC: datetime.datetime.now(datetime.UTC).
  timestamp = datetime.utcnow().strftime('%Y%m%d_%H%M%S')
Report saved to /home/chris/.openclaw/workspace/reports/status_20260216_000002.md

# STATUS REPORT
# Generated: 2026-02-16 00:00:02 UTC

## Lead Statistics
- Total leads in database: 20640

## Agent Status
- Active containers: 18
- 429 errors (last 4h): 3

## Rate Limit Reminder
- Rate limits reset automatically (15 min)
- If error >5h: NOT tokens - check code
- Tokens are UNLIMITED

## Next Steps
- Continue lead enrichment (ONE metro at a time)
- Keep scrapers running (20-min cycles)
- Verify emails nightly

---
*Auto-generated by status_report.py*

/home/chris/.openclaw/bin/status_report.py:47: DeprecationWarning: datetime.datetime.utcnow() is deprecated and scheduled for removal in a future version. Use timezone-aware objects to represent datetimes in UTC: datetime.datetime.now(datetime.UTC).
  timestamp = datetime.utcnow().strftime('%Y-%m-%d %H:%M:%S UTC')
/home/chris/.openclaw/bin/status_report.py:87: DeprecationWarning: datetime.datetime.utcnow() is deprecated and scheduled for removal in a future version. Use timezone-aware objects to represent datetimes in UTC: datetime.datetime.now(datetime.UTC).
  timestamp = datetime.utcnow().strftime('%Y%m%d_%H%M%S')
Report saved to /home/chris/.openclaw/workspace/reports/status_20260216_040002.md

# STATUS REPORT
# Generated: 2026-02-16 04:00:02 UTC

## Lead Statistics
- Total leads in database: 20993

## Agent Status
- Active containers: 22
- 429 errors (last 4h): 6

## Rate Limit Reminder
- Rate limits reset automatically (15 min)
- If error >5h: NOT tokens - check code
- Tokens are UNLIMITED

## Next Steps
- Continue lead enrichment (ONE metro at a time)
- Keep scrapers running (20-min cycles)
- Verify emails nightly

---
*Auto-generated by status_report.py*

/home/chris/.openclaw/bin/status_report.py:47: DeprecationWarning: datetime.datetime.utcnow() is deprecated and scheduled for removal in a future version. Use timezone-aware objects to represent datetimes in UTC: datetime.datetime.now(datetime.UTC).
  timestamp = datetime.utcnow().strftime('%Y-%m-%d %H:%M:%S UTC')
/home/chris/.openclaw/bin/status_report.py:87: DeprecationWarning: datetime.datetime.utcnow() is deprecated and scheduled for removal in a future version. Use timezone-aware objects to represent datetimes in UTC: datetime.datetime.now(datetime.UTC).
  timestamp = datetime.utcnow().strftime('%Y%m%d_%H%M%S')
Report saved to /home/chris/.openclaw/workspace/reports/status_20260216_080002.md

# STATUS REPORT
# Generated: 2026-02-16 08:00:01 UTC

## Lead Statistics
- Total leads in database: 22593

## Agent Status
- Active containers: 16
- 429 errors (last 4h): 7

## Rate Limit Reminder
- Rate limits reset automatically (15 min)
- If error >5h: NOT tokens - check code
- Tokens are UNLIMITED

## Next Steps
- Continue lead enrichment (ONE metro at a time)
- Keep scrapers running (20-min cycles)
- Verify emails nightly

---
*Auto-generated by status_report.py*

/home/chris/.openclaw/bin/status_report.py:47: DeprecationWarning: datetime.datetime.utcnow() is deprecated and scheduled for removal in a future version. Use timezone-aware objects to represent datetimes in UTC: datetime.datetime.now(datetime.UTC).
  timestamp = datetime.utcnow().strftime('%Y-%m-%d %H:%M:%S UTC')
/home/chris/.openclaw/bin/status_report.py:87: DeprecationWarning: datetime.datetime.utcnow() is deprecated and scheduled for removal in a future version. Use timezone-aware objects to represent datetimes in UTC: datetime.datetime.now(datetime.UTC).
  timestamp = datetime.utcnow().strftime('%Y%m%d_%H%M%S')
Report saved to /home/chris/.openclaw/workspace/reports/status_20260216_120001.md

# STATUS REPORT
# Generated: 2026-02-16 12:00:01 UTC

## Lead Statistics
- Total leads in database: 22853

## Agent Status
- Active containers: 15
- 429 errors (last 4h): 7

## Rate Limit Reminder
- Rate limits reset automatically (15 min)
- If error >5h: NOT tokens - check code
- Tokens are UNLIMITED

## Next Steps
- Continue lead enrichment (ONE metro at a time)
- Keep scrapers running (20-min cycles)
- Verify emails nightly

---
*Auto-generated by status_report.py*

/home/chris/.openclaw/bin/status_report.py:47: DeprecationWarning: datetime.datetime.utcnow() is deprecated and scheduled for removal in a future version. Use timezone-aware objects to represent datetimes in UTC: datetime.datetime.now(datetime.UTC).
  timestamp = datetime.utcnow().strftime('%Y-%m-%d %H:%M:%S UTC')
/home/chris/.openclaw/bin/status_report.py:87: DeprecationWarning: datetime.datetime.utcnow() is deprecated and scheduled for removal in a future version. Use timezone-aware objects to represent datetimes in UTC: datetime.datetime.now(datetime.UTC).
  timestamp = datetime.utcnow().strftime('%Y%m%d_%H%M%S')
Report saved to /home/chris/.openclaw/workspace/reports/status_20260216_160002.md

# STATUS REPORT
# Generated: 2026-02-16 16:00:02 UTC

## Lead Statistics
- Total leads in database: 23174

## Agent Status
- Active containers: 15
- 429 errors (last 4h): 1

## Rate Limit Reminder
- Rate limits reset automatically (15 min)
- If error >5h: NOT tokens - check code
- Tokens are UNLIMITED

## Next Steps
- Continue lead enrichment (ONE metro at a time)
- Keep scrapers running (20-min cycles)
- Verify emails nightly

---
*Auto-generated by status_report.py*

/home/chris/.openclaw/bin/status_report.py:47: DeprecationWarning: datetime.datetime.utcnow() is deprecated and scheduled for removal in a future version. Use timezone-aware objects to represent datetimes in UTC: datetime.datetime.now(datetime.UTC).
  timestamp = datetime.utcnow().strftime('%Y-%m-%d %H:%M:%S UTC')
/home/chris/.openclaw/bin/status_report.py:87: DeprecationWarning: datetime.datetime.utcnow() is deprecated and scheduled for removal in a future version. Use timezone-aware objects to represent datetimes in UTC: datetime.datetime.now(datetime.UTC).
  timestamp = datetime.utcnow().strftime('%Y%m%d_%H%M%S')
Report saved to /home/chris/.openclaw/workspace/reports/status_20260216_200002.md

# STATUS REPORT
# Generated: 2026-02-16 20:00:02 UTC

## Lead Statistics
- Total leads in database: 23463

## Agent Status
- Active containers: 20
- 429 errors (last 4h): 11

## Rate Limit Reminder
- Rate limits reset automatically (15 min)
- If error >5h: NOT tokens - check code
- Tokens are UNLIMITED

## Next Steps
- Continue lead enrichment (ONE metro at a time)
- Keep scrapers running (20-min cycles)
- Verify emails nightly

---
*Auto-generated by status_report.py*

/home/chris/.openclaw/bin/status_report.py:47: DeprecationWarning: datetime.datetime.utcnow() is deprecated and scheduled for removal in a future version. Use timezone-aware objects to represent datetimes in UTC: datetime.datetime.now(datetime.UTC).
  timestamp = datetime.utcnow().strftime('%Y-%m-%d %H:%M:%S UTC')
/home/chris/.openclaw/bin/status_report.py:87: DeprecationWarning: datetime.datetime.utcnow() is deprecated and scheduled for removal in a future version. Use timezone-aware objects to represent datetimes in UTC: datetime.datetime.now(datetime.UTC).
  timestamp = datetime.utcnow().strftime('%Y%m%d_%H%M%S')
Report saved to /home/chris/.openclaw/workspace/reports/status_20260217_000002.md

# STATUS REPORT
# Generated: 2026-02-17 00:00:01 UTC

## Lead Statistics
- Total leads in database: 23805

## Agent Status
- Active containers: 20
- 429 errors (last 4h): 5

## Rate Limit Reminder
- Rate limits reset automatically (15 min)
- If error >5h: NOT tokens - check code
- Tokens are UNLIMITED

## Next Steps
- Continue lead enrichment (ONE metro at a time)
- Keep scrapers running (20-min cycles)
- Verify emails nightly

---
*Auto-generated by status_report.py*

/home/chris/.openclaw/bin/status_report.py:47: DeprecationWarning: datetime.datetime.utcnow() is deprecated and scheduled for removal in a future version. Use timezone-aware objects to represent datetimes in UTC: datetime.datetime.now(datetime.UTC).
  timestamp = datetime.utcnow().strftime('%Y-%m-%d %H:%M:%S UTC')
/home/chris/.openclaw/bin/status_report.py:87: DeprecationWarning: datetime.datetime.utcnow() is deprecated and scheduled for removal in a future version. Use timezone-aware objects to represent datetimes in UTC: datetime.datetime.now(datetime.UTC).
  timestamp = datetime.utcnow().strftime('%Y%m%d_%H%M%S')
Report saved to /home/chris/.openclaw/workspace/reports/status_20260217_040002.md

# STATUS REPORT
# Generated: 2026-02-17 04:00:02 UTC

## Lead Statistics
- Total leads in database: 24096

## Agent Status
- Active containers: 21
- 429 errors (last 4h): 3

## Rate Limit Reminder
- Rate limits reset automatically (15 min)
- If error >5h: NOT tokens - check code
- Tokens are UNLIMITED

## Next Steps
- Continue lead enrichment (ONE metro at a time)
- Keep scrapers running (20-min cycles)
- Verify emails nightly

---
*Auto-generated by status_report.py*

/home/chris/.openclaw/bin/status_report.py:47: DeprecationWarning: datetime.datetime.utcnow() is deprecated and scheduled for removal in a future version. Use timezone-aware objects to represent datetimes in UTC: datetime.datetime.now(datetime.UTC).
  timestamp = datetime.utcnow().strftime('%Y-%m-%d %H:%M:%S UTC')
/home/chris/.openclaw/bin/status_report.py:87: DeprecationWarning: datetime.datetime.utcnow() is deprecated and scheduled for removal in a future version. Use timezone-aware objects to represent datetimes in UTC: datetime.datetime.now(datetime.UTC).
  timestamp = datetime.utcnow().strftime('%Y%m%d_%H%M%S')
Report saved to /home/chris/.openclaw/workspace/reports/status_20260217_080003.md

# STATUS REPORT
# Generated: 2026-02-17 08:00:03 UTC

## Lead Statistics
- Total leads in database: 27424

## Agent Status
- Active containers: 23
- 429 errors (last 4h): 5

## Rate Limit Reminder
- Rate limits reset automatically (15 min)
- If error >5h: NOT tokens - check code
- Tokens are UNLIMITED

## Next Steps
- Continue lead enrichment (ONE metro at a time)
- Keep scrapers running (20-min cycles)
- Verify emails nightly

---
*Auto-generated by status_report.py*

/home/chris/.openclaw/bin/status_report.py:47: DeprecationWarning: datetime.datetime.utcnow() is deprecated and scheduled for removal in a future version. Use timezone-aware objects to represent datetimes in UTC: datetime.datetime.now(datetime.UTC).
  timestamp = datetime.utcnow().strftime('%Y-%m-%d %H:%M:%S UTC')
/home/chris/.openclaw/bin/status_report.py:87: DeprecationWarning: datetime.datetime.utcnow() is deprecated and scheduled for removal in a future version. Use timezone-aware objects to represent datetimes in UTC: datetime.datetime.now(datetime.UTC).
  timestamp = datetime.utcnow().strftime('%Y%m%d_%H%M%S')
Report saved to /home/chris/.openclaw/workspace/reports/status_20260217_120001.md

# STATUS REPORT
# Generated: 2026-02-17 12:00:01 UTC

## Lead Statistics
- Total leads in database: 27823

## Agent Status
- Active containers: 23
- 429 errors (last 4h): 3

## Rate Limit Reminder
- Rate limits reset automatically (15 min)
- If error >5h: NOT tokens - check code
- Tokens are UNLIMITED

## Next Steps
- Continue lead enrichment (ONE metro at a time)
- Keep scrapers running (20-min cycles)
- Verify emails nightly

---
*Auto-generated by status_report.py*

/home/chris/.openclaw/bin/status_report.py:47: DeprecationWarning: datetime.datetime.utcnow() is deprecated and scheduled for removal in a future version. Use timezone-aware objects to represent datetimes in UTC: datetime.datetime.now(datetime.UTC).
  timestamp = datetime.utcnow().strftime('%Y-%m-%d %H:%M:%S UTC')
/home/chris/.openclaw/bin/status_report.py:87: DeprecationWarning: datetime.datetime.utcnow() is deprecated and scheduled for removal in a future version. Use timezone-aware objects to represent datetimes in UTC: datetime.datetime.now(datetime.UTC).
  timestamp = datetime.utcnow().strftime('%Y%m%d_%H%M%S')
Report saved to /home/chris/.openclaw/workspace/reports/status_20260217_160002.md

# STATUS REPORT
# Generated: 2026-02-17 16:00:01 UTC

## Lead Statistics
- Total leads in database: 28181

## Agent Status
- Active containers: 23
- 429 errors (last 4h): 1

## Rate Limit Reminder
- Rate limits reset automatically (15 min)
- If error >5h: NOT tokens - check code
- Tokens are UNLIMITED

## Next Steps
- Continue lead enrichment (ONE metro at a time)
- Keep scrapers running (20-min cycles)
- Verify emails nightly

---
*Auto-generated by status_report.py*

/home/chris/.openclaw/bin/status_report.py:47: DeprecationWarning: datetime.datetime.utcnow() is deprecated and scheduled for removal in a future version. Use timezone-aware objects to represent datetimes in UTC: datetime.datetime.now(datetime.UTC).
  timestamp = datetime.utcnow().strftime('%Y-%m-%d %H:%M:%S UTC')
/home/chris/.openclaw/bin/status_report.py:87: DeprecationWarning: datetime.datetime.utcnow() is deprecated and scheduled for removal in a future version. Use timezone-aware objects to represent datetimes in UTC: datetime.datetime.now(datetime.UTC).
  timestamp = datetime.utcnow().strftime('%Y%m%d_%H%M%S')
Report saved to /home/chris/.openclaw/workspace/reports/status_20260217_200002.md

# STATUS REPORT
# Generated: 2026-02-17 20:00:01 UTC

## Lead Statistics
- Total leads in database: 28509

## Agent Status
- Active containers: 22
- 429 errors (last 4h): 4

## Rate Limit Reminder
- Rate limits reset automatically (15 min)
- If error >5h: NOT tokens - check code
- Tokens are UNLIMITED

## Next Steps
- Continue lead enrichment (ONE metro at a time)
- Keep scrapers running (20-min cycles)
- Verify emails nightly

---
*Auto-generated by status_report.py*

/home/chris/.openclaw/bin/status_report.py:47: DeprecationWarning: datetime.datetime.utcnow() is deprecated and scheduled for removal in a future version. Use timezone-aware objects to represent datetimes in UTC: datetime.datetime.now(datetime.UTC).
  timestamp = datetime.utcnow().strftime('%Y-%m-%d %H:%M:%S UTC')
/home/chris/.openclaw/bin/status_report.py:87: DeprecationWarning: datetime.datetime.utcnow() is deprecated and scheduled for removal in a future version. Use timezone-aware objects to represent datetimes in UTC: datetime.datetime.now(datetime.UTC).
  timestamp = datetime.utcnow().strftime('%Y%m%d_%H%M%S')
Report saved to /home/chris/.openclaw/workspace/reports/status_20260218_000003.md

# STATUS REPORT
# Generated: 2026-02-18 00:00:02 UTC

## Lead Statistics
- Total leads in database: 30254

## Agent Status
- Active containers: 22
- 429 errors (last 4h): 28

## Rate Limit Reminder
- Rate limits reset automatically (15 min)
- If error >5h: NOT tokens - check code
- Tokens are UNLIMITED

## Next Steps
- Continue lead enrichment (ONE metro at a time)
- Keep scrapers running (20-min cycles)
- Verify emails nightly

---
*Auto-generated by status_report.py*

