[2026-02-16 04:31:31] ============================================================
[2026-02-16 04:31:31] TREASURE COAST LEAD ENRICHMENT BLITZ
[2026-02-16 04:31:31] ============================================================
[2026-02-16 04:31:31] Goal: 497 more complete leads by Feb 21
[2026-02-16 04:31:31] ============================================================
[2026-02-16 04:31:31] PHASE 1: Finding names for leads with personal emails
[2026-02-16 04:31:31] ------------------------------------------------------------
[2026-02-16 04:31:31] Found 40 leads with personal emails but no names
[2026-02-16 04:31:31] [1/40] Property Managers in Port Saint Lucie, FL (Port St Lucie)
[2026-02-16 04:31:31]   Email: Choicepropertiesrentals@gmail.com
[2026-02-16 04:31:31]   ✓ Name from email: Choicepropertiesrentals
[2026-02-16 04:31:31]   ✅ Database updated
[2026-02-16 04:31:31] [2/40] New Homes Port St. Lucie | Maronda Homes (Port St Lucie)
[2026-02-16 04:31:31]   Email: web-land-melborne@maronda.com
[2026-02-16 04:31:31]   ✓ Name from email: Web-land-melborne
[2026-02-16 04:31:31]   ✅ Database updated
[2026-02-16 04:31:31] [3/40] Vantazma Collision (Port St Lucie)
[2026-02-16 04:31:31]   Email: vantazmacollision@gmail.com
[2026-02-16 04:31:31]   ✓ Name from email: Vantazmacollision
[2026-02-16 04:31:31]   ✅ Database updated
[2026-02-16 04:31:31] [4/40] Cabinet Remodeling (Vero Beach)
[2026-02-16 04:31:31]   Email: capital32967@aol.com
[2026-02-16 04:31:31]   ✓ Name from email: Capital32967
[2026-02-16 04:31:31]   ✅ Database updated
[2026-02-16 04:31:31] [5/40] Signature Property Management (Stuart)
[2026-02-16 04:31:31]   Email: user@domain.com
[2026-02-16 04:31:31]   ✓ Name from email: User
[2026-02-16 04:31:31]   ✅ Database updated
[2026-02-16 04:31:31] [6/40] Cleveland Clinic Martin North Hospital - Medicare (Stuart)
[2026-02-16 04:31:31]   Email: PHPPRcontactus@providence.org
[2026-02-16 04:31:31]   ✓ Name from email: Phpprcontactus
[2026-02-16 04:31:31]   ✅ Database updated
[2026-02-16 04:31:31] [7/40] Cleveland Clinic Martin South Hospital (Stuart)
[2026-02-16 04:31:31]   Email: ombudsman@ccf.org
[2026-02-16 04:31:31]   ✓ Name from email: Ombudsman
[2026-02-16 04:31:31]   ✅ Database updated
[2026-02-16 04:31:31] [8/40] Honda Dealership Stuart FL (Stuart)
[2026-02-16 04:31:31]   Email: events@hohmartin.org
[2026-02-16 04:31:31]   ✓ Name from email: Events
[2026-02-16 04:31:31]   ✅ Database updated
[2026-02-16 04:31:31] [9/40] First Presbyterian Preschool (Vero Beach)
[2026-02-16 04:31:31]   Email: lorie@firstpresvero.org
[2026-02-16 04:31:31]   ✓ Name from email: Lorie
[2026-02-16 04:31:31]   ✅ Database updated
[2026-02-16 04:31:31] [10/40] Port St. Lucie Luxury Assisted Living (Port St Lucie)
[2026-02-16 04:31:31]   Email: stluciewest@watercrestseniorliving.com
[2026-02-16 04:31:31]   ✓ Name from email: Stluciewest
[2026-02-16 04:31:31]   ✅ Database updated
[2026-02-16 04:31:31] [11/40] South Stuart – Apple Tree Academy (Stuart)
[2026-02-16 04:31:31]   Email: appletreeacademy4@gmail.com
[2026-02-16 04:31:31]   ✓ Name from email: Appletreeacademy4
[2026-02-16 04:31:31]   ✅ Database updated
[2026-02-16 04:31:31] [12/40] Gutter Contractor | The Brothers that just do Gutters (Stuart)
[2026-02-16 04:31:31]   Email: will@viralbitespos.com
[2026-02-16 04:31:31]   ✓ Name from email: Will
[2026-02-16 04:31:31]   ✅ Database updated
[2026-02-16 04:31:31] [13/40] Divine Association Management LLC: Community Association | Florida (Port St Lucie)
[2026-02-16 04:31:31]   Email: jdiaz0597@gmail.com
[2026-02-16 04:31:31]   ✓ Name from email: Jdiaz0597
[2026-02-16 04:31:31]   ✅ Database updated
[2026-02-16 04:31:31] [14/40] Contact (Vero Beach)
[2026-02-16 04:31:31]   Email: irrestaurantsupply@yahoo.com
[2026-02-16 04:31:31]   ✓ Name from email: Irrestaurantsupply
[2026-02-16 04:31:31]   ✅ Database updated
[2026-02-16 04:31:31] [15/40] New Audi and Used Cars near Jupiter, FL (Stuart)
[2026-02-16 04:31:31]   Email: Devin.Carlson@BrikellMotors.com
[2026-02-16 04:31:31]   ✓ Name from email: Devin Carlson
[2026-02-16 04:31:31]   ✅ Database updated
[2026-02-16 04:31:31] [16/40] Trinity Episcopal Church & School (Vero Beach)
[2026-02-16 04:31:31]   Email: ahiser@TrinityVero.org
[2026-02-16 04:31:31]   ✓ Name from email: Ahiser
[2026-02-16 04:31:31]   ✅ Database updated
[2026-02-16 04:31:31] [17/40] Calvetti and Co (Vero Beach)
[2026-02-16 04:31:31]   Email: letstalk@calvettiandco.com
[2026-02-16 04:31:31]   ✓ Name from email: Letstalk
[2026-02-16 04:31:31]   ✅ Database updated
[2026-02-16 04:31:31] [18/40] Treasure Coast Real Estate (Stuart)
[2026-02-16 04:31:31]   Email: John@tccommercialre.com
[2026-02-16 04:31:31]   ✓ Name from email: John
[2026-02-16 04:31:31]   ✅ Database updated
[2026-02-16 04:31:31] [19/40] Vero Beach Alliance Church (Vero Beach)
[2026-02-16 04:31:31]   Email: gramsh4christ@yahoo.com
[2026-02-16 04:31:31]   ✓ Name from email: Gramsh4christ
[2026-02-16 04:31:31]   ✅ Database updated
[2026-02-16 04:31:31] [20/40] The Landings of Martin County | HOA in Stuart, FL (Stuart)
[2026-02-16 04:31:31]   Email: tkryzda@martin.fl.us
[2026-02-16 04:31:31]   ✓ Name from email: Tkryzda
[2026-02-16 04:31:31]   ✅ Database updated
[2026-02-16 04:31:31] [21/40] Independent Living - CarePatrol of The Treasure Coast (Stuart)
[2026-02-16 04:31:31]   Email: lvelez@carepatrol.com
[2026-02-16 04:31:31]   ✓ Name from email: Lvelez
[2026-02-16 04:31:31]   ✅ Database updated
[2026-02-16 04:31:31] [22/40] Professional HOA & COA Services in Martin County (Stuart)
[2026-02-16 04:31:31]   Email: esposito@macombgov.org
[2026-02-16 04:31:31]   ✓ Name from email: Esposito
[2026-02-16 04:31:31]   ✅ Database updated
[2026-02-16 04:31:31] [23/40] Seamless Gutters | Jensen Beach, FL (Jensen Beach)
[2026-02-16 04:31:31]   Email: gutterguy@gutterguyfl.com
[2026-02-16 04:31:31]   ✓ Name from email: Gutterguy
[2026-02-16 04:31:31]   ✅ Database updated
[2026-02-16 04:31:31] [24/40] Nex-Gen Partners Property Management | Port St. Lucie, FL ... (Port St Lucie)
[2026-02-16 04:31:31]   Email: tenants@nex-genpartners.com
[2026-02-16 04:31:31]   ✓ Name from email: Tenants
[2026-02-16 04:31:31]   ✅ Database updated
[2026-02-16 04:31:31] [25/40] Property Management Treasure Coast - Home (Jensen Beach)
[2026-02-16 04:31:31]   Email: TreasureCoast@itrip.net
[2026-02-16 04:31:31]   ✓ Name from email: Treasurecoast
[2026-02-16 04:31:31]   ✅ Database updated
[2026-02-16 04:31:31] [26/40] Luxury Private Jet Maintenance (Stuart)
[2026-02-16 04:31:31]   Email: Brian.Whittredge@flyalliance.com
[2026-02-16 04:31:31]   ✓ Name from email: Brian Whittredge
[2026-02-16 04:31:31]   ✅ Database updated
[2026-02-16 04:31:31] [27/40] Estate Listings on (Stuart)
[2026-02-16 04:31:31]   Email: spiersrealestate@gmail.com
[2026-02-16 04:31:31]   ✓ Name from email: Spiersrealestate
[2026-02-16 04:31:31]   ✅ Database updated
[2026-02-16 04:31:31] [28/40] Classic Collision Port Saint Lucie (Port St Lucie)
[2026-02-16 04:31:31]   Email: red@2x.png
[2026-02-16 04:31:31]   ✓ Name from email: Red
[2026-02-16 04:31:31]   ✅ Database updated
[2026-02-16 04:31:31] [29/40] Collision Repair in Port St Lucie (Port St Lucie)
[2026-02-16 04:31:31]   Email: ph-menu-mob@2x.webp
[2026-02-16 04:31:31]   ✓ Name from email: Ph-menu-mob
[2026-02-16 04:31:31]   ✅ Database updated
[2026-02-16 04:31:31] [30/40] Garage Floor Installations in Stuart, FL – 10X Better (Stuart)
[2026-02-16 04:31:31]   Email: tlosee@certapro.com
[2026-02-16 04:31:31]   ✓ Name from email: Tlosee
[2026-02-16 04:31:31]   ✅ Database updated
[2026-02-16 04:31:31] [31/40] Apartments in Port St. Lucie, FL (Port St Lucie)
[2026-02-16 04:31:31]   Email: example@example.com
[2026-02-16 04:31:31]   ✓ Name from email: Example
[2026-02-16 04:31:31]   ✅ Database updated
[2026-02-16 04:31:31] [32/40] RT Commercial Real Estate (Stuart)
[2026-02-16 04:31:31]   Email: David.rtcommercial@gmail.com
[2026-02-16 04:31:31]   ✓ Name from email: David Rtcommercial
[2026-02-16 04:31:31]   ✅ Database updated
[2026-02-16 04:31:31] [33/40] Seamless Gutter Services in Stuart Florida - Gutter Hawk (Stuart)
[2026-02-16 04:31:31]   Email: gutterhawks@gmail.com
[2026-02-16 04:31:31]   ✓ Name from email: Gutterhawks
[2026-02-16 04:31:31]   ✅ Database updated
[2026-02-16 04:31:31] [34/40] Home (Stuart)
[2026-02-16 04:31:31]   Email: jenn02hernandez@gmail.com
[2026-02-16 04:31:31]   ✓ Name from email: Jenn02hernandez
[2026-02-16 04:31:31]   ✅ Database updated
[2026-02-16 04:31:31] [35/40] Ceramic Coating Experts | Best Auto Detailing in Port St Lucie, Fort ... (Stuart)
[2026-02-16 04:31:31]   Email: showtimedetailing28@gmail.com
[2026-02-16 04:31:31]   ✓ Name from email: Showtimedetailing28
[2026-02-16 04:31:31]   ✅ Database updated
[2026-02-16 04:31:31] [36/40] Custom Cabinets (Vero Beach)
[2026-02-16 04:31:31]   Email: capital32967@aol.com
[2026-02-16 04:31:31]   ✓ Name from email: Capital32967
[2026-02-16 04:31:31]   ✅ Database updated
[2026-02-16 04:31:31] [37/40] Home Services at Jensen Beach #221 (Jensen Beach)
[2026-02-16 04:31:31]   Email: cgallant@floridaelkscts.org
[2026-02-16 04:31:31]   ✓ Name from email: Cgallant
[2026-02-16 04:31:31]   ✅ Database updated
[2026-02-16 04:31:31] [38/40] Tony's Showroom Finish Detailing: Top Car Detailing Services in ... (Stuart)
[2026-02-16 04:31:31]   Email: Stuart@auto-genie.co.uk
[2026-02-16 04:31:31]   ✓ Name from email: Stuart
[2026-02-16 04:31:31]   ✅ Database updated
[2026-02-16 04:31:31] [39/40] Express Laundry (Stuart)
[2026-02-16 04:31:31]   Email: Doubledowncoinlaundry@gmail.com
[2026-02-16 04:31:31]   ✓ Name from email: Doubledowncoinlaundry
[2026-02-16 04:31:31]   ✅ Database updated
[2026-02-16 04:31:31] [40/40] Purple Olive: Catering Service | Saint Augustine, FL (Stuart)
[2026-02-16 04:31:31]   Email: purpleolive2004@gmail.com
[2026-02-16 04:31:31]   ✓ Name from email: Purpleolive2004
[2026-02-16 04:31:31]   ✅ Database updated
[2026-02-16 04:31:31] FATAL: log() missing 1 required positional argument: 'msg'
Traceback (most recent call last):
  File "/home/chris/.openclaw/sandboxes/agent-lead-scout-8f938708/tc_enrichment_blitz_fixed.py", line 369, in <module>
    stats = main()
            ^^^^^^
  File "/home/chris/.openclaw/sandboxes/agent-lead-scout-8f938708/tc_enrichment_blitz_fixed.py", line 279, in main
    log()
TypeError: log() missing 1 required positional argument: 'msg'

[2026-02-16 04:31:43] ============================================================
[2026-02-16 04:31:43] TREASURE COAST LEAD ENRICHMENT BLITZ
[2026-02-16 04:31:43] ============================================================
[2026-02-16 04:31:43] Goal: 497 more complete leads by Feb 21
[2026-02-16 04:31:43] ============================================================
[2026-02-16 04:31:43] PHASE 1: Finding names for leads with personal emails
[2026-02-16 04:31:43] ------------------------------------------------------------
[2026-02-16 04:31:43] Found 31 leads with personal emails but no names
[2026-02-16 04:31:43] [1/31] Contact Our Storage Center (Vero Beach)
[2026-02-16 04:31:43]   Email: store@veroselfstorage.com
[2026-02-16 04:31:43]   ✓ Name from email: Store
[2026-02-16 04:31:43]   ✅ Database updated
[2026-02-16 04:31:43] [2/31] Rio Coco Beans (Vero Beach)
[2026-02-16 04:31:43]   Email: riococobeans@gmail.com
[2026-02-16 04:31:43]   ✓ Name from email: Riococobeans
[2026-02-16 04:31:43]   ✅ Database updated
[2026-02-16 04:31:43] [3/31] Contact Our Storage Center in Vero Beach, FL (Vero Beach)
[2026-02-16 04:31:43]   Email: manager@veromanagment.com
[2026-02-16 04:31:43]   ✓ Name from email: Manager
[2026-02-16 04:31:43]   ✅ Database updated
[2026-02-16 04:31:43] [4/31] Maaco Auto Body & Painting Stuart (Stuart)
[2026-02-16 04:31:43]   Email: stuartflmaaco@bellsouth.net
[2026-02-16 04:31:43]   ✓ Name from email: Stuartflmaaco
[2026-02-16 04:31:43]   ✅ Database updated
[2026-02-16 04:31:43] [5/31] TC Rentals & Property Management: Home (Jensen Beach)
[2026-02-16 04:31:43]   Email: rentals@tcpropt.com
[2026-02-16 04:31:43]   ✓ Name from email: Rentals
[2026-02-16 04:31:43]   ✅ Database updated
[2026-02-16 04:31:43] [6/31] School District of Martin County (Stuart)
[2026-02-16 04:31:43]   Email: millayj@martinschools.org
[2026-02-16 04:31:43]   ✓ Name from email: Millayj
[2026-02-16 04:31:43]   ✅ Database updated
[2026-02-16 04:31:43] [7/31] Kitchen Bath & Home Design | Remodel: Stuart, Florida (Stuart)
[2026-02-16 04:31:43]   Email: regina@kbhomedesign.com
[2026-02-16 04:31:43]   ✓ Name from email: Regina
[2026-02-16 04:31:43]   ✅ Database updated
[2026-02-16 04:31:43] [8/31] Properties & Communities (Stuart)
[2026-02-16 04:31:43]   Email: kevin@stewartteam.com
[2026-02-16 04:31:43]   ✓ Name from email: Kevin
[2026-02-16 04:31:43]   ✅ Database updated
[2026-02-16 04:31:43] [9/31] Treasure Coast Realtors | Homes & Real Estate in Florida (Stuart)
[2026-02-16 04:31:43]   Email: themazurssell@aol.com
[2026-02-16 04:31:43]   ✓ Name from email: Themazurssell
[2026-02-16 04:31:43]   ✅ Database updated
[2026-02-16 04:31:43] [10/31] Garage Floor Coating: Professional Epoxy Flooring (Vero Beach)
[2026-02-16 04:31:43]   Email: Floorcoatingpro@gmail.com
[2026-02-16 04:31:43]   ✓ Name from email: Floorcoatingpro
[2026-02-16 04:31:43]   ✅ Database updated
[2026-02-16 04:31:43] [11/31] Summit Construction (Vero Beach)
[2026-02-16 04:31:43]   Email: chamber@indianriverchamber.com
[2026-02-16 04:31:43]   ✓ Name from email: Chamber
[2026-02-16 04:31:43]   ✅ Database updated
[2026-02-16 04:31:43] [12/31] MonkMobileDetailing: HOME (Stuart)
[2026-02-16 04:31:43]   Email: monkmobiledetailing@gmail.com
[2026-02-16 04:31:43]   ✓ Name from email: Monkmobiledetailing
[2026-02-16 04:31:43]   ✅ Database updated
[2026-02-16 04:31:43] [13/31] Vero Beach Mulligans Beach House (Vero Beach)
[2026-02-16 04:31:43]   Email: mary@mulligansbeachsports.com
[2026-02-16 04:31:43]   ✓ Name from email: Mary
[2026-02-16 04:31:43]   ✅ Database updated
[2026-02-16 04:31:43] [14/31] Watson Association Management - HOA & Property Management (Port St Lucie)
[2026-02-16 04:31:43]   Email: paminfo@watsonrealtycorp.com
[2026-02-16 04:31:43]   ✓ Name from email: Paminfo
[2026-02-16 04:31:43]   ✅ Database updated
[2026-02-16 04:31:43] [15/31] Treasure Coast Realty Group (Stuart)
[2026-02-16 04:31:43]   Email: Meluke@treasurecoastrg.com
[2026-02-16 04:31:43]   ✓ Name from email: Meluke
[2026-02-16 04:31:43]   ✅ Database updated
[2026-02-16 04:31:43] [16/31] Contact Us (Stuart)
[2026-02-16 04:31:43]   Email: youremail@domain.com
[2026-02-16 04:31:43]   ✓ Name from email: Youremail
[2026-02-16 04:31:43]   ✅ Database updated
[2026-02-16 04:31:43] [17/31] Auto Body Shop (Port St Lucie)
[2026-02-16 04:31:43]   Email: stlucie@jhcc.com
[2026-02-16 04:31:43]   ✓ Name from email: Stlucie
[2026-02-16 04:31:43]   ✅ Database updated
[2026-02-16 04:31:43] [18/31] CUSTOM FABRICATION CONTRACT MANUFACTURING Your One Stop Source Visit (Vero Beach)
[2026-02-16 04:31:43]   Email: programs@itstowers.com
[2026-02-16 04:31:43]   ✓ Name from email: Programs
[2026-02-16 04:31:43]   ✅ Database updated
[2026-02-16 04:31:43] [19/31] Choice Properties | Property management | Port Saint Lucie, FL, USA (Port St Lucie)
[2026-02-16 04:31:43]   Email: Choicepropertiesrentals@gmail.com
[2026-02-16 04:31:43]   ✓ Name from email: Choicepropertiesrentals
[2026-02-16 04:31:43]   ✅ Database updated
[2026-02-16 04:31:43] [20/31] Gertrude Walden Child Care Center (Stuart)
[2026-02-16 04:31:43]   Email: t.m.wash@comcast.net
[2026-02-16 04:31:44]   ✓ Name from search: Us Jul
[2026-02-16 04:31:44]   ✅ Database updated
[2026-02-16 04:31:44] [21/31] Property & Rental Management in Vero Beach, FL (Vero Beach)
[2026-02-16 04:31:44]   Email: TFox@sorensenrealestate.com
[2026-02-16 04:31:44]   ✓ Name from email: Tfox
[2026-02-16 04:31:44]   ✅ Database updated
[2026-02-16 04:31:44] [22/31] Mulligan’s Beach House (Vero Beach)
[2026-02-16 04:31:44]   Email: mary@mulligansbeachsports.com
[2026-02-16 04:31:44]   ✓ Name from email: Mary
[2026-02-16 04:31:44]   ✅ Database updated
[2026-02-16 04:31:44] [23/31] Nex-Gen Partners Property Management (Port St Lucie)
[2026-02-16 04:31:44]   Email: tenants@nex-genpartners.com
[2026-02-16 04:31:44]   ✓ Name from email: Tenants
[2026-02-16 04:31:44]   ✅ Database updated
[2026-02-16 04:31:44] [24/31] Meet Our Talented Kia Staff Vero Beach FL (Vero Beach)
[2026-02-16 04:31:44]   Email: luism@toyotaofvero.com
[2026-02-16 04:31:44]   ✓ Name from email: Luism
[2026-02-16 04:31:44]   ✅ Database updated
[2026-02-16 04:31:44] [25/31] Home (Stuart)
[2026-02-16 04:31:44]   Email: cklein@tccommercialre.com
[2026-02-16 04:31:44]   ✓ Name from email: Cklein
[2026-02-16 04:31:44]   ✅ Database updated
[2026-02-16 04:31:44] [26/31] Martin North Hospital | Cleveland Clinic Florida (Stuart)
[2026-02-16 04:31:44]   Email: PHPPRcontactus@providence.org
[2026-02-16 04:31:44]   ✓ Name from email: Phpprcontactus
[2026-02-16 04:31:44]   ✅ Database updated
[2026-02-16 04:31:44] [27/31] Property Boss LLC (Stuart)
[2026-02-16 04:31:44]   Email: Staff@propertybossllc.com
[2026-02-16 04:31:44]   ✓ Name from email: Staff
[2026-02-16 04:31:44]   ✅ Database updated
[2026-02-16 04:31:44] [28/31] Gutter Installation in Jensen Beach, FL, 34957 - Lowe's (Jensen Beach)
[2026-02-16 04:31:44]   Email: DLBlanton@bellsouth.net
[2026-02-16 04:31:44]   ✓ Name from email: Dlblanton
[2026-02-16 04:31:44]   ✅ Database updated
[2026-02-16 04:31:44] [29/31] JD Treasure Coast ALF in Florida - Oasis Senior Advisors (Stuart)
[2026-02-16 04:31:44]   Email: jlibratore@youroasisadvisor.com
[2026-02-16 04:31:44]   ✓ Name from email: Jlibratore
[2026-02-16 04:31:44]   ✅ Database updated
[2026-02-16 04:31:44] [30/31] Top Rated Flooring Installation-Best Price in Stuart FL (Stuart)
[2026-02-16 04:31:44]   Email: newandimprovedservices@gmail.com
[2026-02-16 04:31:44]   ✓ Name from email: Newandimprovedservices
[2026-02-16 04:31:44]   ✅ Database updated
[2026-02-16 04:31:44] [31/31] CONTACT US (Stuart)
[2026-02-16 04:31:44]   Email: ronnie@kirchmanconstruction.com
[2026-02-16 04:31:44]   ✓ Name from email: Ronnie
[2026-02-16 04:31:44]   ✅ Database updated
[2026-02-16 04:31:44] PHASE 2: Finding emails for leads with names but no personal emails
[2026-02-16 04:31:44] ------------------------------------------------------------
[2026-02-16 04:31:44] Found 62 leads with names but no personal emails
[2026-02-16 04:31:44] [1/62] Salerno Village Coin Laundry (Stuart)
[2026-02-16 04:31:44]   Name: V4_NO_DATA
[2026-02-16 04:31:44]   Generated 0 email patterns
[2026-02-16 04:31:45]   ❌ No email found
[2026-02-16 04:31:45] [2/62] Port St. Lucie Property Management | SLW & Tradition (Port St Lucie)
[2026-02-16 04:31:45]   Name: V4_NO_DATA
[2026-02-16 04:31:45]   Generated 0 email patterns
[2026-02-16 04:31:46]   ❌ No email found
[2026-02-16 04:31:46] [3/62] Vero Beach Epoxy Floors by CJ Epoxy (Vero Beach)
[2026-02-16 04:31:46]   Name: V4_NO_DATA
[2026-02-16 04:31:46]   Generated 0 email patterns
[2026-02-16 04:31:46]   ❌ No email found
[2026-02-16 04:31:46] [4/62] Jensen Beach Club Hutchinson Island 6 Homes for Sale (Jensen Beach)
[2026-02-16 04:31:46]   Name: V4_NO_DATA
[2026-02-16 04:31:46]   Generated 0 email patterns
[2026-02-16 04:31:47]   ❌ No email found
[2026-02-16 04:31:47] [5/62] Five Star Painting of the Treasure Coast (Stuart)
[2026-02-16 04:31:47]   Name: V4_NO_DATA
[2026-02-16 04:31:47]   Generated 0 email patterns
[2026-02-16 04:31:47]   ❌ No email found
[2026-02-16 04:31:47] [6/62] Find Manufacturing Companies in Vero Beach (Vero Beach)
[2026-02-16 04:31:47]   Name: V4_NO_DATA
[2026-02-16 04:31:47]   Generated 0 email patterns
[2026-02-16 04:31:48]   ❌ No email found
[2026-02-16 04:31:48] [7/62] Church in North Stuart, FL (Stuart)
[2026-02-16 04:31:48]   Name: V4_NO_DATA
[2026-02-16 04:31:48]   Generated 0 email patterns
[2026-02-16 04:31:48]   ❌ No email found
[2026-02-16 04:31:48] [8/62] Treasure Coast Investor (Stuart)
[2026-02-16 04:31:48]   Name: Us Today
[2026-02-16 04:31:48]   Generated 5 email patterns
[2026-02-16 04:31:48]   ✓ Verified email: utoday@biggerpockets.com
[2026-02-16 04:31:48]   ✅ Database updated
[2026-02-16 04:31:48] [9/62] Seamless Gutters Vero Beach FL, Gutter Services, Install, Clean & Repair (Vero Beach)
[2026-02-16 04:31:48]   Name: V4_NO_DATA
[2026-02-16 04:31:48]   Generated 0 email patterns
[2026-02-16 04:31:49]   ❌ No email found
[2026-02-16 04:31:49] [10/62] Gutter Installation & Downspout Services (Stuart)
[2026-02-16 04:31:49]   Name: V4_NO_DATA
[2026-02-16 04:31:49]   Generated 0 email patterns
[2026-02-16 04:31:49]   ❌ No email found
[2026-02-16 04:31:49] [11/62] Plumbing Services (Stuart)
[2026-02-16 04:31:49]   Name: V4_NO_DATA
[2026-02-16 04:31:49]   Generated 0 email patterns
[2026-02-16 04:31:50]   ❌ No email found
[2026-02-16 04:31:50] [12/62] Serving Jensen beach, FL - Prestige Remodeling Contractors LLC (Jensen Beach)
[2026-02-16 04:31:50]   Name: V4_NO_DATA
[2026-02-16 04:31:50]   Generated 0 email patterns
[2026-02-16 04:31:50]   ❌ No email found
[2026-02-16 04:31:50] [13/62] Real Treasure Coast Real Estate Blog (Stuart)
[2026-02-16 04:31:50]   Name: V4_NO_DATA
[2026-02-16 04:31:50]   Generated 0 email patterns
[2026-02-16 04:31:51]   ❌ No email found
[2026-02-16 04:31:51] [14/62] Expert Flooring & Tile Installation (Stuart)
[2026-02-16 04:31:51]   Name: V4_NO_DATA
[2026-02-16 04:31:51]   Generated 0 email patterns
[2026-02-16 04:31:51]   ❌ No email found
[2026-02-16 04:31:51] [15/62] CRAFT BEER/SODA/WINE BAR Category (Stuart)
[2026-02-16 04:31:51]   Name: V4_NO_DATA
[2026-02-16 04:31:51]   Generated 0 email patterns
[2026-02-16 04:31:52]   ❌ No email found
[2026-02-16 04:31:52] [16/62] Jorge Colin Concrete (Vero Beach)
[2026-02-16 04:31:52]   Name: V4_NO_DATA
[2026-02-16 04:31:52]   Generated 0 email patterns
[2026-02-16 04:31:52]   ❌ No email found
[2026-02-16 04:31:52] [17/62] Belle Shops Village Shops (Vero Beach)
[2026-02-16 04:31:52]   Name: V4_NO_DATA
[2026-02-16 04:31:52]   Generated 0 email patterns
[2026-02-16 04:31:53]   ❌ No email found
[2026-02-16 04:31:53] [18/62] Installation in Vero Beach, FL from Carpet & Tile Warehouse (Vero Beach)
[2026-02-16 04:31:53]   Name: V4_NO_DATA
[2026-02-16 04:31:53]   Generated 0 email patterns
[2026-02-16 04:31:53]   ❌ No email found
[2026-02-16 04:31:53] [19/62] Surfside Pet Hospital (Stuart)
[2026-02-16 04:31:53]   Name: V4_NO_DATA
[2026-02-16 04:31:53]   Generated 0 email patterns
[2026-02-16 04:31:54]   ❌ No email found
[2026-02-16 04:31:54] [20/62] Stuart Breweries, Wineries, & Distilleries (Stuart)
[2026-02-16 04:31:54]   Name: V4_NO_DATA
[2026-02-16 04:31:54]   Generated 0 email patterns
[2026-02-16 04:31:54]   ❌ No email found
[2026-02-16 04:31:54] [21/62] Home (Vero Beach)
[2026-02-16 04:31:54]   Name: V4_NO_DATA
[2026-02-16 04:31:54]   Generated 0 email patterns
[2026-02-16 04:31:55]   ❌ No email found
[2026-02-16 04:31:55] [22/62] Watson Property Management (Port St Lucie)
[2026-02-16 04:31:55]   Name: V4_NO_DATA
[2026-02-16 04:31:55]   Generated 0 email patterns
[2026-02-16 04:31:55]   ❌ No email found
[2026-02-16 04:31:55] [23/62] Investment Properties for Sale in Port St Lucie, Florida | 476+ Listings (Stuart)
[2026-02-16 04:31:55]   Name: V4_NO_DATA
[2026-02-16 04:31:55]   Generated 0 email patterns
[2026-02-16 04:32:01]   ❌ No email found
[2026-02-16 04:32:01] [24/62] Seamless Gutters (Vero Beach)
[2026-02-16 04:32:01]   Name: V4_NO_DATA
[2026-02-16 04:32:01]   Generated 0 email patterns
[2026-02-16 04:32:02]   ❌ No email found
[2026-02-16 04:32:02] [25/62] South Florida Realty Management (Stuart)
[2026-02-16 04:32:02]   Name: Property Manager
[2026-02-16 04:32:02]   Generated 5 email patterns
[2026-02-16 04:32:02]   ✓ Verified email: propertymanager@floridapm.net
[2026-02-16 04:32:02]   ✅ Database updated
[2026-02-16 04:32:02] [26/62] Avant-garde Management : Contact (Stuart)
[2026-02-16 04:32:02]   Name: V4_NO_DATA
[2026-02-16 04:32:02]   Generated 0 email patterns
[2026-02-16 04:32:02]   ❌ No email found
[2026-02-16 04:32:02] [27/62] Coastal Property Management – Stuart & Jupiter – Condominium & Homeowners Association Management (Stuart)
[2026-02-16 04:32:02]   Name: V4_NO_DATA
[2026-02-16 04:32:02]   Generated 0 email patterns
[2026-02-16 04:32:03]   ❌ No email found
[2026-02-16 04:32:03] [28/62] Vero Beach, FL Professional Business Directory (Vero Beach)
[2026-02-16 04:32:03]   Name: V4_NO_DATA
[2026-02-16 04:32:03]   Generated 0 email patterns
[2026-02-16 04:32:03]   ❌ No email found
[2026-02-16 04:32:03] [29/62] Shopping in Vero Beach, FL (Vero Beach)
[2026-02-16 04:32:03]   Name: V4_NO_DATA
[2026-02-16 04:32:03]   Generated 0 email patterns
[2026-02-16 04:32:04]   ❌ No email found
[2026-02-16 04:32:04] [30/62] Vero Beach Schools: Indian River County School District (Vero Beach)
[2026-02-16 04:32:04]   Name: V4_NO_DATA
[2026-02-16 04:32:04]   Generated 0 email patterns
[2026-02-16 04:32:04]   ❌ No email found
[2026-02-16 04:32:04] [31/62] Preschool and Daycare in Vero Beach, FL (Vero Beach)
[2026-02-16 04:32:04]   Name: V4_NO_DATA
[2026-02-16 04:32:04]   Generated 0 email patterns
[2026-02-16 04:32:05]   ❌ No email found
[2026-02-16 04:32:05] [32/62] Plant Manager Jobs in Vero Beach, FL (Hiring Now!) (Vero Beach)
[2026-02-16 04:32:05]   Name: jobs in
[2026-02-16 04:32:05]   Generated 5 email patterns
[2026-02-16 04:32:05]   ✓ Verified email: jobs.in@zippia.com
[2026-02-16 04:32:05]   ✅ Database updated
[2026-02-16 04:32:05] [33/62] The Brennity at Tradition Senior Living (Port St Lucie)
[2026-02-16 04:32:05]   Name: V4_NO_DATA
[2026-02-16 04:32:05]   Generated 0 email patterns
[2026-02-16 04:32:05]   ❌ No email found
[2026-02-16 04:32:05] [34/62] Licensed Roofing Contractor, Commercial Roofing Services (Stuart)
[2026-02-16 04:32:05]   Name: V4_NO_DATA
[2026-02-16 04:32:05]   Generated 0 email patterns
[2026-02-16 04:32:06]   ❌ No email found
[2026-02-16 04:32:06] [35/62] Vero Beach Firefighter Association (Vero Beach)
[2026-02-16 04:32:06]   Name: V4_NO_DATA
[2026-02-16 04:32:06]   Generated 0 email patterns
[2026-02-16 04:32:06]   ❌ No email found
[2026-02-16 04:32:06] [36/62] THE BEST Daycares in Vero Beach, FL (Vero Beach)
[2026-02-16 04:32:06]   Name: V4_NO_DATA
[2026-02-16 04:32:06]   Generated 0 email patterns
[2026-02-16 04:32:07]   ❌ No email found
[2026-02-16 04:32:07] [37/62] Plumbers in Vero Beach & Sebastian, FL (Vero Beach)
[2026-02-16 04:32:07]   Name: V4_NO_DATA
[2026-02-16 04:32:07]   Generated 0 email patterns
[2026-02-16 04:32:07]   ❌ No email found
[2026-02-16 04:32:07] [38/62] Belle Shops Ocean Drive (Vero Beach)
[2026-02-16 04:32:07]   Name: V4_NO_DATA
[2026-02-16 04:32:07]   Generated 0 email patterns
[2026-02-16 04:32:08]   ❌ No email found
[2026-02-16 04:32:08] [39/62] Gutter Contractor (Stuart)
[2026-02-16 04:32:08]   Name: V4_NO_DATA
[2026-02-16 04:32:08]   Generated 0 email patterns
[2026-02-16 04:32:08]   ❌ No email found
[2026-02-16 04:32:08] [40/62] Frazier Creek Brewing & Distilling (Stuart)
[2026-02-16 04:32:08]   Name: V4_NO_DATA
[2026-02-16 04:32:08]   Generated 0 email patterns
[2026-02-16 04:32:09]   ❌ No email found
[2026-02-16 04:32:09] [41/62] Stuart Kitchen Remodeling: Expert Kitchen Remodeling in Stuart (Stuart)
[2026-02-16 04:32:09]   Name: V4_NO_DATA
[2026-02-16 04:32:09]   Generated 0 email patterns
[2026-02-16 04:32:09]   ❌ No email found
[2026-02-16 04:32:09] [42/62] The Best Assisted Living Facilities in Port St. Lucie, FL (Port St Lucie)
[2026-02-16 04:32:09]   Name: V4_NO_DATA
[2026-02-16 04:32:09]   Generated 0 email patterns
[2026-02-16 04:32:10]   ❌ No email found
[2026-02-16 04:32:10] [43/62] Home (Vero Beach)
[2026-02-16 04:32:10]   Name: V4_NO_DATA
[2026-02-16 04:32:10]   Generated 0 email patterns
[2026-02-16 04:32:10]   ❌ No email found
[2026-02-16 04:32:10] [44/62] STEPANEK'S AUTO SALES & SERVICE INC. – Car Dealer in Vero Beach, FL (Vero Beach)
[2026-02-16 04:32:10]   Name: V4_NO_DATA
[2026-02-16 04:32:10]   Generated 0 email patterns
[2026-02-16 04:32:11]   ❌ No email found
[2026-02-16 04:32:11] [45/62] City of Stuart Fire Rescue (Stuart)
[2026-02-16 04:32:11]   Name: V4_NO_DATA
[2026-02-16 04:32:11]   Generated 0 email patterns
[2026-02-16 04:32:11]   ❌ No email found
[2026-02-16 04:32:11] [46/62] Bathroom Remodeling Project #712 – Vero Beach, FL – Island Homes & Renovations. (Vero Beach)
[2026-02-16 04:32:11]   Name: V4_NO_DATA
[2026-02-16 04:32:11]   Generated 0 email patterns
[2026-02-16 04:32:12]   ❌ No email found
[2026-02-16 04:32:12] [47/62] Vatland Chrysler Dodge Jeep Ram (Vero Beach)
[2026-02-16 04:32:12]   Name: V4_NO_DATA
[2026-02-16 04:32:12]   Generated 0 email patterns
[2026-02-16 04:32:12]   ❌ No email found
[2026-02-16 04:32:12] [48/62] Family Dentist in Vero Beach, Florida (Vero Beach)
[2026-02-16 04:32:12]   Name: V4_NO_DATA
[2026-02-16 04:32:12]   Generated 0 email patterns
[2026-02-16 04:32:13]   ❌ No email found
[2026-02-16 04:32:13] [49/62] Indian River County Commercial Properties (Vero Beach)
[2026-02-16 04:32:13]   Name: V4_NO_DATA
[2026-02-16 04:32:13]   Generated 0 email patterns
[2026-02-16 04:32:13]   ❌ No email found
[2026-02-16 04:32:13] [50/62] Contact Information – Cabinet Makers Warehouse Supply (Stuart)
[2026-02-16 04:32:13]   Name: V4_NO_DATA
[2026-02-16 04:32:13]   Generated 0 email patterns
[2026-02-16 04:32:14]   ❌ No email found
[2026-02-16 04:32:14] [51/62] Victory Auto Store: Used Car Dealership in Stuart, FL (Stuart)
[2026-02-16 04:32:14]   Name: V4_NO_DATA
[2026-02-16 04:32:14]   Generated 0 email patterns
[2026-02-16 04:32:14]   ❌ No email found
[2026-02-16 04:32:14] [52/62] Vero Strength + Conditioning (Vero Beach)
[2026-02-16 04:32:14]   Name: V4_NO_DATA
[2026-02-16 04:32:14]   Generated 0 email patterns
[2026-02-16 04:32:15]   ❌ No email found
[2026-02-16 04:32:15] [53/62] Team Parks: Home (Stuart)
[2026-02-16 04:32:15]   Name: V4_NO_DATA
[2026-02-16 04:32:15]   Generated 0 email patterns
[2026-02-16 04:32:15]   ❌ No email found
[2026-02-16 04:32:15] [54/62] Stuart Downey Email & Phone Number (Stuart)
[2026-02-16 04:32:15]   Name: Stuart Downey
[2026-02-16 04:32:15]   Generated 5 email patterns
[2026-02-16 04:32:15]   ✓ Verified email: sdowney@rocketreach.co
[2026-02-16 04:32:15]   ✅ Database updated
[2026-02-16 04:32:15] [55/62] Try Medical Daycare (PPEC) in Stuart, FL (Stuart)
[2026-02-16 04:32:15]   Name: V4_NO_DATA
[2026-02-16 04:32:15]   Generated 0 email patterns
[2026-02-16 04:32:16]   ❌ No email found
[2026-02-16 04:32:16] [56/62] RESTAURANTS Category | Stuart Martin County Chamber of ... (Stuart)
[2026-02-16 04:32:16]   Name: SCRAPED_NO_NAME
[2026-02-16 04:32:16]   Generated 0 email patterns
[2026-02-16 04:32:16]   ❌ No email found
[2026-02-16 04:32:16] [57/62] Stuart, FL Commercial Real Estate for Sale (Stuart)
[2026-02-16 04:32:16]   Name: V4_NO_DATA
[2026-02-16 04:32:16]   Generated 0 email patterns
[2026-02-16 04:32:17]   ❌ No email found
[2026-02-16 04:32:17] [58/62] Stuart Congregational Church in Stuart, Florida (Stuart)
[2026-02-16 04:32:17]   Name: V4_NO_DATA
[2026-02-16 04:32:17]   Generated 0 email patterns
[2026-02-16 04:32:17]   ❌ No email found
[2026-02-16 04:32:17] [59/62] Gracespring Church Vero Beach, FL (Vero Beach)
[2026-02-16 04:32:17]   Name: our church
[2026-02-16 04:32:17]   Generated 5 email patterns
[2026-02-16 04:32:17]   ✓ Verified email: our.church@gracespring.com
[2026-02-16 04:32:17]   ✅ Database updated
[2026-02-16 04:32:17] [60/62] Roofers Palm Beach Gardens, FL (Stuart)
[2026-02-16 04:32:17]   Name: Stuart Roofing
[2026-02-16 04:32:17]   Generated 5 email patterns
[2026-02-16 04:32:17]   ✓ Verified email: stuartroofing@stuartroofingfl.com
[2026-02-16 04:32:17]   ✅ Database updated
[2026-02-16 04:32:17] [61/62] Spinnaker Suds-N-Shine Self Serve Carwash of Vero Beach, Florida (Vero Beach)
[2026-02-16 04:32:17]   Name: V4_NO_DATA
[2026-02-16 04:32:17]   Generated 0 email patterns
[2026-02-16 04:32:18]   ❌ No email found
[2026-02-16 04:32:18] [62/62] Contact Stuart Guinther, Email: s***@elementia.com & Phone Number (Stuart)
[2026-02-16 04:32:18]   Name: V4_NO_DATA
[2026-02-16 04:32:18]   Generated 0 email patterns
[2026-02-16 04:32:18]   ❌ No email found
[2026-02-16 04:32:18] ============================================================
[2026-02-16 04:32:18] ============================================================
[2026-02-16 04:32:18] ENRICHMENT BLITZ COMPLETE
[2026-02-16 04:32:18]   Total processed: 93
[2026-02-16 04:32:18]   Names found: 31
[2026-02-16 04:32:18]   Emails found: 6
[2026-02-16 04:32:18]   Emails verified: 6
[2026-02-16 04:32:18]   Database updates: 37
[2026-02-16 04:32:18] ============================================================
