[12:57:23] ============================================================
[12:57:23] HAMMER 8HR ORCHESTRATOR STARTED
[12:57:23] Duration: 8 hours | Queries: 136 | Cycle: 900s
[12:57:23] Start: 2026-02-12 12:57:23 UTC
[12:57:23] End:   2026-02-12 20:57:23 UTC
[12:57:23] ============================================================
[12:57:23] Starting with 185 existing leads
[12:57:23] CYCLE 1 — 15 searches
[12:57:23]   [1/15] handyman Stuart FL
[12:57:27]     +4 leads
[12:57:32]   [2/15] site:craigslist.org kitchen renovation treasure coast FL
[12:57:42]   [3/15] bathroom remodel Boca Raton FL
[12:57:45]     +5 leads
[12:57:50]   [4/15] fleet detailing Treasure Coast FL
[12:57:55]     +9 leads
[12:58:00]   [5/15] catering company Treasure Coast FL
[12:58:03]     +8 leads
[12:58:08]   [6/15] real estate investment Martin County FL
[12:58:11]     +6 leads
[12:58:16]   [7/15] restaurant Jensen Beach FL
[12:58:21]     +8 leads
[12:58:26]   [8/15] office cleaning Treasure Coast FL
[12:58:29]     +8 leads
[12:58:34]   [9/15] epoxy contractor Austin TX
[12:58:37]     +5 leads
[12:58:42]   [10/15] HOA management St Lucie County FL
[12:58:46]     +7 leads
[12:58:51]   [11/15] construction company Stuart FL
[12:58:55]     +7 leads
[12:59:00]   [12/15] commercial cleaning company Stuart FL
[12:59:05]     +2 leads
[12:59:10]   [13/15] renovation contractor West Palm Beach FL
[12:59:13]     +4 leads
[12:59:18]   [14/15] apartment complex Fort Pierce FL
[12:59:22]     +2 leads
[12:59:27]   [15/15] mobile detailing Stuart FL
[12:59:30]     +8 leads
[12:59:35] HEARTBEAT | Cycle 1 | +83 | Total: 268 | 478min left
[12:59:35] Cooling down 900s until next cycle...
[13:06:00] ============================================================
[13:06:00] HAMMER 8HR ORCHESTRATOR STARTED
[13:06:00] Duration: 0 hours | Queries: 136 | Cycle: 900s
[13:06:00] Start: 2026-02-12 13:06:00 UTC
[13:06:00] End:   2026-02-12 13:06:00 UTC
[13:06:00] ============================================================
[13:06:00] Starting with 268 existing leads
[13:06:00] 
============================================================
[13:06:00] HAMMER 8HR COMPLETE
[13:06:00] ============================================================
[13:06:00] Cycles: 0
[13:06:00] New leads: 0
[13:06:00] Total leads: 268
[13:06:00] Duration: 0 hours
[13:06:00] Ended: 2026-02-12 13:06:00 UTC
[13:07:01] GitHub push error: Command '['python3', '/home/chris/.openclaw/bin/github_push.py']' timed out after 60 seconds
