Starting staggered scrape: 12 searches, 20s delay each
Existing leads: 521

[1/12] Searching: property management companies Port St Lucie FL
  + Property Managers in Port Saint Lucie, FL (Port St Lucie, Medium)
  + Property Management Companies in Port Saint Lucie, FL (Port St Lucie, Medium)
  + Nex-Gen Partners Property Management (Port St Lucie, Medium)
  + Apartments in Port St. Lucie, FL (Port St Lucie, Medium)
  Found 4 new leads from this search
  Waiting 20s...

[2/12] Searching: apartment complex Fort Pierce FL
  + Rental Listings in Fort Pierce FL (Fort Pierce, Medium)
  + Cheap Apartments for Rent in Fort Pierce FL (Fort Pierce, Medium)
  Found 2 new leads from this search
  Waiting 20s...

[3/12] Searching: HOA management company Martin County FL
  + REAL ESTATE/PROPERTY MANAGEMENT Category (Stuart, High)
  + Ecosystem Restoration and Management (Stuart, High)
  Found 2 new leads from this search
  Waiting 20s...

[4/12] Searching: auto body shop Port St Lucie FL
  Found 0 new leads from this search
  Waiting 20s...

[5/12] Searching: restaurant kitchen renovation Jensen Beach FL
  + Best 15 Kitchen Remodelers in Jensen Beach, FL (Jensen Beach, Medium)
  Found 1 new leads from this search
  Waiting 20s...

[6/12] Searching: commercial cleaning company Stuart FL
  + Commercial Cleaning (Stuart, High)
  Found 1 new leads from this search
  Waiting 20s...

[7/12] Searching: real estate investor Treasure Coast FL
  + Treasure Coast Real Estate Investors Association (Stuart, High)
  + Treasure Coast Investor (Stuart, High)
  + Port Saint Lucie Real Estate Investment Club (Stuart, High)
  Found 3 new leads from this search
  Waiting 20s...

[8/12] Searching: car dealership Stuart FL
  + INFINITI Stuart: Infiniti Dealership in Stuart, FL (Stuart, High)
  Found 1 new leads from this search
  Waiting 20s...

[9/12] Searching: warehouse space Fort Pierce FL
  + Industrial For Lease — Kings Highway, Fort Pierce, FL 34945 (Fort Pierce, Medium)
  Found 1 new leads from this search
  Waiting 20s...

[10/12] Searching: mobile detailing fleet service Jupiter FL
  + Commercial Fleet Detailing (Jupiter, Low)
  Found 1 new leads from this search
  Waiting 20s...

[11/12] Searching: epoxy flooring contractor Vero Beach FL
  + Epoxy Flooring in Vero Beach, FL (Vero Beach, Low)
  Found 1 new leads from this search
  Waiting 20s...

[12/12] Searching: property maintenance Palm City FL
  + Palm City Handyman, The Repair Guy (Palm City, High)
  + Palm City, FL Commercial Maintenance Services (Palm City, High)
  Found 2 new leads from this search

=== SCRAPE COMPLETE ===
Searches run: 12
New leads added: 19
Total leads in CSV: 540
