[09:48:21] ============================================================
[09:48:21] EMAIL VERIFICATION AGENT - REAL VERIFICATION
[09:48:21] ============================================================
[09:48:21] Found 6 RAW CSV file(s)
[09:48:21] 
============================================================
[09:48:21] Processing: TREASURE_COAST_STUART_RAW.csv
[09:48:21] ============================================================
[09:48:21] Total leads in file: 7
[09:48:21]   [1/7] 
[09:48:21]       Owner: 
[09:48:21]       Email: debbie.grise@toliveinparadise.com (skip - pre-verified)
[09:48:21]       Phone: 772-486-1035
[09:48:21]       LinkedIn: https://www.linkedin.com/in/debbie-grise-8953115b
[09:48:21]   [2/7] 
[09:48:21]       Owner: 
[09:48:21]       Email: John@rpmsailfishcoast.com (skip - pre-verified)
[09:48:21]       Phone: 772-242-9094
[09:48:21]       LinkedIn: https://www.linkedin.com/in/john-mcmurry-0a3625285
[09:48:21]   [3/7] 
[09:48:21]       SKIP: No valid domain
[09:48:21]   [4/7] 
[09:48:21]       SKIP: No valid domain
[09:48:21]   [5/7] 
[09:48:21]       SKIP: No valid domain
[09:48:21]   [6/7] 
[09:48:21]       SKIP: No valid domain
[09:48:21]   [7/7] 
[09:48:21]       SKIP: No valid domain
[09:48:21] 
Passed 2 leads from this file
[09:48:21] 
============================================================
[09:48:21] Processing: TREASURE_COAST_VERO_BEACH_RAW.csv
[09:48:21] ============================================================
[09:48:21] Total leads in file: 10
[09:48:21]   [1/10] 
[09:48:21]       SKIP: No valid domain
[09:48:21]   [2/10] 
[09:48:21]       SKIP: No valid domain
[09:48:21]   [3/10] 
[09:48:21]       SKIP: No valid domain
[09:48:21]   [4/10] 
[09:48:21]       SKIP: No valid domain
[09:48:21]   [5/10] 
[09:48:21]       SKIP: No valid domain
[09:48:21]   [6/10] 
[09:48:21]       SKIP: Generic email 'j@oceangrill.com'
[09:48:21]   [6/10] 
[09:48:21]       SKIP: No valid domain
[09:48:21]   [7/10] 
[09:48:21]       SKIP: No valid domain
[09:48:21]   [8/10] 
[09:48:21]       SKIP: No valid domain
[09:48:21]   [9/10] 
[09:48:21]       SKIP: No valid domain
[09:48:21]   [10/10] 
[09:48:21]       SKIP: No valid domain
[09:48:21] 
Passed 0 leads from this file
[09:48:21] 
============================================================
[09:48:21] Processing: TREASURE_COAST_PORT_ST_LUCIE_RAW.csv
[09:48:21] ============================================================
[09:48:21] Total leads in file: 9
[09:48:21]   [1/9] 
[09:48:21]       SKIP: No valid domain
[09:48:21]   [2/9] 
[09:48:21]       SKIP: No valid domain
[09:48:21]   [3/9] 
[09:48:21]       SKIP: No valid domain
[09:48:21]   [4/9] 
[09:48:21]       SKIP: No valid domain
[09:48:21]   [5/9] 
[09:48:21]       Owner: 
[09:48:21]       Email: leftyswingspsl@gmail.com (skip - pre-verified)
[09:48:21]       Phone: (772) 337-3212
[09:48:21]       LinkedIn: Need Research
[09:48:21]   [6/9] 
[09:48:21]       Owner: 
[09:48:21]       Email: zestkitchenbar@gmail.com (skip - pre-verified)
[09:48:21]       Phone: (772) 249-4516
[09:48:21]       LinkedIn: Need Research
[09:48:21]   [7/9] 
[09:48:21]       Owner: 
[09:48:21]       Email: leahj@watsonrealtycorp.com (skip - pre-verified)
[09:48:21]       Phone: (904) 899-6800
[09:48:21]       LinkedIn: Need Research
[09:48:21]   [8/9] 
[09:48:21]       SKIP: No valid domain
[09:48:21]   [9/9] 
[09:48:21]       SKIP: No valid domain
[09:48:21] 
Passed 3 leads from this file
[09:48:21] 
============================================================
[09:48:21] Processing: TREASURE_COAST_JENSEN_BEACH_RAW.csv
[09:48:21] ============================================================
[09:48:21] Total leads in file: 11
[09:48:21]   [1/11] 
[09:48:21]       SKIP: Generic email 'j@concordrents.com'
[09:48:21]   [1/11] 
[09:48:21]       SKIP: No valid domain
[09:48:21]   [2/11] 
[09:48:21]       SKIP: No valid domain
[09:48:21]   [3/11] 
[09:48:21]       SKIP: No valid domain
[09:48:21]   [4/11] 
[09:48:21]       SKIP: No valid domain
[09:48:21]   [5/11] 
[09:48:21]       SKIP: Generic email 'm@carmax.com'
[09:48:21]   [5/11] 
[09:48:21]       SKIP: No valid domain
[09:48:21]   [6/11] 
[09:48:21]       SKIP: Generic email 'j@hutchinsonshores.com'
[09:48:21]   [6/11] 
[09:48:21]       SKIP: No valid domain
[09:48:21]   [7/11] 
[09:48:21]       SKIP: Generic email 'm@duffysmuggrill.com'
[09:48:21]   [7/11] 
[09:48:21]       SKIP: No valid domain
[09:48:21]   [8/11] 
[09:48:21]       SKIP: No valid domain
[09:48:21]   [9/11] 
[09:48:21]       SKIP: No valid domain
[09:48:21]   [10/11] 
[09:48:21]       SKIP: No valid domain
[09:48:21]   [11/11] 
[09:48:21]       SKIP: No valid domain
[09:48:21] 
Passed 0 leads from this file
[09:48:21] 
============================================================
[09:48:21] Processing: TREASURE_COAST_SEBASTIAN_RAW.csv
[09:48:21] ============================================================
[09:48:21] Total leads in file: 5
[09:48:21]   [1/5] 
[09:48:21]       Owner: 
[09:48:21]       Email: chrisjunker772@gmail.com (skip - pre-verified)
[09:48:21]       Phone: (772) 321-6755
[09:48:21]       LinkedIn: None
[09:48:21]   [2/5] 
[09:48:21]       SKIP: No valid domain
[09:48:21]   [3/5] 
[09:48:21]       SKIP: No valid domain
[09:48:21]   [4/5] 
[09:48:21]       SKIP: No valid domain
[09:48:21]   [5/5] 
[09:48:21]       SKIP: No valid domain
[09:48:21] 
Passed 1 leads from this file
[09:48:21] 
============================================================
[09:48:21] Processing: SAN_FRANCISCO_RAW.csv
[09:48:21] ============================================================
[09:48:21] Total leads in file: 6
[09:48:21]   [1/6] Gordon Property Management
[09:48:21]       Owner: Stephanie Gordon
[09:48:21]       Email: stephanie@gpmsf.com (skip - pre-verified)
[09:48:21]       Phone: 415-554-8812
[09:48:21]       LinkedIn: https://www.linkedin.com/in/stephanielgordon
[09:48:21]   [2/6] Structure Properties
[09:48:21]       Owner: Simon Wong
[09:48:21]       Email: simon@structureproperties.com (skip - pre-verified)
[09:48:21]       Phone: 415-237-6240
[09:48:21]       LinkedIn: https://www.linkedin.com/in/simonvwong
[09:48:21]   [3/6] Trinity SF
[09:48:21]       Owner: Angelo Sangiacomo
[09:48:21]       Email: asa*@trinitymanagement.com (skip - pre-verified)
[09:48:21]       Phone: 415-433-3333
[09:48:21]       LinkedIn: https://www.linkedin.com/company/trinity-sf
[09:48:21]   [4/6] Price Family Dealerships
[09:48:21]       Owner: Nick Price
[09:48:21]       Email: nick.a.price@gmail.com (skip - pre-verified)
[09:48:21]       Phone: 415-861-3333
[09:48:21]       LinkedIn: https://www.linkedin.com/in/nickaprice
[09:48:21]   [5/6] Boulevard Restaurant
[09:48:21]       Owner: Nancy Oakes
[09:48:21]       Email: nancyjoakes@gmail.com (skip - pre-verified)
[09:48:21]       Phone: 510-207-6377
[09:48:21]       LinkedIn: https://www.linkedin.com/in/nancy-oakes-65597887
[09:48:21]   [6/6] Sysco San Francisco
[09:48:21]       Owner: Caira Holguin
[09:48:21]       Email: holguin.caira@corp.sysco.com (skip - pre-verified)
[09:48:21]       Phone: 510-491-3610
[09:48:21]       LinkedIn: https://www.linkedin.com/in/caira-holguin-9a87b921
[09:48:21] 
Passed 6 leads from this file
[09:48:21] 
============================================================
[09:48:21] VERIFICATION COMPLETE
[09:48:21] Total verified leads: 12
[09:48:21] ============================================================

[09:48:21] Written 12 verified leads to /home/chris/.openclaw/workspace/leads/ACTUALLY_VERIFIED.csv
