
--- Verification Run: 2026-02-12T12:42:57.619043 ---
Sample: 10, Verified: 4, Failed: 6, Rate: 40%
  [FAILED] Best Auto Body Shops near Port Saint Lucie, FL — https://www.carwise.com/auto-body-shops/fl/port%2520saint%2520lucie — website_no_contact
  [FAILED] Estate Listings on — https://www.slccommercial.com/commercial-real-estate-listings-treasure-coast/ — website_no_contact
  [VERIFIED] Signature Property Management — https://www.signaturepropertymgmt.com/ — website_confirm
  [VERIFIED] Property Boss LLC — https://www.propertybossllc.com/stuart — website_confirm
  [FAILED] Car Detailing Jupiter, FL — https://localsautomarinedetailing.com/ — website_no_contact
  [VERIFIED] Property Management — https://nex-genpartners.com/services/property-management/ — website_confirm
  [FAILED] Treasure Coast Realty Group — https://www.treasurecoastrealtygroup.com/ — website_no_contact
  [FAILED] Apartments for Rent in Fort Pierce FL with Utilities Included — https://www.apartments.com/fort-pierce-fl/utilities-included/ — website_no_contact
  [FAILED] Martin, FL Property Management Companies — https://www.campbellpropertymanagement.com/martin-property-management-companies — website_no_contact
  [VERIFIED] Martin County Condo & Homeowners Association Attorneys — https://www.treasurecoastlegal.com/condo-homeowner-associations/ — website_confirm

--- Verification Run: 2026-02-13T03:01:30.667341 ---
Sample: 20, Verified: 0, Failed: 20, Rate: 0%
  [FAILED] Firmo Construction: Construction Management - Sarasota, FL — https://www.firmoconstruction.com/ — website_no_contact
  [FAILED] Classic Collision Port Saint Lucie — https://classiccollision.com/locations/classic-collision-port-saint-lucie/ — website_no_contact
  [FAILED] Florida Commercial Real Estate Company: HOME — https://www.florida-commercial.net/ — website_no_contact
  [FAILED] Port St Lucie Epoxy Pros — https://www.epoxyportstlucie.com/ — website_no_contact
  [FAILED] 2700 Industrial Ave 2 , Fort Pierce, FL 34946 — https://warehousespaces.com/warehouse-for-rent/United-States/FL/Fort%2520Pierce/2700-Industrial-Ave-2-Fort-Pierce-FL-34946/ — website_no_contact
  [FAILED] Commercial Cleaning — https://eastsidechemdry.com/commercial-cleaning — website_no_contact
  [FAILED] Commercial Fleet Detailing — https://www.estebanbrothersmobilecarwash.com/commercial-fleet-detailing — website_no_contact
  [FAILED] Port St Lucie property management — https://www.fsresidential.com/florida/offices/port-st-lucie-property-management/ — website_no_contact
  [FAILED] Epoxy Garage Floor Coating Services in Bonita Springs, FL — https://jdlsurfaceinnovations.com/bonita-springs-fl/ — website_no_contact
  [FAILED] Stuart Fish Grill - Stuart, FL — https://stuartfishgrill.com/ — website_no_contact
  [FAILED] Commercial General Contractor | Charlotte, NC — https://www.marandbuilders.com/ — website_no_contact
  [FAILED] Mobile Car Detailing West Palm Beach FL | WPB Car Wash — https://wpbcarwash.com/ — website_no_contact
  [FAILED] Home — https://www.jbcchoa.com — website_no_contact
  [FAILED] Garage floor coating Frisco TX — https://mygaragefloors.com/service-area/garage-floor-coating-frisco/ — website_no_contact
  [FAILED] Modern Concrete Floor Coatings Vero Beach FL — https://customsurfacellc.com/service-areas/florida/indian-river-county/vero-beach/ — website_no_contact
  [FAILED] Remodeling Contractor Jensen Beach | Island Kitchen & Bath — https://ikbconstruction.com/areas-of-service/jensen-beach-remodeling-contractor/ — website_no_contact
  [FAILED] Kia Collision Body Shop In Stuart, FL - Wallace Kia — https://www.wallacekiaofstuart.com/wallace-collision-center-stuart-fl.html?srsltid=AfmBOorgH4-JuQjYRA2dmGe_bKOPP_lSSbm2ZdS4WPLGPTpx8jCcoOx_ — website_no_contact
  [FAILED] The Metal Roof Experts | Top Roofing Company in Stuart, FL — https://themetalroofexperts.net/ — website_no_contact
  [FAILED] Stuart, FL Apartments for Rent - 579 Rentals - HotPads — https://hotpads.com/stuart-fl/apartments-for-rent — website_no_contact
  [FAILED] Kitchen Bath & Home Design | Remodel: Stuart, Florida — https://www.kitchenbathandhomedesign.com/ — website_no_contact
Verifying 20 random leads from 701 total...

[1/20] Verifying: Firmo Construction: Construction Management - Sarasota, FL
  ✗ UNVERIFIED — website_no_contact
[2/20] Verifying: Classic Collision Port Saint Lucie
  ✗ UNVERIFIED — website_no_contact
[3/20] Verifying: Florida Commercial Real Estate Company: HOME
  ✗ UNVERIFIED — website_no_contact
[4/20] Verifying: Port St Lucie Epoxy Pros
  ✗ UNVERIFIED — website_no_contact
[5/20] Verifying: 2700 Industrial Ave 2 , Fort Pierce, FL 34946
  ✗ UNVERIFIED — website_no_contact
[6/20] Verifying: Commercial Cleaning
  ✗ UNVERIFIED — website_no_contact
[7/20] Verifying: Commercial Fleet Detailing
  ✗ UNVERIFIED — website_no_contact
[8/20] Verifying: Port St Lucie property management
  ✗ UNVERIFIED — website_no_contact
[9/20] Verifying: Epoxy Garage Floor Coating Services in Bonita Springs, FL
  ✗ UNVERIFIED — website_no_contact
[10/20] Verifying: Stuart Fish Grill - Stuart, FL
  ✗ UNVERIFIED — website_no_contact
[11/20] Verifying: Commercial General Contractor | Charlotte, NC
  ✗ UNVERIFIED — website_no_contact
[12/20] Verifying: Mobile Car Detailing West Palm Beach FL | WPB Car Wash
  ✗ UNVERIFIED — website_no_contact
[13/20] Verifying: Home
  ✗ UNVERIFIED — website_no_contact
[14/20] Verifying: Garage floor coating Frisco TX
  ✗ UNVERIFIED — website_no_contact
[15/20] Verifying: Modern Concrete Floor Coatings Vero Beach FL
  ✗ UNVERIFIED — website_no_contact
[16/20] Verifying: Remodeling Contractor Jensen Beach | Island Kitchen & Bath
  ✗ UNVERIFIED — website_no_contact
[17/20] Verifying: Kia Collision Body Shop In Stuart, FL - Wallace Kia
  ✗ UNVERIFIED — website_no_contact
[18/20] Verifying: The Metal Roof Experts | Top Roofing Company in Stuart, FL
  ✗ UNVERIFIED — website_no_contact
[19/20] Verifying: Stuart, FL Apartments for Rent - 579 Rentals - HotPads
  ✗ UNVERIFIED — website_no_contact
[20/20] Verifying: Kitchen Bath & Home Design | Remodel: Stuart, Florida
  ✗ UNVERIFIED — website_no_contact

==================================================
VERIFICATION SUMMARY
==================================================
Sampled: 20
Verified: 0 (0%)
Failed: 20
==================================================

--- Verification Run: 2026-02-14T03:31:31.233066 ---
Sample: 20, Verified: 0, Failed: 20, Rate: 0%
  [FAILED] Residential Epoxy Flooring Services in Stuart Florida — https://superiorfloorcoating.com/residential-epoxy-stuart-fl/ — website_no_contact
  [FAILED] Palm City, FL Commercial Maintenance Services — https://www.brightview.com/local/palm-city-fl/landscape-maintenance — website_no_contact
  [FAILED] Top Property Managers in Palm City, FL - PropertyManagement.com — https://propertymanagement.com/location/fl/palm-city — website_no_contact
  [FAILED] Seamless Gutters | Jensen Beach, FL — https://budgetgutters.com/contact-us/martin-county-gutters/jensen-beach-gutters/ — website_no_contact
  [FAILED] Lawn Care and Lawn Maintenance — https://alphazetaent.com/lawn-care-and-lawn-maintenance-palm-city-fl/ — website_no_contact
  [FAILED] Treasure Coast Real Estate — https://www.reeftoranch.com/ — website_no_contact
  [FAILED] Remodeling Contractor Jensen Beach | Island Kitchen & Bath — https://ikbconstruction.com/areas-of-service/jensen-beach-remodeling-contractor/ — website_no_contact
  [FAILED] Mobile Detailing Services in West Palm Beach, FL, United States — https://www.mobiledetailing.io/mobile-detailing-services-in-west-palm-beach-fl — website_no_contact
  [FAILED] Wolf's Landscape & Maintenance — https://www.mapquest.com/us/florida/wolfs-landscape-maintenance-470477436 — website_no_contact
  [FAILED] Custom Auto Center in Stuart, FL, 34994 | Auto Body Shops — https://www.carwise.com/auto-body-shops/custom-auto-center-stuart-fl-34994/464668 — website_no_contact
  [FAILED] Find Small Business (SBE) Contractors in Stuart, FL - Procore — https://www.procore.com/network/us/fl/stuart/sbe — website_no_contact
  [FAILED] ABOUT US — https://www.rtiepoxyfloors.com/about-us — website_no_contact
  [FAILED] Wallace Chevrolet - Chevrolet Dealership In Stuart, FL — https://www.wallacechevrolet.com/?srsltid=AfmBOoqyM_opvLRdmOproUXCU-jS-CsKLnXCsXALDh2G6I3IAbWhfe5k — website_no_contact
  [FAILED] HOME - DA Detailing - PSL — https://dadetailingpsl.com/ — website_no_contact
  [FAILED] 4040 Nine McFarland Dr, Alpharetta, GA 30004 — https://www.cityfeet.com/cont/listing/4040-nine-mcfarland-dr-alpharetta-ga-30004/cs17192582 — website_no_contact
  [FAILED] Commercial Construction Firms in Raleigh, NC — https://www.clearlyrated.com/commercial-construction/nc-usa/raleigh-nc — website_no_contact
  [FAILED] 9 Best Remodelers in Scottsdale, Arizona - MGD Builders — https://mgdbuildersaz.com/blog/best-remodelers-in-scottsdale-arizona — website_no_contact
  [FAILED] Epoxy Depot Nashville | Decorative Concrete Sales, Service ... — https://epoxydepotnashville.com/ — website_no_contact
  [FAILED] Home — https://sarasotaseamlessgutters.com/ — website_no_contact
  [FAILED] #1 Roofing Company In Stuart, FL | Top-Notch Roofer — https://foxhavenroof.com/services/residential-roofing/stuart/ — website_no_contact

--- Verification Run: 2026-02-15T03:31:32.784111 ---
Sample: 20, Verified: 0, Failed: 20, Rate: 0%
  [FAILED] BMA Property Management | Trusted Florida Rental Experts — https://bmapropertymanagement.com/ — website_no_contact
  [FAILED] Top Flooring Alternatives to Epoxy in Stuart - Floortek Coatings — https://www.floortekcoatings.com/posts/top-flooring-alternatives-to-epoxy-floors-in-stuart — website_no_contact
  [FAILED] Property Management - Beach Front Mann Realty — https://beachfrontmannrealty.com/property-management/ — website_no_contact
  [FAILED] Luxury Kitchen Remodeling | Scottsdale AZ - Trinity Homes AZ — https://trinityhomesaz.com/services/kitchen-remodeling — website_no_contact
  [FAILED] 25 Senior Living Communities in FORT PIERCE, FL — https://www.seniorguidance.org/senior-housing/florida/fort-pierce.html — website_no_contact
  [FAILED] Gutter Installation Tampa — https://www.gutterinstallationtampa.com/bradenton/ — website_no_contact
  [FAILED] Jupiter Cove — https://www.jupitercove.net/ — website_no_contact
  [FAILED] Premier Catering Services in Fort Pierce | Shelly's Bistro — https://shellyzbistro.com/ — website_no_contact
  [FAILED] Epoxy Flooring in Vero Beach, FL — https://www.homeyou.com/fl/epoxy-flooring-vero-beach-costs — website_no_contact
  [FAILED] Sinceri Senior Living – The Gardens of Port St. Lucie — https://sinceriseniorliving.com/the-gardens-of-port-st-lucie/ — website_no_contact
  [FAILED] High Point of Fort Pierce Condominium Section II Association, Inc. — https://highpoint2fortpierce.com/ — website_no_contact
  [FAILED] Yoder Aluminum Gutters — https://www.yoderaluminum.com/ — website_no_contact
  [FAILED] HOME - DA Detailing - PSL — https://dadetailingpsl.com/ — website_no_contact
  [FAILED] B & S Auto Detailing LLC: Superior Auto Detailing Services in Stuart ... — https://bnsautodetailing.com/ — website_no_contact
  [FAILED] Garcia & Sons Construction LLC — https://garciaandsonsconstruct.com/solutions/kitchen-remodelers-in-treasure-coast/ — website_no_contact
  [FAILED] 4 Best Assisted Living Communities in Jensen Beach, Florida - Health — https://health.usnews.com/best-senior-living/assisted-living/florida/jensen-beach — website_no_contact
  [FAILED] MEYERS GROUP – Meyers Group, founded by respected real ... — https://meyersgroup.net/ — website_no_contact
  [FAILED] Concrete Contractor — https://www.unitedsurfacetechnologygroupinc.com/ — website_no_contact
  [FAILED] Best 15 Kitchen Remodelers in Jensen Beach, FL — https://www.houzz.com/professionals/kitchen-remodelers/jensen-beach-fl-us-probr0-bo~t_34334~r_4160171?fi=15 — website_no_contact
  [FAILED] Palm Tree Auto Sales: Used Car Dealer in Stuart, Florida — https://www.palmtreecars.com/?srsltid=AfmBOopfWNLp2QYvvA0GYnIlSTu5TFazAJyIGrTxPfdB1xnQ_2EX_js9 — website_no_contact

--- Verification Run: 2026-02-16T03:31:32.421136 ---
Sample: 20, Verified: 0, Failed: 20, Rate: 0%
  [FAILED] Mobile Car Detailing West Palm Beach FL | WPB Car Wash — https://wpbcarwash.com/ — website_no_contact
  [FAILED] Transitional Kitchens Gallery — https://www.dreammaker-remodel.com/seflorida/galleries/transitional-kitchens/ — website_no_contact
  [FAILED] Kitchen Remodeling Naples FL | Contractor - Goyal Development — https://goyaldevelopment.com/kitchen-remodeling-naples/ — website_no_contact
  [FAILED] Best Restaurants in Stuart Florida — https://stuartfishgrill.com/best-restaurants-in-stuart-florida/ — website_no_contact
  [FAILED] Palm City | Ox Floors — https://www.oxfloors.com/palm-city-3 — website_no_contact
  [FAILED] Stronger Than Epoxy, One Day Flooring Contractors Nashville, TN — https://maverickcctn.com/ — website_no_contact
  [FAILED] Stuart Apartments - PMC Property Group — https://www.pmcpropertygroup.com/location/florida/stuart — website_no_contact
  [FAILED] Kitchen Remodeling in Stuart FL - Home & Beyond Services — https://www.homeandbeyondfl.com/kitchens — website_no_contact
  [FAILED] Investment Properties for Sale in Port St Lucie, Florida | 476+ Listings — https://www.houzeo.com/homes-for-sale/florida/port-st-lucie/investor-specials — website_no_contact
  [FAILED] Epoxy Floor Installation | XPS | Martin County — https://www.treasurecoastfloors.com/Martin_County_Florida_epoxy_floor_installation_contractor_company_quote — website_no_contact
  [FAILED] Clearshine Detailing: Vehicle Detailing Services Jupiter, FL — https://www.clearshinedetailingfl.net/ — website_no_contact
  [FAILED] Epoxy Garage Floor Coating Services in Bonita Springs, FL — https://jdlsurfaceinnovations.com/bonita-springs-fl/ — website_no_contact
  [FAILED] Hospitals near Stuart, FL - Healthgrades — https://www.healthgrades.com/hospital-directory/fl-florida/stuart — website_no_contact
  [FAILED] GUTTER/INSTALL/CLEANING/LEAF GUARDS Category | Stuart ... — https://cm-dev.stuartmartinchamber.org/list/category/gutter-cleaning-125?o=&dm=True — website_no_contact
  [FAILED] Wallace Chevrolet — https://www.wallacechevrolet.com/?srsltid=AfmBOopNn__4h6gHfTzP5_LGy-U5YPYAhDbbBEW5SdKXfzjgpjLBLLIe — website_no_contact
  [FAILED] Stuart Kitchen Contractors — https://www.dreammaker-remodel.com/seflorida/stuart-kitchen-contractors/ — website_no_contact
  [FAILED] Garage Floor Coatings in Boca Raton, FL | Epoxy Alternative — https://lifetimegreencoatings.com/franchise-locations/fl-boca-raton/ — website_no_contact
  [FAILED] About Hemingway Condominium Association, Fort Pierce FL — https://www.homes.com/building/hemingway-condominium-association-fort-pierce-fl/b-endh3drw2stfw/ — website_no_contact
  [FAILED] Doc's Beach House — https://docsbeachhouse.com/ — website_no_contact
  [FAILED] Epoxy Flooring Palm City, FL | Durable Concrete Solutions — https://vonpaving.com/epoxy-flooring-palm-city-fl/ — website_no_contact

--- Verification Run: 2026-02-17T03:31:31.118200 ---
Sample: 20, Verified: 0, Failed: 20, Rate: 0%
  [FAILED] Gutter Solutions — https://guttersolutionsfl.com/ — website_no_contact
  [FAILED] Florida's Treasure Coast Offers Natural Allure for Investors in ... — https://www.circlesquaredalts.com/floridas-treasure-coast-offers-natural-allure-for-investors-in-multifamily-housing/ — website_no_contact
  [FAILED] Islandia II Condominium — https://islandiatwo.com/ — website_no_contact
  [FAILED] Mobile Car Detailing in Stuart, FL | AIRLITE — https://airliteautodetailing.com/pages/mobile-car-detailing-stuart-fl?srsltid=AfmBOopWagPB1T1yUSqZS9bSQ6AU8UbDGOeUB0YX4jnToRm8LRRUiDWI — website_no_contact
  [FAILED] Tony's Showroom Finish Detailing: Top Car Detailing Services in ... — https://tonysshowroomfinishdetailing1.sitesgpt.com/ — website_no_contact
  [FAILED] Choice Properties | Property management | Port Saint Lucie, FL, USA — https://www.choicepropertiespsl.com/ — website_no_contact
  [FAILED] Reliable Cleaning Services Of Treasure Coast LLC - Home — https://rcsoftreasurecoast.com/ — website_no_contact
  [FAILED] Treasure Coast Commercial Cleaning and Janitorial Services — https://cleanproservicesllc.com/treasure-coast-commercial-janitorial-cleaning-company/ — website_no_contact
  [FAILED] We Acquired R. Russell Properties! — https://trusthomeproperties.com/trusthome-properties-and-r-russell-properties/ — website_no_contact
  [FAILED] KGT Remodeling Home Remodeling Naples Florida — https://kgtremodeling.com/ — website_no_contact
  [FAILED] THE 10 BEST Restaurants in Bonita Springs (Updated February 2026) — https://www.tripadvisor.com/Restaurants-g34091-Bonita_Springs_Florida.html — website_no_contact
  [FAILED] Collision Body Shop | Wallace Auto Group In Stuart — https://www.wallaceautogroup.com/collision-repair-center.html?srsltid=AfmBOoopkpkqinu92MZiS7GvybQHwRcFggma3Pf6vgdk04yosF4yZyIA — website_no_contact
  [FAILED] Jupiter Detail: Car Detailing in Jupiter FL — https://jupiterdetail.com/ — website_no_contact
  [FAILED] Treasure Coast - 2025 Pricing, Photos, Reviews in Port St. Lucie, FL — https://www.assistedlivingcenter.com/facilities/fl/port-st-lucie/treasure-coast-alf-34953/ — website_no_contact
  [FAILED] 4 Best Assisted Living Communities in Jensen Beach, Florida - Health — https://health.usnews.com/best-senior-living/assisted-living/florida/jensen-beach — website_no_contact
  [FAILED] Mobile Car Detailing in West Palm Beach — https://m4autodetail.com/mobile-car-detailing-west-palm-beach/ — website_no_contact
  [FAILED] Vero Beach Epoxy Floors by CJ Epoxy — https://cjepoxy.com/ — website_no_contact
  [FAILED] Apartments for Rent in Fort Pierce FL — https://www.apartments.com/fort-pierce-fl/ — website_no_contact
  [FAILED] Fleet Management – Florida's Turnpike — https://floridasturnpike.com/business-opportunities/fleet-management/ — website_no_contact
  [FAILED] Seamless Gutters | Jensen Beach, FL — https://budgetgutters.com/contact-us/martin-county-gutters/jensen-beach-gutters/ — website_no_contact
