[09:49:55] ============================================================
[09:49:55] EMAIL VERIFICATION AGENT v2 - ENHANCED
[09:49:55] ============================================================
[09:49:55] Loaded 785 leads
[09:49:55] Leads with guessable domains: 752
[09:49:55] Processing batch of 100 leads
[09:49:55]   [1/100] Property Boss LLC
[09:49:55]   [1/785] ✓ Property Boss LLC: Staff@propertybossllc.com (pre-verified)
[09:49:55]   [2/100] Coastal Management Professionals
[09:49:55]   [2/785] ✓ Coastal Management Professionals: Accounting@cpmfl.com (pre-verified)
[09:49:55]   [3/100] South Florida Realty Management
[09:49:55]   [3/785] ✓ South Florida Realty Management: info@floridapm.net (pre-verified)
[09:49:56]   [4/100] JC Epoxy Coatings
[09:49:56]   [4/785] ✓ JC Epoxy Coatings: randerson3222@yahoo.com (pre-verified)
[09:49:56]   [5/100] Port St Lucie Epoxy Pros
[09:49:56]   [5/785] ✓ Port St Lucie Epoxy Pros: info@theepoxypros.com (pre-verified)
[09:49:56]   [6/100] Choice Epoxy Coatings
[09:49:56]   [6/785] ✓ Choice Epoxy Coatings: info@choiceepoxycoatings.com (pre-verified)
[09:49:57]   [7/100] Gizze Construction Inc
[09:49:57]   [8/785] ✓ Gizze Construction Inc: Gizzeconstruction@gmail.com (pre-verified)
[09:49:57]   [8/100] Floridian Kitchens
[09:49:57]   [9/785] ✓ Floridian Kitchens: info@floridiankitchens.com (pre-verified)
[09:49:57]   [9/100] Garcia & Sons Construction LLC
[09:49:57]   [10/785] ✓ Garcia & Sons Construction LLC: info@garciaandsonsconstruct.com (pre-verified)
[09:49:57]   [10/100] Port St Lucie property management
[09:49:57]   [11/785] ✓ Port St Lucie property management: info@fsresidential.com (pre-verified)
[09:49:58]   [11/100] Florida Property Management Agency
[09:49:58]   [12/785] ✓ Florida Property Management Agency: info@mgtspec.com (pre-verified)
[09:49:58]   [12/100] Real Property Management Dynamic
[09:49:58]   [13/785] ✓ Real Property Management Dynamic: info@rpmdynamic.com (pre-verified)
[09:49:58]   [13/100] Best Property Management Companies in Port St. Luc
[09:49:58]   [14/785] ✓ Best Property Management Companies in Port St. Luc: info@expertise.com (pre-verified)
[09:49:59]   [14/100] Quest Property Management Services for Your Home
[09:49:59]   [15/785] ✗ Quest Property Management Services for Your Home (questrealestatesolutions.com): No MX records
[09:49:59]   [15/100] Property Management
[09:49:59]   [16/785] ✓ Property Management: info@nex-genpartners.com (pre-verified)
[09:49:59]   [16/100] Signature Property Management
[09:49:59]   [21/785] → Signature Property Management (signaturepropertymgmt.com)
[09:49:59]       Owner: signature condomin
[09:50:00]       ✗ signature.condomin@signaturepropertymgmt.com - rejected
[09:50:01]       ✗ signaturecondomin@signaturepropertymgmt.com - rejected
[09:50:01]       ✗ scondomin@signaturepropertymgmt.com - rejected
[09:50:02]       ✗ signature@signaturepropertymgmt.com - rejected
[09:50:02]       ✗ No verified emails found
[09:50:02]   [17/100] Martin, FL Property Management Companies
[09:50:02]   [22/785] ✓ Martin, FL Property Management Companies: info@pamartinfl.gov (pre-verified)
[09:50:02]   [18/100] Professional HOA & COA Services in Martin County
[09:50:02]   [23/785] ✓ Professional HOA & COA Services in Martin County: esposito@macombgov.org (pre-verified)
[09:50:02]   [19/100] Coastal Property Management – Stuart & Jupiter – C
[09:50:02]   [24/785] ✓ Coastal Property Management – Stuart & Jupiter – C: susan.palmieri@cpmfl.com (pre-verified)
[09:50:03]   [20/100] Palm Beach and Martin Counties Property Management
[09:50:03]   [25/785] ✓ Palm Beach and Martin Counties Property Management: info@pa.martin.fl.us (pre-verified)
[09:50:03]   [21/100] Martin Property Management, Martin Property ...
[09:50:03]   [26/785] ✓ Martin Property Management, Martin Property ...: info@pa.martin.fl.us (pre-verified)
[09:50:03]   [22/100] Properties & Communities
[09:50:03]   [27/785] ✓ Properties & Communities: kevin@stewartteam.com (pre-verified)
[09:50:04]   [23/100] St. Lucie and Martin County Property Management Ag
[09:50:04]   [28/785] ✓ St. Lucie and Martin County Property Management Ag: info@mgtspec.com (pre-verified)
[09:50:04]   [24/100] Best Auto Body Shops near Port Saint Lucie, FL
[09:50:04]   [29/785] ✓ Best Auto Body Shops near Port Saint Lucie, FL: admin@carwise.com (pre-verified)
[09:50:04]   [25/100] Auto Body Shop
[09:50:04]   [30/785] ✓ Auto Body Shop: info@jhcc.com (pre-verified)
[09:50:05]   [26/100] Classic Collision Port Saint Lucie
[09:50:05]   [31/785] ✓ Classic Collision Port Saint Lucie: contact@classiccollision.com (pre-verified)
[09:50:05]   [27/100] Port St Lucie FL Auto Body Repair
[09:50:05]   [32/785] ✓ Port St Lucie FL Auto Body Repair: info@gerbercollision.com (pre-verified)
[09:50:05]   [28/100] Collision Repair in Port St Lucie
[09:50:05]   [33/785] ✓ Collision Repair in Port St Lucie: info@crashchampions.com (pre-verified)
[09:50:05]   [29/100] Auto Body Shop near Port Saint Lucie, FL 34952
[09:50:05]   [34/785] ✓ Auto Body Shop near Port Saint Lucie, FL 34952: admin@carwise.com (pre-verified)
[09:50:06]   [30/100] Vantazma Collision
[09:50:06]   [35/785] ✓ Vantazma Collision: info@vantazma-car-care.com (pre-verified)
[09:50:06]   [31/100] Auto Body Services
[09:50:06]   [36/785] ✓ Auto Body Services: info@allroadsrepair.com (pre-verified)
[09:50:06]   [32/100] Get Kitchen Remodeling in Jensen Beach, FL
[09:50:06]   [37/785] ✓ Get Kitchen Remodeling in Jensen Beach, FL: info@jupiterkitchenrenovation.com (pre-verified)
[09:50:07]   [33/100] Cooke Construction
[09:50:07]   [38/785] ✓ Cooke Construction: info@cookeconstructioninc.com (pre-verified)
[09:50:07]   [34/100] Remodeling Contractor: Island Kitchen & Bath
[09:50:07]   [39/785] ✓ Remodeling Contractor: Island Kitchen & Bath: info@ikbconstruction.com (pre-verified)
[09:50:07]   [35/100] Kitchen Remodeling
[09:50:07]   [40/785] ✓ Kitchen Remodeling: info@sweetgc.com (pre-verified)
[09:50:08]   [36/100] Jensen Beach FL
[09:50:08]   [41/785] ✓ Jensen Beach FL: info@dreammaker-stuart.com (pre-verified)
[09:50:08]   [37/100] Best 15 Kitchen & Bathroom Remodelers in Jensen Be
[09:50:08]   [43/785] ✓ Best 15 Kitchen & Bathroom Remodelers in Jensen Be: info@houzz.com (pre-verified)
[09:50:08]   [38/100] Restaurant Construction in Jensen Beach, FL
[09:50:08]   [44/785] ✓ Restaurant Construction in Jensen Beach, FL: info@aegenconstruction.com (pre-verified)
[09:50:08]   [39/100] Trusted Cleaning Company in Stuart FL
[09:50:08]   [45/785] ✓ Trusted Cleaning Company in Stuart FL: ncsnatyka@gmail.com (pre-verified)
[09:50:09]   [40/100] Commercial Cleaning Services in Stuart, Florida
[09:50:09]   [46/785] ✓ Commercial Cleaning Services in Stuart, Florida: office@customcleaningtc.com (pre-verified)
[09:50:09]   [41/100] Stuart, FL Commercial Cleaning and Janitorial Serv
[09:50:09]   [47/785] ✓ Stuart, FL Commercial Cleaning and Janitorial Serv: info@stuartmartinchamber.org (pre-verified)
[09:50:09]   [42/100] Cleaning Services Stuart, Jensen Beach FL 772-205-
[09:50:09]   [48/785] ✓ Cleaning Services Stuart, Jensen Beach FL 772-205-: info@dustintimecleaning.com (pre-verified)
[09:50:10]   [43/100] Fresh and Clean Cleaning Service, Stuart, FL 34997
[09:50:10]   [49/785] ✓ Fresh and Clean Cleaning Service, Stuart, FL 34997: info@cleanandfreshcleaning.com (pre-verified)
[09:50:10]   [44/100] Commercial Cleaning Services in Stuart, FL
[09:50:10]   [50/785] ✓ Commercial Cleaning Services in Stuart, FL: office@customcleaningtc.com (pre-verified)
